"calor-total-porta-rfile"
"Time Step" "calor-total-porta etc.."
("Time Step" "calor-total-porta" "flow-time")
0 373.8433874109411 0
1 0 0.1
2 0 0.2
3 0 0.3
4 0 0.4
5 0 0.5
6 0 0.6000000000000001
7 0 0.7000000000000001
8 0 0.8
9 0 0.9
10 0 1
11 0 1.1
12 0 1.2
13 0 1.3
14 0 1.4
15 0 1.5
16 0 1.6
17 0 1.7
18 0 1.8
19 0 1.9
20 0 2
21 0 2.1
22 0 2.2
23 0 2.3
24 0 2.4
25 0 2.5
26 0 2.6
27 0 2.7
28 0 2.8
29 0 2.9
30 0 3
31 0 3.1
32 0 3.2
33 0 3.3
34 0 3.4
35 0 3.5
36 0 3.6
37 0 3.7
38 0 3.8
39 0 3.9
40 0 4
41 0 4.100000000000001
42 0 4.2
43 0 4.3
44 0 4.4
45 0 4.5
46 0 4.600000000000001
47 0 4.7
48 0 4.800000000000001
49 0 4.9
50 0 5
51 0 5.100000000000001
52 0 5.2
53 0 5.300000000000001
54 0 5.4
55 0 5.5
56 0 5.600000000000001
57 0 5.7
58 0 5.800000000000001
59 0 5.9
60 0 6
61 0 6.100000000000001
62 0 6.2
63 0 6.300000000000001
64 0 6.4
65 0 6.5
66 0 6.600000000000001
67 0 6.7
68 0 6.800000000000001
69 0 6.9
70 0 7
71 0 7.100000000000001
72 0 7.2
73 0 7.300000000000001
74 0 7.4
75 0 7.5
76 0 7.600000000000001
77 0 7.7
78 0 7.800000000000001
79 0 7.9
80 0 8
81 0 8.1
82 0 8.200000000000001
83 0 8.300000000000001
84 0 8.4
85 0 8.5
86 0 8.6
87 0 8.700000000000001
88 0 8.800000000000001
89 0 8.9
90 0 9
91 0 9.1
92 0 9.200000000000001
93 0 9.300000000000001
94 0 9.4
95 0 9.5
96 0 9.600000000000001
97 0 9.700000000000001
98 0 9.800000000000001
99 0 9.9
100 0 10
101 0 10.1
102 0 10.2
103 0 10.3
104 0 10.4
105 0 10.5
106 0 10.6
107 0 10.7
108 0 10.8
109 0 10.9
110 0 11
111 0 11.1
112 0 11.2
113 0 11.3
114 0 11.4
115 0 11.5
116 0 11.6
117 0 11.7
118 0 11.8
119 0 11.9
120 0 12
121 0 12.1
122 0 12.2
123 0 12.3
124 0 12.4
125 0 12.5
126 0 12.6
127 0 12.7
128 0 12.8
129 0 12.9
130 0 13
131 0 13.1
132 0 13.2
133 0 13.3
134 0 13.4
135 0 13.5
136 0 13.6
137 0 13.7
138 0 13.8
139 0 13.9
140 0 14
141 0 14.1
142 0 14.2
143 0 14.3
144 0 14.4
145 0 14.5
146 0 14.6
147 0 14.7
148 0 14.8
149 0 14.9
150 0 15
151 0 15.1
152 0 15.2
153 0 15.3
154 0 15.4
155 0 15.5
156 0 15.6
157 0 15.7
158 0 15.8
159 0 15.9
160 0 16
161 0 16.1
162 0 16.2
163 0 16.3
164 0 16.4
165 0 16.5
166 0 16.6
167 0 16.7
168 0 16.8
169 0 16.9
170 0 17
171 0 17.1
172 0 17.2
173 0 17.3
174 0 17.4
175 0 17.5
176 0 17.6
177 0 17.7
178 0 17.8
179 0 17.9
180 0 18
181 0 18.1
182 0 18.2
183 0 18.3
184 0 18.4
185 0 18.5
186 0 18.6
187 0 18.7
188 0 18.8
189 0 18.9
190 0 19
191 0 19.1
192 0 19.2
193 0 19.3
194 0 19.4
195 0 19.5
196 0 19.6
197 0 19.7
198 0 19.8
199 0 19.9
200 0 20
201 0 20.1
202 0 20.2
203 0 20.3
204 0 20.4
205 0 20.5
206 0 20.6
207 0 20.7
208 0 20.8
209 0 20.9
210 0 21
211 0 21.1
212 0 21.2
213 0 21.3
214 0 21.4
215 0 21.5
216 0 21.6
217 0 21.7
218 0 21.8
219 0 21.9
220 0 22
221 0 22.1
222 0 22.2
223 0 22.3
224 0 22.4
225 0 22.5
226 0 22.6
227 0 22.7
228 0 22.8
229 0 22.9
230 0 23
231 0 23.1
232 0 23.2
233 0 23.3
234 0 23.4
235 0 23.5
236 0 23.6
237 0 23.7
238 0 23.8
239 0 23.9
240 0 24
241 0 24.1
242 0 24.2
243 0 24.3
244 0 24.4
245 0 24.5
246 0 24.6
247 0 24.7
248 0 24.8
249 0 24.9
250 0 25
251 0 25.1
252 0 25.2
253 0 25.3
254 0 25.4
255 0 25.5
256 0 25.6
257 0 25.7
258 0 25.8
259 0 25.9
260 0 26
261 0 26.1
262 0 26.2
263 0 26.3
264 0 26.4
265 0 26.5
266 0 26.6
267 0 26.7
268 0 26.8
269 0 26.9
270 0 27
271 0 27.1
272 0 27.2
273 0 27.3
274 0 27.4
275 0 27.5
276 0 27.6
277 0 27.7
278 0 27.8
279 0 27.9
280 0 28
281 0 28.1
282 0 28.2
283 0 28.3
284 0 28.4
285 0 28.5
286 0 28.6
287 0 28.7
288 0 28.8
289 0 28.9
290 0 29
291 0 29.1
292 0 29.2
293 0 29.3
294 0 29.4
295 0 29.5
296 0 29.6
297 0 29.7
298 0 29.8
299 0 29.9
300 0 30
301 0 30.1
302 0 30.2
303 0 30.3
304 0 30.4
305 0 30.5
306 0 30.6
307 0 30.7
308 0 30.8
309 0 30.9
310 0 31
311 0 31.1
312 0 31.2
313 0 31.3
314 0 31.4
315 0 31.5
316 0 31.6
317 0 31.7
318 0 31.8
319 0 31.9
320 0 32
321 0 32.1
322 0 32.2
323 0 32.3
324 0 32.4
325 0 32.5
326 0 32.6
327 0 32.7
328 0 32.8
329 0 32.9
330 0 33
331 0 33.1
332 0 33.2
333 0 33.3
334 0 33.4
335 0 33.5
336 0 33.6
337 0 33.7
338 0 33.8
339 0 33.9
340 0 34
341 0 34.1
342 0 34.2
343 0 34.3
344 0 34.4
345 0 34.5
346 0 34.6
347 0 34.7
348 0 34.8
349 0 34.9
350 0 35
351 0 35.1
352 0 35.2
353 0 35.3
354 0 35.4
355 0 35.5
356 0 35.6
357 0 35.7
358 0 35.8
359 0 35.9
360 0 36
361 0 36.1
362 0 36.2
363 0 36.3
364 0 36.4
365 0 36.5
366 0 36.6
367 0 36.7
368 0 36.8
369 0 36.9
370 0 37
371 0 37.1
372 0 37.2
373 0 37.3
374 0 37.4
375 0 37.5
376 0 37.6
377 0 37.7
378 0 37.8
379 0 37.9
380 0 38
381 0 38.1
382 0 38.2
383 0 38.3
384 0 38.40000000000001
385 0 38.5
386 0 38.6
387 0 38.7
388 0 38.8
389 0 38.90000000000001
390 0 39
391 0 39.1
392 0 39.2
393 0 39.3
394 0 39.40000000000001
395 0 39.5
396 0 39.6
397 0 39.7
398 0 39.8
399 0 39.90000000000001
400 0 40
401 0 40.1
402 0 40.2
403 0 40.3
404 0 40.40000000000001
405 0 40.5
406 0 40.6
407 0 40.7
408 0 40.8
409 0 40.90000000000001
410 0 41
411 0 41.1
412 0 41.2
413 0 41.3
414 0 41.40000000000001
415 0 41.5
416 0 41.6
417 0 41.7
418 0 41.8
419 0 41.90000000000001
420 0 42
421 0 42.1
422 0 42.2
423 0 42.3
424 0 42.40000000000001
425 0 42.5
426 0 42.6
427 0 42.7
428 0 42.8
429 0 42.90000000000001
430 0 43
431 0 43.1
432 0 43.2
433 0 43.3
434 0 43.40000000000001
435 0 43.5
436 0 43.6
437 0 43.7
438 0 43.8
439 0 43.90000000000001
440 0 44
441 0 44.1
442 0 44.2
443 0 44.3
444 0 44.40000000000001
445 0 44.5
446 0 44.6
447 0 44.7
448 0 44.8
449 0 44.90000000000001
450 0 45
451 0 45.1
452 0 45.2
453 0 45.3
454 0 45.40000000000001
455 0 45.5
456 0 45.6
457 0 45.7
458 0 45.8
459 0 45.90000000000001
460 0 46
461 0 46.1
462 0 46.2
463 0 46.3
464 0 46.40000000000001
465 0 46.5
466 0 46.6
467 0 46.7
468 0 46.8
469 0 46.90000000000001
470 0 47
471 0 47.1
472 0 47.2
473 0 47.3
474 0 47.40000000000001
475 0 47.5
476 0 47.6
477 0 47.7
478 0 47.8
479 0 47.90000000000001
480 0 48
481 0 48.1
482 0 48.2
483 0 48.3
484 0 48.40000000000001
485 0 48.5
486 0 48.6
487 0 48.7
488 0 48.8
489 0 48.90000000000001
490 0 49
491 0 49.1
492 0 49.2
493 0 49.3
494 0 49.40000000000001
495 0 49.5
496 0 49.6
497 0 49.7
498 0 49.8
499 0 49.90000000000001
500 0 50
501 62762.5480585278 50.01
502 70293.14138177843 50.02
503 85586.32128233995 50.03
504 87590.94764820533 50.04
505 89919.11642035257 50.05
506 92959.81525634798 50.06
507 100008.4593426719 50.07
508 114802.36898189 50.08
509 131950.4177033963 50.09
510 149409.3405468577 50.1
511 166915.7447448921 50.11
512 184162.2550433502 50.12
513 200891.2531473839 50.13
514 216879.8297677855 50.14
515 231969.3777334707 50.15
516 246078.097333132 50.16
517 259063.1531534499 50.17
518 270803.0329550729 50.18
519 281144.6754467808 50.19
520 285915.7384761253 50.2
521 284353.7884761203 50.21
522 282365.4072481557 50.22
523 279162.6455838499 50.23
524 275298.4422287057 50.24
525 270860.3496183018 50.25
526 265903.593183163 50.26
527 260440.611985891 50.27
528 254500.2077368196 50.28
529 248149.7363161689 50.29
530 241495.0462140336 50.3
531 234601.7848242074 50.31
532 227512.352327203 50.32
533 220708.3540460312 50.33
534 213714.1035165318 50.34
535 202936.7954987119 50.35
536 193642.3017079227 50.36
537 183812.1228248602 50.37
538 173942.4542902824 50.38
539 164345.4511165249 50.39
540 153832.4803242077 50.4
541 141415.1984476275 50.41
542 130143.6372469726 50.42
543 118941.4023786466 50.43
544 108475.65683364 50.44
545 98137.17838315302 50.45
546 90223.29899865988 50.46
547 79761.38163850395 50.47
548 71194.86754707195 50.48
549 61141.14366859616 50.49
550 51418.56399268727 50.5
551 47566.04728602053 50.51
552 39648.70971974926 50.52
553 32192.47767062511 50.53
554 25326.0029685476 50.54
555 19716.98947273612 50.55
556 15557.27435122732 50.56
557 11854.62342574376 50.57
558 8596.617399684992 50.58
559 6589.420603275502 50.59
560 5011.055000516551 50.6
561 4281.941466318398 50.61
562 3778.34686143807 50.62
563 3341.525514245062 50.63
564 3021.680793207216 50.64
565 2663.393871948308 50.65
566 2582.644816139112 50.66
567 2472.114179812558 50.67
568 1582.056146290938 50.68
569 1793.282482860493 50.69
570 2215.575054303262 50.7
571 1955.983735694504 50.71
572 2909.683690521553 50.72
573 4148.721963790154 50.73
574 5716.495497192048 50.74
575 7958.106502424997 50.75
576 10179.34540881622 50.76
577 13071.55006506424 50.77
578 16489.3220483164 50.78
579 20230.28524011633 50.79
580 24596.68082439185 50.8
581 29742.64727345711 50.81
582 35419.21967496317 50.82
583 41838.11639824633 50.83
584 49084.66482486633 50.84
585 55665.68665377103 50.85
586 62250.80251786998 50.86
587 68194.89791806994 50.87
588 72896.04412609595 50.88
589 77013.82929248747 50.89
590 81924.29712029152 50.9
591 84089.02731741975 50.91
592 87017.36286592073 50.92
593 88475.27677800378 50.93
594 89574.65048478465 50.94
595 90670.11578225449 50.95
596 90222.65060908499 50.96
597 89481.85964936148 50.97
598 88215.50126654665 50.98
599 86850.96347184441 50.99
600 84918.90164620677 51
601 82921.90592669942 51.01
602 80465.71905498588 51.02
603 76453.97738137515 51.03
604 71205.81415647101 51.04
605 65942.42550471114 51.05
606 60220.14369473534 51.06
607 54268.59896088084 51.07
608 48493.93803853729 51.08
609 42493.80939292178 51.09
610 36741.32350544865 51.1
611 30991.15855331252 51.11
612 26464.09987745932 51.12
613 22016.39239385766 51.13
614 17934.85854827391 51.14
615 14310.7567743755 51.15
616 11316.8323667711 51.16
617 8760.967331052037 51.17
618 6674.16811186208 51.18
619 5001.586896065452 51.19
620 3748.959263532033 51.2
621 2671.39426316134 51.21
622 1797.237632728455 51.22
623 1222.965524262535 51.23
624 882.7021963403909 51.24
625 675.0159227759237 51.25
626 613.3310550733356 51.26
627 1002.62753021176 51.27
628 1283.939182904188 51.28
629 1679.456611696592 51.29
630 2244.183701723696 51.3
631 2995.168424020212 51.31
632 3952.046158511008 51.32
633 5150.502850136925 51.33
634 6566.743448227443 51.34
635 8282.983148993262 51.35
636 10307.57796710061 51.36
637 12681.2319412174 51.37
638 15716.18340317296 51.38
639 18650.25873037203 51.39
640 22068.76369157966 51.4
641 25558.8215159771 51.41
642 29280.03322206513 51.42
643 33110.13893158897 51.43
644 36736.28568760986 51.44
645 40445.86397554053 51.45
646 43558.91223624704 51.46
647 46439.12636215641 51.47
648 47980.99601024777 51.48
649 48774.74822385391 51.49
650 48939.32414787517 51.5
651 48407.6377124143 51.51
652 47500.73398428316 51.52
653 46274.80528804844 51.53
654 44615.84228099434 51.54
655 41362.91067412992 51.55
656 37536.67699296551 51.56
657 33785.65520025672 51.57
658 29710.5371239243 51.58
659 25860.73019455207 51.59
660 22105.80736352391 51.6
661 18541.10310371448 51.61
662 15216.83924863104 51.62
663 12192.86781489294 51.63
664 9703.990071909078 51.64
665 7301.840623576079 51.65
666 5333.996281575673 51.66
667 3655.586250961785 51.67
668 1895.826143012696 51.68
669 839.6047289704402 51.69
670 -9.519016859612179 51.7
671 -760.7479579262045 51.71
672 -1275.486351538302 51.72
673 -1649.519615277022 51.73
674 -1888.384335042106 51.74
675 -2048.578260572148 51.75
676 -2164.328687818419 51.76
677 -2186.716169679959 51.77
678 -2184.023709616549 51.78
679 -2066.065513426639 51.79
680 -1966.490701879162 51.8
681 -1750.896601311542 51.81
682 -1568.845585996331 51.82
683 -1300.875857245526 51.83
684 -1021.721622529705 51.84
685 -781.0576805083767 51.85
686 -352.8274699353695 51.86
687 -17.7414976037831 51.87
688 353.1176845957867 51.88
689 640.540765078716 51.89
690 1081.679286593221 51.9
691 1527.541665039086 51.91
692 2333.75791077145 51.92
693 2810.855742429171 51.93
694 3234.779468391647 51.94
695 3820.065230779021 51.95
696 4455.925616299046 51.96
697 4999.599555907872 51.97
698 5567.214177232932 51.98
699 6059.329532761494 51.99
700 6704.215468713338 52
701 7083.46572948972 52.01
702 7585.209869259557 52.02
703 7932.906326514392 52.03
704 8291.883016775315 52.04
705 8734.267660678963 52.05
706 9075.507493600553 52.06
707 9515.448018434417 52.07
708 9802.321573911311 52.08
709 10108.93820517444 52.09
710 10407.74077528778 52.1
711 10711.36107189808 52.11
712 10995.51469142724 52.12
713 11232.92666762979 52.13
714 11439.11948885559 52.14
715 11615.5544016611 52.15
716 11758.33730848421 52.16
717 11855.4546604227 52.17
718 11924.39552253054 52.18
719 11958.34440970551 52.19
720 11954.38579049272 52.2
721 11908.4467139665 52.21
722 11773.98556475253 52.22
723 11626.56672802538 52.23
724 11461.60809901694 52.24
725 11203.61191515362 52.25
726 10923.87801677203 52.26
727 10605.14109622509 52.27
728 10251.70608339728 52.28
729 9908.122682466921 52.29
730 9476.9074059382 52.3
731 9035.097525878366 52.31
732 8527.681766550902 52.32
733 8045.885736483466 52.33
734 7601.9295939507 52.34
735 7109.353974156699 52.35
736 6597.059194214829 52.36
737 6003.703948764542 52.37
738 5272.806895428363 52.38
739 4664.030474009442 52.39
740 3983.807264086468 52.4
741 3369.211422625839 52.41
742 2712.983429428592 52.42
743 2130.824571797982 52.43
744 1516.210528070439 52.44
745 982.3244359911519 52.45
746 599.4127749060334 52.46
747 71.08593300879974 52.47
748 -244.4183182936848 52.48
749 -632.2508380200293 52.49
750 -991.3810889970923 52.5
751 -1319.681192701251 52.51
752 -1633.72962270905 52.52
753 -1929.269136391574 52.53
754 -2196.904038249502 52.54
755 -2438.696226125506 52.55
756 -2672.890986527487 52.56
757 -2895.135197195141 52.57
758 -3102.85899283279 52.58
759 -3303.633437843336 52.59
760 -3485.129646695315 52.6
761 -3940.580110462808 52.61
762 -3978.297987389807 52.62
763 -4136.361472740844 52.63
764 -4262.206101133953 52.64
765 -4378.737368801116 52.65
766 -4493.354231056892 52.66
767 -4606.518334822337 52.67
768 -4715.327521784806 52.68
769 -4820.986620284822 52.69
770 -4920.81705150542 52.7
771 -5015.056545069099 52.71
772 -5103.378928992451 52.72
773 -5187.267210959026 52.73
774 -5265.996616294069 52.74
775 -5340.477877887803 52.75
776 -5242.354693794035 52.76
777 -5311.988949199058 52.77
778 -5398.095444770438 52.78
779 -5469.307616911368 52.79
780 -5535.814434815275 52.8
781 -5596.277166775155 52.81
782 -5643.670462876718 52.82
783 -5692.155671583255 52.83
784 -5734.037554130997 52.84
785 -5722.335652188197 52.85
786 -5769.828218736546 52.86
787 -5773.156478402597 52.87
788 -5770.668152694415 52.88
789 -5788.542188489846 52.89
790 -5790.760419229284 52.9
791 -5789.306304388638 52.91
792 -5781.967270138681 52.92
793 -5748.445199556423 52.93
794 -5758.68886569404 52.94
795 -5749.790749006102 52.95
796 -5670.289293323845 52.96
797 -5680.870877477071 52.97
798 -5647.492379806385 52.98
799 -5601.136604145036 52.99
800 -5544.735939998768 53
801 -5479.171024193179 53.01
802 -5407.873149279284 53.02
803 -5326.651455840988 53.03
804 -5230.499264556155 53.04
805 -5135.847619095755 53.05
806 -5030.632437711065 53.06
807 -4896.929964205439 53.07
808 -4770.99896028051 53.08
809 -4643.217966413945 53.09
810 -4511.98981740352 53.1
811 -4378.603691611053 53.11
812 -4243.322718200198 53.12
813 -4107.215797499353 53.13
814 -3998.551915825249 53.14
815 -3870.430874020039 53.15
816 -3741.716467140222 53.16
817 -3615.964234324897 53.17
818 -3494.681084901345 53.18
819 -3380.884175432073 53.19
820 -3276.255626579191 53.2
821 -3183.904798670595 53.21
822 -3104.132077993861 53.22
823 -3035.287898070675 53.23
824 -2979.643172034648 53.24
825 -2977.47176283828 53.25
826 -2957.672417475764 53.26
827 -2948.935216841483 53.27
828 -3010.946105407678 53.28
829 -2951.794709874232 53.29
830 -2950.422593787781 53.3
831 -3048.750036410098 53.31
832 -3141.668655247316 53.32
833 -3172.061373600073 53.33
834 -3384.170503692163 53.34
835 -3560.447692725757 53.35
836 -3697.918730951495 53.36
837 -3867.910954453121 53.37
838 -3999.437936243009 53.38
839 -4131.129181376202 53.39
840 -4273.529848684557 53.4
841 -4365.487393795689 53.41
842 -4504.34880634889 53.42
843 -4587.466922021609 53.43
844 -4691.86337425178 53.44
845 -4795.15041481204 53.45
846 -4893.299961080604 53.46
847 -4995.867313826885 53.47
848 -5081.798012802632 53.48
849 -5171.643821837015 53.49
850 -5259.563617499778 53.5
851 -5345.753046410749 53.51
852 -5430.621188169765 53.52
853 -5516.728994049971 53.53
854 -5599.805792140219 53.54
855 -5684.228826983908 53.55
856 -5770.501451756592 53.56
857 -5857.586473705014 53.57
858 -5946.363380772485 53.58
859 -6037.223934697608 53.59
860 -6129.107526163498 53.6
861 -6221.877811852672 53.61
862 -6316.444386111143 53.62
863 -6412.384416857829 53.63
864 -6504.98389933888 53.64
865 -6606.799524343391 53.65
866 -6705.955374009711 53.66
867 -6806.238556300468 53.67
868 -6900.233409148346 53.68
869 -7004.553509569028 53.69
870 -7108.912391694208 53.7
871 -7185.330619190843 53.71
872 -7286.139557902406 53.72
873 -7386.674197319115 53.73
874 -7487.27369461544 53.74
875 -7587.943379507575 53.75
876 -7688.46229687974 53.76
877 -7788.666959488533 53.77
878 -7887.14544996838 53.78
879 -7987.05934327031 53.79
880 -8084.839898070381 53.8
881 -8180.972834713697 53.81
882 -8274.18862401508 53.82
883 -8364.766462511307 53.83
884 -8451.5067230362 53.84
885 -8535.239735845691 53.85
886 -8614.229818761936 53.86
887 -8689.289339778134 53.87
888 -8758.751028885265 53.88
889 -8822.94116923312 53.89
890 -8880.064694654831 53.9
891 -8930.893299271065 53.91
892 -8973.543460104296 53.92
893 -9008.245364604127 53.93
894 -9034.574553408338 53.94
895 -9052.704251101488 53.95
896 -9061.435039471806 53.96
897 -9059.651999554704 53.97
898 -9033.601027444574 53.98
899 -9023.129042276767 53.99
900 -8990.834319121659 54
901 -8948.221699845617 54.01
902 -8894.373166063893 54.02
903 -8859.672448553398 54.03
904 -8792.582325680018 54.04
905 -8712.456749910256 54.05
906 -8620.932850446909 54.06
907 -8518.58111119022 54.07
908 -8406.492729411086 54.08
909 -8283.672872028865 54.09
910 -8153.514331888622 54.1
911 -8015.524521020754 54.11
912 -7871.564953321423 54.12
913 -7724.175524608801 54.13
914 -7575.539819599462 54.14
915 -7425.784371080832 54.15
916 -7279.06129111148 54.16
917 -7134.149970404751 54.17
918 -6998.975802061077 54.18
919 -6861.631516693406 54.19
920 -6732.550041801714 54.2
921 -6600.649756637899 54.21
922 -6481.109705398052 54.22
923 -6364.172162135936 54.23
924 -6224.937972096268 54.24
925 -6009.154227912617 54.25
926 -5814.815599345417 54.26
927 -5653.898052699044 54.27
928 -5573.685217745269 54.28
929 -5563.691896230545 54.29
930 -5564.250113157187 54.3
931 -5596.86084371485 54.31
932 -5617.179462457938 54.32
933 -5591.290253249139 54.33
934 -5658.222924261428 54.34
935 -5655.626446256379 54.35
936 -5670.31455005252 54.36
937 -5686.435817093883 54.37
938 -5696.774382622607 54.38
939 -5710.860054712666 54.39
940 -5712.51463274906 54.4
941 -5746.175371909354 54.41
942 -5735.717887551005 54.42
943 -5771.417650601366 54.43
944 -5776.538835985328 54.44
945 -5804.353941087626 54.45
946 -5830.807234409669 54.46
947 -5860.410565461527 54.47
948 -5894.613123967358 54.48
949 -5933.202859922661 54.49
950 -5976.336395371209 54.5
951 -6023.99626962078 54.51
952 -6075.720148360226 54.52
953 -6132.348747665284 54.53
954 -6192.308710505285 54.54
955 -6255.802094734949 54.55
956 -6322.784718066396 54.56
957 -6392.586504352137 54.57
958 -6464.488724353744 54.58
959 -6539.007582075917 54.59
960 -6615.425260334269 54.6
961 -6691.387424456731 54.61
962 -6768.932934026055 54.62
963 -6849.367558349157 54.63
964 -6933.392805044215 54.64
965 -7016.102381366843 54.65
966 -7099.958154726976 54.66
967 -7186.029365348432 54.67
968 -7273.13295544741 54.68
969 -7358.689386169839 54.69
970 -7446.316891710081 54.7
971 -7532.965787772726 54.71
972 -7620.736134062288 54.72
973 -7708.524647369523 54.73
974 -7795.401322381865 54.74
975 -7881.104464456233 54.75
976 -7965.619679567373 54.76
977 -8048.614177099977 54.77
978 -8129.16361960525 54.78
979 -8206.277434482663 54.79
980 -8280.006893438804 54.8
981 -8349.537637011828 54.81
982 -8415.300140626588 54.82
983 -8476.122101756093 54.83
984 -8531.505380178542 54.84
985 -8580.840541673786 54.85
986 -8624.304520610462 54.86
987 -8661.031363977971 54.87
988 -8689.243686626975 54.88
989 -8711.867384262867 54.89
990 -8726.718578476219 54.9
991 -8725.600563585824 54.91
992 -8731.690001297937 54.92
993 -8721.827092333526 54.93
994 -8702.903780527822 54.94
995 -8674.968960610575 54.95
996 -8638.141945086903 54.96
997 -8592.83045575126 54.97
998 -8540.750460822754 54.98
999 -8480.463378127444 54.99
1000 -8407.715817205202 55
1001 -8327.885647268911 55.01
1002 -8238.215166862792 55.02
1003 -8139.701521856583 55.03
1004 -8032.906171754776 55.04
1005 -7918.396256545939 55.05
1006 -7798.022498113562 55.06
1007 -7672.800888422256 55.07
1008 -7543.949899332103 55.08
1009 -7412.425567499537 55.09
1010 -7279.898438843253 55.1
1011 -7147.194646643271 55.11
1012 -7015.271259407411 55.12
1013 -6885.081822981983 55.13
1014 -6759.152762130811 55.14
1015 -6637.636717178973 55.15
1016 -6515.35146784367 55.16
1017 -6398.080511866874 55.17
1018 -6285.72403302301 55.18
1019 -6174.12205459428 55.19
1020 -6075.534736298046 55.2
1021 -5974.120328636934 55.21
1022 -5885.720894103657 55.22
1023 -5803.865649684087 55.23
1024 -5737.88917066735 55.24
1025 -5661.929311399079 55.25
1026 -5598.247676081668 55.26
1027 -5537.322383394811 55.27
1028 -5481.008389437868 55.28
1029 -5429.821174116906 55.29
1030 -5381.483806520725 55.3
1031 -5338.121204361419 55.31
1032 -5298.880540678141 55.32
1033 -5264.013510129064 55.33
1034 -5233.088021547418 55.34
1035 -5207.726254513147 55.35
1036 -5184.525107351411 55.36
1037 -5165.121063061384 55.37
1038 -5149.557273339717 55.38
1039 -5136.529023275408 55.39
1040 -5125.725512114857 55.4
1041 -5117.722819253735 55.41
1042 -5120.056935507699 55.42
1043 -5111.07719607939 55.43
1044 -5112.904075331278 55.44
1045 -5116.781925955369 55.45
1046 -5124.03712141811 55.46
1047 -5143.3757976224 55.47
1048 -5150.217725727111 55.48
1049 -5175.710022190422 55.49
1050 -5190.269027486978 55.5
1051 -5220.504640734976 55.51
1052 -5250.671653165067 55.52
1053 -5276.599628166833 55.53
1054 -5316.848577037255 55.54
1055 -5351.126638419452 55.55
1056 -5397.602627226541 55.56
1057 -5438.925396421869 55.57
1058 -5490.532710526808 55.58
1059 -5537.664318049381 55.59
1060 -5589.327044242967 55.6
1061 -5643.072297440685 55.61
1062 -5699.541959271572 55.62
1063 -5757.875839204289 55.63
1064 -5818.238220534779 55.64
1065 -5880.878683894958 55.65
1066 -5943.464656276842 55.66
1067 -6007.676982137194 55.67
1068 -6074.215923170173 55.68
1069 -6141.005245075422 55.69
1070 -6207.775797831722 55.7
1071 -6276.075006316629 55.71
1072 -6343.440691376074 55.72
1073 -6409.77433835157 55.73
1074 -6476.314353108313 55.74
1075 -6542.715238422061 55.75
1076 -6607.923257414276 55.76
1077 -6671.716721344601 55.77
1078 -6733.293369898678 55.78
1079 -6793.169800404208 55.79
1080 -6850.84547604161 55.8
1081 -6907.92409312333 55.81
1082 -6959.064242467864 55.82
1083 -7003.914578961187 55.83
1084 -7046.975537363594 55.84
1085 -7087.320304217699 55.85
1086 -7123.049030273083 55.86
1087 -7155.692577605146 55.87
1088 -7180.657426403289 55.88
1089 -7200.933425227067 55.89
1090 -7219.081104714905 55.9
1091 -7230.440323966984 55.91
1092 -7235.269124133063 55.92
1093 -7233.494729935424 55.93
1094 -7224.967229115828 55.94
1095 -7209.830205778203 55.95
1096 -7189.646274957752 55.96
1097 -7160.126893112893 55.97
1098 -7126.913868632727 55.98
1099 -7084.591404398768 55.99
1100 -7036.638162277136 56
1101 -6979.810950002047 56.01
1102 -6915.154344441092 56.02
1103 -6843.015668204462 56.03
1104 -6764.131786365715 56.04
1105 -6678.121024376836 56.05
1106 -6586.095399630446 56.06
1107 -6488.509564713684 56.07
1108 -6386.605346525697 56.08
1109 -6280.633242576222 56.09
1110 -6171.49369990099 56.1
1111 -6059.997061334275 56.11
1112 -5947.148775634221 56.12
1113 -5833.154191108104 56.13
1114 -5720.348346186531 56.14
1115 -5608.739611520205 56.15
1116 -5498.50154987651 56.16
1117 -5390.825614230235 56.17
1118 -5286.178602977398 56.18
1119 -5184.502917973902 56.19
1120 -5086.437801311065 56.2
1121 -4993.313690315624 56.21
1122 -4902.813364923426 56.22
1123 -4817.407008417538 56.23
1124 -4736.963619010053 56.24
1125 -4662.341536939705 56.25
1126 -4590.814375139738 56.26
1127 -4523.015275366329 56.27
1128 -4460.988486041068 56.28
1129 -4414.352170742092 56.29
1130 -4362.180458766106 56.3
1131 -4313.065814182215 56.31
1132 -4267.556773077275 56.32
1133 -4226.313893213042 56.33
1134 -4189.255937452992 56.34
1135 -4156.350351439502 56.35
1136 -4126.097968112398 56.36
1137 -4099.780623462284 56.37
1138 -4076.940999607596 56.38
1139 -4058.698246199734 56.39
1140 -4041.480255031908 56.4
1141 -4027.119092658093 56.41
1142 -4015.708503234748 56.42
1143 -4006.431882899203 56.43
1144 -3999.914874166027 56.44
1145 -3995.590274004145 56.45
1146 -3993.854553606897 56.46
1147 -3993.572201902366 56.47
1148 -3995.816935793736 56.48
1149 -3999.446262437342 56.49
1150 -4006.195564760214 56.5
1151 -4015.546713042359 56.51
1152 -4027.750255780355 56.52
1153 -4042.99542774198 56.53
1154 -4060.501698721514 56.54
1155 -4080.55746871222 56.55
1156 -4103.38662255175 56.56
1157 -4128.589227315317 56.57
1158 -4156.581923464574 56.58
1159 -4186.58950443695 56.59
1160 -4218.938731450543 56.6
1161 -4253.193945839314 56.61
1162 -4288.827148725803 56.62
1163 -4326.480212100905 56.63
1164 -4365.354813175351 56.64
1165 -4400.669034545973 56.65
1166 -4442.008004229059 56.66
1167 -4483.888389317061 56.67
1168 -4526.687916781626 56.68
1169 -4570.006754490334 56.69
1170 -4613.42796693542 56.7
1171 -4656.962756221161 56.71
1172 -4700.93868311774 56.72
1173 -4744.939291068277 56.73
1174 -4789.017425256467 56.74
1175 -4833.076980522401 56.75
1176 -4876.515781220708 56.76
1177 -4919.098844026938 56.77
1178 -4960.611594333908 56.78
1179 -5001.312320622901 56.79
1180 -5040.478908977932 56.8
1181 -5079.398848296571 56.81
1182 -5116.137454756275 56.82
1183 -5150.56753505985 56.83
1184 -5182.280037024897 56.84
1185 -5209.756451964469 56.85
1186 -5236.856029979121 56.86
1187 -5259.974102612683 56.87
1188 -5280.253983142078 56.88
1189 -5296.858643404257 56.89
1190 -5309.362621716327 56.9
1191 -5318.111643040954 56.91
1192 -5322.703574682671 56.92
1193 -5323.182217609738 56.93
1194 -5319.279657279922 56.94
1195 -5310.452215398824 56.95
1196 -5297.012120838948 56.96
1197 -5278.893916439143 56.97
1198 -5255.844098235524 56.98
1199 -5228.075181844506 56.99
1200 -5195.590764117736 57
1201 -5158.524531953437 57.01
1202 -5116.182954281736 57.02
1203 -5069.206780598945 57.03
1204 -5017.291453606162 57.04
1205 -4960.288262016694 57.05
1206 -4898.638997426274 57.06
1207 -4832.600279097365 57.07
1208 -4762.892911476938 57.08
1209 -4688.109758286707 57.09
1210 -4610.062420144466 57.1
1211 -4529.28079303614 57.11
1212 -4445.869671050556 57.12
1213 -4360.814019906973 57.13
1214 -4274.745299066866 57.14
1215 -4188.190881857172 57.15
1216 -4101.910974743789 57.16
1217 -4015.945440442759 57.17
1218 -3931.266902385272 57.18
1219 -3847.869790256278 57.19
1220 -3766.264100041428 57.2
1221 -3686.853464178924 57.21
1222 -3610.319079864483 57.22
1223 -3536.31207369511 57.23
1224 -3465.334234787024 57.24
1225 -3397.671662856199 57.25
1226 -3333.749982138198 57.26
1227 -3273.369683689854 57.27
1228 -3216.238250184251 57.28
1229 -3162.748794043146 57.29
1230 -3112.705530019695 57.3
1231 -3066.180743670876 57.31
1232 -3022.957712036868 57.32
1233 -2982.90330362833 57.33
1234 -2945.946811688858 57.34
1235 -2913.125050943489 57.35
1236 -2883.998813382325 57.36
1237 -2858.01518367796 57.37
1238 -2834.925168303739 57.38
1239 -2815.643964914789 57.39
1240 -2797.945732086293 57.4
1241 -2781.927150197377 57.41
1242 -2769.803606948481 57.42
1243 -2759.860284316833 57.43
1244 -2752.636110526513 57.44
1245 -2747.314374155588 57.45
1246 -2743.624842151694 57.46
1247 -2741.957156357574 57.47
1248 -2742.259837503928 57.48
1249 -2744.226958885696 57.49
1250 -2747.656462904622 57.5
1251 -2752.478932834799 57.51
1252 -2759.102992309487 57.52
1253 -2767.045226293063 57.53
1254 -2776.526483286286 57.54
1255 -2787.097597059074 57.55
1256 -2799.033901481612 57.56
1257 -2812.73168462282 57.57
1258 -2827.80461836589 57.58
1259 -2844.534667102768 57.59
1260 -2863.579090350483 57.6
1261 -2882.868107007328 57.61
1262 -2903.965044760751 57.62
1263 -2926.453822565104 57.63
1264 -2949.891756017617 57.64
1265 -2974.233364947417 57.65
1266 -2999.402997559246 57.66
1267 -3025.604095321436 57.67
1268 -3052.126186293606 57.68
1269 -3079.190911088682 57.69
1270 -3106.365930990972 57.7
1271 -3133.922573916384 57.71
1272 -3161.437920859745 57.72
1273 -3188.933803607114 57.73
1274 -3216.175385005731 57.74
1275 -3243.110773080552 57.75
1276 -3269.430113469802 57.76
1277 -3295.530058355452 57.77
1278 -3320.581992186773 57.78
1279 -3343.027675760778 57.79
1280 -3367.976175958896 57.8
1281 -3390.23129020647 57.81
1282 -3411.844021865923 57.82
1283 -3432.05923943299 57.83
1284 -3450.760639910206 57.84
1285 -3468.028285021333 57.85
1286 -3483.629079923873 57.86
1287 -3497.407391692452 57.87
1288 -3509.228462885992 57.88
1289 -3519.099283620867 57.89
1290 -3526.17824305349 57.9
1291 -3531.058178479998 57.91
1292 -3533.585846849477 57.92
1293 -3533.280391174998 57.93
1294 -3526.849892191538 57.94
1295 -3521.717774996582 57.95
1296 -3513.184750387546 57.96
1297 -3501.495185330756 57.97
1298 -3486.556728851539 57.98
1299 -3468.222506735233 57.99
1300 -3446.306204989816 58
1301 -3422.144758271012 58.01
1302 -3394.438664976848 58.02
1303 -3363.164378437813 58.03
1304 -3328.678479520571 58.04
1305 -3290.899146651668 58.05
1306 -3249.895638037857 58.06
1307 -3206.025761066001 58.07
1308 -3158.982057101213 58.08
1309 -3108.984715773852 58.09
1310 -3056.341175342446 58.1
1311 -3001.361251584449 58.11
1312 -2944.282276761115 58.12
1313 -2885.329379847176 58.13
1314 -2824.622865961461 58.14
1315 -2762.92478380063 58.15
1316 -2700.382026460686 58.16
1317 -2637.093385201265 58.17
1318 -2573.321870942108 58.18
1319 -2509.547984826399 58.19
1320 -2446.468999208142 58.2
1321 -2384.279261713548 58.21
1322 -2323.256659746784 58.22
1323 -2263.751714325254 58.23
1324 -2205.99596078855 58.24
1325 -2150.138480778268 58.25
1326 -2096.626372898982 58.26
1327 -2045.544185734049 58.27
1328 -1996.987817680907 58.28
1329 -1951.053129630566 58.29
1330 -1907.836075215747 58.3
1331 -1867.54309736651 58.31
1332 -1829.875088542523 58.32
1333 -1794.972109910556 58.33
1334 -1763.51328532835 58.34
1335 -1734.56906670886 58.35
1336 -1708.236674494622 58.36
1337 -1684.450142009422 58.37
1338 -1663.799671184383 58.38
1339 -1645.302673874279 58.39
1340 -1629.330962347106 58.4
1341 -1615.642516272031 58.41
1342 -1604.587787664268 58.42
1343 -1596.040505833353 58.43
1344 -1589.437464369006 58.44
1345 -1584.216893556179 58.45
1346 -1582.302974265068 58.46
1347 -1581.33264287802 58.47
1348 -1581.996343683411 58.48
1349 -1584.218393106744 58.49
1350 -1588.879246330762 58.5
1351 -1593.278941578992 58.51
1352 -1598.945086962923 58.52
1353 -1606.046586973779 58.53
1354 -1614.865005849624 58.54
1355 -1624.154448997577 58.55
1356 -1633.989479863103 58.56
1357 -1644.89234609171 58.57
1358 -1656.724384635047 58.58
1359 -1669.582866607667 58.59
1360 -1683.157304296028 58.6
1361 -1697.396144067338 58.61
1362 -1711.849923713424 58.62
1363 -1725.211689188476 58.63
1364 -1743.983080212462 58.64
1365 -1759.356759436813 58.65
1366 -1775.532730189184 58.66
1367 -1793.225559649265 58.67
1368 -1810.249508001352 58.68
1369 -1828.133256406135 58.69
1370 -1846.009176718196 58.7
1371 -1864.390177541715 58.71
1372 -1882.079463822144 58.72
1373 -1900.728160179274 58.73
1374 -1918.576360333394 58.74
1375 -1936.610044348887 58.75
1376 -1953.684877245569 58.76
1377 -1970.809789578803 58.77
1378 -1987.093670779654 58.78
1379 -2002.84863195613 58.79
1380 -2017.876089388064 58.8
1381 -2032.199873546093 58.81
1382 -2045.15759663791 58.82
1383 -2057.619927898141 58.83
1384 -2068.547560177311 58.84
1385 -2078.763893267432 58.85
1386 -2087.637171807296 58.86
1387 -2095.584322018477 58.87
1388 -2102.204674321178 58.88
1389 -2107.746602822716 58.89
1390 -2111.413070380958 58.9
1391 -2113.601441975329 58.91
1392 -2113.89538382827 58.92
1393 -2112.536543852626 58.93
1394 -2108.875098211644 58.94
1395 -2103.821701575804 58.95
1396 -2096.978940847717 58.96
1397 -2088.30191842626 58.97
1398 -2077.718044423033 58.98
1399 -2065.187509544352 58.99
1400 -2050.112602029937 59
1401 -2032.696718913729 59.01
1402 -2012.927093571435 59.02
1403 -1991.227391356421 59.03
1404 -1967.142903454133 59.04
1405 -1940.686260931332 59.05
1406 -1912.295899586694 59.06
1407 -1882.171449086352 59.07
1408 -1850.014321120153 59.08
1409 -1815.752284502991 59.09
1410 -1779.52186444757 59.1
1411 -1741.439538243593 59.11
1412 -1701.844902616933 59.12
1413 -1660.469086059639 59.13
1414 -1617.948169594288 59.14
1415 -1573.940105902819 59.15
1416 -1528.774957586906 59.16
1417 -1482.78056513262 59.17
1418 -1436.013191032783 59.18
1419 -1388.782690552988 59.19
1420 -1341.508319142105 59.2
1421 -1294.378004118312 59.21
1422 -1246.961539987837 59.22
1423 -1200.180582965098 59.23
1424 -1155.048690407985 59.24
1425 -1110.875395459716 59.25
1426 -1067.937809323255 59.26
1427 -1026.372322897312 59.27
1428 -986.3136523644532 59.28
1429 -947.9758673207584 59.29
1430 -911.491558318384 59.3
1431 -876.9925568723606 59.31
1432 -844.4803070723075 59.32
1433 -814.0739759578022 59.33
1434 -785.9938997014547 59.34
1435 -760.2018318594667 59.35
1436 -736.8204240316975 59.36
1437 -715.3953865066979 59.37
1438 -696.3771910372662 59.38
1439 -679.4524516409897 59.39
1440 -665.2190446964642 59.4
1441 -652.5974128982396 59.41
1442 -642.3112854986078 59.42
1443 -633.8333398066974 59.43
1444 -627.6897653792903 59.44
1445 -623.0168957372623 59.45
1446 -620.5760272122616 59.46
1447 -619.3328781295576 59.47
1448 -620.089172192492 59.48
1449 -621.9460197211918 59.49
1450 -625.8473759895666 59.5
1451 -630.7474226958717 59.51
1452 -637.228061022763 59.52
1453 -644.8988243847527 59.53
1454 -653.5769629995358 59.54
1455 -665.3965315873778 59.55
1456 -675.4488245480137 59.56
1457 -686.2417307362947 59.57
1458 -698.9987493664661 59.58
1459 -711.9216636918134 59.59
1460 -726.4617632585084 59.6
1461 -741.3307241532782 59.61
1462 -757.1962194876212 59.62
1463 -772.1132721205188 59.63
1464 -788.0245045826503 59.64
1465 -803.0431071092596 59.65
1466 -818.706011005778 59.66
1467 -834.3170995408974 59.67
1468 -849.5712410562028 59.68
1469 -864.5950831102568 59.69
1470 -880.8660660532712 59.7
1471 -896.0709344118793 59.71
1472 -911.3588770978652 59.72
1473 -925.9871530521243 59.73
1474 -941.732096569857 59.74
1475 -955.7069177613334 59.75
1476 -969.8891825020939 59.76
1477 -983.6627780394 59.77
1478 -997.1922106927111 59.78
1479 -1009.455366991606 59.79
1480 -1003.161564817628 59.8
1481 -1038.441387350585 59.81
1482 -1032.244088012127 59.82
1483 -1067.039868550357 59.83
1484 -1081.90387544981 59.84
1485 -1093.054599705525 59.85
1486 -1102.582650381992 59.86
1487 -1109.99343005201 59.87
1488 -1116.753636079309 59.88
1489 -1121.921210968854 59.89
1490 -1126.293799978038 59.9
1491 -1127.087357856797 59.91
1492 -1130.891539593708 59.92
1493 -1131.49144276159 59.93
1494 -1130.623892193867 59.94
1495 -1128.05410393913 59.95
1496 -1124.236596054607 59.96
1497 -1118.499814728847 59.97
1498 -1111.410093772718 59.98
1499 -1101.899248520601 59.99
1500 -1091.135591539901 60
