"frac-mass-ch4-rfile"
"Time Step" "frac-mass-ch4 etc.."
("Time Step" "frac-mass-ch4" "flow-time")
0 5.591355206722891e-05 0
1 8.000863689367766e-05 0.1
2 0.0001002009166584706 0.2
3 0.0001020349295682908 0.3
4 7.224051923878338e-05 0.4
5 4.043752517750997e-05 0.5
6 2.657634232432283e-05 0.6000000000000001
7 2.366763092609238e-05 0.7000000000000001
8 2.543211606190753e-05 0.8
9 2.851586278671625e-05 0.9
10 3.113973594619954e-05 1
11 3.138755244333563e-05 1.1
12 2.968792260368851e-05 1.2
13 2.79010923594589e-05 1.3
14 2.633706315867626e-05 1.4
15 2.458078550587587e-05 1.5
16 2.334179742833171e-05 1.6
17 2.135538554475316e-05 1.7
18 2.035464372714026e-05 1.8
19 1.8330153192412e-05 1.9
20 1.741617629557288e-05 2
21 1.565122380108421e-05 2.1
22 1.460333848636664e-05 2.2
23 1.367924534247645e-05 2.3
24 1.287739356455489e-05 2.4
25 1.218566156672969e-05 2.5
26 1.159458093902456e-05 2.6
27 1.110452820542056e-05 2.7
28 1.065489369771041e-05 2.8
29 1.030634024630352e-05 2.9
30 1.002713577333176e-05 3
31 9.815121492917001e-06 3.1
32 9.664767362936859e-06 3.2
33 9.574050797885985e-06 3.3
34 9.534275424952744e-06 3.4
35 9.537475231935447e-06 3.5
36 9.585966212462226e-06 3.6
37 9.669633825061858e-06 3.7
38 9.785708657956241e-06 3.8
39 9.918651232042573e-06 3.9
40 1.008090591524115e-05 4
41 1.026043381531142e-05 4.100000000000001
42 1.04523584477314e-05 4.2
43 1.064990568672684e-05 4.3
44 1.084861333842296e-05 4.4
45 1.104206886054187e-05 4.5
46 1.1226573371942e-05 4.600000000000001
47 1.139441063311271e-05 4.7
48 1.154559062675269e-05 4.800000000000001
49 1.167802600509878e-05 4.9
50 1.17808358363122e-05 5
51 1.185518927843818e-05 5.100000000000001
52 1.18987673889421e-05 5.2
53 1.191580180865673e-05 5.300000000000001
54 1.190722141909795e-05 5.4
55 1.186409734745145e-05 5.5
56 1.179619361202211e-05 5.600000000000001
57 1.170459503514266e-05 5.7
58 1.159365439130671e-05 5.800000000000001
59 1.145955113818049e-05 5.9
60 1.133164376956557e-05 6
61 1.118142278275372e-05 6.100000000000001
62 1.10233093948226e-05 6.2
63 1.0860700272317e-05 6.300000000000001
64 1.069556455509134e-05 6.4
65 1.051416842147269e-05 6.5
66 1.036958879690529e-05 6.600000000000001
67 1.021082196011732e-05 6.7
68 1.005843583429143e-05 6.800000000000001
69 9.913424615947612e-06 6.9
70 9.778639480229005e-06 7
71 9.65117835733225e-06 7.100000000000001
72 9.538186239354187e-06 7.2
73 9.443816142112342e-06 7.300000000000001
74 9.38117093448843e-06 7.4
75 9.329116475379404e-06 7.5
76 9.276433617622644e-06 7.600000000000001
77 9.290127097746521e-06 7.7
78 9.279010052256327e-06 7.800000000000001
79 9.341157219413604e-06 7.9
80 9.374775430441382e-06 8
81 9.452510598854019e-06 8.1
82 9.452838490257241e-06 8.200000000000001
83 9.682138245869537e-06 8.300000000000001
84 9.810849962021954e-06 8.4
85 9.860509928079058e-06 8.5
86 1.012469499996309e-05 8.6
87 1.019875674321377e-05 8.700000000000001
88 1.054568366722176e-05 8.800000000000001
89 1.063473355599942e-05 8.9
90 1.105428069067127e-05 9
91 1.116661321732877e-05 9.1
92 1.166884405933282e-05 9.200000000000001
93 1.180474186089298e-05 9.300000000000001
94 1.242043433550343e-05 9.4
95 1.258288917071244e-05 9.5
96 1.334093011976131e-05 9.600000000000001
97 1.354022222886006e-05 9.700000000000001
98 1.467476504871142e-05 9.800000000000001
99 1.472112132153372e-05 9.9
100 1.61956926424775e-05 10
101 1.637763946227653e-05 10.1
102 1.818308529611962e-05 10.2
103 1.843191281449542e-05 10.3
104 2.075241222062328e-05 10.4
105 2.109900309399786e-05 10.5
106 2.470120369126049e-05 10.6
107 2.52531791071854e-05 10.7
108 3.022403420229608e-05 10.8
109 3.105226424536513e-05 10.9
110 3.847774074630636e-05 11
111 3.987261791462195e-05 11.1
112 5.298989761137065e-05 11.2
113 5.622724713702471e-05 11.3
114 7.888450096268552e-05 11.4
115 8.523731488282332e-05 11.5
116 0.0001241835890209373 11.6
117 0.0001360329157293074 11.7
118 0.0001938382999112837 11.8
119 0.0002180167179783998 11.9
120 0.0002846843702603805 12
121 0.000317897325120671 12.1
122 0.0003428860416875137 12.2
123 0.0004326334817662646 12.3
124 0.0004862704364529235 12.4
125 0.0005332608448460128 12.5
126 0.0006595719991856621 12.6
127 0.0007373329010550143 12.7
128 0.0009016874478882326 12.8
129 0.001204790745140078 12.9
130 0.001626190143811112 13
131 0.002095084072056721 13.1
132 0.002563861584119737 13.2
133 0.003032831337840678 13.3
134 0.003502106445369727 13.4
135 0.003971772587550454 13.5
136 0.004441892112815018 13.6
137 0.004912748271632813 13.7
138 0.005384805506517589 13.8
139 0.005858356019808627 13.9
140 0.00633352016513664 14
141 0.00680990704253135 14.1
142 0.007286809847075735 14.2
143 0.00776307330112423 14.3
144 0.008237994065480625 14.4
145 0.008710825033067129 14.5
146 0.009181246891521144 14.6
147 0.009648989221573629 14.7
148 0.01011567361197752 14.8
149 0.01054803562203784 14.9
150 0.01097767578628445 15
151 0.01140787687717892 15.1
152 0.01183810310890866 15.2
153 0.01226759423658027 15.3
154 0.01269697020022705 15.4
155 0.01312448447960053 15.5
156 0.0135545670862126 15.6
157 0.01398331620927166 15.7
158 0.01441291778403399 15.8
159 0.01484139520152663 15.9
160 0.01527041417528816 16
161 0.0156991086996465 16.1
162 0.01612756457120862 16.2
163 0.0165532902745103 16.3
164 0.01698061523630858 16.4
165 0.01740558833949924 16.5
166 0.01783033687585722 16.6
167 0.01825587268540176 16.7
168 0.01868101331557439 16.8
169 0.01910678258006841 16.9
170 0.01953220980680299 17
171 0.01995789539057363 17.1
172 0.02038156160052537 17.2
173 0.02080593118762752 17.3
174 0.02122854327511545 17.4
175 0.02165363332009684 17.5
176 0.02207745915830592 17.6
177 0.02250141106853636 17.7
178 0.0229253373647753 17.8
179 0.02334679944435093 17.9
180 0.02376769514324071 18
181 0.02418836667400602 18.1
182 0.02460890146812603 18.2
183 0.02502901231446958 18.3
184 0.02545049578327437 18.4
185 0.02587018486910448 18.5
186 0.02629151957021157 18.6
187 0.02671295825031557 18.7
188 0.02713172669869177 18.8
189 0.02755137001524382 18.9
190 0.02797089105433096 19
191 0.02839017667281136 19.1
192 0.02880991260802114 19.2
193 0.0292284331965033 19.3
194 0.02964741879617364 19.4
195 0.03006622027414815 19.5
196 0.03048477204947131 19.6
197 0.03090398458198871 19.7
198 0.03132213209300203 19.8
199 0.03173978934594428 19.9
200 0.03215580621607161 20
201 0.03257030669627322 20.1
202 0.03298725890842217 20.2
203 0.03340287764526211 20.3
204 0.03381970332039279 20.4
205 0.03423418535711744 20.5
206 0.03464944215754563 20.6
207 0.03506393915572548 20.7
208 0.03547718910145919 20.8
209 0.03589170348906408 20.9
210 0.03630634132627963 21
211 0.03672042681840233 21.1
212 0.03713197089501959 21.2
213 0.03754592673314989 21.3
214 0.03795853863767946 21.4
215 0.03836932483137657 21.5
216 0.03878250458062969 21.6
217 0.03919242493168103 21.7
218 0.03960276390358015 21.8
219 0.04001265867025189 21.9
220 0.04042207085021413 22
221 0.04083152444823233 22.1
222 0.04124113338927956 22.2
223 0.04165020777759065 22.3
224 0.04206144985056352 22.4
225 0.04250451369122444 22.5
226 0.04291311743494875 22.6
227 0.04332307310817884 22.7
228 0.04373358418523839 22.8
229 0.04414282498487582 22.9
230 0.04455107370817999 23
231 0.04495821344523222 23.1
232 0.04536450429416257 23.2
233 0.04577098684837721 23.3
234 0.04617907243776581 23.4
235 0.04658677234788153 23.5
236 0.04702692587784731 23.6
237 0.04743404927188413 23.7
238 0.04784096804297956 23.8
239 0.0482456179103371 23.9
240 0.048649430514502 24
241 0.04905370143708572 24.1
242 0.04949208150343076 24.2
243 0.04989529779666919 24.3
244 0.05029930217924524 24.4
245 0.05070369775327872 24.5
246 0.05114079560624142 24.6
247 0.05154500394418856 24.7
248 0.05194940850072834 24.8
249 0.05238553470923784 24.9
250 0.0527891448020528 25
251 0.05319277405018664 25.1
252 0.0535951575217373 25.2
253 0.0539977860330362 25.3
254 0.05440036371127521 25.4
255 0.05483452996361197 25.5
256 0.05523454865336179 25.6
257 0.05563636520526899 25.7
258 0.05603774749232129 25.8
259 0.05643941088243677 25.9
260 0.05683918734963052 26
261 0.05723866407943875 26.1
262 0.0576385568643443 26.2
263 0.05803783245020216 26.3
264 0.05843667328007244 26.4
265 0.05883399131920112 26.5
266 0.05926476569194841 26.6
267 0.05966366304052736 26.7
268 0.06006209865592133 26.8
269 0.06049209912585984 26.9
270 0.06088911565889526 27
271 0.06128583676548623 27.1
272 0.06171449573147315 27.2
273 0.06211133168775448 27.3
274 0.06250808109223722 27.4
275 0.06290490033267092 27.5
276 0.06330167913558471 27.6
277 0.06369823723455591 27.7
278 0.06409479752307157 27.8
279 0.06449036536315773 27.9
280 0.06491669356211821 28
281 0.06530940582624453 28.1
282 0.06570173296953535 28.2
283 0.06609635681242944 28.3
284 0.06649082480657095 28.4
285 0.06688244177849477 28.5
286 0.06727640288213965 28.6
287 0.0676678905792885 28.7
288 0.0680603342613664 28.8
289 0.06845275394919748 28.9
290 0.06884548777863775 29
291 0.06923714063194587 29.1
292 0.06962847212460668 29.2
293 0.07002064583632153 29.3
294 0.07041166951775853 29.4
295 0.07080356952322804 29.5
296 0.07122556939126036 29.6
297 0.07161662773657186 29.7
298 0.07200715212414258 29.8
299 0.07239707209951278 29.9
300 0.07278557707426415 30
301 0.07317485277333412 30.1
302 0.0735624505060586 30.2
303 0.07395156760804704 30.3
304 0.07434106803090899 30.4
305 0.07473049911964894 30.5
306 0.0751184479851941 30.6
307 0.07550751669707029 30.7
308 0.07589522933243752 30.8
309 0.07628085675725869 30.9
310 0.07666862232658878 31
311 0.07705654672342248 31.1
312 0.07744136620282495 31.2
313 0.07782762623303059 31.3
314 0.07821446033413626 31.4
315 0.07860147099980315 31.5
316 0.07898802012955979 31.6
317 0.07937402363799909 31.7
318 0.07975802882421233 31.8
319 0.0801413826552929 31.9
320 0.08052695337928086 32
321 0.08090940701373781 32.1
322 0.08129216916008826 32.2
323 0.08167690796482299 32.3
324 0.08206140275312424 32.4
325 0.08244536010992411 32.5
326 0.08282833996155993 32.6
327 0.08321227495115803 32.7
328 0.08359375369016298 32.8
329 0.08397403411759589 32.9
330 0.08435522770361657 33
331 0.08473716938602839 33.1
332 0.08511959433344191 33.2
333 0.08550211338753813 33.3
334 0.08588363732463804 33.4
335 0.08626323734924522 33.5
336 0.08664380345758918 33.6
337 0.08702254456861418 33.7
338 0.08740275669515313 33.8
339 0.08778305427315511 33.9
340 0.08816263491402787 34
341 0.08854245836362315 34.1
342 0.08892171228879177 34.2
343 0.08930133299449852 34.3
344 0.08967958292371177 34.4
345 0.09005837562206012 34.5
346 0.09043615153724023 34.6
347 0.0908139706915365 34.7
348 0.09119167089839206 34.8
349 0.09156942416917425 34.9
350 0.09194700743011402 35
351 0.09232394212131641 35.1
352 0.0927011697172789 35.2
353 0.09307761143482722 35.3
354 0.09345303721838313 35.4
355 0.09382898717113707 35.5
356 0.09420447860975213 35.6
357 0.09458027617643892 35.7
358 0.09495551441119744 35.8
359 0.09532969322061885 35.9
360 0.09570436652021286 36
361 0.09607790438993015 36.1
362 0.096451855194072 36.2
363 0.09682523185930564 36.3
364 0.0971985219626284 36.4
365 0.0975724102909452 36.5
366 0.09794505667301588 36.6
367 0.09831834463535137 36.7
368 0.09869099630644443 36.8
369 0.09906347750538937 36.9
370 0.09943542627613221 37
371 0.09980675597591239 37.1
372 0.100176295143437 37.2
373 0.1005453411008615 37.3
374 0.1009164834234651 37.4
375 0.101285115685714 37.5
376 0.1016549343714824 37.6
377 0.102024709652565 37.7
378 0.1023953211153281 37.8
379 0.1027656512324095 37.9
380 0.1031357798661289 38
381 0.1035055606211645 38.1
382 0.1038748768805906 38.2
383 0.1042435318151122 38.3
384 0.1046129249207709 38.40000000000001
385 0.1049813338637472 38.5
386 0.1053485608460056 38.6
387 0.1057143135875749 38.7
388 0.1060814326229289 38.8
389 0.1064485947873748 38.90000000000001
390 0.1068139423537904 39
391 0.1071790619686897 39.1
392 0.1075435688900024 39.2
393 0.1079076990055613 39.3
394 0.1082728723646595 39.40000000000001
395 0.1086379320721485 39.5
396 0.1090012048255849 39.6
397 0.109365985558321 39.7
398 0.1097300734069427 39.8
399 0.1100951379069058 39.90000000000001
400 0.1104597676785807 40
401 0.1108232217225616 40.1
402 0.1111874942444113 40.2
403 0.1115514875981456 40.3
404 0.1119142421360981 40.40000000000001
405 0.1122774322948133 40.5
406 0.1126400718972843 40.6
407 0.1130021455458929 40.7
408 0.1133643476057423 40.8
409 0.1137264646893984 40.90000000000001
410 0.1140860786868359 41
411 0.1144471195983727 41.1
412 0.1148079512398655 41.2
413 0.1151691828327965 41.3
414 0.1155300149469046 41.40000000000001
415 0.1158909810124807 41.5
416 0.1162517191855835 41.6
417 0.1166112817619009 41.7
418 0.1169703749707629 41.8
419 0.1173295747876535 41.90000000000001
420 0.1176875989383373 42
421 0.1180452825115163 42.1
422 0.1184045052460192 42.2
423 0.1187626299017785 42.3
424 0.1191214923911326 42.40000000000001
425 0.1194802500536152 42.5
426 0.1198379615664971 42.6
427 0.1201952049040186 42.7
428 0.120552959095363 42.8
429 0.1209096966930543 42.90000000000001
430 0.121266703427158 43
431 0.1216237852797429 43.1
432 0.121979814866801 43.2
433 0.1223362429039824 43.3
434 0.122691936463286 43.40000000000001
435 0.1230472368580792 43.5
436 0.1234029690830005 43.6
437 0.1237578750989866 43.7
438 0.1241129571229489 43.8
439 0.1244676995121003 43.90000000000001
440 0.1248209469575972 44
441 0.1251750981231829 44.1
442 0.1255293305053784 44.2
443 0.1258835867520135 44.3
444 0.1262370364467834 44.40000000000001
445 0.1265906822179818 44.5
446 0.1269434805952341 44.6
447 0.127295959489384 44.7
448 0.1276490407634762 44.8
449 0.1280020985625796 44.90000000000001
450 0.1283542745371997 45
451 0.1287065570555505 45.1
452 0.129058115835643 45.2
453 0.1294095664820196 45.3
454 0.1297603088673585 45.40000000000001
455 0.130111116958492 45.5
456 0.1304621766772928 45.6
457 0.1308125553697581 45.7
458 0.131162287314924 45.8
459 0.1315122537145947 45.90000000000001
460 0.1318614499264424 46
461 0.1322107398758417 46.1
462 0.1325599598067273 46.2
463 0.1329093616642204 46.3
464 0.1332583625274112 46.40000000000001
465 0.1336064082129891 46.5
466 0.1339548625897771 46.6
467 0.1343030104011034 46.7
468 0.1346502293027304 46.8
469 0.1349979492005308 46.90000000000001
470 0.1353449538679446 47
471 0.1356918161436066 47.1
472 0.1360384239227398 47.2
473 0.1363833212068745 47.3
474 0.1367291851605127 47.40000000000001
475 0.1370754913779421 47.5
476 0.1374210275353268 47.6
477 0.1377673283868938 47.7
478 0.1381125409480358 47.8
479 0.1384581695420501 47.90000000000001
480 0.138803523389865 48
481 0.1391487547254028 48.1
482 0.1394938512749798 48.2
483 0.139837938390813 48.3
484 0.1401818257703736 48.40000000000001
485 0.1405256981554875 48.5
486 0.1408690281139786 48.6
487 0.1412126190692403 48.7
488 0.141555772539788 48.8
489 0.1418989223702176 48.90000000000001
490 0.1422414858589113 49
491 0.142584658807751 49.1
492 0.1429270454669631 49.2
493 0.1432689571489864 49.3
494 0.1436115312407613 49.40000000000001
495 0.1439533974098237 49.5
496 0.14429498558543 49.6
497 0.1446358390836309 49.7
498 0.1449771429735159 49.8
499 0.145317882432884 49.90000000000001
500 0.1456592689827941 50
501 0.145696043856565 50.01
502 0.1457331926253393 50.02
503 0.1457707756427598 50.03
504 0.1458087790460604 50.04
505 0.1458472829634329 50.05
506 0.1458863132590884 50.06
507 0.1459259796183602 50.07
508 0.1459663490305129 50.08
509 0.1460071363581678 50.09
510 0.1460480975951226 50.1
511 0.1460891187676867 50.11
512 0.1461302171763149 50.12
513 0.146171489448903 50.13
514 0.146213105420365 50.14
515 0.1462553168700252 50.15
516 0.1462983373878623 50.16
517 0.1463424166544653 50.17
518 0.1463877746419161 50.18
519 0.1464346616896192 50.19
520 0.1464832346734938 50.2
521 0.1465335963229625 50.21
522 0.1465858059517834 50.22
523 0.146639955131449 50.23
524 0.1466961740775797 50.24
525 0.1467545851022843 50.25
526 0.1468153236385954 50.26
527 0.1468785750478653 50.27
528 0.1469445050448661 50.28
529 0.1470132631048235 50.29
530 0.1470850286741358 50.3
531 0.1471599453607108 50.31
532 0.1472381827588151 50.32
533 0.1473199019162858 50.33
534 0.1474052137669987 50.34
535 0.1474938346027681 50.35
536 0.1475806669485837 50.36
537 0.1476542228925355 50.37
538 0.147715371098929 50.38
539 0.1477564731513975 50.39
540 0.1477645064490509 50.4
541 0.1477206373001201 50.41
542 0.1476165160636097 50.42
543 0.1474407479877384 50.43
544 0.1471828561417476 50.44
545 0.1468269566788953 50.45
546 0.1463606974037635 50.46
547 0.1457529391625643 50.47
548 0.1450048763773401 50.48
549 0.1440879869096664 50.49
550 0.142975022391259 50.5
551 0.1416522037915837 50.51
552 0.1400405341881934 50.52
553 0.1380896945792813 50.53
554 0.1357266724377591 50.54
555 0.1328843030504744 50.55
556 0.1295145339119046 50.56
557 0.1256076949924827 50.57
558 0.1211826061871485 50.58
559 0.1163012249545642 50.59
560 0.1110362067422073 50.6
561 0.1055361178763661 50.61
562 0.09996643297092753 50.62
563 0.09449320015570134 50.63
564 0.08929682907521487 50.64
565 0.08450369466203582 50.65
566 0.08015697962028327 50.66
567 0.0762805465272369 50.67
568 0.07277097309261352 50.68
569 0.06953234207824714 50.69
570 0.06651429988896514 50.7
571 0.06368356178293479 50.71
572 0.06101910535604796 50.72
573 0.05852033490992296 50.73
574 0.05620463956331209 50.74
575 0.05410523890081837 50.75
576 0.05227536006922336 50.76
577 0.05072418112538638 50.77
578 0.04948567466822155 50.78
579 0.04854516456294213 50.79
580 0.0479308701112436 50.8
581 0.04761321619077923 50.81
582 0.04757254674020281 50.82
583 0.0478332017547449 50.83
584 0.04840500575474544 50.84
585 0.04919382357382332 50.85
586 0.05009356851015377 50.86
587 0.0509940119229403 50.87
588 0.05184234888558534 50.88
589 0.05262086351844211 50.89
590 0.05335431085889412 50.9
591 0.05402032376091882 50.91
592 0.05463273400074898 50.92
593 0.05519535378625266 50.93
594 0.05571056100174532 50.94
595 0.05618598011265121 50.95
596 0.05662461047610412 50.96
597 0.05702341121361574 50.97
598 0.05739166681188437 50.98
599 0.05772964693038489 50.99
600 0.05803935098225177 51
601 0.05831801097498435 51.01
602 0.05856875700694125 51.02
603 0.05876792009614677 51.03
604 0.05889745698888331 51.04
605 0.0589657385217523 51.05
606 0.05895961965912453 51.06
607 0.05887072394713461 51.07
608 0.05868904956214239 51.08
609 0.05839696362458813 51.09
610 0.05796856525339368 51.1
611 0.05739825861674926 51.11
612 0.05666171965820063 51.12
613 0.05573507148168932 51.13
614 0.05460495194193801 51.14
615 0.05326639915174311 51.15
616 0.05172283607038666 51.16
617 0.04999078921774904 51.17
618 0.04810399274840468 51.18
619 0.04607593748564005 51.19
620 0.04395922693521854 51.2
621 0.04181950578209712 51.21
622 0.03968921316444481 51.22
623 0.03761505434145284 51.23
624 0.03562229256330422 51.24
625 0.03369485745453223 51.25
626 0.03183146664815128 51.26
627 0.0300413285687046 51.27
628 0.02833595870502083 51.28
629 0.02672364456208945 51.29
630 0.0252073768930755 51.3
631 0.02379261005641249 51.31
632 0.02248605484457787 51.32
633 0.02129529010675432 51.33
634 0.02022191814894037 51.34
635 0.01926432354226982 51.35
636 0.0184209523487567 51.36
637 0.01768946923139905 51.37
638 0.01706990989671101 51.38
639 0.01655383467323763 51.39
640 0.01614972695379631 51.4
641 0.01583713551749172 51.41
642 0.01562158055065651 51.42
643 0.01550582811354039 51.43
644 0.01548053262953044 51.44
645 0.01552841334318305 51.45
646 0.01564957640864188 51.46
647 0.0158318071948761 51.47
648 0.016050895474803 51.48
649 0.01629711743916049 51.49
650 0.0165584524337059 51.5
651 0.01683148916038615 51.51
652 0.01711012956340534 51.52
653 0.0173812151619178 51.53
654 0.01762741232238909 51.54
655 0.01781211127668161 51.55
656 0.01792131019544305 51.56
657 0.01795355679601708 51.57
658 0.01789668955749832 51.58
659 0.01774222147988611 51.59
660 0.01748612759212567 51.6
661 0.01713361255661804 51.61
662 0.01669304204205729 51.62
663 0.01616442180390346 51.63
664 0.01556400363625222 51.64
665 0.01490909294305962 51.65
666 0.01420495213242702 51.66
667 0.01345668904507843 51.67
668 0.0126798414394295 51.68
669 0.01188105528487376 51.69
670 0.01106572499884335 51.7
671 0.01024113623659642 51.71
672 0.009418190687384934 51.72
673 0.008610049011399118 51.73
674 0.007827388480486287 51.74
675 0.0070790076646327 51.75
676 0.006367096622436633 51.76
677 0.005692995243061415 51.77
678 0.005059058353225847 51.78
679 0.00447270191881836 51.79
680 0.003946602438747949 51.8
681 0.003484532776843009 51.81
682 0.003085330812507869 51.82
683 0.002728162529889503 51.83
684 0.002407370855008421 51.84
685 0.002118447120468452 51.85
686 0.001853189393643683 51.86
687 0.001608850438911696 51.87
688 0.001384553979897864 51.88
689 0.001178841079431518 51.89
690 0.0009901798948374206 51.9
691 0.000818896262691198 51.91
692 0.0006640543235635223 51.92
693 0.0005265764247376555 51.93
694 0.0004065501828020438 51.94
695 0.0003032698767006646 51.95
696 0.0002165230510477031 51.96
697 0.000145571911835085 51.97
698 9.307072649373925e-05 51.98
699 6.130228019336702e-05 51.99
700 4.48735595651311e-05 52
701 3.787904778227538e-05 52.01
702 3.592848876859008e-05 52.02
703 3.579557564193324e-05 52.03
704 3.602549125526456e-05 52.04
705 3.6422192553687e-05 52.05
706 3.698626962299266e-05 52.06
707 3.769624610012131e-05 52.07
708 3.855357607610035e-05 52.08
709 3.956536843468207e-05 52.09
710 4.073097384081157e-05 52.1
711 4.205375668458666e-05 52.11
712 4.355043718894812e-05 52.12
713 4.52159848028025e-05 52.13
714 4.706834248897269e-05 52.14
715 4.9095896506783e-05 52.15
716 5.130379507777551e-05 52.16
717 5.368188102972256e-05 52.17
718 5.623648813494393e-05 52.18
719 5.894560593613312e-05 52.19
720 6.182051509462344e-05 52.2
721 6.483099632272112e-05 52.21
722 6.795612462516447e-05 52.22
723 7.110355312963564e-05 52.23
724 7.423094913505308e-05 52.24
725 7.742179847020871e-05 52.25
726 8.06040498243804e-05 52.26
727 8.380034001086047e-05 52.27
728 8.694967890835676e-05 52.28
729 9.006762815492585e-05 52.29
730 9.298396527570068e-05 52.3
731 9.578879768658624e-05 52.31
732 9.839277492727562e-05 52.32
733 0.0001007818764969647 52.33
734 0.0001028993613456822 52.34
735 0.0001047125924291117 52.35
736 0.0001062241282227356 52.36
737 0.0001073444261791957 52.37
738 0.0001080691395667938 52.38
739 0.0001082891644946723 52.39
740 0.0001079940260400483 52.4
741 0.0001072459066231495 52.41
742 0.000106025838705132 52.42
743 0.0001044819974503871 52.43
744 0.0001025733383043971 52.44
745 0.0001004628161068787 52.45
746 9.817824764970663e-05 52.46
747 9.57310691053391e-05 52.47
748 9.320701742594826e-05 52.48
749 9.066757089089854e-05 52.49
750 8.810529197450983e-05 52.5
751 8.556152118421429e-05 52.51
752 8.303402024961316e-05 52.52
753 8.056330330565866e-05 52.53
754 7.82154749030062e-05 52.54
755 7.582032611460769e-05 52.55
756 7.349173517567075e-05 52.56
757 7.123662955013509e-05 52.57
758 6.903815012746387e-05 52.58
759 6.694608460145825e-05 52.59
760 6.495054257846311e-05 52.6
761 6.302386905150006e-05 52.61
762 6.115840726500625e-05 52.62
763 5.938524770265182e-05 52.63
764 5.770593876411093e-05 52.64
765 5.610946747469891e-05 52.65
766 5.457686048226814e-05 52.66
767 5.310961768107018e-05 52.67
768 5.168691029888933e-05 52.68
769 5.031191956479408e-05 52.69
770 4.898361035537824e-05 52.7
771 4.769428758822372e-05 52.71
772 4.647303933484627e-05 52.72
773 4.531096579449516e-05 52.73
774 4.419062745229692e-05 52.74
775 4.31125155889526e-05 52.75
776 4.207289328191222e-05 52.76
777 4.118285988275567e-05 52.77
778 4.020627515053711e-05 52.78
779 3.931452008924447e-05 52.79
780 3.849204705609449e-05 52.8
781 3.772550684554968e-05 52.81
782 3.700783996759589e-05 52.82
783 3.634851756054658e-05 52.83
784 3.574931369151074e-05 52.84
785 3.520342115466335e-05 52.85
786 3.470955106938184e-05 52.86
787 3.427505372132552e-05 52.87
788 3.390012581282547e-05 52.88
789 3.358013896968145e-05 52.89
790 3.331658738064647e-05 52.9
791 3.310907973577444e-05 52.91
792 3.295925249170604e-05 52.92
793 3.286777280913528e-05 52.93
794 3.28354090327259e-05 52.94
795 3.286681860833189e-05 52.95
796 3.295572221338123e-05 52.96
797 3.310855798549042e-05 52.97
798 3.332247872416954e-05 52.98
799 3.360027091924308e-05 52.99
800 3.394380446096863e-05 53
801 3.435246259946869e-05 53.01
802 3.482932114658442e-05 53.02
803 3.538034721602634e-05 53.03
804 3.600218362066196e-05 53.04
805 3.669585949815493e-05 53.05
806 3.746492001895686e-05 53.06
807 3.831729715184781e-05 53.07
808 3.925132248668772e-05 53.08
809 4.027182039451444e-05 53.09
810 4.137793950672229e-05 53.1
811 4.257569472484877e-05 53.11
812 4.385325479416325e-05 53.12
813 4.520892296793007e-05 53.13
814 4.663471454166562e-05 53.14
815 4.813793520752455e-05 53.15
816 4.971020500851696e-05 53.16
817 5.133692480059916e-05 53.17
818 5.303274821829907e-05 53.18
819 5.477108941345351e-05 53.19
820 5.653678796557378e-05 53.2
821 5.831551419810968e-05 53.21
822 6.012184173240734e-05 53.22
823 6.194129843028925e-05 53.23
824 6.375562186076147e-05 53.24
825 6.555193480338742e-05 53.25
826 6.733381460238938e-05 53.26
827 6.908013243785316e-05 53.27
828 7.081670900752617e-05 53.28
829 7.248311688370782e-05 53.29
830 7.409678431639889e-05 53.3
831 7.556273198510349e-05 53.31
832 7.691424702719319e-05 53.32
833 7.805321876810124e-05 53.33
834 7.892802046337903e-05 53.34
835 7.949376013861939e-05 53.35
836 7.974472434747275e-05 53.36
837 7.980344355475356e-05 53.37
838 7.971827332313296e-05 53.38
839 7.951018754858802e-05 53.39
840 7.917480269205414e-05 53.4
841 7.870690704516977e-05 53.41
842 7.810496404794858e-05 53.42
843 7.737548676594176e-05 53.43
844 7.649578368938288e-05 53.44
845 7.547742874099294e-05 53.45
846 7.433436895808191e-05 53.46
847 7.307253205310178e-05 53.47
848 7.172587911853237e-05 53.48
849 7.029446982165307e-05 53.49
850 6.879960059725761e-05 53.5
851 6.724860401662692e-05 53.51
852 6.566685025487327e-05 53.52
853 6.405901828641918e-05 53.53
854 6.24312162923402e-05 53.54
855 6.082935858462192e-05 53.55
856 5.921329782667223e-05 53.56
857 5.766447093762089e-05 53.57
858 5.615107338784812e-05 53.58
859 5.46741502608383e-05 53.59
860 5.323969713743217e-05 53.6
861 5.181701463867846e-05 53.61
862 5.044958240193846e-05 53.62
863 4.913853749429637e-05 53.63
864 4.78904740259202e-05 53.64
865 4.669784642040013e-05 53.65
866 4.556620225729996e-05 53.66
867 4.44893484510957e-05 53.67
868 4.349168283880165e-05 53.68
869 4.252732663671663e-05 53.69
870 4.162019791152367e-05 53.7
871 4.078035981905601e-05 53.71
872 4.000081510541219e-05 53.72
873 3.927512645541213e-05 53.73
874 3.860378386957505e-05 53.74
875 3.79930930260915e-05 53.75
876 3.743982099617024e-05 53.76
877 3.694147176664923e-05 53.77
878 3.649699916809621e-05 53.78
879 3.610519026308525e-05 53.79
880 3.576460058347756e-05 53.8
881 3.547789750943806e-05 53.81
882 3.523814740094264e-05 53.82
883 3.505132179058264e-05 53.83
884 3.492172413299634e-05 53.84
885 3.484360796144991e-05 53.85
886 3.481683646230995e-05 53.86
887 3.483919421159568e-05 53.87
888 3.491196447291338e-05 53.88
889 3.50367182310669e-05 53.89
890 3.521218558942011e-05 53.9
891 3.543939906301816e-05 53.91
892 3.571677239213365e-05 53.92
893 3.604364422858395e-05 53.93
894 3.642146775335851e-05 53.94
895 3.685028509459611e-05 53.95
896 3.732942977130044e-05 53.96
897 3.786106099896895e-05 53.97
898 3.844077510129315e-05 53.98
899 3.90730459080896e-05 53.99
900 3.97608791639141e-05 54
901 4.050886216669626e-05 54.01
902 4.130516250742009e-05 54.02
903 4.216187147903557e-05 54.03
904 4.307251927325533e-05 54.04
905 4.406157931813263e-05 54.05
906 4.510906000629525e-05 54.06
907 4.623208253968756e-05 54.07
908 4.739777091300742e-05 54.08
909 4.859833554219612e-05 54.09
910 4.985570587974966e-05 54.1
911 5.116982723774243e-05 54.11
912 5.250543619366486e-05 54.12
913 5.388153557073539e-05 54.13
914 5.528333298589495e-05 54.14
915 5.670639877889534e-05 54.15
916 5.814091904907e-05 54.16
917 5.958026194212121e-05 54.17
918 6.100414694195289e-05 54.18
919 6.243628705303257e-05 54.19
920 6.386937553461218e-05 54.2
921 6.529386309347695e-05 54.21
922 6.663451889541001e-05 54.22
923 6.796717930057751e-05 54.23
924 6.928829269134081e-05 54.24
925 7.046992851033201e-05 54.25
926 7.145768448436455e-05 54.26
927 7.221082182967165e-05 54.27
928 7.275921137795789e-05 54.28
929 7.310397863267896e-05 54.29
930 7.332575551030621e-05 54.3
931 7.347506433426633e-05 54.31
932 7.354162698546645e-05 54.32
933 7.35154598324779e-05 54.33
934 7.338482239193598e-05 54.34
935 7.31413454541248e-05 54.35
936 7.279278027933278e-05 54.36
937 7.231737735957778e-05 54.37
938 7.172035410526074e-05 54.38
939 7.10059676706198e-05 54.39
940 7.017867675413575e-05 54.4
941 6.925327926964636e-05 54.41
942 6.823785649148845e-05 54.42
943 6.714323022417058e-05 54.43
944 6.599944892038802e-05 54.44
945 6.479238115032559e-05 54.45
946 6.353736829429361e-05 54.46
947 6.226935520081305e-05 54.47
948 6.101145233722584e-05 54.48
949 5.973186859246696e-05 54.49
950 5.844743855685873e-05 54.5
951 5.716957536427712e-05 54.51
952 5.59017246005309e-05 54.52
953 5.466241530479657e-05 54.53
954 5.343429762842861e-05 54.54
955 5.223284351002409e-05 54.55
956 5.106963887164058e-05 54.56
957 4.993544739699761e-05 54.57
958 4.883217816504726e-05 54.58
959 4.780588519551844e-05 54.59
960 4.680530177942741e-05 54.6
961 4.586226578651121e-05 54.61
962 4.497160330563027e-05 54.62
963 4.411397201638402e-05 54.63
964 4.332082060309498e-05 54.64
965 4.25763476837495e-05 54.65
966 4.188740037265042e-05 54.66
967 4.124750567265303e-05 54.67
968 4.065538162849782e-05 54.68
969 4.011340716030475e-05 54.69
970 3.961051685349174e-05 54.7
971 3.916360035583575e-05 54.71
972 3.876336357193326e-05 54.72
973 3.841202157681099e-05 54.73
974 3.810865282982254e-05 54.74
975 3.785034990814744e-05 54.75
976 3.763397197809865e-05 54.76
977 3.746516325528087e-05 54.77
978 3.734346548898906e-05 54.78
979 3.726595968920414e-05 54.79
980 3.723254525525256e-05 54.8
981 3.724236433809849e-05 54.81
982 3.729565741852592e-05 54.82
983 3.739185083720445e-05 54.83
984 3.75309979482863e-05 54.84
985 3.771148358201282e-05 54.85
986 3.793365682622069e-05 54.86
987 3.819808145510837e-05 54.87
988 3.850539891468039e-05 54.88
989 3.885474155172131e-05 54.89
990 3.924565576125065e-05 54.9
991 3.968110930290587e-05 54.91
992 4.01613005974586e-05 54.92
993 4.068663002493014e-05 54.93
994 4.125650143296171e-05 54.94
995 4.187318959571875e-05 54.95
996 4.253308185690343e-05 54.96
997 4.323924319906462e-05 54.97
998 4.398856927307281e-05 54.98
999 4.477941183923327e-05 54.99
1000 4.561031664901496e-05 55
1001 4.648674098461076e-05 55.01
1002 4.740487848178723e-05 55.02
1003 4.835841116267287e-05 55.03
1004 4.934591831591761e-05 55.04
1005 5.036991253935938e-05 55.05
1006 5.142245311718053e-05 55.06
1007 5.249240444012811e-05 55.07
1008 5.357836828382548e-05 55.08
1009 5.468223979660654e-05 55.09
1010 5.579230156563039e-05 55.1
1011 5.689915241573106e-05 55.11
1012 5.800268423025352e-05 55.12
1013 5.908838684894754e-05 55.13
1014 6.015405236117638e-05 55.14
1015 6.120252527567917e-05 55.15
1016 6.222442615821002e-05 55.16
1017 6.321175792121971e-05 55.17
1018 6.416482130709825e-05 55.18
1019 6.508747229876075e-05 55.19
1020 6.593062272670728e-05 55.2
1021 6.67237667696406e-05 55.21
1022 6.746686150435097e-05 55.22
1023 6.815654801735543e-05 55.23
1024 6.876456360867199e-05 55.24
1025 6.932085457896957e-05 55.25
1026 6.979571830992175e-05 55.26
1027 7.018377915670231e-05 55.27
1028 7.049215449899517e-05 55.28
1029 7.071555980842304e-05 55.29
1030 7.084986665481078e-05 55.3
1031 7.08945744411977e-05 55.31
1032 7.08469552590547e-05 55.32
1033 7.071199261624371e-05 55.33
1034 7.048930074931812e-05 55.34
1035 7.017566761133141e-05 55.35
1036 6.977995783733921e-05 55.36
1037 6.930383669721567e-05 55.37
1038 6.874784086096428e-05 55.38
1039 6.81158646055552e-05 55.39
1040 6.741277472785771e-05 55.4
1041 6.664255556495469e-05 55.41
1042 6.58082664576303e-05 55.42
1043 6.491759914300705e-05 55.43
1044 6.398169728016459e-05 55.44
1045 6.301106415568266e-05 55.45
1046 6.200356615811358e-05 55.46
1047 6.097195412094488e-05 55.47
1048 5.991757123098518e-05 55.48
1049 5.883976927727551e-05 55.49
1050 5.774966043404502e-05 55.5
1051 5.664664429692687e-05 55.51
1052 5.554836026674271e-05 55.52
1053 5.444864819754599e-05 55.53
1054 5.336470397724716e-05 55.54
1055 5.230000540854883e-05 55.55
1056 5.126167662303842e-05 55.56
1057 5.024683787866466e-05 55.57
1058 4.92604838279606e-05 55.58
1059 4.830565883278999e-05 55.59
1060 4.738185067796835e-05 55.6
1061 4.649265779609819e-05 55.61
1062 4.564408644576775e-05 55.62
1063 4.483273051324909e-05 55.63
1064 4.405661759669981e-05 55.64
1065 4.331989329670937e-05 55.65
1066 4.262201080632341e-05 55.66
1067 4.196231331544017e-05 55.67
1068 4.134772633205817e-05 55.68
1069 4.077709991552902e-05 55.69
1070 4.024185661267306e-05 55.7
1071 3.974398883108231e-05 55.71
1072 3.928272593983372e-05 55.72
1073 3.88632470730124e-05 55.73
1074 3.848318546266506e-05 55.74
1075 3.814315846861049e-05 55.75
1076 3.784174481268201e-05 55.76
1077 3.757911234611449e-05 55.77
1078 3.735501251729345e-05 55.78
1079 3.716991312304939e-05 55.79
1080 3.702419930000193e-05 55.8
1081 3.692027508354211e-05 55.81
1082 3.685347143446814e-05 55.82
1083 3.68257205818592e-05 55.83
1084 3.683807052460745e-05 55.84
1085 3.688928795299181e-05 55.85
1086 3.697974994322599e-05 55.86
1087 3.710969980630243e-05 55.87
1088 3.727808313877234e-05 55.88
1089 3.748631828740816e-05 55.89
1090 3.773508483397896e-05 55.9
1091 3.802366020539668e-05 55.91
1092 3.835204829513727e-05 55.92
1093 3.872059210863857e-05 55.93
1094 3.91292358099432e-05 55.94
1095 3.957719116466699e-05 55.95
1096 4.006484851201821e-05 55.96
1097 4.059033638801026e-05 55.97
1098 4.115722967336241e-05 55.98
1099 4.17651743738276e-05 55.99
1100 4.241246908938929e-05 56
1101 4.309575549944913e-05 56.01
1102 4.38135021080853e-05 56.02
1103 4.456532800776471e-05 56.03
1104 4.535300696230355e-05 56.04
1105 4.617647800199327e-05 56.05
1106 4.703103824929021e-05 56.06
1107 4.791076023117485e-05 56.07
1108 4.88087866863515e-05 56.08
1109 4.972151525628104e-05 56.09
1110 5.064938133115569e-05 56.1
1111 5.159863619211657e-05 56.11
1112 5.255571080089905e-05 56.12
1113 5.351628086223169e-05 56.13
1114 5.446939020799596e-05 56.14
1115 5.540511782199194e-05 56.15
1116 5.632690201978319e-05 56.16
1117 5.722701054181017e-05 56.17
1118 5.810071203421369e-05 56.18
1119 5.894320758883673e-05 56.19
1120 5.975205481227787e-05 56.2
1121 6.052040546233998e-05 56.21
1122 6.124964108186241e-05 56.22
1123 6.193261480477216e-05 56.23
1124 6.257297627872045e-05 56.24
1125 6.315139513114379e-05 56.25
1126 6.367066024772281e-05 56.26
1127 6.412884025079194e-05 56.27
1128 6.452855835220908e-05 56.28
1129 6.486069228724784e-05 56.29
1130 6.514695137979961e-05 56.3
1131 6.536207283226831e-05 56.31
1132 6.550829846790802e-05 56.32
1133 6.558237768108624e-05 56.33
1134 6.558049881372353e-05 56.34
1135 6.55035343692364e-05 56.35
1136 6.535296535064615e-05 56.36
1137 6.5132222883994e-05 56.37
1138 6.484009733075475e-05 56.38
1139 6.447860162431355e-05 56.39
1140 6.405082288500447e-05 56.4
1141 6.356132022231334e-05 56.41
1142 6.300767244624851e-05 56.42
1143 6.239767450545449e-05 56.43
1144 6.173558939716526e-05 56.44
1145 6.102593735610552e-05 56.45
1146 6.027208298149643e-05 56.46
1147 5.947454239030106e-05 56.47
1148 5.864737349657066e-05 56.48
1149 5.779393818939167e-05 56.49
1150 5.691403103346938e-05 56.5
1151 5.601491647412358e-05 56.51
1152 5.50974333388842e-05 56.52
1153 5.416610741151573e-05 56.53
1154 5.323118493242476e-05 56.54
1155 5.229569625954085e-05 56.55
1156 5.136258695171634e-05 56.56
1157 5.04402088645525e-05 56.57
1158 4.953167149550044e-05 56.58
1159 4.86381807699573e-05 56.59
1160 4.776469220956973e-05 56.6
1161 4.691196364653279e-05 56.61
1162 4.608101892661811e-05 56.62
1163 4.527347973090161e-05 56.63
1164 4.449019242071438e-05 56.64
1165 4.373858790197699e-05 56.65
1166 4.301949807860409e-05 56.66
1167 4.233593329620435e-05 56.67
1168 4.168841185828706e-05 56.68
1169 4.10769914854797e-05 56.69
1170 4.050297525195942e-05 56.7
1171 3.995972720175166e-05 56.71
1172 3.944977491702431e-05 56.72
1173 3.897235770815908e-05 56.73
1174 3.852888143550681e-05 56.74
1175 3.811982790673298e-05 56.75
1176 3.774446841782939e-05 56.76
1177 3.740743749419831e-05 56.77
1178 3.710272925961575e-05 56.78
1179 3.683045755865467e-05 56.79
1180 3.659125054248275e-05 56.8
1181 3.638521518189721e-05 56.81
1182 3.62122346453495e-05 56.82
1183 3.607261775136382e-05 56.83
1184 3.596547653762507e-05 56.84
1185 3.589156938463254e-05 56.85
1186 3.585065126078305e-05 56.86
1187 3.584329983057739e-05 56.87
1188 3.586992664215577e-05 56.88
1189 3.592992727434531e-05 56.89
1190 3.602298632935491e-05 56.9
1191 3.614912609182093e-05 56.91
1192 3.630930615353488e-05 56.92
1193 3.650377677964821e-05 56.93
1194 3.673186057098289e-05 56.94
1195 3.699223976611411e-05 56.95
1196 3.728522423970902e-05 56.96
1197 3.76108592974865e-05 56.97
1198 3.796879105068665e-05 56.98
1199 3.835926321755723e-05 56.99
1200 3.87823061465785e-05 57
1201 3.92403477020927e-05 57.01
1202 3.97348543909332e-05 57.02
1203 4.026488709972919e-05 57.03
1204 4.082455063786677e-05 57.04
1205 4.141158451444556e-05 57.05
1206 4.202881408989771e-05 57.06
1207 4.2674921995896e-05 57.07
1208 4.334418106730032e-05 57.08
1209 4.40362404962663e-05 57.09
1210 4.474885262188122e-05 57.1
1211 4.548071787919524e-05 57.11
1212 4.623094398301592e-05 57.12
1213 4.699397702070672e-05 57.13
1214 4.776259133598823e-05 57.14
1215 4.853529339689442e-05 57.15
1216 4.931178055174399e-05 57.16
1217 5.008546157669966e-05 57.17
1218 5.085764395224705e-05 57.18
1219 5.162233214362435e-05 57.19
1220 5.237753818270941e-05 57.2
1221 5.311210535018377e-05 57.21
1222 5.38162123364155e-05 57.22
1223 5.449120543966849e-05 57.23
1224 5.513478794976782e-05 57.24
1225 5.574642484860306e-05 57.25
1226 5.632340167310832e-05 57.26
1227 5.685852668490835e-05 57.27
1228 5.735231957438805e-05 57.28
1229 5.780342741724042e-05 57.29
1230 5.820694026395341e-05 57.3
1231 5.856183429263117e-05 57.31
1232 5.886802668303479e-05 57.32
1233 5.912188404313937e-05 57.33
1234 5.932056155452834e-05 57.34
1235 5.946164218307658e-05 57.35
1236 5.954261585701334e-05 57.36
1237 5.956604695597964e-05 57.37
1238 5.953153806831673e-05 57.38
1239 5.944423515811521e-05 57.39
1240 5.930167329660724e-05 57.4
1241 5.910254330913906e-05 57.41
1242 5.88487513690648e-05 57.42
1243 5.854158139532339e-05 57.43
1244 5.818186184203784e-05 57.44
1245 5.777153529167179e-05 57.45
1246 5.731462252444904e-05 57.46
1247 5.681139484192158e-05 57.47
1248 5.626577631715225e-05 57.48
1249 5.567872660226711e-05 57.49
1250 5.505636948846323e-05 57.5
1251 5.440233733215522e-05 57.51
1252 5.372060538903833e-05 57.52
1253 5.301762434336552e-05 57.53
1254 5.229212411008246e-05 57.54
1255 5.154818617303038e-05 57.55
1256 5.079274246082464e-05 57.56
1257 5.002931884978133e-05 57.57
1258 4.925861065302377e-05 57.58
1259 4.848687104644807e-05 57.59
1260 4.772363567997534e-05 57.6
1261 4.695200461636204e-05 57.61
1262 4.619324955920548e-05 57.62
1263 4.545359304890407e-05 57.63
1264 4.472830553142946e-05 57.64
1265 4.401782465790176e-05 57.65
1266 4.332363874154668e-05 57.66
1267 4.265058299530336e-05 57.67
1268 4.20026450245946e-05 57.68
1269 4.137716634057766e-05 57.69
1270 4.077482768206834e-05 57.7
1271 4.019750006050865e-05 57.71
1272 3.964735996424624e-05 57.72
1273 3.912272007647751e-05 57.73
1274 3.862434899414695e-05 57.74
1275 3.815807390870606e-05 57.75
1276 3.772494520384517e-05 57.76
1277 3.731947052876721e-05 57.77
1278 3.694141021207682e-05 57.78
1279 3.658901383410731e-05 57.79
1280 3.626645481866185e-05 57.8
1281 3.59703018650714e-05 57.81
1282 3.570528769031945e-05 57.82
1283 3.546941179084074e-05 57.83
1284 3.526327579598416e-05 57.84
1285 3.508477165061874e-05 57.85
1286 3.493109813223301e-05 57.86
1287 3.480539307425658e-05 57.87
1288 3.470711552420222e-05 57.88
1289 3.463600721691053e-05 57.89
1290 3.459174811353191e-05 57.9
1291 3.457465296352115e-05 57.91
1292 3.458457019259539e-05 57.92
1293 3.462172705167712e-05 57.93
1294 3.468620458184163e-05 57.94
1295 3.477813395429404e-05 57.95
1296 3.489690531773575e-05 57.96
1297 3.504360723180931e-05 57.97
1298 3.521718127319211e-05 57.98
1299 3.542054153276e-05 57.99
1300 3.565171052845666e-05 58
1301 3.590979549976008e-05 58.01
1302 3.619470703678286e-05 58.02
1303 3.650635896404652e-05 58.03
1304 3.684453492986778e-05 58.04
1305 3.720896789881589e-05 58.05
1306 3.760193460792371e-05 58.06
1307 3.80236015634311e-05 58.07
1308 3.847533210389705e-05 58.08
1309 3.894903365185146e-05 58.09
1310 3.944501752604925e-05 58.1
1311 3.996297889732852e-05 58.11
1312 4.05008127872696e-05 58.12
1313 4.105370504015444e-05 58.13
1314 4.162322820717794e-05 58.14
1315 4.220547853667514e-05 58.15
1316 4.279803447347058e-05 58.16
1317 4.339693400863097e-05 58.17
1318 4.40036036465567e-05 58.18
1319 4.461600451558979e-05 58.19
1320 4.522640336303623e-05 58.2
1321 4.583759824064337e-05 58.21
1322 4.644696730797024e-05 58.22
1323 4.705010203028125e-05 58.23
1324 4.764457794351673e-05 58.24
1325 4.822421421614449e-05 58.25
1326 4.878439653597801e-05 58.26
1327 4.932313425609076e-05 58.27
1328 4.984400472432663e-05 58.28
1329 5.034062183118552e-05 58.29
1330 5.080866081169975e-05 58.3
1331 5.124608873547726e-05 58.31
1332 5.165371478367978e-05 58.32
1333 5.202897858746709e-05 58.33
1334 5.236930565579288e-05 58.34
1335 5.267271636025764e-05 58.35
1336 5.293986030003052e-05 58.36
1337 5.316757585244678e-05 58.37
1338 5.335662500878776e-05 58.38
1339 5.350174960636477e-05 58.39
1340 5.360162414517889e-05 58.4
1341 5.365702632805796e-05 58.41
1342 5.366669470363264e-05 58.42
1343 5.363224324246684e-05 58.43
1344 5.35551098883405e-05 58.44
1345 5.343423559571618e-05 58.45
1346 5.3268857917288e-05 58.46
1347 5.305991463918917e-05 58.47
1348 5.280917254302603e-05 58.48
1349 5.251913856643584e-05 58.49
1350 5.219176133466034e-05 58.5
1351 5.182934356774544e-05 58.51
1352 5.143348135653548e-05 58.52
1353 5.101077501326145e-05 58.53
1354 5.05588827371025e-05 58.54
1355 5.007752522718305e-05 58.55
1356 4.957260462273682e-05 58.56
1357 4.904214399375885e-05 58.57
1358 4.849144212718119e-05 58.58
1359 4.792118734051465e-05 58.59
1360 4.734012037381028e-05 58.6
1361 4.675129856438501e-05 58.61
1362 4.615175906040899e-05 58.62
1363 4.554668613820083e-05 58.63
1364 4.493407818522277e-05 58.64
1365 4.431868826400577e-05 58.65
1366 4.37084473424522e-05 58.66
1367 4.311111858606254e-05 58.67
1368 4.25138979650414e-05 58.68
1369 4.193279743159549e-05 58.69
1370 4.136358023715943e-05 58.7
1371 4.080575487731825e-05 58.71
1372 4.026118867767311e-05 58.72
1373 3.973427462716183e-05 58.73
1374 3.922531728938317e-05 58.74
1375 3.873644317564747e-05 58.75
1376 3.826347522205073e-05 58.76
1377 3.780809273842146e-05 58.77
1378 3.737498384220101e-05 58.78
1379 3.696233711044454e-05 58.79
1380 3.6570865311071e-05 58.8
1381 3.62038130153286e-05 58.81
1382 3.585792393702139e-05 58.82
1383 3.553498367783986e-05 58.83
1384 3.523873141426186e-05 58.84
1385 3.496704874653288e-05 58.85
1386 3.47156350757573e-05 58.86
1387 3.44867152203452e-05 58.87
1388 3.428261793342879e-05 58.88
1389 3.410300257120603e-05 58.89
1390 3.394828142456035e-05 58.9
1391 3.38169806458188e-05 58.91
1392 3.370909716055874e-05 58.92
1393 3.362429591106334e-05 58.93
1394 3.35640354705878e-05 58.94
1395 3.352745495326813e-05 58.95
1396 3.351385679661977e-05 58.96
1397 3.352339463092962e-05 58.97
1398 3.355641033882583e-05 58.98
1399 3.361301952865381e-05 58.99
1400 3.36931468185512e-05 59
1401 3.379719343316242e-05 59.01
1402 3.392522302862072e-05 59.02
1403 3.40781753083507e-05 59.03
1404 3.42559323598473e-05 59.04
1405 3.445696817386156e-05 59.05
1406 3.468064325470481e-05 59.06
1407 3.492662701957669e-05 59.07
1408 3.519712363390407e-05 59.08
1409 3.549034459422916e-05 59.09
1410 3.580584396221182e-05 59.1
1411 3.614047489892209e-05 59.11
1412 3.649412707717759e-05 59.12
1413 3.686573204490582e-05 59.13
1414 3.725473445383543e-05 59.14
1415 3.76620636738359e-05 59.15
1416 3.808426015382721e-05 59.16
1417 3.852182550701885e-05 59.17
1418 3.897093507253847e-05 59.18
1419 3.942901585921423e-05 59.19
1420 3.989713007464536e-05 59.2
1421 4.037559476581819e-05 59.21
1422 4.085846035118683e-05 59.22
1423 4.134890415572455e-05 59.23
1424 4.184261572087823e-05 59.24
1425 4.233414480130911e-05 59.25
1426 4.281943799062155e-05 59.26
1427 4.329914689818603e-05 59.27
1428 4.376985964061358e-05 59.28
1429 4.423095525557253e-05 59.29
1430 4.468260929766818e-05 59.3
1431 4.512076492584215e-05 59.31
1432 4.554182927607242e-05 59.32
1433 4.594396674140158e-05 59.33
1434 4.632798984728792e-05 59.34
1435 4.66920647937994e-05 59.35
1436 4.70320936721085e-05 59.36
1437 4.734660873854067e-05 59.37
1438 4.763321834321135e-05 59.38
1439 4.78931841806934e-05 59.39
1440 4.812796422788413e-05 59.4
1441 4.833257862687231e-05 59.41
1442 4.850465530302733e-05 59.42
1443 4.864539113054692e-05 59.43
1444 4.875386189845656e-05 59.44
1445 4.882960816441408e-05 59.45
1446 4.887065487008939e-05 59.46
1447 4.887694687955238e-05 59.47
1448 4.88475918032489e-05 59.48
1449 4.878424978784121e-05 59.49
1450 4.869279663271504e-05 59.5
1451 4.856570536126083e-05 59.51
1452 4.841015209030596e-05 59.52
1453 4.822346789533041e-05 59.53
1454 4.799804290652674e-05 59.54
1455 4.774375756086093e-05 59.55
1456 4.746097629309667e-05 59.56
1457 4.71456092175986e-05 59.57
1458 4.681770827864942e-05 59.58
1459 4.645957743958338e-05 59.59
1460 4.608980105575511e-05 59.6
1461 4.569057884749427e-05 59.61
1462 4.527729634557482e-05 59.62
1463 4.484987645212271e-05 59.63
1464 4.441276609757426e-05 59.64
1465 4.395469225416022e-05 59.65
1466 4.349165912152586e-05 59.66
1467 4.303278092210591e-05 59.67
1468 4.255831993052032e-05 59.68
1469 4.208388886997791e-05 59.69
1470 4.161358016865075e-05 59.7
1471 4.11425836538093e-05 59.71
1472 4.066695466348389e-05 59.72
1473 4.019832397985155e-05 59.73
1474 3.974023413284986e-05 59.74
1475 3.928000529758019e-05 59.75
1476 3.883030923122909e-05 59.76
1477 3.839205448025942e-05 59.77
1478 3.796682916763593e-05 59.78
1479 3.755532152804659e-05 59.79
1480 3.74392084114909e-05 59.8
1481 3.674431091263792e-05 59.81
1482 3.657693911000478e-05 59.82
1483 3.586129583997774e-05 59.83
1484 3.538686278787441e-05 59.84
1485 3.503261470761762e-05 59.85
1486 3.473000816707891e-05 59.86
1487 3.445533475671713e-05 59.87
1488 3.419839885897838e-05 59.88
1489 3.39586250408916e-05 59.89
1490 3.373831852858514e-05 59.9
1491 3.353461860664144e-05 59.91
1492 3.3349532232502e-05 59.92
1493 3.318208526011473e-05 59.93
1494 3.303439862880889e-05 59.94
1495 3.290686677556034e-05 59.95
1496 3.279975859651491e-05 59.96
1497 3.27134897050584e-05 59.97
1498 3.264740088069356e-05 59.98
1499 3.260098288163609e-05 59.99
1500 3.257402828006402e-05 60
