"frac-mass-co2-rfile"
"Time Step" "frac-mass-co2 etc.."
("Time Step" "frac-mass-co2" "flow-time")
0 0.002018389025028519 0
1 0.003258132149777506 0.1
2 0.00477749184361773 0.2
3 0.006244228470282812 0.3
4 0.007504658779309731 0.4
5 0.008794310367611571 0.5
6 0.01034454232839655 0.6000000000000001
7 0.01203102697396936 0.7000000000000001
8 0.01365655115218228 0.8
9 0.01513856566125171 0.9
10 0.01650523690663064 1
11 0.0177858990719937 1.1
12 0.01900381021083453 1.2
13 0.0201947967019181 1.3
14 0.02138586203195696 1.4
15 0.02258732508610307 1.5
16 0.02385582052836709 1.6
17 0.02508585849355893 1.7
18 0.02638175797577094 1.8
19 0.02761592764611114 1.9
20 0.02890244384435247 2
21 0.03013646921438585 2.1
22 0.03138823711599643 2.2
23 0.03266243372731547 2.3
24 0.03392224759680655 2.4
25 0.03519930090155059 2.5
26 0.03647636025551125 2.6
27 0.03775041493298684 2.7
28 0.03903364520093458 2.8
29 0.04032077945498327 2.9
30 0.04161333060721917 3
31 0.04291262620377209 3.1
32 0.04421908962879068 3.2
33 0.04553321333025199 3.3
34 0.04685634484554098 3.4
35 0.04818599748520033 3.5
36 0.04952196678694123 3.6
37 0.05086405742393602 3.7
38 0.05221141119782469 3.8
39 0.05356548287259436 3.9
40 0.05492321234001241 4
41 0.0562832099367324 4.100000000000001
42 0.05764428152348317 4.2
43 0.05900528091640824 4.3
44 0.06036484747086217 4.4
45 0.06172187375988053 4.5
46 0.0630752808444353 4.600000000000001
47 0.0644241980801232 4.7
48 0.06576775376831522 4.800000000000001
49 0.06710539311491208 4.9
50 0.06843669664323318 5
51 0.06976160484462889 5.100000000000001
52 0.07107973794887493 5.2
53 0.07239146871688845 5.300000000000001
54 0.07369766387262411 5.4
55 0.07499807697248995 5.5
56 0.0762810458309484 5.600000000000001
57 0.07757175916998535 5.7
58 0.07884595463155042 5.800000000000001
59 0.08011799991985671 5.9
60 0.08139613678695709 6
61 0.08266272605721897 6.100000000000001
62 0.08393637553954639 6.2
63 0.08520877110103874 6.300000000000001
64 0.08647953481951375 6.4
65 0.08774676365379125 6.5
66 0.08901437479019512 6.600000000000001
67 0.09028120630727207 6.7
68 0.09154718520606449 6.800000000000001
69 0.09279992145110273 6.9
70 0.09406427102675047 7
71 0.09532831747948151 7.100000000000001
72 0.09659375016963405 7.2
73 0.09785454319245582 7.300000000000001
74 0.09910036085336225 7.4
75 0.1003453660181861 7.5
76 0.1015924665919781 7.600000000000001
77 0.1028340032301118 7.7
78 0.1041005738629344 7.800000000000001
79 0.1053406112224112 7.9
80 0.1066078958709041 8
81 0.1078492712414221 8.1
82 0.1090860119737947 8.200000000000001
83 0.110339804945811 8.300000000000001
84 0.111573228586975 8.4
85 0.1127085877008683 8.5
86 0.1139330819330637 8.6
87 0.1151552656199073 8.700000000000001
88 0.1163690125258797 8.800000000000001
89 0.1175851723868593 8.9
90 0.1188258585455223 9
91 0.1200355248016758 9.1
92 0.1212368197675689 9.200000000000001
93 0.1224411703934271 9.300000000000001
94 0.1236695048669685 9.4
95 0.1248621939483062 9.5
96 0.1260820173812845 9.600000000000001
97 0.1272674707257016 9.700000000000001
98 0.1285097649413441 9.800000000000001
99 0.1296844960252043 9.9
100 0.1308859670915282 10
101 0.1320444812381964 10.1
102 0.1332303285292685 10.2
103 0.1343693302141122 10.3
104 0.135534121812675 10.4
105 0.1366512917375817 10.5
106 0.137789350076241 10.6
107 0.1388799191410542 10.7
108 0.1399776475122546 10.8
109 0.1410202668830594 10.9
110 0.1420500923811922 11
111 0.1430273476441031 11.1
112 0.143970707388691 11.2
113 0.1448667984158362 11.3
114 0.1457229725057503 11.4
115 0.1465290574034764 11.5
116 0.1473120833645205 11.6
117 0.1480496941894217 11.7
118 0.1487670161328047 11.8
119 0.1494446790964453 11.9
120 0.1501080711477822 12
121 0.1507378065850697 12.1
122 0.1513214728459317 12.2
123 0.1518964505683238 12.3
124 0.1524245685788824 12.4
125 0.1528984121589765 12.5
126 0.1533530653581538 12.6
127 0.1537270100345461 12.7
128 0.1540278352468417 12.8
129 0.1542113635249802 12.9
130 0.1542397007922559 13
131 0.1541675657054777 13.1
132 0.1540949629281751 13.2
133 0.1540224088069748 13.3
134 0.1539498770679015 13.4
135 0.1538773017944277 13.5
136 0.153804667801974 13.6
137 0.1537319131089119 13.7
138 0.1536589661484366 13.8
139 0.1535857877348021 13.9
140 0.1535123603760555 14
141 0.1534387612698932 14.1
142 0.1533650830670353 14.2
143 0.1532915038264184 14.3
144 0.1532181387247505 14.4
145 0.1531450899160044 14.5
146 0.1530724324934762 14.6
147 0.1530001693781903 14.7
148 0.1529280704525432 14.8
149 0.152861274175818 14.9
150 0.1527948986723729 15
151 0.1527284363171606 15.1
152 0.1526619703557898 15.2
153 0.1525956177253437 15.3
154 0.1525292831500158 15.4
155 0.1524632359695568 15.5
156 0.1523967922132492 15.6
157 0.1523305542966544 15.7
158 0.1522641848622522 15.8
159 0.1521979889317758 15.9
160 0.1521317095029268 16
161 0.152065494164541 16.1
162 0.1519993031472232 16.2
163 0.1519335331807782 16.3
164 0.1518675159277558 16.4
165 0.1518018616478468 16.5
166 0.1517362420982132 16.6
167 0.1516705007140524 16.7
168 0.1516048204960421 16.8
169 0.1515390430062113 16.9
170 0.1514733184892352 17
171 0.1514075539321238 17.1
172 0.1513421014369282 17.2
173 0.1512765401980871 17.3
174 0.1512112505420693 17.4
175 0.151145578011317 17.5
176 0.1510801008184449 17.6
177 0.1510146041182848 17.7
178 0.150949111402708 17.8
179 0.1508839993614327 17.9
180 0.1508189748527376 18
181 0.1507539849328334 18.1
182 0.1506890162117893 18.2
183 0.1506241128939012 18.3
184 0.1505589976118831 18.4
185 0.1504941594460444 18.5
186 0.1504290810694981 18.6
187 0.1503639604190674 18.7
188 0.1502992639770949 18.8
189 0.1502344324992173 18.9
190 0.150169620195889 19
191 0.1501048442339533 19.1
192 0.1500399988916004 19.2
193 0.1499753412086061 19.3
194 0.1499106118327449 19.4
195 0.1498459245689316 19.5
196 0.1497812636551783 19.6
197 0.1497164998225195 19.7
198 0.1496519004074616 19.8
199 0.1495873763489374 19.9
200 0.1495231057719829 20
201 0.1494590692240591 20.1
202 0.1493946540529147 20.2
203 0.1493304447077311 20.3
204 0.1492660490641796 20.4
205 0.1492020153084201 20.5
206 0.1491378620395669 20.6
207 0.1490738259553576 20.7
208 0.1490099827255219 20.8
209 0.1489459439517026 20.9
210 0.1488819000127836 21
211 0.1488179289363287 21.1
212 0.1487543500816184 21.2
213 0.1486903979913423 21.3
214 0.1486266535692698 21.4
215 0.1485631908789167 21.5
216 0.1484993663900812 21.6
217 0.1484360385965223 21.7
218 0.1483726457637664 21.8
219 0.1483093210112244 21.9
220 0.1482460708748179 22
221 0.1481828139986129 22.1
222 0.1481195333434092 22.2
223 0.1480563349758176 22.3
224 0.1479928019940731 22.4
225 0.1479243530848327 22.5
226 0.1478612276247979 22.6
227 0.1477978929961697 22.7
228 0.1477344730241146 22.8
229 0.1476712488231036 22.9
230 0.1476081783645012 23
231 0.1475452788203285 23.1
232 0.1474825107315222 23.2
233 0.1474197127417117 23.3
234 0.147356667377832 23.4
235 0.1472936813192591 23.5
236 0.1472256815504647 23.6
237 0.1471627849296903 23.7
238 0.1470999194697127 23.8
239 0.1470374049966378 23.9
240 0.1469750194029915 24
241 0.1469125634130541 24.1
242 0.1468448377502923 24.2
243 0.1467825442363666 24.3
244 0.1467201295130638 24.4
245 0.1466576538226141 24.5
246 0.1465901260887258 24.6
247 0.1465276798713805 24.7
248 0.1464652028035445 24.8
249 0.1463978252061606 24.9
250 0.1463354714135044 25
251 0.1462731141132506 25.1
252 0.1462109498225083 25.2
253 0.1461487471224734 25.3
254 0.1460865527790411 25.4
255 0.146019478102091 25.5
256 0.1459576785802809 25.6
257 0.1458956018806494 25.7
258 0.145833591698039 25.8
259 0.1457715386612317 25.9
260 0.1457097765908609 26
261 0.1456480613206722 26.1
262 0.1455862813043213 26.2
263 0.1455245971078043 26.3
264 0.1454629795979528 26.4
265 0.1454015978347062 26.5
266 0.1453350471940918 26.6
267 0.1452734209320556 26.7
268 0.1452118665849295 26.8
269 0.1451454355353169 26.9
270 0.145084099808775 27
271 0.1450228103253622 27.1
272 0.1449565865231139 27.2
273 0.1448952791077142 27.3
274 0.1448339846190498 27.4
275 0.1447726800423128 27.5
276 0.144711380964114 27.6
277 0.1446501167389735 27.7
278 0.1445888514640527 27.8
279 0.1445277401145388 27.9
280 0.1444618763701812 28
281 0.144401206067919 28.1
282 0.1443405947398324 28.2
283 0.1442796293481698 28.3
284 0.14421868724426 28.4
285 0.144158186384436 28.5
286 0.1440973226491727 28.6
287 0.1440368416485591 28.7
288 0.1439762123732456 28.8
289 0.1439155873874214 28.9
290 0.1438549132934992 29
291 0.1437944067656888 29.1
292 0.1437339493361085 29.2
293 0.1436733623206329 29.3
294 0.1436129524642743 29.4
295 0.1435524077172094 29.5
296 0.1434872145242081 29.6
297 0.143426799513738 29.7
298 0.1433664673525951 29.8
299 0.1433062280467819 29.9
300 0.1432462078334828 30
301 0.1431860680551791 30.1
302 0.1431261879204319 30.2
303 0.1430660727125881 30.3
304 0.1430058985886968 30.4
305 0.1429457348866071 30.5
306 0.1428858004560624 30.6
307 0.1428256927481508 30.7
308 0.1427657948066835 30.8
309 0.1427062187546011 30.9
310 0.1426463126277417 31
311 0.1425863817290113 31.1
312 0.142526930740022 31.2
313 0.1424672569686158 31.3
314 0.1424074947302174 31.4
315 0.1423477050027508 31.5
316 0.1422879867853193 31.6
317 0.1422283526575698 31.7
318 0.1421690274541769 31.8
319 0.1421098026768053 31.9
320 0.1420502356073358 32
321 0.1419911499048979 32.1
322 0.1419320167416486 32.2
323 0.1418725779964257 32.3
324 0.1418131771529147 32.4
325 0.1417538591423629 32.5
326 0.1416946923374235 32.6
327 0.1416353777884943 32.7
328 0.1415764428796692 32.8
329 0.1415176929347922 32.9
330 0.1414588020791015 33
331 0.1413997954857766 33.1
332 0.141340714390513 33.2
333 0.1412816186073562 33.3
334 0.1412226767068452 33.4
335 0.1411640318829074 33.5
336 0.141105237963731 33.6
337 0.1410467258313358 33.7
338 0.1409879865954473 33.8
339 0.1409292340090095 33.9
340 0.1408705978626729 34
341 0.1408119187554241 34.1
342 0.1407533276720501 34.2
343 0.1406946797552475 34.3
344 0.140636243685822 34.4
345 0.1405777236235611 34.5
346 0.1405193607450985 34.6
347 0.1404609910805959 34.7
348 0.1404026323838503 34.8
349 0.1403442718155378 34.9
350 0.1402859381338482 35
351 0.1402277102055785 35.1
352 0.1401694321213185 35.2
353 0.1401112753364114 35.3
354 0.1400532755870692 35.4
355 0.1399951946990861 35.5
356 0.139937184765778 35.6
357 0.139879127409222 35.7
358 0.1398211491805921 35.8
359 0.1397633407002814 35.9
360 0.1397054566158427 36
361 0.1396477480552949 36.1
362 0.139589976002937 36.2
363 0.1395322925757526 36.3
364 0.1394746226907947 36.4
365 0.1394168602605732 36.5
366 0.1393592898367175 36.6
367 0.1393016126721644 36.7
368 0.1392440340465509 36.8
369 0.1391864952252012 36.9
370 0.1391290256163528 37
371 0.139071670827304 37.1
372 0.1390145814374226 37.2
373 0.1389575676635781 37.3
374 0.1389002298204966 37.4
375 0.138843279555797 37.5
376 0.1387861381827908 37.6
377 0.1387290232707204 37.7
378 0.1386717680404777 37.8
379 0.1386145557751196 37.9
380 0.13855737456534 38
381 0.1385002468540554 38.1
382 0.1384431909732294 38.2
383 0.1383862371184269 38.3
384 0.1383291693212494 38.40000000000001
385 0.1382722534529258 38.5
386 0.1382155202959211 38.6
387 0.1381590147768607 38.7
388 0.1381022982832856 38.8
389 0.1380455750203903 38.90000000000001
390 0.1379891321960429 39
391 0.1379327244874108 39.1
392 0.1378764115366702 39.2
393 0.1378201566975824 39.3
394 0.1377637407776042 39.40000000000001
395 0.1377073477853223 39.5
396 0.137651225736635 39.6
397 0.1375948705208698 39.7
398 0.13753862787534 39.8
399 0.137482228957508 39.90000000000001
400 0.137425897173268 40
401 0.1373697468747465 40.1
402 0.1373134701675873 40.2
403 0.1372572364852845 40.3
404 0.1372011996779043 40.40000000000001
405 0.13714509029908 40.5
406 0.1370890659712223 40.6
407 0.137033128925868 40.7
408 0.1369771720676578 40.8
409 0.136921228259464 40.90000000000001
410 0.1368656712157663 41
411 0.1368098936434451 41.1
412 0.136754148473806 41.2
413 0.1366983414458899 41.3
414 0.1366425962028838 41.40000000000001
415 0.1365868301798035 41.5
416 0.1365310994518246 41.6
417 0.1364755556010893 41.7
418 0.1364200792270743 41.8
419 0.1363645862141536 41.90000000000001
420 0.1363092748515918 42
421 0.1362540159719741 42.1
422 0.1361985193927835 42.2
423 0.1361431923465481 42.3
424 0.1360877513959651 42.40000000000001
425 0.1360323265571819 42.5
426 0.1359770634083917 42.6
427 0.1359218725316125 42.7
428 0.1358666027834756 42.8
429 0.1358114900328413 42.90000000000001
430 0.1357563357549632 43
431 0.1357011698242483 43.1
432 0.1356461665076824 43.2
433 0.1355911015834479 43.3
434 0.1355361501811323 43.40000000000001
435 0.1354812594642071 43.5
436 0.1354263094767886 43.6
437 0.1353714796674687 43.7
438 0.1353166227770264 43.8
439 0.1352618182921511 43.90000000000001
440 0.1352072448193552 44
441 0.1351525316593006 44.1
442 0.1350978133886268 44.2
443 0.1350430839893214 44.3
444 0.1349884792908227 44.40000000000001
445 0.1349338442168297 44.5
446 0.1348793401373462 44.6
447 0.1348248853218808 44.7
448 0.1347703375192188 44.8
449 0.1347157932615778 44.90000000000001
450 0.134661385306613 45
451 0.1346069608159783 45.1
452 0.1345526482056017 45.2
453 0.1344983522345064 45.3
454 0.1344441657483188 45.40000000000001
455 0.1343899690489656 45.5
456 0.1343357335344826 45.6
457 0.1342816031570115 45.7
458 0.1342275727843169 45.8
459 0.1341735061013645 45.90000000000001
460 0.1341195584802855 46
461 0.134065596306364 46.1
462 0.1340116450305645 46.2
463 0.1339576655586729 46.3
464 0.1339037481325971 46.40000000000001
465 0.1338499781765049 46.5
466 0.1337961451687174 46.6
467 0.1337423594391801 46.7
468 0.1336887172921091 46.8
469 0.1336349976834909 46.90000000000001
470 0.1335813886219177 47
471 0.1335278015218941 47.1
472 0.1334742537787123 47.2
473 0.1334209702475168 47.3
474 0.1333675374220518 47.40000000000001
475 0.1333140362098474 47.5
476 0.1332606540306693 47.6
477 0.1332071536475731 47.7
478 0.1331538214600577 47.8
479 0.1331004249389802 47.90000000000001
480 0.1330470709256034 48
481 0.1329937357763958 48.1
482 0.1329404215129104 48.2
483 0.1328872631414663 48.3
484 0.1328341356689468 48.40000000000001
485 0.1327810104758863 48.5
486 0.1327279691145775 48.6
487 0.1326748874092642 48.7
488 0.1326218733017135 48.8
489 0.1325688525500006 48.90000000000001
490 0.1325159224329555 49
491 0.1324629042068202 49.1
492 0.1324100080517675 49.2
493 0.1323571854934346 49.3
494 0.1323042608074147 49.40000000000001
495 0.1322514454811899 49.5
496 0.1321986732015499 49.6
497 0.1321460143651934 49.7
498 0.1320932860268793 49.8
499 0.1320406448251407 49.90000000000001
500 0.1319879037270845 50
501 0.1319822223885555 50.01
502 0.1319764831292111 50.02
503 0.1319706770339769 50.03
504 0.1319648056282615 50.04
505 0.131958857088999 50.05
506 0.1319528272383734 50.06
507 0.1319466991471823 50.07
508 0.1319404645924793 50.08
509 0.1319341632031681 50.09
510 0.1319278349790685 50.1
511 0.1319214968324327 50.11
512 0.1319151472084605 50.12
513 0.131908770605282 50.13
514 0.1319023410626897 50.14
515 0.1318958195712526 50.15
516 0.1318891728603485 50.16
517 0.1318823628431219 50.17
518 0.1318753544720842 50.18
519 0.1318681100355943 50.19
520 0.1318606051663837 50.2
521 0.1318528239916858 50.21
522 0.1318447575394289 50.22
523 0.1318363915806089 50.23
524 0.131827707980587 50.24
525 0.1318186832091043 50.25
526 0.1318092989054422 50.26
527 0.1317995264370256 50.27
528 0.1317893402335005 50.28
529 0.1317787172359966 50.29
530 0.1317676297051905 50.3
531 0.1317560554180384 50.31
532 0.1317439681741324 50.32
533 0.1317313429650741 50.33
534 0.1317181627308804 50.34
535 0.1317051406994215 50.35
536 0.1316970430114014 50.36
537 0.1316938402866016 50.37
538 0.131690557931931 50.38
539 0.1317012195227701 50.39
540 0.1317116596033731 50.4
541 0.1317516809376176 50.41
542 0.1318088138150999 50.42
543 0.1318851818736836 50.43
544 0.1319573283639487 50.44
545 0.1320320235007653 50.45
546 0.1320948555803513 50.46
547 0.1321555998997483 50.47
548 0.132202828669659 50.48
549 0.1322502632391389 50.49
550 0.1323157184204709 50.5
551 0.1323506730526146 50.51
552 0.132423670963094 50.52
553 0.1325166593120751 50.53
554 0.1326259687945987 50.54
555 0.1327509870942256 50.55
556 0.132867886768877 50.56
557 0.1329356695375969 50.57
558 0.1329262587915582 50.58
559 0.132850214218092 50.59
560 0.1327106413343604 50.6
561 0.1324671694968696 50.61
562 0.1321453866951461 50.62
563 0.13174267362757 50.63
564 0.131269925836543 50.64
565 0.130761025112971 50.65
566 0.1302986985424272 50.66
567 0.129946483743737 50.67
568 0.1297746008985675 50.68
569 0.1298279031837255 50.69
570 0.1300984035445637 50.7
571 0.1305479021523278 50.71
572 0.1311472632776776 50.72
573 0.1318633755144014 50.73
574 0.1326700684950056 50.74
575 0.1335781811368975 50.75
576 0.1345694781544471 50.76
577 0.1356508830787051 50.77
578 0.1368071066069399 50.78
579 0.1380075923616157 50.79
580 0.1392306838007811 50.8
581 0.1404202533693986 50.81
582 0.1414932786157019 50.82
583 0.1423405032052445 50.83
584 0.1428654397246132 50.84
585 0.1431200281312998 50.85
586 0.1432277171021426 50.86
587 0.1432446511913929 50.87
588 0.1432195881447222 50.88
589 0.1431778447758637 50.89
590 0.1431316368226666 50.9
591 0.1430751080061109 50.91
592 0.1430192761883607 50.92
593 0.1429608298401033 50.93
594 0.1429031783280713 50.94
595 0.1428458003651695 50.95
596 0.142788382575045 50.96
597 0.1427296857271481 50.97
598 0.1426714877499563 50.98
599 0.1426125615824008 50.99
600 0.1425577091979102 51
601 0.1425024535952454 51.01
602 0.1424464223904837 51.02
603 0.1423754185424146 51.03
604 0.1423011251442368 51.04
605 0.142223690384455 51.05
606 0.1421442015006756 51.06
607 0.1420657118579043 51.07
608 0.1419871936679753 51.08
609 0.1419075454199337 51.09
610 0.141829773296421 51.1
611 0.1417339993293015 51.11
612 0.1416159740968229 51.12
613 0.1414621982173135 51.13
614 0.1412542759936045 51.14
615 0.1409704651377622 51.15
616 0.1406088133083736 51.16
617 0.1401524334171441 51.17
618 0.1396024604105224 51.18
619 0.1389743479215994 51.19
620 0.1382382165515747 51.2
621 0.1374227894307659 51.21
622 0.1365444352233045 51.22
623 0.1356141589021689 51.23
624 0.1346826973482045 51.24
625 0.1338592274652228 51.25
626 0.1331755335458609 51.26
627 0.1326482261115195 51.27
628 0.1322620787148812 51.28
629 0.1320167007202485 51.29
630 0.1319108311653259 51.3
631 0.1319521377377969 51.31
632 0.1321433357877098 51.32
633 0.1324757071060964 51.33
634 0.1329463318908238 51.34
635 0.1335489684636674 51.35
636 0.1342763685488531 51.36
637 0.1351149666974181 51.37
638 0.1360516561502521 51.38
639 0.1370599502319495 51.39
640 0.1381115793352541 51.4
641 0.1391941088750344 51.41
642 0.140278039072053 51.42
643 0.1413342580989785 51.43
644 0.1423405175248401 51.44
645 0.1432522262476798 51.45
646 0.1440677089135779 51.46
647 0.1447570046459357 51.47
648 0.1453070875339785 51.48
649 0.1457237774744845 51.49
650 0.1460193939242594 51.5
651 0.1461952622090771 51.51
652 0.1462542277591714 51.52
653 0.1462343289561084 51.53
654 0.146178801723008 51.54
655 0.1460460063752138 51.55
656 0.1458665277931789 51.56
657 0.1456282273227448 51.57
658 0.1453292286552706 51.58
659 0.1449553376937453 51.59
660 0.1444862066144853 51.6
661 0.1438991804214587 51.61
662 0.1431758111033042 51.62
663 0.1423044587607153 51.63
664 0.1412494617473518 51.64
665 0.1400095427293039 51.65
666 0.1386170856797598 51.66
667 0.1371001455677237 51.67
668 0.1354593980633093 51.68
669 0.1337415852139358 51.69
670 0.1319598460139292 51.7
671 0.1301533311578876 51.71
672 0.1283626787720595 51.72
673 0.1266132673552024 51.73
674 0.1248896850076578 51.74
675 0.1232125263871182 51.75
676 0.1215883645531993 51.76
677 0.1200389280128484 51.77
678 0.1185713895701018 51.78
679 0.1171831090359887 51.79
680 0.1158225144921581 51.8
681 0.1144892287675389 51.81
682 0.1131581002672213 51.82
683 0.1118874944308393 51.83
684 0.1106898245978059 51.84
685 0.1095782093023683 51.85
686 0.1085501983963406 51.86
687 0.1076158470397224 51.87
688 0.1067692598389017 51.88
689 0.1060063355123052 51.89
690 0.1053216469220429 51.9
691 0.1046990125688024 51.91
692 0.1041341070445755 51.92
693 0.1036234423855653 51.93
694 0.1031631251887035 51.94
695 0.1027401272615943 51.95
696 0.1023317219314082 51.96
697 0.101944906449771 51.97
698 0.1015684955445751 51.98
699 0.1011913570629986 51.99
700 0.1008060014096726 52
701 0.1004377734159331 52.01
702 0.1000743877617104 52.02
703 0.09973371664090824 52.03
704 0.09943717375121272 52.04
705 0.09916005135811594 52.05
706 0.09892987918336599 52.06
707 0.09871869186973467 52.07
708 0.09853404461775002 52.08
709 0.09837700898192189 52.09
710 0.09824503072864617 52.1
711 0.09813787657038733 52.11
712 0.09805356923549058 52.12
713 0.09798594337015142 52.13
714 0.09793222340466393 52.14
715 0.09788959101135519 52.15
716 0.09785507865015615 52.16
717 0.09781880471249851 52.17
718 0.09778521861635676 52.18
719 0.0977511620563951 52.19
720 0.09771319245391921 52.2
721 0.09766814074709695 52.21
722 0.09761483435834013 52.22
723 0.09754768143538092 52.23
724 0.0974643729913755 52.24
725 0.09736114364611971 52.25
726 0.09723650276514703 52.26
727 0.09708805873256379 52.27
728 0.09691382570454349 52.28
729 0.09671101535820405 52.29
730 0.09647617089807355 52.3
731 0.09620964671304429 52.31
732 0.09590721680054057 52.32
733 0.09556953407150369 52.33
734 0.09519729248001216 52.34
735 0.09478679804678231 52.35
736 0.09431574287195293 52.36
737 0.09380480225724297 52.37
738 0.09322712491782852 52.38
739 0.09259477943732361 52.39
740 0.091885107169489 52.4
741 0.09113021555501638 52.41
742 0.09029971253766095 52.42
743 0.08942684415517609 52.43
744 0.08848480924034371 52.44
745 0.08750553708556619 52.45
746 0.08649094640885804 52.46
747 0.08545647868786334 52.47
748 0.08439167906981843 52.48
749 0.08330558700080649 52.49
750 0.08220112585385211 52.5
751 0.08108141187311713 52.51
752 0.07994956337635338 52.52
753 0.07882713384707435 52.53
754 0.07770153953818286 52.54
755 0.07657387777910332 52.55
756 0.0754460287671906 52.56
757 0.07432222417803799 52.57
758 0.07320515456767228 52.58
759 0.07209798038698771 52.59
760 0.07100396426829624 52.6
761 0.06992566581474104 52.61
762 0.06886715106911381 52.62
763 0.06783148071989166 52.63
764 0.06682122113431607 52.64
765 0.06583866509929096 52.65
766 0.0648863569289914 52.66
767 0.06396521532103025 52.67
768 0.06307611826735968 52.68
769 0.0622203051975305 52.69
770 0.06139828686042265 52.7
771 0.06061055835210667 52.71
772 0.05985706437670821 52.72
773 0.05913790643170673 52.73
774 0.05845300483434187 52.74
775 0.0578020970336759 52.75
776 0.05718845069918264 52.76
777 0.05660809195406941 52.77
778 0.05605653922157158 52.78
779 0.05553696074435081 52.79
780 0.05504866072518841 52.8
781 0.05459111859353753 52.81
782 0.05416369846299628 52.82
783 0.05376590328041482 52.83
784 0.05340434455094008 52.84
785 0.05306308650027131 52.85
786 0.05275671098272751 52.86
787 0.05247648961121363 52.87
788 0.05222173099426781 52.88
789 0.05199165890719264 52.89
790 0.05178541781168695 52.9
791 0.05160216529426385 52.91
792 0.05144109362059353 52.92
793 0.05129453086777272 52.93
794 0.05116890478564981 52.94
795 0.05106324434544608 52.95
796 0.05098060946282697 52.96
797 0.05091220340496792 52.97
798 0.05086142798384673 52.98
799 0.05082746400722438 52.99
800 0.05080949616607559 53
801 0.05080638471539607 53.01
802 0.05081765947560567 53.02
803 0.05084276789283775 53.03
804 0.05088081642114035 53.04
805 0.05093096941749514 53.05
806 0.05099241064377411 53.06
807 0.05106618958257025 53.07
808 0.05114936850381107 53.08
809 0.05124107288909845 53.09
810 0.05134036499125865 53.1
811 0.05144641081581291 53.11
812 0.05155807032057968 53.12
813 0.05167423499996557 53.13
814 0.05178793693178367 53.14
815 0.05190401022029263 53.15
816 0.05202103207493937 53.16
817 0.05213728528335815 53.17
818 0.05225176553637272 53.18
819 0.05236307189499552 53.19
820 0.05246998684185115 53.2
821 0.05257101755495814 53.21
822 0.05266463602938747 53.22
823 0.05274993098500003 53.23
824 0.05282561711297672 53.24
825 0.052890896927186 53.25
826 0.05294353433499267 53.26
827 0.05298244594654062 53.27
828 0.05300294464568738 53.28
829 0.05300764177150031 53.29
830 0.05297850981019612 53.3
831 0.05293369299218993 53.31
832 0.05284895849204799 53.32
833 0.05269349779680852 53.33
834 0.05247826297357885 53.34
835 0.05219772169804909 53.35
836 0.05190123809443704 53.36
837 0.05156772317541479 53.37
838 0.05121671563769379 53.38
839 0.05084560392360186 53.39
840 0.05045249683399636 53.4
841 0.05004401521448712 53.41
842 0.04961518997909382 53.42
843 0.04917118030810165 53.43
844 0.04871178704717873 53.44
845 0.04823870932159445 53.45
846 0.04775402609370853 53.46
847 0.04725959686918962 53.47
848 0.0467569033446233 53.48
849 0.04624798856430858 53.49
850 0.0457345984227304 53.5
851 0.04521900479127782 53.51
852 0.04470310548120664 53.52
853 0.04418869643607562 53.53
854 0.04367806183130165 53.54
855 0.04317292370308744 53.55
856 0.04267527302365761 53.56
857 0.04218629855069492 53.57
858 0.04170784240177357 53.58
859 0.04124099146124256 53.59
860 0.04078721422217858 53.6
861 0.04034702741118722 53.61
862 0.03992105119619053 53.62
863 0.03950978245633655 53.63
864 0.03911365766960177 53.64
865 0.03873320347116728 53.65
866 0.03836859568670812 53.66
867 0.03802002825479409 53.67
868 0.03768784240554746 53.68
869 0.0373726487432701 53.69
870 0.03707400774976485 53.7
871 0.03679265846374264 53.71
872 0.03652794209740821 53.72
873 0.03627993797458039 53.73
874 0.03604853459838204 53.74
875 0.0358335821944421 53.75
876 0.03563483906857606 53.76
877 0.03545210379290598 53.77
878 0.03528514610416936 53.78
879 0.03513366094696772 53.79
880 0.03499734984523377 53.8
881 0.03487596818487656 53.81
882 0.0347691036658618 53.82
883 0.03467635727811081 53.83
884 0.03459736752816785 53.84
885 0.03453179317483254 53.85
886 0.03447927872569784 53.86
887 0.03443936927023925 53.87
888 0.03441167318265282 53.88
889 0.03439578776781681 53.89
890 0.03439131705628436 53.9
891 0.03439783711938142 53.91
892 0.03441498278261994 53.92
893 0.03444232465498212 53.93
894 0.03447944423396344 53.94
895 0.03452592644233754 53.95
896 0.03458136032703666 53.96
897 0.03464536632295213 53.97
898 0.03471741934944487 53.98
899 0.03479704852772701 53.99
900 0.03488376270466648 54
901 0.03497704768622045 54.01
902 0.03507640143274674 54.02
903 0.03517664132408026 54.03
904 0.03528190698882822 54.04
905 0.03539166685895589 54.05
906 0.03550526181751591 54.06
907 0.03562182668653938 54.07
908 0.03574079843500597 54.08
909 0.03586106572065804 54.09
910 0.03598184966086565 54.1
911 0.03610273452224166 54.11
912 0.03622288832559393 54.12
913 0.03634142709830221 54.13
914 0.03645744789842482 54.14
915 0.03657032316537741 54.15
916 0.03667908162867484 54.16
917 0.03678298575286967 54.17
918 0.03688143694921824 54.18
919 0.03697330147599419 54.19
920 0.03705808208894794 54.2
921 0.03713475484963528 54.21
922 0.03720197729002907 54.22
923 0.0372591319742678 54.23
924 0.03730144678809631 54.24
925 0.03730889876136907 54.25
926 0.03727965081908101 54.26
927 0.03721238155441037 54.27
928 0.03711930908612684 54.28
929 0.03701003056908941 54.29
930 0.03688708695557168 54.3
931 0.03674791002591035 54.31
932 0.03659279369386683 54.32
933 0.0364239763506144 54.33
934 0.03624556851041951 54.34
935 0.03605533806172609 54.35
936 0.03585049887200899 54.36
937 0.03563409079039116 54.37
938 0.03540710370849304 54.38
939 0.03517041050368852 54.39
940 0.0349237259856916 54.4
941 0.03467092213227174 54.41
942 0.03441020867829315 54.42
943 0.03414962860822351 54.43
944 0.03388872071933276 54.44
945 0.03361960951022184 54.45
946 0.03334807054560904 54.46
947 0.03307512116980615 54.47
948 0.03280196465824365 54.48
949 0.03252950100148769 54.49
950 0.03225897472860235 54.5
951 0.03199144498754186 54.51
952 0.03172789786912663 54.52
953 0.03146924670951091 54.53
954 0.03121619282652976 54.54
955 0.03096933759027455 54.55
956 0.03072920159898801 54.56
957 0.03049635160730978 54.57
958 0.03027128185757171 54.58
959 0.03005430367107115 54.59
960 0.02984617846494377 54.6
961 0.02964995743757648 54.61
962 0.02946243599614053 54.62
963 0.02928410345811591 54.63
964 0.02911504418650109 54.64
965 0.02895552842007885 54.65
966 0.0288056691596252 54.66
967 0.02866564019250853 54.67
968 0.02853558858818652 54.68
969 0.02841546093457896 54.69
970 0.02830532788823882 54.7
971 0.02820505271002501 54.71
972 0.02811493902772731 54.72
973 0.02803455974302708 54.73
974 0.02796357963348195 54.74
975 0.0279018747515316 54.75
976 0.02784927813753682 54.76
977 0.02780566943347018 54.77
978 0.02777086561320938 54.78
979 0.027744693454717 54.79
980 0.0277269459942265 54.8
981 0.02771762467953044 54.81
982 0.02771634002797967 54.82
983 0.02772295480709066 54.83
984 0.02773712427921145 54.84
985 0.02775865697897179 54.85
986 0.02778732968014757 54.86
987 0.02782288175008776 54.87
988 0.02786508910031649 54.88
989 0.02791364401260671 54.89
990 0.02796836336923039 54.9
991 0.02802901573874554 54.91
992 0.02809523802345677 54.92
993 0.02816686252836409 54.93
994 0.02824344025560141 54.94
995 0.02832466134979154 54.95
996 0.02841017268348208 54.96
997 0.0284992660552891 54.97
998 0.02859184313266777 54.98
999 0.0286876464578756 54.99
1000 0.02878580552895115 55
1001 0.02888599022499368 55.01
1002 0.02898793909983925 55.02
1003 0.02909112655742593 55.03
1004 0.02919499302121558 55.04
1005 0.02929895951224852 55.05
1006 0.02940250035087443 55.06
1007 0.02950510658432524 55.07
1008 0.02960607553592094 55.08
1009 0.02970484595594737 55.09
1010 0.0298007831181973 55.1
1011 0.02989353914733267 55.11
1012 0.02998249837458221 55.12
1013 0.03006733181445123 55.13
1014 0.03014740301954575 55.14
1015 0.0302222085807747 55.15
1016 0.03029123472786066 55.16
1017 0.03035402032943495 55.17
1018 0.03041006016812392 55.18
1019 0.03045834965898813 55.19
1020 0.0304982832129724 55.2
1021 0.03053011907555726 55.21
1022 0.03055356402236288 55.22
1023 0.03056816743950583 55.23
1024 0.03057456466527424 55.24
1025 0.0305718375990246 55.25
1026 0.03055957841953532 55.26
1027 0.03053750849756447 55.27
1028 0.03050546471275518 55.28
1029 0.03046353277620844 55.29
1030 0.0304116679448228 55.3
1031 0.03034985048610608 55.31
1032 0.03027818899957406 55.32
1033 0.03019694019947965 55.33
1034 0.03010616025681697 55.34
1035 0.03000587210068503 55.35
1036 0.02989643071925691 55.36
1037 0.02977820408094952 55.37
1038 0.02965171734711723 55.38
1039 0.02951734687241818 55.39
1040 0.02937538934106687 55.4
1041 0.02922647731864431 55.41
1042 0.02907114010380419 55.42
1043 0.02891000488638023 55.43
1044 0.02874370832061415 55.44
1045 0.02857296896177778 55.45
1046 0.02839836588389946 55.46
1047 0.02821747314935493 55.47
1048 0.02803777211773738 55.48
1049 0.02785281584207829 55.49
1050 0.02767068057403578 55.5
1051 0.02748483080915469 55.51
1052 0.02729973738802092 55.52
1053 0.02711952432908569 55.53
1054 0.02693788526217829 55.54
1055 0.02676251770618342 55.55
1056 0.02658703609783964 55.56
1057 0.02641874032689743 55.57
1058 0.02625176421821594 55.58
1059 0.02609271569675134 55.59
1060 0.02593860064535539 55.6
1061 0.02579042428841719 55.61
1062 0.02564814291586108 55.62
1063 0.02551204341429509 55.63
1064 0.0253825364575219 55.64
1065 0.02525963981299587 55.65
1066 0.02514344527337688 55.66
1067 0.0250342256506592 55.67
1068 0.02493209266130654 55.68
1069 0.024837023578499 55.69
1070 0.02474916005295308 55.7
1071 0.02466852591366789 55.71
1072 0.02459553731017464 55.72
1073 0.02452966232424232 55.73
1074 0.02447103226829531 55.74
1075 0.02441952794039866 55.75
1076 0.0243751874596567 55.76
1077 0.02433785358593204 55.77
1078 0.02430750688206219 55.78
1079 0.02428406099269953 55.79
1080 0.02426717915488411 55.8
1081 0.02425709316162356 55.81
1082 0.02425371185581816 55.82
1083 0.02425673454361148 55.83
1084 0.02426602211981266 55.84
1085 0.02428143147729348 55.85
1086 0.02430281624900386 55.86
1087 0.02432998331336639 55.87
1088 0.02436293687283908 55.88
1089 0.02440138445248675 55.89
1090 0.0244451378462231 55.9
1091 0.02449397849796332 55.91
1092 0.02454776735212012 55.92
1093 0.02460629268054312 55.93
1094 0.02466935795149787 55.94
1095 0.02473644225001993 55.95
1096 0.02480789010592671 55.96
1097 0.02488288877780181 55.97
1098 0.02496133773817159 55.98
1099 0.02504310778973425 55.99
1100 0.02512758935120158 56
1101 0.02521473534808831 56.01
1102 0.02530423062625697 56.02
1103 0.02539569462419408 56.03
1104 0.02548852832327721 56.04
1105 0.02558248268513334 56.05
1106 0.02567717279662299 56.06
1107 0.02577216029591479 56.07
1108 0.02586700559251643 56.08
1109 0.02596122433024243 56.09
1110 0.02605433908534702 56.1
1111 0.02614584985082269 56.11
1112 0.02623537855057805 56.12
1113 0.02632233963283484 56.13
1114 0.02640648435099353 56.14
1115 0.02648738579909789 56.15
1116 0.02656461724941899 56.16
1117 0.02663785385258114 56.17
1118 0.02670666403663667 56.18
1119 0.02677064377865149 56.19
1120 0.02682952348844044 56.2
1121 0.02688289119011074 56.21
1122 0.02693028090348664 56.22
1123 0.02697136591115618 56.23
1124 0.02700553882151446 56.24
1125 0.02703239688933549 56.25
1126 0.02705231221390918 56.26
1127 0.02706494521536737 56.27
1128 0.02706995563654086 56.28
1129 0.02706787620450936 56.29
1130 0.02705861775745905 56.3
1131 0.02704150200762072 56.31
1132 0.02701642237403674 56.32
1133 0.02698345701572821 56.33
1134 0.02694272101089595 56.34
1135 0.02689403780136769 56.35
1136 0.02683773509827854 56.36
1137 0.02677382229989889 56.37
1138 0.0267025262579498 56.38
1139 0.02662418556785635 56.39
1140 0.02653865373319397 56.4
1141 0.02644680446179815 56.41
1142 0.02634855572847809 56.42
1143 0.02624450251088597 56.43
1144 0.02613491609657064 56.44
1145 0.02602019679672191 56.45
1146 0.02590080786550483 56.46
1147 0.0257771956418095 56.47
1148 0.02565025977930799 56.48
1149 0.02552024428692392 56.49
1150 0.02538756097624097 56.5
1151 0.0252527914463823 56.51
1152 0.02511647838903969 56.52
1153 0.02497920723063066 56.53
1154 0.02484152897255566 56.54
1155 0.02470401407582653 56.55
1156 0.02456706042499581 56.56
1157 0.02443136966355029 56.57
1158 0.02429745159449721 56.58
1159 0.02416581695095445 56.59
1160 0.02403686402518912 56.6
1161 0.02391115662645486 56.61
1162 0.02378895104203594 56.62
1163 0.0236705767675273 56.63
1164 0.02355635140951697 56.64
1165 0.02344652493551648 56.65
1166 0.02334133366780703 56.66
1167 0.02324097226978153 56.67
1168 0.02314554256027803 56.68
1169 0.02305532456456731 56.69
1170 0.02297037756043167 56.7
1171 0.02289093917476141 56.71
1172 0.02281703157347449 56.72
1173 0.02274875125542603 56.73
1174 0.02268610511692371 56.74
1175 0.02262939351358023 56.75
1176 0.02257834008837837 56.76
1177 0.02253298052318527 56.77
1178 0.02249329355147883 56.78
1179 0.02245922441808813 56.79
1180 0.02243083431559472 56.8
1181 0.02240795844000536 56.81
1182 0.02239055347798484 56.82
1183 0.02237857233808289 56.83
1184 0.02237193916317782 56.84
1185 0.02237068442120048 56.85
1186 0.02237458992132823 56.86
1187 0.02238362257034432 56.87
1188 0.02239762890401422 56.88
1189 0.02241648462322661 56.89
1190 0.02244005935004041 56.9
1191 0.02246825878858007 56.91
1192 0.02250095889868928 56.92
1193 0.02253801002969473 56.93
1194 0.02257928558800685 56.94
1195 0.02262458076273358 56.95
1196 0.02267378800573628 56.96
1197 0.02272673612488611 56.97
1198 0.02278325462357288 56.98
1199 0.0228431259461723 56.99
1200 0.02290618121402075 57
1201 0.02297201525680015 57.01
1202 0.02304056772831778 57.02
1203 0.0231115831960813 57.03
1204 0.02318484132895648 57.04
1205 0.0232600820982884 57.05
1206 0.02333698673033753 57.06
1207 0.02341523506323942 57.07
1208 0.02349452943070257 57.08
1209 0.02357452541530719 57.09
1210 0.02365488032684415 57.1
1211 0.02373523944098235 57.11
1212 0.02381520527443213 57.12
1213 0.02389442388467563 57.13
1214 0.02397258912288639 57.14
1215 0.02404931140631197 57.15
1216 0.02412422229333514 57.16
1217 0.02419702241577581 57.17
1218 0.02426728001470712 57.18
1219 0.02433472555164028 57.19
1220 0.02439906915698246 57.2
1221 0.02446006604129249 57.21
1222 0.0245173911540392 57.22
1223 0.02457077225318723 57.23
1224 0.02461992156207278 57.24
1225 0.02466452287114732 57.25
1226 0.02470421580192813 57.26
1227 0.02473868868727397 57.27
1228 0.02476802946161152 57.28
1229 0.02479190812365098 57.29
1230 0.02481014993854953 57.3
1231 0.02482245099832926 57.31
1232 0.02482883153602563 57.32
1233 0.02482906546119257 57.33
1234 0.02482317365238809 57.34
1235 0.02481107255819321 57.35
1236 0.02479271586866818 57.36
1237 0.02476814385821212 57.37
1238 0.02473742904418947 57.38
1239 0.02470065075605443 57.39
1240 0.02465786688301054 57.4
1241 0.02460912147189581 57.41
1242 0.02455455527172381 57.42
1243 0.02449433162867077 57.43
1244 0.02442875944561297 57.44
1245 0.02435808608103316 57.45
1246 0.02428245909149176 57.46
1247 0.02420193290835199 57.47
1248 0.0241169973610533 57.48
1249 0.02402799403769683 57.49
1250 0.02393522474578924 57.5
1251 0.02383908877695375 57.51
1252 0.02374010311742689 57.52
1253 0.02363852086402303 57.53
1254 0.02353477714092219 57.54
1255 0.02342928887362714 57.55
1256 0.02332245594445407 57.56
1257 0.02321471603543536 57.57
1258 0.02310654643620061 57.58
1259 0.02299836949901046 57.59
1260 0.02289062788970737 57.6
1261 0.02278371528209103 57.61
1262 0.02267801091175065 57.62
1263 0.02257387774557294 57.63
1264 0.0224717112634194 57.64
1265 0.02237186960447553 57.65
1266 0.02227463942913155 57.66
1267 0.02218027119464554 57.67
1268 0.02208901756781085 57.68
1269 0.0220011234909114 57.69
1270 0.02191677428129468 57.7
1271 0.0218361586681362 57.71
1272 0.02175935367945919 57.72
1273 0.02168666244912235 57.73
1274 0.02161809395365234 57.74
1275 0.021553780083677 57.75
1276 0.02149376024337959 57.76
1277 0.02143818531194538 57.77
1278 0.02138707215223852 57.78
1279 0.02134045423732611 57.79
1280 0.02129846276015697 57.8
1281 0.02126105721308193 57.81
1282 0.02122817822301865 57.82
1283 0.02119979318566821 57.83
1284 0.02117596849822129 57.84
1285 0.02115660839351852 57.85
1286 0.02114167283744212 57.86
1287 0.02113111638914607 57.87
1288 0.02112494452787144 57.88
1289 0.02112300198032035 57.89
1290 0.02112540893268066 57.9
1291 0.02113195145456077 57.91
1292 0.02114253671752451 57.92
1293 0.02115715428031249 57.93
1294 0.02117566223856961 57.94
1295 0.02119793994758725 57.95
1296 0.02122392099479287 57.96
1297 0.02125346966950215 57.97
1298 0.02128648549791815 57.98
1299 0.02132284161959428 57.99
1300 0.02136239921648964 58
1301 0.02140492720713831 58.01
1302 0.02145032917681999 58.02
1303 0.02149850415794699 58.03
1304 0.02154934265949323 58.04
1305 0.02160260704504937 58.05
1306 0.02165810514283893 58.06
1307 0.02171561905904304 58.07
1308 0.02177495472813975 58.08
1309 0.02183593626295157 58.09
1310 0.02189830938258082 58.1
1311 0.02196181938259027 58.11
1312 0.02202611719031054 58.12
1313 0.02209105107278724 58.13
1314 0.02215633685480444 58.14
1315 0.02222170393870572 58.15
1316 0.02228688720728747 58.16
1317 0.02235158670560877 58.17
1318 0.02241551164816204 58.18
1319 0.0224784629499234 58.19
1320 0.022540039920098 58.2
1321 0.02260000188875982 58.21
1322 0.02265808674485702 58.22
1323 0.02271406590698581 58.23
1324 0.02276769080524668 58.24
1325 0.02281875819504318 58.25
1326 0.02286699455575782 58.26
1327 0.02291218223674438 58.27
1328 0.02295408382758766 58.28
1329 0.02299250331602621 58.29
1330 0.02302725107260772 58.3
1331 0.02305786547313901 58.31
1332 0.02308445479718667 58.32
1333 0.02310686418197683 58.33
1334 0.02312496109457689 58.34
1335 0.02313847804381777 58.35
1336 0.02314733672904861 58.36
1337 0.02315152243909034 58.37
1338 0.02315087301161978 58.38
1339 0.02314541335106769 58.39
1340 0.02313512613194711 58.4
1341 0.0231199890278552 58.41
1342 0.02309999838061866 58.42
1343 0.02307525981847801 58.43
1344 0.02304573677738371 58.44
1345 0.02301157522898797 58.45
1346 0.02297276407777339 58.46
1347 0.02292947070980169 58.47
1348 0.02288188684864429 58.48
1349 0.02283015865699504 58.49
1350 0.02277443072074375 58.5
1351 0.02271487656945227 58.51
1352 0.02265168640774126 58.52
1353 0.02258508137981336 58.53
1354 0.02251526799908048 58.54
1355 0.02244257149614281 58.55
1356 0.02236728228330494 58.56
1357 0.02228971119172725 58.57
1358 0.02221014757298376 58.58
1359 0.02212889902870831 58.59
1360 0.02204625194257554 58.6
1361 0.02196259212799404 58.61
1362 0.02187822932421864 58.62
1363 0.02179354787700678 58.63
1364 0.02170886131934405 58.64
1365 0.0216244741345325 58.65
1366 0.02154068470217094 58.66
1367 0.02145784315392807 58.67
1368 0.02137619124466833 58.68
1369 0.02129599153606877 58.69
1370 0.02121749557255885 58.7
1371 0.02114095682963119 58.71
1372 0.02106662117285864 58.72
1373 0.0209946572113847 58.73
1374 0.020925261748396 58.74
1375 0.02085863211150938 58.75
1376 0.02079489043582785 58.76
1377 0.02073417782437999 58.77
1378 0.020676562378916 58.78
1379 0.02062217604493891 58.79
1380 0.02057108020056906 58.8
1381 0.02052336559700469 58.81
1382 0.0204791314993556 58.82
1383 0.02043842192148196 58.83
1384 0.02040127906036179 58.84
1385 0.02036779702588024 58.85
1386 0.02033791818439015 58.86
1387 0.02031171339992056 58.87
1388 0.02028916485551841 58.88
1389 0.02027021896218591 58.89
1390 0.02025484973033499 58.9
1391 0.02024304115635867 58.91
1392 0.02023476574706095 58.92
1393 0.02023001891744683 58.93
1394 0.02022879824258041 58.94
1395 0.02023096967724414 58.95
1396 0.02023647599517997 58.96
1397 0.02024530112033264 58.97
1398 0.02025735622007463 58.98
1399 0.0202725310795186 58.99
1400 0.02029073494934418 59
1401 0.02031192063492722 59.01
1402 0.02033597505499776 59.02
1403 0.02036281536809953 59.03
1404 0.02039233590736754 59.04
1405 0.02042441043079602 59.05
1406 0.02045889781037828 59.06
1407 0.02049571886279937 59.07
1408 0.02053473403430804 59.08
1409 0.02057581654025816 59.09
1410 0.02061888919653978 59.1
1411 0.02066374512574321 59.11
1412 0.02071021451922713 59.12
1413 0.02075812300246588 59.13
1414 0.02080721415515343 59.14
1415 0.02085736265403291 59.15
1416 0.02090836705464786 59.16
1417 0.0209599770524901 59.17
1418 0.0210120309458472 59.18
1419 0.02106432240852778 59.19
1420 0.02111662901291834 59.2
1421 0.02116871530327283 59.21
1422 0.02122038017669382 59.22
1423 0.02127138159405527 59.23
1424 0.02132150688352004 59.24
1425 0.02137056840310338 59.25
1426 0.02141841784293357 59.26
1427 0.02146478320603665 59.27
1428 0.02150946897298377 59.28
1429 0.02155226114068218 59.29
1430 0.02159298716169405 59.3
1431 0.02163145384605164 59.31
1432 0.0216674935251704 59.32
1433 0.02170092579918373 59.33
1434 0.02173159469375142 59.34
1435 0.02175933492680093 59.35
1436 0.02178378391569793 59.36
1437 0.02180507694289253 59.37
1438 0.02182309269353857 59.38
1439 0.02183766696950367 59.39
1440 0.02184870192173344 59.4
1441 0.02185609919303218 59.41
1442 0.02185984944596533 59.42
1443 0.02185990963878482 59.43
1444 0.02185614665988963 59.44
1445 0.0218486278235185 59.45
1446 0.02183731560143409 59.46
1447 0.02182223915327419 59.47
1448 0.0218034077661469 59.48
1449 0.02178085110361059 59.49
1450 0.02175466234944755 59.5
1451 0.02172489512101312 59.51
1452 0.02169164214768235 59.52
1453 0.02165513810925885 59.53
1454 0.02161544492140352 59.54
1455 0.02157257903027211 59.55
1456 0.02152673300071469 59.56
1457 0.02147805580629531 59.57
1458 0.02142673433360756 59.58
1459 0.02137299691631969 59.59
1460 0.02131708376231043 59.6
1461 0.02125908445161568 59.61
1462 0.02119932859990232 59.62
1463 0.02113800104836518 59.63
1464 0.02107527146010568 59.64
1465 0.02101144685184628 59.65
1466 0.02094676814071604 59.66
1467 0.02088157958698872 59.67
1468 0.02081596279494836 59.68
1469 0.02075024193833047 59.69
1470 0.0206846796928711 59.7
1471 0.02061950408587846 59.71
1472 0.02055496708757278 59.72
1473 0.0204912867978673 59.73
1474 0.02042865758176631 59.74
1475 0.02036733729271739 59.75
1476 0.02030748380598218 59.76
1477 0.02024927278753136 59.77
1478 0.0201928727709873 59.78
1479 0.02013842365496158 59.79
1480 0.0200868567808339 59.8
1481 0.02003609209149865 59.81
1482 0.01998799554569834 59.82
1483 0.01994075926468707 59.83
1484 0.01989576810847741 59.84
1485 0.01985353038661621 59.85
1486 0.01981411044264582 59.86
1487 0.01977763976314609 59.87
1488 0.01974406432304913 59.88
1489 0.01971341474386023 59.89
1490 0.01968591177656149 59.9
1491 0.01966136946815472 59.91
1492 0.01963983577571207 59.92
1493 0.01962135898014192 59.93
1494 0.01960594049061445 59.94
1495 0.0195935947433608 59.95
1496 0.0195843073062974 59.96
1497 0.01957806397089933 59.97
1498 0.01957484780178476 59.98
1499 0.01957467794951352 59.99
1500 0.01957745071843849 60
