"frac-mass-o2-rfile"
"Time Step" "frac-mass-o2 etc.."
("Time Step" "frac-mass-o2" "flow-time")
0 0.2268755050432685 0
1 0.2249584508032361 0.1
2 0.2226139213295685 0.2
3 0.2203405841824678 0.3
4 0.2183903899525252 0.4
5 0.2164031345797848 0.5
6 0.2140193720395723 0.6000000000000001
7 0.211426859003333 0.7000000000000001
8 0.2089289572372828 0.8
9 0.2066530809272339 0.9
10 0.204551891635362 1
11 0.2025799412061635 1.1
12 0.2007046129529633 1.2
13 0.198871917593488 1.3
14 0.1970389660435561 1.4
15 0.1951896525637444 1.5
16 0.1932230450496077 1.6
17 0.191332737570962 1.7
18 0.1893333103281446 1.8
19 0.1874251958897003 1.9
20 0.185459788121655 2
21 0.1835591976991797 2.1
22 0.1815992464523779 2.2
23 0.1796332690028673 2.3
24 0.1776662061378222 2.4
25 0.175698475647595 2.5
26 0.1737277096293244 2.6
27 0.1717651660534698 2.7
28 0.1697855324242585 2.8
29 0.1678009279833471 2.9
30 0.1658094685319307 3
31 0.1638093405932268 3.1
32 0.161799562295897 3.2
33 0.1597801409035781 3.3
34 0.1577470869611309 3.4
35 0.1557028186725305 3.5
36 0.1536514788504542 3.6
37 0.1515918576081593 3.7
38 0.1495250160397057 3.8
39 0.1474484252580486 3.9
40 0.1453674797527627 4
41 0.1432841631623263 4.100000000000001
42 0.1412003169627848 4.2
43 0.1391176639761612 4.3
44 0.1370379835738182 4.4
45 0.1349628454504078 4.5
46 0.1328934306707074 4.600000000000001
47 0.1308312303013658 4.7
48 0.1287770501889667 4.800000000000001
49 0.1267314575827601 4.9
50 0.1246948745852709 5
51 0.1226676906205302 5.100000000000001
52 0.1206500366833928 5.2
53 0.1186412432083043 5.300000000000001
54 0.1166405611938825 5.4
55 0.1146483364379473 5.5
56 0.1126632372634388 5.600000000000001
57 0.1106849413842948 5.7
58 0.1087126310874973 5.800000000000001
59 0.1067461922749715 5.9
60 0.1047839033131361 6
61 0.1028249429947651 6.100000000000001
62 0.1008688265386905 6.2
63 0.09891606012501801 6.300000000000001
64 0.09696582026160544 6.4
65 0.09502141770440188 6.5
66 0.09307603630274132 6.600000000000001
67 0.09113288710546986 6.7
68 0.08919142221487122 6.800000000000001
69 0.08725256595524798 6.9
70 0.08531498062848969 7
71 0.08337957901609191 7.100000000000001
72 0.08144708688564202 7.2
73 0.07951640293502017 7.300000000000001
74 0.07758754167807792 7.4
75 0.07565951348130684 7.5
76 0.07373296768449304 7.600000000000001
77 0.07180755073961337 7.7
78 0.06988361196316925 7.800000000000001
79 0.06796258979175285 7.9
80 0.06604163898143338 8
81 0.06419563343701279 8.1
82 0.06245605853322717 8.200000000000001
83 0.06055316124816729 8.300000000000001
84 0.05864815799337687 8.4
85 0.05682745481949632 8.5
86 0.05493804026017543 8.6
87 0.05315413796131129 8.700000000000001
88 0.05127605711777517 8.800000000000001
89 0.04951059180983269 8.9
90 0.04764697067234432 9
91 0.04594804724287011 9.1
92 0.04409975584743576 9.200000000000001
93 0.04242802767689268 9.300000000000001
94 0.04059599512393954 9.4
95 0.03893187031027701 9.5
96 0.0371218524761501 9.600000000000001
97 0.03544881232947687 9.700000000000001
98 0.03367695736647471 9.800000000000001
99 0.03203594433976288 9.9
100 0.03024551732895555 10
101 0.02865930869809356 10.1
102 0.02690587765203782 10.2
103 0.02537795740503545 10.3
104 0.0236752924356935 10.4
105 0.02221674723434717 10.5
106 0.02055095279984463 10.6
107 0.0191662532253815 10.7
108 0.01758874923728169 10.8
109 0.01630937906901066 10.9
110 0.0148533601568364 11
111 0.01366675235626178 11.1
112 0.01235241499165323 11.2
113 0.01129265721181862 11.3
114 0.01011080154622516 11.4
115 0.009173595942980501 11.5
116 0.008105614340361927 11.6
117 0.007288404917741046 11.7
118 0.006292646538834708 11.8
119 0.005565279887603114 11.9
120 0.004664638385091531 12
121 0.004025311927933545 12.1
122 0.003466396931669635 12.2
123 0.002684644416127336 12.3
124 0.002187419612853048 12.4
125 0.001773132710987519 12.5
126 0.001173508465889718 12.6
127 0.0008648671694907781 12.7
128 0.0004557494656915464 12.8
129 0.0001454006751257737 12.9
130 8.800806905618518e-07 13
131 6.223154102781274e-09 13.1
132 5.33995061736254e-11 13.2
133 4.98631376763253e-13 13.3
134 4.882759913634648e-15 13.4
135 4.92088350653981e-17 13.5
136 5.05877702236328e-19 13.6
137 5.341025350714846e-21 13.7
138 6.353508378437302e-23 13.8
139 1.645522296133343e-24 13.9
140 4.874017135713432e-26 14
141 1.711394558900767e-27 14.1
142 9.195290309345405e-29 14.2
143 1.052561213715315e-29 14.3
144 2.351957520488355e-30 14.4
145 8.541991350688705e-31 14.5
146 4.769168539429577e-31 14.6
147 3.331416005273702e-31 14.7
148 2.88724444697305e-31 14.8
149 2.848313174393879e-31 14.9
150 2.810413907434769e-31 15
151 2.773452476914943e-31 15.1
152 2.737383597111911e-31 15.2
153 2.702167863122743e-31 15.3
154 2.667771030939049e-31 15.4
155 2.634161543593058e-31 15.5
156 2.601310292893649e-31 15.6
157 2.56919001812763e-31 15.7
158 2.537775149388363e-31 15.8
159 2.507041595892754e-31 15.9
160 2.476966501783168e-31 16
161 2.447528259975514e-31 16.1
162 2.418706267205273e-31 16.2
163 2.390480921907999e-31 16.3
164 2.362833622514349e-31 16.4
165 2.335746548609334e-31 16.5
166 2.309202733709512e-31 16.6
167 2.283185937780064e-31 16.7
168 2.257680549312743e-31 16.8
169 2.232671652630583e-31 16.9
170 2.208145009905435e-31 17
171 2.18408694858001e-31 17.1
172 2.160484340193287e-31 17.2
173 2.137324565425269e-31 17.3
174 2.114595479519335e-31 17.4
175 2.092285439624381e-31 17.5
176 2.07038327228111e-31 17.6
177 2.0488781936989e-31 17.7
178 2.027759820681814e-31 17.8
179 2.007018157464841e-31 17.9
180 1.986643525922686e-31 18
181 1.966626632875314e-31 18.1
182 1.946958530681864e-31 18.2
183 1.927630551069742e-31 18.3
184 1.908634331513559e-31 18.4
185 1.889961803226377e-31 18.5
186 1.871605134220176e-31 18.6
187 1.85355677630939e-31 18.7
188 1.835809435902553e-31 18.8
189 1.818356038342059e-31 18.9
190 1.801189743447815e-31 19
191 1.784303922080215e-31 19.1
192 1.767692145444642e-31 19.2
193 1.751348189521984e-31 19.3
194 1.735266034770473e-31 19.4
195 1.719439823210989e-31 19.5
196 1.70386389342322e-31 19.6
197 1.688532736804628e-31 19.7
198 1.673440988352622e-31 19.8
199 1.658583452755095e-31 19.9
200 1.643955095802083e-31 20
201 1.629551022255633e-31 20.1
202 1.615366449053677e-31 20.2
203 1.601396777607876e-31 20.3
204 1.587637506801559e-31 20.4
205 1.574084234512173e-31 20.5
206 1.560732727516232e-31 20.6
207 1.547578832227247e-31 20.7
208 1.534618540258679e-31 20.8
209 1.521847904450707e-31 20.9
210 1.509263094675964e-31 21
211 1.496860378074901e-31 21.1
212 1.484636156663362e-31 21.2
213 1.472586868333723e-31 21.3
214 1.460709082015435e-31 21.4
215 1.448999419391872e-31 21.5
216 1.437454602794631e-31 21.6
217 1.426071424020077e-31 21.7
218 1.414846778119895e-31 21.8
219 1.403777616327485e-31 21.9
220 1.392860984598399e-31 22
221 1.382093956640001e-31 22.1
222 1.371473707242165e-31 22.2
223 1.360997479551611e-31 22.3
224 1.350662581074267e-31 22.4
225 1.320585053122134e-31 22.5
226 1.310781226766518e-31 22.6
227 1.301108213554121e-31 22.7
228 1.291563348230804e-31 22.8
229 1.282143773248415e-31 22.9
230 1.27284674382668e-31 23
231 1.263669904626505e-31 23.1
232 1.254610990545153e-31 23.2
233 1.245667821544109e-31 23.3
234 1.236838276092825e-31 23.4
235 1.228120305625619e-31 23.5
236 1.211041691588982e-31 23.6
237 1.202643682657025e-31 23.7
238 1.194350143182036e-31 23.8
239 1.1861595722242e-31 23.9
240 1.178069865443483e-31 24
241 1.17007899857269e-31 24.1
242 1.154414996461976e-31 24.2
243 1.146707609900395e-31 24.3
244 1.139092897865989e-31 24.4
245 1.131569582259432e-31 24.5
246 1.116816339623916e-31 24.6
247 1.109553964257289e-31 24.7
248 1.102376921208442e-31 24.8
249 1.088298893732906e-31 24.9
250 1.081366726438578e-31 25
251 1.074514548467031e-31 25.1
252 1.067741234482832e-31 25.2
253 1.06104519214489e-31 25.3
254 1.054424909881842e-31 25.4
255 1.041430208442647e-31 25.5
256 1.035027420149551e-31 25.6
257 1.028695980896956e-31 25.7
258 1.022434994359389e-31 25.8
259 1.016243097009219e-31 25.9
260 1.01011897944733e-31 26
261 1.004061535299034e-31 26.1
262 9.980697069728061e-32 26.2
263 9.921424484226759e-32 26.3
264 9.862787432996188e-32 26.4
265 9.804776156004239e-32 26.5
266 9.690802977730217e-32 26.6
267 9.634592036991423e-32 26.7
268 9.578973490652083e-32 26.8
269 9.469683278676437e-32 26.9
270 9.415769597918254e-32 27
271 9.362415482860118e-32 27.1
272 9.206198145452499e-32 27.2
273 9.154950244746776e-32 27.3
274 9.104229295199861e-32 27.4
275 9.054026262983455e-32 27.5
276 9.004330568828862e-32 27.6
277 8.955131919972379e-32 27.7
278 8.906422274357965e-32 27.8
279 8.858194071480084e-32 27.9
280 8.716846279967589e-32 28
281 8.670432525491401e-32 28.1
282 8.624475594128665e-32 28.2
283 8.578967972161136e-32 28.3
284 8.533900989354853e-32 28.4
285 8.489266061893046e-32 28.5
286 8.445056415703287e-32 28.6
287 8.401265611665949e-32 28.7
288 8.357887542701258e-32 28.8
289 8.314916279862592e-32 28.9
290 8.272346093670456e-32 29
291 8.230171387030801e-32 29.1
292 8.188386830517022e-32 29.2
293 8.146987084637572e-32 29.3
294 8.105967019924734e-32 29.4
295 8.065321636151859e-32 29.5
296 7.907236040629852e-32 29.6
297 7.868331585577287e-32 29.7
298 7.829793705441675e-32 29.8
299 7.791607639621026e-32 29.9
300 7.753765841425908e-32 30
301 7.716261235389852e-32 30.1
302 7.679088555300741e-32 30.2
303 7.64224278645254e-32 30.3
304 7.605719462692617e-32 30.4
305 7.569513896735656e-32 30.5
306 7.533622009466994e-32 30.6
307 7.498039417735826e-32 30.7
308 7.462762306976813e-32 30.8
309 7.427786614466583e-32 30.9
310 7.39310879795621e-32 31
311 7.358724959029137e-32 31.1
312 7.324631679537147e-32 31.2
313 7.290825331126821e-32 31.3
314 7.257302373746551e-32 31.4
315 7.224059362890102e-32 31.5
316 7.191092931361221e-32 31.6
317 7.158399763162489e-32 31.7
318 7.125976572758943e-32 31.8
319 7.093820160316216e-32 31.9
320 7.061927281202975e-32 32
321 7.030294843274666e-32 32.1
322 6.998919777712418e-32 32.2
323 6.967799046714402e-32 32.3
324 6.936929715961617e-32 32.4
325 6.906308852132529e-32 32.5
326 6.875933502350207e-32 32.6
327 6.845800817028636e-32 32.7
328 6.815908024571474e-32 32.8
329 6.786252368781927e-32 32.9
330 6.756831115933629e-32 33
331 6.727641591826873e-32 33.1
332 6.698681146788099e-32 33.2
333 6.669947181157697e-32 33.3
334 6.641437144014648e-32 33.4
335 6.613148517692493e-32 33.5
336 6.585078815714854e-32 33.6
337 6.557225615967141e-32 33.7
338 6.529586433752352e-32 33.8
339 6.502158917148378e-32 33.9
340 6.474940745071957e-32 34
341 6.447929605555375e-32 34.1
342 6.421123233454451e-32 34.2
343 6.394519398360507e-32 34.3
344 6.36811583965677e-32 34.4
345 6.341910380624541e-32 34.5
346 6.315900899893668e-32 34.6
347 6.290085278901541e-32 34.7
348 6.264461441725785e-32 34.8
349 6.239027328996847e-32 34.9
350 6.213780880790696e-32 35
351 6.188720110387385e-32 35.1
352 6.163843055896794e-32 35.2
353 6.139147782806146e-32 35.3
354 6.114632373923553e-32 35.4
355 6.090294934252875e-32 35.5
356 6.066133572734672e-32 35.6
357 6.042146450932915e-32 35.7
358 6.01833178783668e-32 35.8
359 5.994687803507663e-32 35.9
360 5.971212721219882e-32 36
361 5.947904802417282e-32 36.1
362 5.924762285147976e-32 36.2
363 5.901783486741955e-32 36.3
364 5.878966756639444e-32 36.4
365 5.856310478964997e-32 36.5
366 5.833813024418169e-32 36.6
367 5.811472772562187e-32 36.7
368 5.789288110177599e-32 36.8
369 5.767257476433868e-32 36.9
370 5.745379348501729e-32 37
371 5.723652217778382e-32 37.1
372 5.702074567807671e-32 37.2
373 5.68064492776875e-32 37.3
374 5.659361797361619e-32 37.4
375 5.638223743363372e-32 37.5
376 5.617229357176811e-32 37.6
377 5.596377244793801e-32 37.7
378 5.575666019254128e-32 37.8
379 5.555094311228236e-32 37.9
380 5.534660738295111e-32 38
381 5.514363965877373e-32 38.1
382 5.494202689783721e-32 38.2
383 5.474175601638753e-32 38.3
384 5.454281441315479e-32 38.40000000000001
385 5.434518923803245e-32 38.5
386 5.414886765589876e-32 38.6
387 5.395383732045566e-32 38.7
388 5.376008605785482e-32 38.8
389 5.356760195081751e-32 38.90000000000001
390 5.337637321836525e-32 39
391 5.318638798541557e-32 39.1
392 5.299763431448883e-32 39.2
393 5.281010084025032e-32 39.3
394 5.262377629869004e-32 39.40000000000001
395 5.24386496066239e-32 39.5
396 5.225470971380289e-32 39.6
397 5.207194564449443e-32 39.7
398 5.189034640117646e-32 39.8
399 5.170990131274603e-32 39.90000000000001
400 5.153060004084641e-32 40
401 5.135243237852031e-32 40.1
402 5.117538743628085e-32 40.2
403 5.099945585993095e-32 40.3
404 5.08246266179256e-32 40.40000000000001
405 5.065089036401075e-32 40.5
406 5.04782368909901e-32 40.6
407 5.030665712698975e-32 40.7
408 5.01361410374353e-32 40.8
409 4.996667960351154e-32 40.90000000000001
410 4.979826270868908e-32 41
411 4.963088157646751e-32 41.1
412 4.946452672216198e-32 41.2
413 4.929918972038551e-32 41.3
414 4.91348613442568e-32 41.40000000000001
415 4.897153309210141e-32 41.5
416 4.880919549092776e-32 41.6
417 4.864784038404869e-32 41.7
418 4.848745891628691e-32 41.8
419 4.832804300766577e-32 41.90000000000001
420 4.816958413577117e-32 42
421 4.80120744394082e-32 42.1
422 4.785550514469201e-32 42.2
423 4.769986841276573e-32 42.3
424 4.754515633500937e-32 42.40000000000001
425 4.739136113649489e-32 42.5
426 4.723847507775719e-32 42.6
427 4.708649038815723e-32 42.7
428 4.693539923921379e-32 42.8
429 4.678519409474943e-32 42.90000000000001
430 4.663586763241408e-32 43
431 4.648741247275802e-32 43.1
432 4.633982143146943e-32 43.2
433 4.619308722485267e-32 43.3
434 4.604720252367964e-32 43.40000000000001
435 4.590216026897718e-32 43.5
436 4.575795361750379e-32 43.6
437 4.561457580565262e-32 43.7
438 4.547201992794672e-32 43.8
439 4.533027913365323e-32 43.90000000000001
440 4.518934664898393e-32 44
441 4.504921582394877e-32 44.1
442 4.490988026914656e-32 44.2
443 4.477133354299237e-32 44.3
444 4.463356926639906e-32 44.40000000000001
445 4.449658111921282e-32 44.5
446 4.436036267630666e-32 44.6
447 4.422490764975636e-32 44.7
448 4.409021008931831e-32 44.8
449 4.395626394937206e-32 44.90000000000001
450 4.382306326725994e-32 45
451 4.369060208619674e-32 45.1
452 4.355887425549867e-32 45.2
453 4.342787399512792e-32 45.3
454 4.329759567347805e-32 45.40000000000001
455 4.316803363926251e-32 45.5
456 4.30391821920234e-32 45.6
457 4.291103572462337e-32 45.7
458 4.278358852967964e-32 45.8
459 4.265683509138178e-32 45.90000000000001
460 4.25307701195882e-32 46
461 4.240538821423632e-32 46.1
462 4.228068402534086e-32 46.2
463 4.215665234236117e-32 46.3
464 4.203328784926551e-32 46.40000000000001
465 4.191058529775048e-32 46.5
466 4.178853971152252e-32 46.6
467 4.166714612944886e-32 46.7
468 4.154639946695113e-32 46.8
469 4.142629486167897e-32 46.90000000000001
470 4.130682711374611e-32 47
471 4.1187991434518e-32 47.1
472 4.106978306252973e-32 47.2
473 4.09521973011599e-32 47.3
474 4.083522944038954e-32 47.40000000000001
475 4.071887485902377e-32 47.5
476 4.060312868882071e-32 47.6
477 4.048798638587617e-32 47.7
478 4.037344351062905e-32 47.8
479 4.025949560811077e-32 47.90000000000001
480 4.014613823388912e-32 48
481 4.003336698106696e-32 48.1
482 3.99211773377032e-32 48.2
483 3.980956496973161e-32 48.3
484 3.969852573615456e-32 48.40000000000001
485 3.958805541036838e-32 48.5
486 3.947814972406765e-32 48.6
487 3.936880464516612e-32 48.7
488 3.926001584099257e-32 48.8
489 3.915177917481714e-32 48.90000000000001
490 3.904409077233106e-32 49
491 3.893694667877965e-32 49.1
492 3.883034294994423e-32 49.2
493 3.872427563348473e-32 49.3
494 3.861874064420626e-32 49.40000000000001
495 3.851373407035436e-32 49.5
496 3.840925223615462e-32 49.6
497 3.830529149114925e-32 49.7
498 3.820184799086798e-32 49.8
499 3.809891807701694e-32 49.90000000000001
500 3.799649790909785e-32 50
501 8.874377745914725e-15 50.01
502 6.144537470962994e-16 50.02
503 4.656323462913941e-17 50.03
504 3.747691750187389e-18 50.04
505 3.184640839656077e-19 50.05
506 2.854155483902536e-20 50.06
507 2.693005735174258e-21 50.07
508 2.665351705388369e-22 50.08
509 3.006942677952886e-23 50.09
510 3.514524205277907e-24 50.1
511 4.205728679733217e-25 50.11
512 5.111466954645371e-26 50.12
513 6.280865073815988e-27 50.13
514 7.788718005856775e-28 50.14
515 9.782299627509885e-29 50.15
516 1.300273452818549e-29 50.16
517 2.518777564258724e-30 50.17
518 1.062701088889714e-30 50.18
519 6.418147599316292e-31 50.19
520 4.80657125129248e-31 50.2
521 4.256527378098607e-31 50.21
522 3.759266270232869e-31 50.22
523 3.40655156896867e-31 50.23
524 3.110679092219732e-31 50.24
525 2.858799549040403e-31 50.25
526 2.641808951324748e-31 50.26
527 2.452980562217514e-31 50.27
528 2.287236173169291e-31 50.28
529 2.140662856461657e-31 50.29
530 2.010182313351341e-31 50.3
531 1.893344530483074e-31 50.31
532 1.773719359404173e-31 50.32
533 1.6798525609515e-31 50.33
534 1.594601874504081e-31 50.34
535 5.277970406878007e-08 50.35
536 2.749435752752426e-07 50.36
537 6.475339396443459e-07 50.37
538 1.0546339924675e-06 50.38
539 1.871677763264555e-06 50.39
540 2.570462429421988e-06 50.4
541 4.399172181054778e-06 50.41
542 6.276682374473101e-06 50.42
543 8.415107746649566e-06 50.43
544 1.23469699831865e-05 50.44
545 2.239726649452956e-05 50.45
546 4.074423629291917e-05 50.46
547 6.933353318363602e-05 50.47
548 0.0001081811177856624 50.48
549 0.000169759396127299 50.49
550 0.000257847114200014 50.5
551 0.0003887154719996611 50.51
552 0.0005708921938620687 50.52
553 0.0008006584949215988 50.53
554 0.001081577747824575 50.54
555 0.001433198675062498 50.55
556 0.001895262781998611 50.56
557 0.002534935160651821 50.57
558 0.003394019636676026 50.58
559 0.004440292903741233 50.59
560 0.005656553790068107 50.6
561 0.007080592764874861 50.61
562 0.00864954591791302 50.62
563 0.01032504241980187 50.63
564 0.01206787487587399 50.64
565 0.01377383911785449 50.65
566 0.01533839313982719 50.66
567 0.01666127210203399 50.67
568 0.01762690284657636 50.68
569 0.01818652280705479 50.69
570 0.01835763774906416 50.7
571 0.01821996817142405 50.71
572 0.01783261745663055 50.72
573 0.01723549580994416 50.73
574 0.0164487010137097 50.74
575 0.0154764610105819 50.75
576 0.01431604053276194 50.76
577 0.01297442003060739 50.77
578 0.01145919882511964 50.78
579 0.009814489051908664 50.79
580 0.008079362815645185 50.8
581 0.006334796098850658 50.81
582 0.004705122142169392 50.82
583 0.003359302192722884 50.83
584 0.002446719152625872 50.84
585 0.001899541832305103 50.85
586 0.00155322092236936 50.86
587 0.001344197037890399 50.87
588 0.001211293065393348 50.88
589 0.001117133146746278 50.89
590 0.001038587031255498 50.9
591 0.000991443231844005 50.91
592 0.0009517127202704921 50.92
593 0.0009244028212550553 50.93
594 0.0009048598482689301 50.94
595 0.0008945401454867505 50.95
596 0.0008914110571141587 50.96
597 0.0008942864473602274 50.97
598 0.0009023820561998727 50.98
599 0.0009197006184960871 50.99
600 0.0009361755481597715 51
601 0.0009586237967476447 51.01
602 0.0009884930073778804 51.02
603 0.001050848678667248 51.03
604 0.001130881314325979 51.04
605 0.001226858056947919 51.05
606 0.00133876557526733 51.06
607 0.001464442966391852 51.07
608 0.001608152639657541 51.08
609 0.001774403261843566 51.09
610 0.00196380663991107 51.1
611 0.00220540101710269 51.11
612 0.002512540346231412 51.12
613 0.002912639002900538 51.13
614 0.003435410405957123 51.14
615 0.004113844484768978 51.15
616 0.004951528493620338 51.16
617 0.005972511485554484 51.17
618 0.007172941940790174 51.18
619 0.00852953497459029 51.19
620 0.01005721362992979 51.2
621 0.01172115943552323 51.21
622 0.01349167844128292 51.22
623 0.0153205057325217 51.23
624 0.01714303316474618 51.24
625 0.01878139959141596 51.25
626 0.02019279175547217 51.26
627 0.02135291349543637 51.27
628 0.02227660875081739 51.28
629 0.02297443794577967 51.29
630 0.02343633099425293 51.3
631 0.02365658205243228 51.31
632 0.02362758784949469 51.32
633 0.02336067512484005 51.33
634 0.02285965543374165 51.34
635 0.02213370009070904 51.35
636 0.02120908156280684 51.36
637 0.02009119309028189 51.37
638 0.01878617284956143 51.38
639 0.01734928644658899 51.39
640 0.01580959516595329 51.4
641 0.01421883038282261 51.41
642 0.01260558106582842 51.42
643 0.01101614443629353 51.43
644 0.009499817261251922 51.44
645 0.008083440672154985 51.45
646 0.006820299859542131 51.46
647 0.005726799030893691 51.47
648 0.004840867703831522 51.48
649 0.004156296063085675 51.49
650 0.003656898467880895 51.5
651 0.003333979546290971 51.51
652 0.003188242358012591 51.52
653 0.003159019492615832 51.53
654 0.003191150905184379 51.54
655 0.003342725817217871 51.55
656 0.003582622118158193 51.56
657 0.003927853745968485 51.57
658 0.004384617143181387 51.58
659 0.004978003914562605 51.59
660 0.005733153747565588 51.6
661 0.00668716129972774 51.61
662 0.007870560372269571 51.62
663 0.0093120807889383 51.63
664 0.01103677093369936 51.64
665 0.01306928976120605 51.65
666 0.01534570390805442 51.66
667 0.01780607012930306 51.67
668 0.02046007684763427 51.68
669 0.02323816298494725 51.69
670 0.02611717474783859 51.7
671 0.02903439293145385 51.71
672 0.03191973536153713 51.72
673 0.03476899247123023 51.73
674 0.03754697604745914 51.74
675 0.04025370810477458 51.75
676 0.04286212709716351 51.76
677 0.04535192861251515 51.77
678 0.04770916899267744 51.78
679 0.04995344853268053 51.79
680 0.05211864792905834 51.8
681 0.0542388735213404 51.81
682 0.0563305631547479 51.82
683 0.05832611813706611 51.83
684 0.06020206415582394 51.84
685 0.06197261670215776 51.85
686 0.06360106903535144 51.86
687 0.06507636740458703 51.87
688 0.0664132201146384 51.88
689 0.06761853668267176 51.89
690 0.06871177072732132 51.9
691 0.06970440108272878 51.91
692 0.07059591822010398 51.92
693 0.07140147933823038 51.93
694 0.0721355868519882 51.94
695 0.07280818719018214 51.95
696 0.07342672163428231 51.96
697 0.07400861211519412 51.97
698 0.07458595620059605 51.98
699 0.07516805739909506 51.99
700 0.07574598344457428 52
701 0.07630486959837382 52.01
702 0.07685267549464884 52.02
703 0.07737036970624615 52.03
704 0.07782157824179294 52.04
705 0.07824357026489132 52.05
706 0.07861154788292064 52.06
707 0.07893162573622653 52.07
708 0.0792069050833603 52.08
709 0.07944020019156711 52.09
710 0.07963543537035003 52.1
711 0.07979642785630725 52.11
712 0.07992251625903468 52.12
713 0.08002311778617129 52.13
714 0.08010245068350183 52.14
715 0.08016474769163281 52.15
716 0.0802274752941891 52.16
717 0.08026955031129662 52.17
718 0.08031993640017805 52.18
719 0.08037126023334862 52.19
720 0.08042859582329101 52.2
721 0.0804966683767219 52.21
722 0.0805800842495439 52.22
723 0.0806832282859609 52.23
724 0.08080990504431393 52.24
725 0.08096499106578493 52.25
726 0.08115290895426461 52.26
727 0.08137712933004426 52.27
728 0.08164086319192358 52.28
729 0.08195047517300401 52.29
730 0.08230690830126121 52.3
731 0.0827118101391285 52.31
732 0.08316858087532206 52.32
733 0.08367919880442591 52.33
734 0.08424611769285935 52.34
735 0.08487151279015764 52.35
736 0.08558966858752473 52.36
737 0.08634658877086698 52.37
738 0.08723551801744565 52.38
739 0.08820814844260776 52.39
740 0.08929895664210689 52.4
741 0.09045854122337045 52.41
742 0.09174485330026268 52.42
743 0.09308481129870272 52.43
744 0.09452402449139281 52.44
745 0.09602082776035926 52.45
746 0.0975712015838463 52.46
747 0.09916169174796355 52.47
748 0.1007890030566589 52.48
749 0.102448757387497 52.49
750 0.1041367118092077 52.5
751 0.1058480146834173 52.51
752 0.1075779713565008 52.52
753 0.1092919823584549 52.53
754 0.1110099299536344 52.54
755 0.1127322129050835 52.55
756 0.1144550666787905 52.56
757 0.1161731374214323 52.57
758 0.1178796409114527 52.58
759 0.119571027786609 52.59
760 0.1212423775477436 52.6
761 0.1228900722344299 52.61
762 0.1245076701819462 52.62
763 0.1260903331398542 52.63
764 0.127634194960582 52.64
765 0.1291357854800771 52.65
766 0.1305911924280442 52.66
767 0.1319990869210215 52.67
768 0.1333582642993416 52.68
769 0.1346665210529162 52.69
770 0.1359231248021497 52.7
771 0.13712734873344 52.71
772 0.1382792003878519 52.72
773 0.1393785701297069 52.73
774 0.1404256387609576 52.74
775 0.141420216044992 52.75
776 0.1423587438413442 52.76
777 0.1432456230899324 52.77
778 0.1440888244267028 52.78
779 0.144883068594137 52.79
780 0.145629461343296 52.8
781 0.1463287742181877 52.81
782 0.1469820207027145 52.82
783 0.1475899702028228 52.83
784 0.1481541361179022 52.84
785 0.1486642059463265 52.85
786 0.1491329147751558 52.86
787 0.149572796095763 52.87
788 0.1499617724813347 52.88
789 0.1503247782398739 52.89
790 0.1506509103657825 52.9
791 0.1509416056460256 52.91
792 0.1511981523700637 52.92
793 0.1514098524196552 52.93
794 0.1515905026496228 52.94
795 0.1517513899204798 52.95
796 0.1518767802646549 52.96
797 0.1519809515814282 52.97
798 0.1520579954012359 52.98
799 0.1521092480754736 52.99
800 0.1521359444473785 53
801 0.1521392314791544 53.01
802 0.1521173430853766 53.02
803 0.152074555777087 53.03
804 0.1520119061897892 53.04
805 0.1519310320505527 53.05
806 0.1518329514815461 53.06
807 0.1517189551449666 53.07
808 0.151590400102064 53.08
809 0.1514486958534236 53.09
810 0.1512952026930852 53.1
811 0.1511410608808687 53.11
812 0.1509778202591671 53.12
813 0.1508071942412023 53.13
814 0.1506309378418472 53.14
815 0.1504522256051189 53.15
816 0.1502724150762243 53.16
817 0.1500934400622445 53.17
818 0.1499171873703508 53.18
819 0.1497457925878164 53.19
820 0.1495810997608903 53.2
821 0.149425918138685 53.21
822 0.1492815332511366 53.22
823 0.1491497763376779 53.23
824 0.1490327184992603 53.24
825 0.1489324873311468 53.25
826 0.1488510555912207 53.26
827 0.1487895434294713 53.27
828 0.1487514899658418 53.28
829 0.1487404147359938 53.29
830 0.1487712928574815 53.3
831 0.1488395828749335 53.31
832 0.1489752031466651 53.32
833 0.1492025920698979 53.33
834 0.149523360450222 53.34
835 0.1499425907135613 53.35
836 0.1503949146315688 53.36
837 0.1509085859465447 53.37
838 0.1514446635660123 53.38
839 0.1520149810831737 53.39
840 0.1526124290254103 53.4
841 0.1532397274276787 53.41
842 0.1538954386175478 53.42
843 0.154580702899216 53.43
844 0.1552834044097407 53.44
845 0.1560070372482765 53.45
846 0.1567484808776678 53.46
847 0.1575046904130568 53.47
848 0.1582735231176307 53.48
849 0.1590519377156224 53.49
850 0.1598372264605304 53.5
851 0.1606259697309926 53.51
852 0.1614152262674225 53.52
853 0.1622022900279394 53.53
854 0.1629837339325405 53.54
855 0.1637567788350201 53.55
856 0.1645184568384521 53.56
857 0.1652668197800096 53.57
858 0.165999064228389 53.58
859 0.1667135906218144 53.59
860 0.167407912732677 53.6
861 0.1680819429215126 53.61
862 0.1687342290319073 53.62
863 0.1693639893816477 53.63
864 0.1699705021809599 53.64
865 0.170553035116106 53.65
866 0.1711111565151644 53.66
867 0.1716447214554703 53.67
868 0.1721531912214109 53.68
869 0.1726358290744407 53.69
870 0.1730930777619606 53.7
871 0.1735241661097592 53.71
872 0.1739297512111831 53.72
873 0.1743096930617119 53.73
874 0.1746641679276816 53.74
875 0.1749934056388369 53.75
876 0.1752977479033002 53.76
877 0.1755775367994069 53.77
878 0.1758331390708837 53.78
879 0.1760649850332507 53.79
880 0.1762735325269383 53.8
881 0.1764591495019758 53.81
882 0.1766224893467736 53.82
883 0.1767641602542688 53.83
884 0.1768847353792635 53.84
885 0.1769847367481435 53.85
886 0.1770647626901258 53.86
887 0.1771232920277986 53.87
888 0.1771631922196848 53.88
889 0.177185031138012 53.89
890 0.1771894023006042 53.9
891 0.1771790330006739 53.91
892 0.1771522390431798 53.92
893 0.177109781692576 53.93
894 0.177052281396146 53.94
895 0.1769803847471272 53.95
896 0.1768947106965265 53.96
897 0.1767958682826883 53.97
898 0.1766846484509117 53.98
899 0.1765600996493514 53.99
900 0.176433562172767 54
901 0.1762967489126045 54.01
902 0.1761505078278384 54.02
903 0.1759957175200026 54.03
904 0.1758332485730835 54.04
905 0.1756639371021791 54.05
906 0.1754887708196569 54.06
907 0.1753096865566699 54.07
908 0.1751268479871909 54.08
909 0.1749421119467614 54.09
910 0.1747560913794174 54.1
911 0.1745699285083242 54.11
912 0.1743849700485237 54.12
913 0.1742025136876758 54.13
914 0.1740238884439586 54.14
915 0.1738503532478606 54.15
916 0.1736831333523103 54.16
917 0.1735234995178426 54.17
918 0.1733720141213536 54.18
919 0.1732304056017713 54.19
920 0.1730997210763786 54.2
921 0.1729814723692392 54.21
922 0.1728778161356249 54.22
923 0.1727890763026023 54.23
924 0.1727229819871719 54.24
925 0.1727100259590257 54.25
926 0.1727534850744562 54.26
927 0.1728553724894134 54.27
928 0.1729972212195631 54.28
929 0.1731641272862505 54.29
930 0.1733518507795158 54.3
931 0.1735670054275172 54.31
932 0.1738039195062164 54.32
933 0.1740621268819338 54.33
934 0.1743348134852943 54.34
935 0.1746286409313193 54.35
936 0.1749447114745503 54.36
937 0.1752785226277847 54.37
938 0.1756285497513997 54.38
939 0.1759932050895358 54.39
940 0.1763550563993126 54.4
941 0.1767447801753162 54.41
942 0.1771282567466413 54.42
943 0.177520552501219 54.43
944 0.1779272076957561 54.44
945 0.1783322972922954 54.45
946 0.1787486147770125 54.46
947 0.1791670557854662 54.47
948 0.1795858315247945 54.48
949 0.1800035782470344 54.49
950 0.1804181417981893 54.5
951 0.1808281830711179 54.51
952 0.1812324764203587 54.52
953 0.1816293247034149 54.53
954 0.1820175968009477 54.54
955 0.1823963723059464 54.55
956 0.1827647948477469 54.56
957 0.1831220507802931 54.57
958 0.1834673794480524 54.58
959 0.1838003182766496 54.59
960 0.1841144787490272 54.6
961 0.184420316584601 54.61
962 0.1847076997584675 54.62
963 0.1849810178502242 54.63
964 0.1852401598027329 54.64
965 0.1854845973068375 54.65
966 0.1857142407390146 54.66
967 0.1859288075478671 54.67
968 0.1861281365791282 54.68
969 0.1863122410927101 54.69
970 0.1864810005901407 54.7
971 0.1866346271324609 54.71
972 0.1867727323685814 54.72
973 0.1868959055891224 54.73
974 0.1870046548930302 54.74
975 0.1870991599241738 54.75
976 0.1871796646646556 54.76
977 0.1872463587714452 54.77
978 0.1872995370617349 54.78
979 0.1873394457193802 54.79
980 0.1873664148714516 54.8
981 0.1873803855417946 54.81
982 0.1873819981536255 54.82
983 0.1873715580029171 54.83
984 0.1873495145123448 54.84
985 0.1873161684979758 54.85
986 0.1872718674174365 54.86
987 0.187217014132106 54.87
988 0.187151935187019 54.88
989 0.1870771021361666 54.89
990 0.1869928277974799 54.9
991 0.1868994316788969 54.91
992 0.1867975042256219 54.92
993 0.1866874918528721 54.93
994 0.1865698296885454 54.94
995 0.1864450397827344 54.95
996 0.1863136645046573 54.96
997 0.1861766995344748 54.97
998 0.1860347136112876 54.98
999 0.185887717408566 54.99
1000 0.1857371108644257 55
1001 0.185583045824701 55.01
1002 0.1854262114151546 55.02
1003 0.1852675026785412 55.03
1004 0.1851077582237537 55.04
1005 0.1849478640670765 55.05
1006 0.1847886559763143 55.06
1007 0.184630965551642 55.07
1008 0.1844757046608529 55.08
1009 0.1843238207005741 55.09
1010 0.1841763872257005 55.1
1011 0.184034084735212 55.11
1012 0.1838972985421397 55.12
1013 0.1837671101763679 55.13
1014 0.1836439533396192 55.14
1015 0.1835289642200112 55.15
1016 0.1834228311752082 55.16
1017 0.1833263245906567 55.17
1018 0.183240149629064 55.18
1019 0.1831657155545477 55.19
1020 0.183104593649355 55.2
1021 0.1830557171570845 55.21
1022 0.1830196914713608 55.22
1023 0.1829970320806564 55.23
1024 0.1829873621531075 55.24
1025 0.182991016813039 55.25
1026 0.1830094015186576 55.26
1027 0.1830428779159232 55.27
1028 0.1830915913534566 55.28
1029 0.1831554726160259 55.29
1030 0.1832345724052644 55.3
1031 0.1833289206935858 55.31
1032 0.1834383528363721 55.32
1033 0.183562789557291 55.33
1034 0.1837018679450578 55.34
1035 0.1838553497831711 55.35
1036 0.1840227111844709 55.36
1037 0.1842039750622609 55.37
1038 0.1843979645179194 55.38
1039 0.1846041499549528 55.39
1040 0.1848216062453215 55.4
1041 0.1850502113249041 55.41
1042 0.1852886881623797 55.42
1043 0.1855360164467648 55.43
1044 0.185791011568509 55.44
1045 0.1860531944351965 55.45
1046 0.1863205816549196 55.46
1047 0.1865927849299573 55.47
1048 0.1868681692574946 55.48
1049 0.1871462855159821 55.49
1050 0.187431796485748 55.5
1051 0.1877116032978351 55.51
1052 0.1879962034546755 55.52
1053 0.1882730943394955 55.53
1054 0.1885470547916894 55.54
1055 0.188816956672054 55.55
1056 0.1890868534828093 55.56
1057 0.1893451797749253 55.57
1058 0.1895974646985201 55.58
1059 0.1898423456241971 55.59
1060 0.1900786966455892 55.6
1061 0.190306451091152 55.61
1062 0.1905251443140644 55.62
1063 0.1907343206240939 55.63
1064 0.1909334139122237 55.64
1065 0.1911223264724222 55.65
1066 0.1913007575756714 55.66
1067 0.1914686174210711 55.67
1068 0.1916256478942998 55.68
1069 0.1917718049300492 55.69
1070 0.1919069330722479 55.7
1071 0.1920309340753502 55.71
1072 0.1921432050795887 55.72
1073 0.1922446692617622 55.73
1074 0.1923349633027012 55.74
1075 0.1924141205494331 55.75
1076 0.1924824253139541 55.76
1077 0.1925399438946836 55.77
1078 0.1925868578985135 55.78
1079 0.1926231041863281 55.79
1080 0.1926491801468153 55.8
1081 0.1926649242566596 55.81
1082 0.1926704058477416 55.82
1083 0.1926659921610721 55.83
1084 0.1926519525026777 55.84
1085 0.1926286283800458 55.85
1086 0.192596115258537 55.86
1087 0.1925543559152469 55.87
1088 0.1925039258276121 55.88
1089 0.1924450722842432 55.89
1090 0.192378115594225 55.9
1091 0.1923034428539334 55.91
1092 0.1922210460877268 55.92
1093 0.1921313763709476 55.93
1094 0.1920347290701097 55.94
1095 0.1919314639624192 55.95
1096 0.1918219677804599 55.96
1097 0.1917065805277897 55.97
1098 0.1915857555038858 55.98
1099 0.1914603699192748 55.99
1100 0.1913307837431539 56
1101 0.191197099991676 56.01
1102 0.1910598091567106 56.02
1103 0.1909195303326357 56.03
1104 0.1907768397315063 56.04
1105 0.1906324469528136 56.05
1106 0.1904869190921428 56.06
1107 0.1903409618100318 56.07
1108 0.1901952420434912 56.08
1109 0.1900507548723306 56.09
1110 0.1899079474168446 56.1
1111 0.189767574384255 56.11
1112 0.1896302364122479 56.12
1113 0.1894966416159655 56.13
1114 0.189367397933025 56.14
1115 0.1892431604501303 56.15
1116 0.1891246674965858 56.16
1117 0.1890122230774436 56.17
1118 0.1889066497408312 56.18
1119 0.1888084253224228 56.19
1120 0.1887180975980609 56.2
1121 0.188636242284298 56.21
1122 0.1885635239517301 56.22
1123 0.1885004368884429 56.23
1124 0.1884479749054452 56.24
1125 0.1884068934144474 56.25
1126 0.1883764532783396 56.26
1127 0.1883571804202474 56.27
1128 0.1883496613835792 56.28
1129 0.1883529350694232 56.29
1130 0.1883671027382598 56.3
1131 0.1883933424743044 56.31
1132 0.1884318116157863 56.32
1133 0.18848239497799 56.33
1134 0.1885449188576029 56.34
1135 0.1886191678330813 56.35
1136 0.1887051268618801 56.36
1137 0.1888033125243518 56.37
1138 0.1889128101723029 56.38
1139 0.1890332366044481 56.39
1140 0.1891641347087679 56.4
1141 0.1893052467392586 56.41
1142 0.1894559500296325 56.42
1143 0.1896158000803953 56.43
1144 0.189784150750106 56.44
1145 0.1899603914048769 56.45
1146 0.1901431571904466 56.46
1147 0.1903324561822231 56.47
1148 0.1905275052092807 56.48
1149 0.1907272439923517 56.49
1150 0.1909310919713131 56.5
1151 0.1911381532362156 56.51
1152 0.1913475926371506 56.52
1153 0.191558526031806 56.53
1154 0.191770102391677 56.54
1155 0.1919814313211968 56.55
1156 0.1921918753200498 56.56
1157 0.1924003850980274 56.57
1158 0.1926061770172828 56.58
1159 0.192808473034962 56.59
1160 0.1930066576514244 56.6
1161 0.1931998772759794 56.61
1162 0.1933877153329745 56.62
1163 0.1935696886128513 56.63
1164 0.1937452804826529 56.64
1165 0.1939141172481438 56.65
1166 0.1940758181508472 56.66
1167 0.1942300856899982 56.67
1168 0.1943767780044895 56.68
1169 0.1945153724576739 56.69
1170 0.1946458692793215 56.7
1171 0.1947679347974485 56.71
1172 0.1948815112845669 56.72
1173 0.1949865074884706 56.73
1174 0.1950827180668478 56.74
1175 0.1951702680880747 56.75
1176 0.1952488595586881 56.76
1177 0.1953185946983713 56.77
1178 0.1953796098144858 56.78
1179 0.1954320137064635 56.79
1180 0.1954757054150023 56.8
1181 0.1955109091390534 56.81
1182 0.195537700170665 56.82
1183 0.1955561037008476 56.83
1184 0.1955663316508721 56.84
1185 0.195568277583627 56.85
1186 0.1955622906243167 56.86
1187 0.1955484230866713 56.87
1188 0.1955269149451984 56.88
1189 0.1954979532705311 56.89
1190 0.1954617408274043 56.9
1191 0.1954184239973495 56.91
1192 0.1953681991801299 56.92
1193 0.195311295714387 56.93
1194 0.1952479024730772 56.94
1195 0.1951783309353863 56.95
1196 0.1951027489424565 56.96
1197 0.1950214142068989 56.97
1198 0.1949347059415027 56.98
1199 0.1948428209113998 56.99
1200 0.1947459754839674 57
1201 0.1946448521189763 57.01
1202 0.1945395432863377 57.02
1203 0.1944304459184579 57.03
1204 0.1943179048767747 57.04
1205 0.1942023240489378 57.05
1206 0.1940841883765922 57.06
1207 0.1939639945030894 57.07
1208 0.1938421996119771 57.08
1209 0.1937193268581047 57.09
1210 0.1935958999613736 57.1
1211 0.1934726877236898 57.11
1212 0.1933498633042297 57.12
1213 0.1932281881681933 57.13
1214 0.1931081548253546 57.14
1215 0.1929903432691243 57.15
1216 0.1928753122708976 57.16
1217 0.1927636318618741 57.17
1218 0.1926557544930468 57.18
1219 0.1925521881321492 57.19
1220 0.1924533882678592 57.2
1221 0.1923597535839555 57.21
1222 0.1922717262727686 57.22
1223 0.1921897766741193 57.23
1224 0.1921143748299692 57.24
1225 0.1920459493627496 57.25
1226 0.1919854053817489 57.26
1227 0.1919325177549535 57.27
1228 0.1918876331703488 57.28
1229 0.1918510639791886 57.29
1230 0.1918231447442746 57.3
1231 0.191804345260785 57.31
1232 0.1917946179160646 57.32
1233 0.1917943354071189 57.33
1234 0.1918034962136483 57.34
1235 0.1918221812066452 57.35
1236 0.1918504543639605 57.36
1237 0.191888262208351 57.37
1238 0.1919355016149325 57.38
1239 0.1919920582545789 57.39
1240 0.1920578470214784 57.4
1241 0.1921327933291641 57.41
1242 0.1922166730765557 57.42
1243 0.1923092362527501 57.43
1244 0.192410025398744 57.44
1245 0.1925186497042822 57.45
1246 0.1926348879633727 57.46
1247 0.1927584251713839 57.47
1248 0.1928889508244262 57.48
1249 0.1930257298871016 57.49
1250 0.1931682848282747 57.5
1251 0.1933160089311809 57.51
1252 0.1934681073104485 57.52
1253 0.1936241882656707 57.53
1254 0.1937836017535056 57.54
1255 0.1939456959671216 57.55
1256 0.1941098550255239 57.56
1257 0.1942754111576531 57.57
1258 0.1944416281824416 57.58
1259 0.1946078464953485 57.59
1260 0.194773420280699 57.6
1261 0.1949377158715202 57.61
1262 0.1951001429350963 57.62
1263 0.195260159082891 57.63
1264 0.195417145749732 57.64
1265 0.1955705735760946 57.65
1266 0.1957198545862076 57.66
1267 0.1958648812336874 57.67
1268 0.1960051177744068 57.68
1269 0.1961401971804762 57.69
1270 0.1962697128704264 57.7
1271 0.1963934919396195 57.71
1272 0.1965114396944357 57.72
1273 0.196623249825453 57.73
1274 0.1967286358679292 57.74
1275 0.1968275251576688 57.75
1276 0.1969196735573068 57.76
1277 0.197005079118717 57.77
1278 0.1970836407020102 57.78
1279 0.1971552792267506 57.79
1280 0.1972198617419388 57.8
1281 0.1972773808863973 57.81
1282 0.1973279149545017 57.82
1283 0.1973715193057168 57.83
1284 0.1974081512591642 57.84
1285 0.197437911969527 57.85
1286 0.1974608850602814 57.86
1287 0.1974771373325989 57.87
1288 0.1974866478660907 57.88
1289 0.1974894199098851 57.89
1290 0.1974857470203727 57.9
1291 0.1974757227536314 57.91
1292 0.1974594804591758 57.92
1293 0.1974370469796276 57.93
1294 0.1974086306552534 57.94
1295 0.1973744240944233 57.95
1296 0.1973345202089644 57.96
1297 0.1972891399833783 57.97
1298 0.1972384271735188 57.98
1299 0.1971827297263808 57.99
1300 0.197121967719502 58
1301 0.1970566411798766 58.01
1302 0.1969869000300779 58.02
1303 0.1969128948505987 58.03
1304 0.1968348137358938 58.04
1305 0.1967529990570406 58.05
1306 0.1966677480257276 58.06
1307 0.1965793918029384 58.07
1308 0.1964882309133913 58.08
1309 0.1963945611471621 58.09
1310 0.1962987549595257 58.1
1311 0.1962012033314524 58.11
1312 0.1961024456010239 58.12
1313 0.1960027168539206 58.13
1314 0.1959024505764767 58.14
1315 0.1958020601237492 58.15
1316 0.1957019607077481 58.16
1317 0.1956026077573425 58.17
1318 0.1955042932196859 58.18
1319 0.1954077091278619 58.19
1320 0.1953131534647588 58.2
1321 0.1952210826815591 58.21
1322 0.195131893195032 58.22
1323 0.1950459408529605 58.23
1324 0.1949636066212782 58.24
1325 0.1948852116394604 58.25
1326 0.1948111677498433 58.26
1327 0.1947417994294432 58.27
1328 0.1946774686056906 58.28
1329 0.1946184950268049 58.29
1330 0.1945651784622282 58.3
1331 0.1945182851642278 58.31
1332 0.1944775459476419 58.32
1333 0.1944431677524328 58.33
1334 0.1944154167915787 58.34
1335 0.1943947084399494 58.35
1336 0.194381162393942 58.36
1337 0.1943749003096689 58.37
1338 0.1943759408523283 58.38
1339 0.1943843696255868 58.39
1340 0.1944002202475894 58.4
1341 0.1944235258024289 58.41
1342 0.1944542919240319 58.42
1343 0.1944923498811904 58.43
1344 0.1945377576547591 58.44
1345 0.1945902928488711 58.45
1346 0.1946499715303332 58.46
1347 0.1947165386594652 58.47
1348 0.1947897024074946 58.48
1349 0.1948692307115862 58.49
1350 0.1949548896467945 58.5
1351 0.1950464304547374 58.51
1352 0.1951435543705477 58.52
1353 0.1952459341444774 58.53
1354 0.1953532184638321 58.54
1355 0.1954649383400508 58.55
1356 0.1955806385271619 58.56
1357 0.1956998534496844 58.57
1358 0.1958221437617239 58.58
1359 0.195947030671578 58.59
1360 0.1960740537346144 58.6
1361 0.1962026315087682 58.61
1362 0.1963322905939741 58.62
1363 0.1964623483514729 58.63
1364 0.1965924227271974 58.64
1365 0.1967221527303652 58.65
1366 0.1968508570519402 58.66
1367 0.1969782408831943 58.67
1368 0.197103775366573 58.68
1369 0.1972270759836733 58.69
1370 0.1973477673960868 58.7
1371 0.1974654577904832 58.71
1372 0.1975797739410546 58.72
1373 0.1976904464923395 58.73
1374 0.197797161154856 58.74
1375 0.1978996301145992 58.75
1376 0.1979976539168744 58.76
1377 0.1980908907202121 58.77
1378 0.1981795137591689 58.78
1379 0.1982631683587913 58.79
1380 0.198341761160671 58.8
1381 0.1984151547765367 58.81
1382 0.1984832227315885 58.82
1383 0.1985458521162194 58.83
1384 0.1986030040440344 58.84
1385 0.1986545416704632 58.85
1386 0.1987003531642957 58.86
1387 0.1987405665083062 58.87
1388 0.1987752780679382 58.88
1389 0.1988044543603387 58.89
1390 0.1988281252443208 58.9
1391 0.1988463292754041 58.91
1392 0.198859085463804 58.92
1393 0.1988664351009129 58.93
1394 0.1988683635534766 58.94
1395 0.1988650672712341 58.95
1396 0.1988566530895545 58.96
1397 0.1988431346266589 58.97
1398 0.1988246486786207 58.98
1399 0.1988013678237523 58.99
1400 0.1987734272171949 59
1401 0.1987408978002331 59.01
1402 0.1987039589847988 59.02
1403 0.1986627320420355 59.03
1404 0.1986173867164715 59.04
1405 0.1985681111095823 59.05
1406 0.1985151293156215 59.06
1407 0.1984585544005678 59.07
1408 0.1983985983703647 59.08
1409 0.1983354601899775 59.09
1410 0.1982692826290567 59.1
1411 0.198200362105968 59.11
1412 0.1981289704368402 59.12
1413 0.1980553694581361 59.13
1414 0.1979799099313785 59.14
1415 0.1979028684086006 59.15
1416 0.1978245160026746 59.16
1417 0.1977452313384598 59.17
1418 0.197665273445012 59.18
1419 0.1975849498258545 59.19
1420 0.1975046099239232 59.2
1421 0.1974246057086431 59.21
1422 0.1973452551549476 59.22
1423 0.1972669105626156 59.23
1424 0.1971899079441076 59.24
1425 0.1971145423889064 59.25
1426 0.1970410367292783 59.26
1427 0.1969698186654254 59.27
1428 0.1969011887128172 59.28
1429 0.1968354682194189 59.29
1430 0.1967729185914214 59.3
1431 0.1967138395960408 59.31
1432 0.1966584928831477 59.32
1433 0.1966071398228683 59.33
1434 0.1965600529099819 59.34
1435 0.1965174525792827 59.35
1436 0.19647989196229 59.36
1437 0.1964471834586609 59.37
1438 0.19641952025238 59.38
1439 0.1963971335943827 59.39
1440 0.1963802012254459 59.4
1441 0.1963688604972183 59.41
1442 0.1963631357488155 59.42
1443 0.1963631873643902 59.43
1444 0.1963690017258276 59.44
1445 0.196380593116208 59.45
1446 0.1963980173149836 59.46
1447 0.1964212384665014 59.47
1448 0.1964502169918086 59.48
1449 0.1964849138095586 59.49
1450 0.1965251996355299 59.5
1451 0.1965709807986367 59.51
1452 0.1966220721272175 59.52
1453 0.1966782102574754 59.53
1454 0.1967392459130227 59.54
1455 0.1968051549534073 59.55
1456 0.1968756493839328 59.56
1457 0.1969504258529212 59.57
1458 0.197029269973292 59.58
1459 0.197111897445116 59.59
1460 0.1971978745151197 59.6
1461 0.1972869621142948 59.61
1462 0.1973788439535054 59.62
1463 0.1974731348744775 59.63
1464 0.1975695678539922 59.64
1465 0.1976676722668005 59.65
1466 0.1977670970141268 59.66
1467 0.1978673242592902 59.67
1468 0.1979681874123778 59.68
1469 0.1980692110535597 59.69
1470 0.198170002153247 59.7
1471 0.1982701931970314 59.71
1472 0.1983693971969975 59.72
1473 0.1984672914245644 59.73
1474 0.1985635883743518 59.74
1475 0.1986578671538021 59.75
1476 0.1987498988882115 59.76
1477 0.1988393986329003 59.77
1478 0.1989261261866253 59.78
1479 0.1990098460443201 59.79
1480 0.1990888200946213 59.8
1481 0.1991667886091896 59.81
1482 0.1992405025261268 59.82
1483 0.1993131237939018 59.83
1484 0.1993823434051194 59.84
1485 0.1994473150138718 59.85
1486 0.1995079535105282 59.86
1487 0.1995640882013828 59.87
1488 0.1996157615057565 59.88
1489 0.1996629316078464 59.89
1490 0.1997052755468574 59.9
1491 0.1997430513635466 59.91
1492 0.1997762078204204 59.92
1493 0.1998046614509719 59.93
1494 0.1998284075929637 59.94
1495 0.1998474255979798 59.95
1496 0.1998617377485533 59.96
1497 0.1998713665717993 59.97
1498 0.1998762564765687 59.98
1499 0.1998765481297852 59.99
1500 0.1998723155133472 60
