"frac-mass-n2-rfile"
"Time Step" "frac-mass-n2 etc.."
("Time Step" "frac-mass-n2" "flow-time")
0 0.7693979400232813 0
1 0.7690364804713251 0.1
2 0.7685974893074173 0.2
3 0.7682016051067142 0.3
4 0.7678893531951487 0.4
5 0.7675630597959225 0.5
6 0.7671413052550412 0.6000000000000001
7 0.766669514676623 0.7000000000000001
8 0.7662092907429737 0.8
9 0.7657867097630574 0.9
10 0.7653997002300734 1
11 0.7650422779808053 1.1
12 0.7647043096283856 1.2
13 0.7643727541542178 1.3
14 0.7640410921622163 1.4
15 0.7637070792816469 1.5
16 0.7633680603905229 1.6
17 0.7630232870886454 1.7
18 0.7626666417422991 1.8
19 0.7623322346742211 1.9
20 0.7619649890965755 2
21 0.7616196375393911 2.1
22 0.7613033714059143 2.2
23 0.7609527033767876 2.3
24 0.760629221441009 2.4
25 0.760275068468362 2.5
26 0.7599238760574175 2.6
27 0.7595698702786605 2.7
28 0.7592161958312516 2.8
29 0.7588602973362069 2.9
30 0.7585013304147105 3
31 0.7581386888685829 3.1
32 0.7577726207063101 3.2
33 0.7574021283415635 3.3
34 0.7570288248212801 3.4
35 0.7566548318459868 3.5
36 0.7562763772027584 3.6
37 0.7558950266677098 3.7
38 0.7555112937762838 3.8
39 0.7551250470583305 3.9
40 0.7547364757245435 4
41 0.7543461358658458 4.100000000000001
42 0.7539543474814039 4.2
43 0.7535614891439745 4.3
44 0.7531682708421183 4.4
45 0.7527751334180275 4.5
46 0.7523828618370958 4.600000000000001
47 0.7519915704274989 4.7
48 0.7516020303946014 4.800000000000001
49 0.7512146910469452 4.9
50 0.7508299004821766 5
51 0.7504473783715255 5.100000000000001
52 0.7500676825436922 5.2
53 0.7496908046780755 5.300000000000001
54 0.7493159126373835 5.4
55 0.7489431214810433 5.5
56 0.7485947327530162 5.600000000000001
57 0.7482257176315035 5.7
58 0.7478805517747433 5.800000000000001
59 0.7475334454334807 5.9
60 0.7471713562356179 6
61 0.7468267088414688 6.100000000000001
62 0.7464666337721191 6.2
63 0.7461054937928265 6.300000000000001
64 0.7457447922351741 6.4
65 0.7453847001883132 6.5
66 0.7450248354919262 6.600000000000001
67 0.7446641721509554 6.7
68 0.7443033676108834 6.800000000000001
69 0.7439638006400626 6.9
70 0.7436020799144998 7
71 0.743250100831229 7.100000000000001
72 0.7428842552414806 7.2
73 0.742530783294069 7.300000000000001
74 0.7421937035561804 7.4
75 0.7418571926435775 7.5
76 0.7415153902184289 7.600000000000001
77 0.7411825519803693 7.7
78 0.7408029270096431 7.800000000000001
79 0.7404684082999693 7.9
80 0.7400844655331144 8
81 0.7396724722868384 8.1
82 0.7392420965786208 8.200000000000001
83 0.7388548169264995 8.300000000000001
84 0.7385161850329952 8.4
85 0.7382688506771147 8.5
86 0.7379309697269949 8.6
87 0.7374918992385301 8.700000000000001
88 0.7371620211564647 8.800000000000001
89 0.7367153662275975 8.9
90 0.736322134025034 9
91 0.7358206881393036 9.1
92 0.7354834357877531 9.200000000000001
93 0.7349644310065487 9.300000000000001
94 0.734561856976917 9.4
95 0.7340564247855879 9.5
96 0.7336471610109716 9.600000000000001
97 0.7331637603681528 9.700000000000001
98 0.7326750378708761 9.800000000000001
99 0.732179263794289 9.9
100 0.7317831599629815 10
101 0.7312617922205468 10.1
102 0.7308566314607086 10.2
103 0.7303125649949059 10.3
104 0.7298936228816295 10.4
105 0.7293198016094098 10.5
106 0.7289122631031394 10.6
107 0.7283127407701302 10.7
108 0.7278888006411736 10.8
109 0.7272709131170907 10.9
110 0.7268465304449699 11
111 0.7262542141764632 11.1
112 0.7258397140950046 11.2
113 0.7252663552073414 11.3
114 0.7248683988905422 11.4
115 0.7243330855529776 11.5
116 0.7239380021451265 11.6
117 0.7234017559806799 11.7
118 0.7230350791742167 11.8
119 0.7225056953112555 11.9
120 0.7221331199989243 12
121 0.7215938257885557 12.1
122 0.7210661427305978 12.2
123 0.7207123968731989 12.3
124 0.7201954003725431 12.4
125 0.7197008347606114 12.5
126 0.7193472329276803 12.6
127 0.7188979504355734 12.7
128 0.7185955641275243 12.8
129 0.7182689885934592 12.9
130 0.7179405344509812 13
131 0.7176036674731324 13.1
132 0.7172668997184898 13.2
133 0.7169298450935198 13.3
134 0.7165924444028371 13.4
135 0.7162547317169971 13.5
136 0.7159166723912656 13.6
137 0.7155780958799131 13.7
138 0.7152386678477489 13.8
139 0.7148981673740376 13.9
140 0.7145565058836735 14
141 0.7142139339335948 14.1
142 0.7138709898658651 14.2
143 0.7135285052161762 14.3
144 0.7131869739140737 14.4
145 0.7128469573552991 14.5
146 0.7125086382855 14.6
147 0.7121722818629539 14.7
148 0.711836684786928 14.8
149 0.7115257690735676 14.9
150 0.7112168101689288 15
151 0.7109074482527933 15.1
152 0.7105980677503592 15.2
153 0.710289216298001 15.3
154 0.7099804471833064 15.4
155 0.7096730172165815 15.5
156 0.7093637399708278 15.6
157 0.7090554219511243 15.7
158 0.7087464906083757 15.8
159 0.7084383679555788 15.9
160 0.7081298555699612 16
161 0.7078215510972088 16.1
162 0.7075134410670163 16.2
163 0.7072072956539078 16.3
164 0.7069000006039711 16.4
165 0.7065943974511748 16.5
166 0.7062889557430125 16.6
167 0.7059829482539351 16.7
168 0.7056772247545381 16.8
169 0.7053710494569349 16.9
170 0.7050651199074159 17
171 0.7047590047713657 17.1
172 0.7044543416599326 17.2
173 0.7041491728550332 17.3
174 0.7038452677979049 17.4
175 0.7035395808844521 17.5
176 0.7032348030431153 17.6
177 0.7029299231242135 17.7
178 0.7026250831660478 17.8
179 0.7023220056689709 17.9
180 0.7020193352134467 18
181 0.7017168258954296 18.1
182 0.7014144147127053 18.2
183 0.7011123084905153 18.3
184 0.7008092150316124 18.4
185 0.7005074120815951 18.5
186 0.7002044002751004 18.6
187 0.699901361327561 18.7
188 0.6996002213530635 18.8
189 0.6992984520030491 18.9
190 0.6989967700918865 19
191 0.6986952575003215 19.1
192 0.6983934207608288 19.2
193 0.6980924581514446 19.3
194 0.6977911609010231 19.4
195 0.6974899711852082 19.5
196 0.697188983284674 19.6
197 0.6968875217282573 19.7
198 0.6965868262787029 19.8
199 0.696286484051119 19.9
200 0.6959873213646589 20
201 0.6956892495376354 20.1
202 0.6953894144037984 20.2
203 0.6950905384928797 20.3
204 0.6947907943901664 20.4
205 0.6944927359302391 20.5
206 0.6941941200276598 20.6
207 0.6938960508381345 20.7
208 0.6935988780901388 20.8
209 0.6933007964018408 20.9
210 0.6930026006833936 21
211 0.6927048248077973 21.1
212 0.6924088772525029 21.2
213 0.6921111965102477 21.3
214 0.6918144821546924 21.4
215 0.6915190812460946 21.5
216 0.6912219446219372 21.6
217 0.6909271642923867 21.7
218 0.6906320836272865 21.8
219 0.6903373233508959 21.9
220 0.6900429100335662 22
221 0.6897484675136523 22.1
222 0.6894539129237526 22.2
223 0.6891597432341173 22.3
224 0.6888640142819182 22.4
225 0.6885454014653415 22.5
226 0.6882515698495054 22.6
227 0.6879567666207523 22.7
228 0.6876615631851507 22.8
229 0.6873672740552554 22.9
230 0.6870736975021904 23
231 0.686780919155853 23.1
232 0.6864887507221221 23.2
233 0.6861964449216164 23.3
234 0.6859029858781455 23.4
235 0.6856098046620976 23.5
236 0.6852932855941513 23.6
237 0.6850005183061456 23.7
238 0.6847078989615626 23.8
239 0.6844169103970511 23.9
240 0.6841265247472127 24
241 0.6838358088011249 24.1
242 0.6835205647789802 24.2
243 0.6832306080147054 24.3
244 0.6829400835794669 24.4
245 0.6826492787623893 24.5
246 0.6823349571304539 24.6
247 0.6820442860044512 24.7
248 0.6817534747137474 24.8
249 0.6814398517573277 24.9
250 0.6811496108341121 25
251 0.6808593570919655 25.1
252 0.6805699982477456 25.2
253 0.6802804641483828 25.3
254 0.679990965742532 25.4
255 0.6796787519432053 25.5
256 0.6793910946203501 25.6
257 0.6791021434413748 25.7
258 0.6788135055366703 25.8
259 0.6785246644989079 25.9
260 0.6782371813044754 26
261 0.6779499128116705 26.1
262 0.6776623459347588 26.2
263 0.6773752220897389 26.3
264 0.6770884117015509 26.4
265 0.6768026955334636 26.5
266 0.6764929208343116 26.6
267 0.6762060698413468 26.7
268 0.6759195498867495 26.8
269 0.6756103316669458 26.9
270 0.6753248332412114 27
271 0.6750395462314539 27.1
272 0.6747312927058808 27.2
273 0.6744459234050005 27.3
274 0.6741606171384464 27.4
275 0.6738752594364623 27.5
276 0.6735899321070133 27.6
277 0.6733047621825829 27.7
278 0.6730195919055905 27.8
279 0.6727351342829039 27.9
280 0.672428556854199 28
281 0.6721461528677777 28.1
282 0.6718640267702378 28.2
283 0.6715802477759479 28.3
284 0.6712965822179299 28.4
285 0.6710149655042608 28.5
286 0.6707316643509003 28.6
287 0.670450140799403 28.7
288 0.6701679307903421 28.8
289 0.6698857370350537 28.9
290 0.6696033183655965 29
291 0.6693216760706765 29.1
292 0.66904026580706 29.2
293 0.6687582489900116 29.3
294 0.6684770600452334 29.4
295 0.6681952400800033 29.5
296 0.6678917718239424 29.6
297 0.6676105576068341 29.7
298 0.6673297267312595 29.8
299 0.6670493314158945 29.9
300 0.6667699527866394 30
301 0.666490020788172 30.1
302 0.6662112947206289 30.2
303 0.6659314766469371 30.3
304 0.6656513824019594 30.4
305 0.6653713385141495 30.5
306 0.6650923600253833 30.6
307 0.6648125767053003 30.7
308 0.6645337681075471 30.8
309 0.6642564594363692 30.9
310 0.663977612788395 31
311 0.6636986523112296 31.1
312 0.6634219242435133 31.2
313 0.6631441495176038 31.3
314 0.6628659716752593 31.4
315 0.662587667653629 31.5
316 0.6623096954973742 31.6
317 0.662032116156272 31.7
318 0.6617559736204406 31.8
319 0.6614802998103115 31.9
320 0.6612030315455104 32
321 0.6609280050936179 32.1
322 0.6606527565135948 32.2
323 0.6603760867884267 32.3
324 0.660099592257914 32.4
325 0.6598234844785761 32.5
326 0.6595480793588927 32.6
327 0.6592719876629283 32.7
328 0.6589976620235696 32.8
329 0.6587241983598733 32.9
330 0.6584500777692969 33
331 0.6581754194837306 33.1
332 0.6579004134108415 33.2
333 0.6576253399187937 33.3
334 0.6573509817806741 33.4
335 0.6570780073980051 33.5
336 0.6568043380405563 33.6
337 0.6565319813153543 33.7
338 0.6562585665185628 33.8
339 0.6559850905097386 33.9
340 0.6557121197623044 34
341 0.6554389842911659 34.1
342 0.6551662583240125 34.2
343 0.6548932688896942 34.3
344 0.6546212650798515 34.4
345 0.654348871182362 34.5
346 0.654077208322368 34.6
347 0.6538055145140941 34.7
348 0.6535339197675261 34.8
349 0.6532622752986833 34.9
350 0.6529907520253148 35
351 0.6527196849709577 35.1
352 0.6524484162793812 35.2
353 0.6521777128495145 35.3
354 0.6519077399020898 35.4
355 0.6516373902578378 35.5
356 0.6513673701563408 35.6
357 0.6510971301272741 35.7
358 0.6508273055777983 35.8
359 0.6505582318122435 35.9
360 0.6502888010310635 36
361 0.6500201865277178 36.1
362 0.649751274560011 36.2
363 0.6494827755550178 36.3
364 0.6492143385405319 36.4
365 0.6489454715071128 36.5
366 0.6486774973789133 36.6
367 0.6484090756852848 36.7
368 0.6481411111810739 36.8
369 0.6478732447209935 36.9
370 0.64760578490514 37
371 0.6473387353491231 37.1
372 0.6470729938327499 37.2
373 0.646807607999369 37.3
374 0.6465407150532959 37.4
375 0.646275627446648 37.5
376 0.6460097009256411 37.6
377 0.6457437696542567 37.7
378 0.6454772573675178 37.8
379 0.6452109482660559 37.9
380 0.6449447842245291 38
381 0.6446788764640297 38.1
382 0.6444132858253164 38.2
383 0.6441481877156073 38.3
384 0.6438825536503144 38.40000000000001
385 0.6436176271253602 38.5
386 0.6433535502646682 38.6
387 0.6430905336163683 38.7
388 0.6428265342713084 38.8
389 0.6425625040419845 38.90000000000001
390 0.6422997785696051 39
391 0.6420372171583977 39.1
392 0.641775096191463 39.2
393 0.6415132463422186 39.3
394 0.6412506461459067 39.40000000000001
395 0.6409881178905694 39.5
396 0.6407268839965212 39.6
397 0.6404645660281618 39.7
398 0.6402027363079363 39.8
399 0.6399402140296473 39.90000000000001
400 0.6396780044573028 40
401 0.6394166406030038 40.1
402 0.6391546881416632 40.2
403 0.6388929365838896 40.3
404 0.6386320659279217 40.40000000000001
405 0.6383708915667727 40.5
406 0.6381101131534387 40.6
407 0.6378497419711707 40.7
408 0.6375892784348526 40.8
409 0.63732887611126 40.90000000000001
410 0.6370702737142367 41
411 0.6368106453158866 41.1
412 0.6365511673167645 41.2
413 0.6362914017923105 41.3
414 0.6360319234561771 41.40000000000001
415 0.6357723489029836 41.5
416 0.6355129381148268 41.6
417 0.6352543631096534 41.7
418 0.6349961348243033 41.8
419 0.6347378301507248 41.90000000000001
420 0.6344803709108978 42
421 0.6342231567843295 42.1
422 0.6339648357144286 42.2
423 0.633707304446161 42.3
424 0.633449242475825 42.40000000000001
425 0.6331912560033852 42.5
426 0.6329340217386514 42.6
427 0.6326771242144568 42.7
428 0.6324198592687037 42.8
429 0.6321633254351429 42.90000000000001
430 0.6319065980051676 43
431 0.6316498166039899 43.1
432 0.6313937918533329 43.2
433 0.6311374806179463 43.3
434 0.630881697509646 43.40000000000001
435 0.6306261971815443 43.5
436 0.6303703728307618 43.6
437 0.630115156147052 43.7
438 0.6298598127299557 43.8
439 0.6296047136248978 43.90000000000001
440 0.6293506894894555 44
441 0.6290960155659377 44.1
442 0.6288412697573745 44.2
443 0.6285865202791295 44.3
444 0.6283323506697358 44.40000000000001
445 0.6280780401677578 44.5
446 0.6278243389388685 44.6
447 0.6275708675719786 44.7
448 0.6273169629328538 44.8
449 0.6270630752864743 44.90000000000001
450 0.6268098216847252 45
451 0.6265564915560341 45.1
452 0.6263036818017494 45.2
453 0.6260509498775283 45.3
454 0.6257987272062926 45.40000000000001
455 0.625546457345056 45.5
456 0.6252940064812139 45.6
457 0.6250420454274516 45.7
458 0.624790549357642 45.8
459 0.6245388847984962 45.90000000000001
460 0.6242877739981526 46
461 0.62403659588003 46.1
462 0.6237854680089649 46.2
463 0.6235342094327531 46.3
464 0.6232832390825337 46.40000000000001
465 0.623032955743258 46.5
466 0.6227823783909031 46.6
467 0.6225320216028323 46.7
468 0.6222823327139869 46.8
469 0.622032283621519 46.90000000000001
470 0.6217827488098667 47
471 0.621533316424139 47.1
472 0.6212840670185961 47.2
473 0.6210360476789726 47.3
474 0.6207873331671001 47.40000000000001
475 0.6205383006580034 47.5
476 0.6202898218683104 47.6
477 0.6200407932194848 47.7
478 0.6197925471251435 47.8
479 0.6195440019134251 47.90000000000001
480 0.6192956541978779 48
481 0.6190473946697013 48.1
482 0.6187992319799428 48.2
483 0.6185517952581493 48.3
484 0.6183045021241088 48.40000000000001
485 0.6180572197988116 48.5
486 0.6178103275346865 48.6
487 0.6175632475683174 48.7
488 0.6173164822351052 48.8
489 0.6170697266829318 48.90000000000001
490 0.6168233927613166 49
491 0.6165766144891941 49.1
492 0.6163304010903796 49.2
493 0.6160845289915915 49.3
494 0.6158381803802959 49.40000000000001
495 0.6155923408221119 49.5
496 0.615346701079835 49.6
497 0.6151015897269344 49.7
498 0.6148561543701672 49.8
499 0.61461112501686 49.90000000000001
500 0.6143656302133507 50
501 0.6143391849150297 50.01
502 0.6143124710506443 50.02
503 0.6142854444443969 50.03
504 0.6142581161597964 50.04
505 0.6142304276483512 50.05
506 0.6142023605966662 50.06
507 0.6141738361037197 50.07
508 0.6141448038687102 50.08
509 0.6141154733656428 50.09
510 0.6140860177665153 50.1
511 0.6140565198132825 50.11
512 0.6140269642088045 50.12
513 0.6139972849707416 50.13
514 0.6139673583346515 50.14
515 0.6139370034378829 50.15
516 0.6139060670221826 50.16
517 0.6138743688779384 50.17
518 0.6138417551144846 50.18
519 0.6138080375510692 50.19
520 0.6137731084515498 50.2
521 0.6137368932222358 50.21
522 0.6136993488042403 50.22
523 0.613660409560993 50.23
524 0.6136199781971277 50.24
525 0.6135779751601872 50.25
526 0.6135342983771755 50.26
527 0.6134888145281794 50.27
528 0.6134414043774661 50.28
529 0.6133919603597281 50.29
530 0.6133403533964854 50.3
531 0.6132864804222882 50.31
532 0.613230219606247 50.32
533 0.6131714549121758 50.33
534 0.6131101066729757 50.34
535 0.613045108359168 50.35
536 0.6129727714413988 50.36
537 0.6129046660920355 50.37
538 0.612849071719646 50.38
539 0.6127876935198264 50.39
540 0.6127599268773716 50.4
541 0.6127291054910577 50.41
542 0.6127273737720158 50.42
543 0.612762030799172 50.43
544 0.6128846623298601 50.44
545 0.6130945206136642 50.45
546 0.6134279867850018 50.46
547 0.6138964910384676 50.47
548 0.6145195163630326 50.48
549 0.6152882971546775 50.49
550 0.6161937723358126 50.5
551 0.6173216668879852 50.51
552 0.6186178336111184 50.52
553 0.6201691000314454 50.53
554 0.6220515770775119 50.54
555 0.6243139892760252 50.55
556 0.6270079471784251 50.56
557 0.6301504903527776 50.57
558 0.6337321314710672 50.58
559 0.6377038609877044 50.59
560 0.6420046493394561 50.6
561 0.6465216035367605 50.61
562 0.6511055262265979 50.62
563 0.6556336613695452 50.63
564 0.6599450309694863 50.64
565 0.6639559260706533 50.65
566 0.6675772175861201 50.66
567 0.6707771040610225 50.67
568 0.6736315058289249 50.68
569 0.6762117409802643 50.69
570 0.6785651369703636 50.7
571 0.6807146698411328 50.71
572 0.682675219039763 50.72
573 0.6844676510066563 50.73
574 0.6861020663795636 50.74
575 0.6875212876136785 50.75
576 0.688708046512477 50.76
577 0.6896335295235357 50.77
578 0.6902840235878808 50.78
579 0.6906856475641443 50.79
580 0.6908104677169068 50.8
581 0.6907091748731787 50.81
582 0.6904280649354956 50.82
583 0.689972542478088 50.83
584 0.689358859728569 50.84
585 0.6886544728494047 50.85
586 0.6879054692739991 50.86
587 0.6871828289980277 50.87
588 0.6865127358262736 50.88
589 0.6859049148403735 50.89
590 0.6853342630606403 50.9
591 0.6848185892925441 50.91
592 0.6843477839091235 50.92
593 0.6839190797031818 50.93
594 0.6835272480626612 50.94
595 0.6831668956254967 50.95
596 0.6828359962816974 50.96
597 0.6825409050757014 50.97
598 0.6822699621805753 50.98
599 0.6820215718489511 50.99
600 0.681795399307364 51
601 0.6815944742532478 51.01
602 0.681416133437844 51.02
603 0.6812834957100301 51.03
604 0.6812087259460247 51.04
605 0.6811847355460756 51.05
606 0.6812218082198963 51.06
607 0.6813266669913739 51.07
608 0.681506622474824 51.08
609 0.6817766326070666 51.09
610 0.6821565050954704 51.1
611 0.6826588792916335 51.11
612 0.6833024077747037 51.12
613 0.6841074622162586 51.13
614 0.6850923360531527 51.14
615 0.6862680551626983 51.15
616 0.6876311199062471 51.16
617 0.6891715977717134 51.17
618 0.6908575861104297 51.18
619 0.6926704050277096 51.19
620 0.6945975702914585 51.2
621 0.6965556821877302 51.21
622 0.6985122194346696 51.22
623 0.7004487559074833 51.23
624 0.7023123676750284 51.24
625 0.7040984396574625 51.25
626 0.7057932557704175 51.26
627 0.7073816778586935 51.27
628 0.708865072223929 51.28
629 0.7102253016337632 51.29
630 0.7114717342793069 51.3
631 0.7125935327743411 51.31
632 0.713580995876976 51.32
633 0.7144338459975412 51.33
634 0.715151997446428 51.34
635 0.7157392618473387 51.35
636 0.7161840932084631 51.36
637 0.7165081141128895 51.37
638 0.7167289897168023 51.38
639 0.7168480626904555 51.39
640 0.7168791970071018 51.4
641 0.7168137247436522 51.41
642 0.7166711819869352 51.42
643 0.7164554467501517 51.43
644 0.716167027559136 51.44
645 0.7158774568145593 51.45
646 0.7155363795990907 51.46
647 0.7151941010438756 51.47
648 0.714860588204081 51.48
649 0.7145411733668977 51.49
650 0.7142416467036117 51.5
651 0.7139717107258412 51.51
652 0.7137315908324833 51.52
653 0.7135259100883035 51.53
654 0.7133485987440901 51.54
655 0.7132538244885744 51.55
656 0.7132310757660451 51.56
657 0.7132869358802172 51.57
658 0.7134307382456514 51.58
659 0.7136716887874073 51.59
660 0.7140256754933024 51.6
661 0.714491599242048 51.61
662 0.7150641022084245 51.62
663 0.7157356235639865 51.63
664 0.7165297252033779 51.64
665 0.7174067772661308 51.65
666 0.7183665468478427 51.66
667 0.7194128650569481 51.67
668 0.7205192735921311 51.68
669 0.7216636877758024 51.69
670 0.7228399659445969 51.7
671 0.7240231965630858 51.71
672 0.7252169886638218 51.72
673 0.7263570938944606 51.73
674 0.7274956945695478 51.74
675 0.7285872599007722 51.75
676 0.7296443377677182 51.76
677 0.7306463492995864 51.77
678 0.7315918922446214 51.78
679 0.7324586250723711 51.79
680 0.7332938542302538 51.8
681 0.7340603802609426 51.81
682 0.7347886738476896 51.82
683 0.7354610096529479 51.83
684 0.7360839464310086 51.84
685 0.7366239203134097 51.85
686 0.7371302842488526 51.86
687 0.7375985600674919 51.87
688 0.7380256306576439 51.88
689 0.7384135043812997 51.89
690 0.7387541279634026 51.9
691 0.7390651260349704 51.91
692 0.7393558078628107 51.92
693 0.7396164368262272 51.93
694 0.7398395037109835 51.94
695 0.7400394616134707 51.95
696 0.7402504139834593 51.96
697 0.7404429495827554 51.97
698 0.7406026600758379 51.98
699 0.7407382033286204 51.99
700 0.7408775261251803 52
701 0.7409953042744204 52.01
702 0.7411103140435586 52.02
703 0.7412123065759487 52.03
704 0.7413001655959518 52.04
705 0.7413817559883793 52.05
706 0.7414318053523836 52.06
707 0.7414950826004013 52.07
708 0.7415547442011584 52.08
709 0.7416060194829623 52.09
710 0.7416496301928439 52.1
711 0.7416821798087727 52.11
712 0.7417079084871961 52.12
713 0.7417286176701524 52.13
714 0.7417451189384147 52.14
715 0.7417583163941901 52.15
716 0.7417561351060636 52.16
717 0.7417776317169726 52.17
718 0.7417857518230556 52.18
719 0.7417936340162496 52.19
720 0.7418024556500318 52.2
721 0.741813284924842 52.21
722 0.7418236789226327 52.22
723 0.7418395049394698 52.23
724 0.7418611892817357 52.24
725 0.7418906422383226 52.25
726 0.7419262126027707 52.26
727 0.7419687573662372 52.27
728 0.742018737506266 52.28
729 0.7420748430962318 52.29
730 0.7421425894454423 52.3
731 0.7422195934449525 52.31
732 0.7423102275247752 52.32
733 0.7424113424788445 52.33
734 0.7425192813869985 52.34
735 0.7426386172212754 52.35
736 0.7427756357295946 52.36
737 0.742946817749744 52.37
738 0.743107758442284 52.38
739 0.7432849252318428 52.39
740 0.7434850619027309 52.4
741 0.7436991131714616 52.41
742 0.743924420808492 52.42
743 0.7441734547190867 52.43
744 0.7444493878861105 52.44
745 0.7447356560636412 52.45
746 0.7450327587138893 52.46
747 0.7453260588107211 52.47
748 0.7456377769835006 52.48
749 0.7459557936334044 52.49
750 0.7462790391985823 52.5
751 0.7466066559073529 52.51
752 0.7469376717335678 52.52
753 0.7472674443990702 52.53
754 0.7475989163054994 52.54
755 0.747929859222081 52.55
756 0.7482605047763354 52.56
757 0.748588506654526 52.57
758 0.7489157708528223 52.58
759 0.7492400490045636 52.59
760 0.7495603366627441 52.6
761 0.7498756243008425 52.61
762 0.7501849676787564 52.62
763 0.7504876101557748 52.63
764 0.7507827465329259 52.64
765 0.7510696871997056 52.65
766 0.7513477380463407 52.66
767 0.7516165531869518 52.67
768 0.7518757628699785 52.68
769 0.7521253131286547 52.69
770 0.7523650089019022 52.7
771 0.7525946836087365 52.71
772 0.7528144030528632 52.72
773 0.7530240989354882 52.73
774 0.7532237539387951 52.74
775 0.753414032897722 52.75
776 0.7535925551596379 52.76
777 0.753762040481581 52.77
778 0.7539229019439467 52.78
779 0.7540744847911361 52.79
780 0.7542169626043557 52.8
781 0.7543505275993876 52.81
782 0.7544753285363508 52.82
783 0.7545914877627178 52.83
784 0.7546854678436643 52.84
785 0.754796574458552 52.85
786 0.7548855450051231 52.86
787 0.7549557193341772 52.87
788 0.7550304302428134 52.88
789 0.7550861604682669 52.89
790 0.7551353674218905 52.9
791 0.7551781465331523 52.91
792 0.7552146767776482 52.92
793 0.7552696117805063 52.93
794 0.7553174602489477 52.94
795 0.7553486965204625 52.95
796 0.7553734970975806 52.96
797 0.7553935745689536 52.97
798 0.7554086537848741 52.98
799 0.7554188860957981 52.99
800 0.7554245168622593 53
801 0.7554264729961609 53.01
802 0.7554273726688906 53.02
803 0.7554239378985204 53.03
804 0.7554167611597382 53.04
805 0.7554057234564068 53.05
806 0.7553912869226127 53.06
807 0.75537023780989 53.07
808 0.7553465701960024 53.08
809 0.7553204599085989 53.09
810 0.7552922527961937 53.1
811 0.7552523197065372 53.11
812 0.7552111969096803 53.12
813 0.7551691872007876 53.13
814 0.7551372121887711 53.14
815 0.7551033015216432 53.15
816 0.7550686946560685 53.16
817 0.7550345936146868 53.17
818 0.7550009256966869 53.18
819 0.7549681279326016 53.19
820 0.7549365891492948 53.2
821 0.7549062267629435 53.21
822 0.7548785210356781 53.22
823 0.7548533116374075 53.23
824 0.754830883918102 53.24
825 0.7548105855278852 53.25
826 0.7547944939173219 53.26
827 0.7547834812772859 53.27
828 0.7547825084446089 53.28
829 0.7547833672565062 53.29
830 0.7548038491537086 53.3
831 0.7548155924129334 53.31
832 0.7548327174785805 53.32
833 0.7548869135184015 53.33
834 0.7549567039318369 53.34
835 0.7550471138905137 53.35
836 0.7551337399278434 53.36
837 0.7552265564695332 53.37
838 0.7553289316444353 53.38
839 0.755433752903798 53.39
840 0.7555515649513787 53.4
841 0.7556676240770328 53.41
842 0.7557924089601845 53.42
843 0.755915377675007 53.43
844 0.75604903795643 53.44
845 0.7561867938531879 53.45
846 0.7563279711664346 53.46
847 0.7564722267296796 53.47
848 0.7566189739427206 53.48
849 0.7567675389766507 53.49
850 0.7569174344405484 53.5
851 0.7570679376586962 53.51
852 0.7572185163933315 53.52
853 0.7573686014105944 53.53
854 0.7575174624974685 53.54
855 0.7576646994010929 53.55
856 0.7578097034123814 53.56
857 0.7579521762653498 53.57
858 0.7580916008627351 53.58
859 0.7582276035423611 53.59
860 0.7583599881600778 53.6
861 0.758487937708848 53.61
862 0.7586117315066015 53.62
863 0.7587312449171185 53.63
864 0.7588464009886378 53.64
865 0.7589569816175183 53.65
866 0.7590627665081817 53.66
867 0.7591642305567163 53.67
868 0.7592609106846853 53.68
869 0.7593524838676148 53.69
870 0.7594392822436181 53.7
871 0.7595207202155424 53.71
872 0.7595973505506858 53.72
873 0.7596691733331995 53.73
874 0.7597362197947395 53.74
875 0.7597985216364541 53.75
876 0.7598561816167285 53.76
877 0.7599092252375113 53.77
878 0.7599577082751996 53.78
879 0.760001755179468 53.79
880 0.7600414471299138 53.8
881 0.7600768667973162 53.81
882 0.7601081128104203 53.82
883 0.7601353004042644 53.83
884 0.7601585061520708 53.84
885 0.7601778366282611 53.85
886 0.760193339092357 53.86
887 0.7602073638404709 53.87
888 0.7602177551470104 53.88
889 0.7602246761916303 53.89
890 0.7602282540018819 53.9
891 0.7602265324703654 53.91
892 0.7602218602149178 53.92
893 0.7602142584360047 53.93
894 0.7602038653917924 53.94
895 0.7601907899493344 53.95
896 0.7601751613315644 53.96
897 0.7601570586861587 53.97
898 0.7601366502289656 53.98
899 0.7601157394149362 53.99
900 0.7600838760842489 54
901 0.7600502783397165 54.01
902 0.7600150217230802 54.02
903 0.7599866421014926 54.03
904 0.7599567445697575 54.04
905 0.7599254370106832 54.05
906 0.7598929519098376 54.06
907 0.7598589059004264 54.07
908 0.7598241937872705 54.08
909 0.7597889868842522 54.09
910 0.7597540662022544 54.1
911 0.7597190470739623 54.11
912 0.7596841304830378 54.12
913 0.759649608174353 54.13
914 0.7596158078906311 54.14
915 0.7595826184407288 54.15
916 0.7595505891041918 54.16
917 0.7595197973227429 54.17
918 0.7594907890553775 54.18
919 0.7594638771396686 54.19
920 0.7594389241235056 54.2
921 0.759416293418081 54.21
922 0.7593963156720681 54.22
923 0.7593797657511321 54.23
924 0.7593675794520556 54.24
925 0.7593658049266276 54.25
926 0.7593745547385062 54.26
927 0.7593942598964289 54.27
928 0.7594211357811907 54.28
929 0.7594526240022499 54.29
930 0.7594882741127519 54.3
931 0.7595260891406755 54.31
932 0.7595712295745229 54.32
933 0.7596200865479911 54.33
934 0.7596720122733107 54.34
935 0.7597243954488441 54.35
936 0.7597812258089717 54.36
937 0.759841481556895 54.37
938 0.7599048823733929 54.38
939 0.7599714239985592 54.39
940 0.7600579297024235 54.4
941 0.7601289571107842 54.41
942 0.7602206649892311 54.42
943 0.7603033868629721 54.43
944 0.7603724093263043 54.44
945 0.7604579654544746 54.45
946 0.7605367572082762 54.46
947 0.7606160060258124 54.47
948 0.7606952882501199 54.48
949 0.7607743627451947 54.49
950 0.7608531035964508 54.5
951 0.7609309112334299 54.51
952 0.76100721607002 54.52
953 0.7610820335065844 54.53
954 0.7611552365119918 54.54
955 0.7612266353664643 54.55
956 0.7612961287255706 54.56
957 0.7613635079121924 54.57
958 0.761428633802485 54.58
959 0.7614913541390973 54.59
960 0.7615567252219612 54.6
961 0.7616087335631858 54.61
962 0.7616633192283223 54.62
963 0.7617152246819485 54.63
964 0.7617643747273575 54.64
965 0.7618107685607629 54.65
966 0.7618543897100816 54.66
967 0.7618951597156589 54.67
968 0.7619329615149275 54.68
969 0.7619678974928475 54.69
970 0.7619999612224186 54.7
971 0.7620291718784972 54.71
972 0.7620553749143785 54.72
973 0.7620787566479272 54.73
974 0.7620994189755931 54.74
975 0.7621174105292754 54.75
976 0.7621327937066411 54.76
977 0.7621455938265713 54.77
978 0.7621558492822786 54.78
979 0.7621636291709135 54.79
980 0.7621689825211548 54.8
981 0.7621719651693766 54.81
982 0.7621726452024816 54.82
983 0.7621709674179611 54.83
984 0.7621671097303666 54.84
985 0.762161120656914 54.85
986 0.7621530577464238 54.86
987 0.7621429928826764 54.87
988 0.7621310064063657 54.88
989 0.7621171863985821 54.89
990 0.7621015540848326 54.9
991 0.7620842075197004 54.91
992 0.7620652164587449 54.92
993 0.7620444394015112 54.93
994 0.7620222578779762 54.94
995 0.7619987115735999 54.95
996 0.7619739045934794 54.96
997 0.7619481238547833 54.97
998 0.7619209844286717 54.98
999 0.761892944621586 54.99
1000 0.7618641893342686 55
1001 0.7618351632730042 55.01
1002 0.7618056553463152 55.02
1003 0.7617757331291227 55.03
1004 0.7617455779545841 55.04
1005 0.7617153524489225 55.05
1006 0.7616851860176616 55.06
1007 0.7616551831443183 55.07
1008 0.7616257143245436 55.08
1009 0.7615968473232531 55.09
1010 0.7615686777929019 55.1
1011 0.7615411654852077 55.11
1012 0.7615150461519528 55.12
1013 0.7614898513202887 55.13
1014 0.7614663038219922 55.14
1015 0.7614441847464997 55.15
1016 0.761423747512192 55.16
1017 0.7614050686024011 55.17
1018 0.7613883626614064 55.18
1019 0.7613740458133172 55.19
1020 0.7613616868337518 55.2
1021 0.7613518600622952 55.21
1022 0.7613444952555324 55.22
1023 0.7613398988486766 55.23
1024 0.7613374283352921 55.24
1025 0.7613381000674831 55.25
1026 0.7613415362425573 55.26
1027 0.7613478163625296 55.27
1028 0.7613570809779413 55.28
1029 0.7613692473070367 55.29
1030 0.7613843509015487 55.3
1031 0.7614023961386368 55.31
1032 0.7614233540737553 55.32
1033 0.7614468318328794 55.33
1034 0.7614730922732691 55.34
1035 0.7615023308712752 55.35
1036 0.7615344197098428 55.36
1037 0.7615686651824776 55.37
1038 0.7616052879959347 55.38
1039 0.7616441293987252 55.39
1040 0.7616855708232956 55.4
1041 0.7617285790935697 55.41
1042 0.7617734642292977 55.42
1043 0.7618201001206385 55.43
1044 0.7618685022095983 55.44
1045 0.7619178315084554 55.45
1046 0.7619690207058419 55.46
1047 0.7620268429817326 55.47
1048 0.7620793533417286 55.48
1049 0.7621386994157529 55.49
1050 0.7621855492312904 55.5
1051 0.7622448545698278 55.51
1052 0.7622979874858301 55.52
1053 0.7623499719280008 55.53
1054 0.7624074462929488 55.54
1055 0.7624575754121645 55.55
1056 0.7625078685333838 55.56
1057 0.7625566614870097 55.57
1058 0.7626090453218926 55.58
1059 0.762654405412876 55.59
1060 0.762699132061359 55.6
1061 0.7627417853106299 55.61
1062 0.76278273575834 55.62
1063 0.7628219188879393 55.63
1064 0.7628591582661542 55.64
1065 0.7628945178465484 55.65
1066 0.7629281266394373 55.66
1067 0.7629595829002496 55.67
1068 0.762988937781949 55.68
1069 0.7630162725730535 55.69
1070 0.7630414951356792 55.7
1071 0.7630646578620941 55.71
1072 0.7630856079223513 55.72
1073 0.7631043836387117 55.73
1074 0.7631211136101527 55.74
1075 0.7631359794003062 55.75
1076 0.7631486281562145 55.76
1077 0.7631592803705087 55.77
1078 0.7631677645052783 55.78
1079 0.7631743551125236 55.79
1080 0.7631791365036351 55.8
1081 0.7631818476462272 55.81
1082 0.7631825889960334 55.82
1083 0.7631815386011315 55.83
1084 0.763178679524489 55.84
1085 0.7631739312950742 55.85
1086 0.7631674647351274 55.86
1087 0.7631596876228749 55.87
1088 0.7631500182213519 55.88
1089 0.7631387384910177 55.89
1090 0.7631258718985887 55.9
1091 0.7631114266292307 55.91
1092 0.7630956674176619 55.92
1093 0.7630785240559024 55.93
1094 0.7630600624798722 55.94
1095 0.7630408663374132 55.95
1096 0.763019927858567 55.96
1097 0.7629983803223565 55.97
1098 0.7629759560745738 55.98
1099 0.7629520088440477 55.99
1100 0.7629272915546268 56
1101 0.7629017889454918 56.01
1102 0.7628755855476126 56.02
1103 0.7628487545031102 56.03
1104 0.7628218079478845 56.04
1105 0.7627944902962979 56.05
1106 0.7627669375266605 56.06
1107 0.7627392475956722 56.07
1108 0.7627115608003756 56.08
1109 0.7626837654833356 56.09
1110 0.7626562833563648 56.1
1111 0.7626292622777754 56.11
1112 0.7626028030794044 56.12
1113 0.7625772662798936 56.13
1114 0.7625525098523542 56.14
1115 0.7625286612981554 56.15
1116 0.7625057568260849 56.16
1117 0.7624840908367509 56.17
1118 0.7624636318321826 56.18
1119 0.7624446414028481 56.19
1120 0.7624270645544433 56.2
1121 0.7624110817687497 56.21
1122 0.7623968740972829 56.22
1123 0.7623845485582484 56.23
1124 0.7623742150390778 56.24
1125 0.7623658591696562 56.25
1126 0.7623595495149669 56.26
1127 0.7623553799502037 56.27
1128 0.7623533783241085 56.28
1129 0.7623535438363073 56.29
1130 0.7623559287179212 56.3
1131 0.7623606042601464 56.31
1132 0.762367603286046 56.32
1133 0.7623769034999197 56.33
1134 0.7623884731300961 56.34
1135 0.7624028473221741 56.35
1136 0.7624194434909961 56.36
1137 0.7624377246290265 56.37
1138 0.7624581941084161 56.38
1139 0.7624806176895761 56.39
1140 0.7625057149640627 56.4
1141 0.7625321491711786 56.41
1142 0.7625606957260221 56.42
1143 0.7625907097800485 56.43
1144 0.7626223381463639 56.44
1145 0.7626554606386095 56.45
1146 0.7626905948577218 56.46
1147 0.7627269212314179 56.47
1148 0.7627635737356159 56.48
1149 0.7628011635463897 56.49
1150 0.7628395220149488 56.5
1151 0.7628784810767794 56.51
1152 0.7629178876256305 56.52
1153 0.7629575568394319 56.53
1154 0.7629973273025462 56.54
1155 0.7630370483204967 56.55
1156 0.7630766312346492 56.56
1157 0.7631158416005162 56.57
1158 0.7631545321780703 56.58
1159 0.7631925502485538 56.59
1160 0.7632297823996761 56.6
1161 0.7632660566121481 56.61
1162 0.7633013200164365 56.62
1163 0.7633354570276781 56.63
1164 0.7633684047520544 56.64
1165 0.7634000757782364 56.65
1166 0.7634304191454413 56.66
1167 0.7634593768937017 56.67
1168 0.7634869041162428 56.68
1169 0.7635130138713871 56.69
1170 0.7635376009376257 56.7
1171 0.7635605660900414 56.71
1172 0.7635819261891921 56.72
1173 0.7636016003765215 56.73
1174 0.763619779206332 56.74
1175 0.7636357905183101 56.75
1176 0.7636504351986517 56.76
1177 0.7636635424227741 56.77
1178 0.7636750193135818 56.78
1179 0.763684857539728 56.79
1180 0.7636930450352897 56.8
1181 0.7636996578534099 56.81
1182 0.7637047000703591 56.82
1183 0.7637082313320886 56.83
1184 0.7637101787765558 56.84
1185 0.7637105924973742 56.85
1186 0.763709520318108 56.86
1187 0.7637069694248055 56.87
1188 0.7637029789992549 56.88
1189 0.7636975884768837 56.89
1190 0.763690831192075 56.9
1191 0.7636827336254109 56.91
1192 0.7636733240487947 56.92
1193 0.763662644695687 56.93
1194 0.7636507377117367 56.94
1195 0.7636376653840873 56.95
1196 0.7636234553583179 56.96
1197 0.7636081609639046 56.97
1198 0.7635917137280405 56.98
1199 0.7635743116078423 56.99
1200 0.7635560459977069 57
1201 0.7635369690538942 57.01
1202 0.7635170961992369 57.02
1203 0.7634964961707613 57.03
1204 0.7634752298639191 57.04
1205 0.7634533704327806 57.05
1206 0.7634310090897388 57.06
1207 0.7634082335858993 57.07
1208 0.7633851323836103 57.08
1209 0.763361810415829 57.09
1210 0.7633383684325216 57.1
1211 0.7633146856759337 57.11
1212 0.7632913230747006 57.12
1213 0.763268141483034 57.13
1214 0.7632452292667306 57.14
1215 0.763222717180482 57.15
1216 0.7632007171208811 57.16
1217 0.7631792086796682 57.17
1218 0.7631585236240809 57.18
1219 0.7631386496116678 57.19
1220 0.7631196604487599 57.2
1221 0.7631016134968731 57.21
1222 0.7630846676943829 57.22
1223 0.7630688466067702 57.23
1224 0.7630542063218408 57.24
1225 0.7630408939652801 57.25
1226 0.7630286617632431 57.26
1227 0.7630183115333695 57.27
1228 0.7630093333872582 57.28
1229 0.7630020181491757 57.29
1230 0.7629963531251842 57.3
1231 0.7629924230660429 57.31
1232 0.7629902395581247 57.32
1233 0.7629898429779715 57.33
1234 0.7629912008958045 57.34
1235 0.7629943858430197 57.35
1236 0.7629994195063322 57.36
1237 0.7630062773508797 57.37
1238 0.7630149359801394 57.38
1239 0.7630253598738398 57.39
1240 0.7630375307039503 57.4
1241 0.7630514421233223 57.41
1242 0.7630670620598874 57.42
1243 0.7630843397880801 57.43
1244 0.7631031720725532 57.44
1245 0.7631234996637326 57.45
1246 0.7631452698936444 57.46
1247 0.7631686982752152 57.47
1248 0.7631932004208399 57.48
1249 0.7632188883681869 57.49
1250 0.763245684176362 57.5
1251 0.7632734671677326 57.51
1252 0.7633020885338945 57.52
1253 0.7633314703469819 57.53
1254 0.763361472529108 57.54
1255 0.7633919860104187 57.55
1256 0.7634228922238919 57.56
1257 0.7634540591288002 57.57
1258 0.7634853543263117 57.58
1259 0.7635166630320299 57.59
1260 0.7635478142972073 57.6
1261 0.7635787443817282 57.61
1262 0.7636093327735919 57.62
1263 0.7636394555772527 57.63
1264 0.7636690162455855 57.64
1265 0.7636978928007118 57.65
1266 0.7637261508633723 57.66
1267 0.7637534376640146 57.67
1268 0.763779827081315 57.68
1269 0.7638052375419141 57.69
1270 0.7638297424459871 57.7
1271 0.7638531671344979 57.71
1272 0.763875465532854 57.72
1273 0.7638963939460739 57.73
1274 0.7639162215260986 57.74
1275 0.763934775718061 57.75
1276 0.7639522283487821 57.76
1277 0.7639683138585418 57.77
1278 0.7639831007473343 57.78
1279 0.7639966092294856 57.79
1280 0.7640087284394012 57.8
1281 0.7640195439071789 57.81
1282 0.7640290793768809 57.82
1283 0.7640373422527957 57.83
1284 0.7640442522889738 57.84
1285 0.7640498850366502 57.85
1286 0.7640542325634962 57.86
1287 0.7640573086064186 57.87
1288 0.7640591241002704 57.88
1289 0.7640599582637749 57.89
1290 0.7640592993220811 57.9
1291 0.7640574427121193 57.91
1292 0.7640544238263711 57.92
1293 0.7640502345838442 57.93
1294 0.7640449249944921 57.94
1295 0.7640385211536244 57.95
1296 0.7640310515432541 57.96
1297 0.7640225410357884 57.97
1298 0.7640130296568809 57.98
1299 0.7640023973586867 57.99
1300 0.7639909786283403 58
1301 0.7639786948022148 58.01
1302 0.7639655710487694 58.02
1303 0.7639516407587266 58.03
1304 0.7639369146794328 58.04
1305 0.763921483947008 58.05
1306 0.7639053978533015 58.06
1307 0.7638887212113772 58.07
1308 0.7638715050480799 58.08
1309 0.7638537819081604 58.09
1310 0.7638356416413828 58.1
1311 0.7638171577262141 58.11
1312 0.7637984267223898 58.12
1313 0.7637794949277035 58.13
1314 0.7637604437809909 58.14
1315 0.763741355982531 58.15
1316 0.7637223015278736 58.16
1317 0.7637033719829638 58.17
1318 0.7636848039419647 58.18
1319 0.7636662700795493 58.19
1320 0.7636482095032164 58.2
1321 0.7636306018470445 58.21
1322 0.7636135276654165 58.22
1323 0.7635970523001786 58.23
1324 0.763581251472589 58.24
1325 0.7635661765481166 58.25
1326 0.7635519194114709 58.26
1327 0.7635385539113007 58.27
1328 0.7635261460394748 58.28
1329 0.7635147385816768 58.29
1330 0.7635043806511373 58.3
1331 0.7634951485995972 58.31
1332 0.7634871141131886 58.32
1333 0.7634803539219684 58.33
1334 0.7634748449807125 58.34
1335 0.7634706606416802 58.35
1336 0.7634678231274492 58.36
1337 0.7634662404642074 58.37
1338 0.7634661888138626 58.38
1339 0.7634675423952672 58.39
1340 0.7634702990060838 58.4
1341 0.7634744667155463 58.41
1342 0.7634800473371932 58.42
1343 0.7634870165302601 58.43
1344 0.7634953813629834 58.44
1345 0.7635050993585777 58.45
1346 0.7635161754255774 58.46
1347 0.7635285585930532 58.47
1348 0.7635421910257142 58.48
1349 0.7635570364114642 58.49
1350 0.7635730635024791 58.5
1351 0.7635902029589197 58.51
1352 0.7636084060340494 58.52
1353 0.7636275917878163 58.53
1354 0.7636477383588515 58.54
1355 0.7636687225528248 58.55
1356 0.7636904654840637 58.56
1357 0.763712869431152 58.57
1358 0.7637358428458311 58.58
1359 0.7637593042266816 58.59
1360 0.763783183272384 58.6
1361 0.7638073568725862 58.61
1362 0.7638317391861189 58.62
1363 0.7638563078788607 58.63
1364 0.7638808765833817 58.64
1365 0.7639052480203732 58.65
1366 0.7639295550098302 58.66
1367 0.7639534470231466 58.67
1368 0.7639770208411601 58.68
1369 0.7640001711786538 58.69
1370 0.7640228199529336 58.7
1371 0.7640448984299572 58.71
1372 0.7640663308665564 58.72
1373 0.7640870754720538 58.73
1374 0.7641070898214655 58.74
1375 0.7641262999982225 58.75
1376 0.7641446858190565 58.76
1377 0.7641623322889688 58.77
1378 0.7641789388931304 58.78
1379 0.7641946196196424 58.79
1380 0.7642093559796853 58.8
1381 0.7642231172041346 58.81
1382 0.7642358516058271 58.82
1383 0.7642475910825187 58.83
1384 0.7642582944521193 58.84
1385 0.764267928990558 58.85
1386 0.7642767155044505 58.86
1387 0.7642843957434098 58.87
1388 0.7642909022600083 58.88
1389 0.764296365745544 58.89
1390 0.7643008046552895 58.9
1391 0.7643042105815416 58.91
1392 0.7643066148518982 58.92
1393 0.7643079851105363 58.93
1394 0.7643083386909503 58.94
1395 0.7643077234848387 58.95
1396 0.7643061370683996 58.96
1397 0.7643035953059896 58.97
1398 0.7643001222911051 58.98
1399 0.7642957466540617 58.99
1400 0.7642904974494009 59
1401 0.7642843893497759 59.01
1402 0.764277448650428 59.02
1403 0.7642697040042077 59.03
1404 0.7642611780008647 59.04
1405 0.7642519136650829 59.05
1406 0.764241944140612 59.06
1407 0.7642313003795377 59.07
1408 0.764220022597446 59.08
1409 0.7642081437287132 59.09
1410 0.7641956615092839 59.1
1411 0.7641826594112188 59.11
1412 0.7641691746546934 59.12
1413 0.7641552637262463 59.13
1414 0.7641410427617676 59.14
1415 0.7641264619407644 59.15
1416 0.7641116201215739 59.16
1417 0.7640965938361344 59.17
1418 0.7640814214503906 59.18
1419 0.7640661735577305 59.19
1420 0.7640509046300652 59.2
1421 0.764035689537389 59.21
1422 0.7640205827848556 59.22
1423 0.7640056696843135 59.23
1424 0.7639910043324442 59.24
1425 0.7639766391313069 59.25
1426 0.7639626249039476 59.26
1427 0.7639490278183234 59.27
1428 0.7639359059653197 59.28
1429 0.7639233282725367 59.29
1430 0.7639113478504429 59.3
1431 0.763900019058279 59.31
1432 0.7638893892205669 59.32
1433 0.7638795268029414 59.33
1434 0.7638704427057251 59.34
1435 0.7638622191517783 59.35
1436 0.763854966184748 59.36
1437 0.7638486272909543 59.37
1438 0.7638432316517207 59.38
1439 0.7638388466251077 59.39
1440 0.7638354701948626 59.4
1441 0.7638331478858997 59.41
1442 0.7638318760605434 59.42
1443 0.7638315716615446 59.43
1444 0.7638324895651026 59.44
1445 0.7638344956292908 59.45
1446 0.7638376024199169 59.46
1447 0.763841794140462 59.47
1448 0.7638470939759815 59.48
1449 0.7638534855583092 59.49
1450 0.7638609218496455 59.5
1451 0.7638694083470065 59.51
1452 0.7638789528601839 59.52
1453 0.7638893959315843 59.53
1454 0.7639007814306896 59.54
1455 0.7639130933888667 59.55
1456 0.7639262688452799 59.56
1457 0.7639403439547705 59.57
1458 0.7639551731015267 59.58
1459 0.7639706437642044 59.59
1460 0.7639867332117433 59.6
1461 0.764003536445886 59.61
1462 0.7640207546145232 59.62
1463 0.7640384359921292 59.63
1464 0.764056536604702 59.64
1465 0.764074979361881 59.65
1466 0.7640936591076819 59.66
1467 0.7641124578177979 59.67
1468 0.7641314174370161 59.68
1469 0.7641504057861335 59.69
1470 0.7641693327210872 59.7
1471 0.7641881568913165 59.71
1472 0.764206812733065 59.72
1473 0.7642252132348583 59.73
1474 0.7642432872126628 59.74
1475 0.7642610026939962 59.75
1476 0.7642782862062223 59.76
1477 0.7642951032614719 59.77
1478 0.7643113855139865 59.78
1479 0.7643271134256601 59.79
1480 0.7643420793978219 59.8
1481 0.764357134566836 59.81
1482 0.7643710996756212 59.82
1483 0.7643851048904112 59.83
1484 0.764398190560188 59.84
1485 0.7644103980808866 59.85
1486 0.7644217625231904 59.86
1487 0.7644322375211888 59.87
1488 0.7644418901876464 59.88
1489 0.7644507077337369 59.89
1490 0.7644586086430037 59.9
1491 0.7644656765779073 59.91
1492 0.7644718969042521 59.92
1493 0.7644772172840756 59.93
1494 0.7644816630435359 59.94
1495 0.7644852282796586 59.95
1496 0.7644879158299392 59.96
1497 0.7644897291990372 59.97
1498 0.7644907553905008 59.98
1499 0.7644908196250773 59.99
1500 0.7644900354908175 60
