"pressao-porta-rfile"
"Time Step" "pressao-porta etc.."
("Time Step" "pressao-porta" "flow-time")
0 -2559.072474069366 0
1 129912.7455105729 0.1
2 153070.0493736714 0.2
3 54488.78630017523 0.3
4 -17148.34658721267 0.4
5 -48037.54693491593 0.5
6 -59191.48743385769 0.6000000000000001
7 -62278.30317744744 0.7000000000000001
8 -57782.54186869121 0.8
9 -45120.56990476987 0.9
10 -28320.11675078503 1
11 -13344.4969534695 1.1
12 -3415.731241351307 1.2
13 1452.105585369704 1.3
14 2737.492618833161 1.4
15 2211.839525963581 1.5
16 1635.711430295425 1.6
17 963.4589623829462 1.7
18 129.0555972296455 1.8
19 553.9104614435098 1.9
20 641.7970896799209 2
21 2055.491152607087 2.1
22 3283.351092100831 2.2
23 4594.7930921296 2.3
24 5993.94476019473 2.4
25 7502.140121792798 2.5
26 9111.052768842008 2.6
27 10790.9316668321 2.7
28 12491.39328445402 2.8
29 14167.91167360654 2.9
30 15780.54015168038 3
31 17304.29666430032 3.1
32 18726.35277461806 3.2
33 20047.49530787007 3.3
34 21273.31305511534 3.4
35 22423.11828665932 3.5
36 23504.47247699773 3.6
37 24528.78469687199 3.7
38 25507.95215175959 3.8
39 26450.3758924282 3.9
40 27364.86636006111 4
41 28261.12836714684 4.100000000000001
42 29148.39079829326 4.2
43 30035.19252262112 4.3
44 30929.73034186536 4.4
45 31840.79437784801 4.5
46 32775.01519173762 4.600000000000001
47 33736.52509983746 4.7
48 34729.67428409992 4.800000000000001
49 35755.93292436746 4.9
50 36811.67281511488 5
51 37893.40826976168 5.100000000000001
52 38991.35004368926 5.2
53 40094.42828853625 5.300000000000001
54 41193.05499759033 5.4
55 42274.20447334067 5.5
56 43320.19952444471 5.600000000000001
57 44327.53962731082 5.7
58 45274.78901601987 5.800000000000001
59 46158.56667184647 5.9
60 46976.07369020372 6
61 47727.31885917408 6.100000000000001
62 48409.05524859752 6.2
63 49025.85093384227 6.300000000000001
64 49586.66724184482 6.4
65 50097.80412977223 6.5
66 50570.80702202194 6.600000000000001
67 51016.45713007098 6.7
68 51446.51372050957 6.800000000000001
69 51872.93629418395 6.9
70 52307.78297877983 7
71 52760.21041150204 7.100000000000001
72 53241.66609227078 7.2
73 53751.40352643821 7.300000000000001
74 54300.10814975465 7.4
75 54892.30842372245 7.5
76 55531.01882939311 7.600000000000001
77 56214.07214959746 7.7
78 56949.65941185605 7.800000000000001
79 57721.25677012722 7.9
80 58538.19299879702 8
81 59349.20912680784 8.1
82 59539.59184181181 8.200000000000001
83 60337.60934130242 8.300000000000001
84 61128.3556942172 8.4
85 61341.21088174832 8.5
86 62073.03848396336 8.6
87 62281.50124255105 8.700000000000001
88 62957.54758961366 8.800000000000001
89 63155.30644786427 8.9
90 63804.58661167555 9
91 63997.57967847695 9.1
92 64624.58272998412 9.200000000000001
93 64817.33911018522 9.300000000000001
94 65443.04840026647 9.4
95 65638.94092725542 9.5
96 66263.17978319366 9.600000000000001
97 66465.10029417368 9.700000000000001
98 67085.37191096332 9.800000000000001
99 67288.87156828603 9.9
100 67909.74137494765 10
101 68112.99982221848 10.1
102 68723.96468446386 10.2
103 68927.36278209524 10.3
104 69535.49101238397 10.4
105 69742.93786215431 10.5
106 70281.62706275044 10.6
107 70479.58416208031 10.7
108 70973.39312373383 10.8
109 71159.47054444037 10.9
110 71577.96434703041 11
111 71747.43275520386 11.1
112 72064.87277111998 11.2
113 72211.01214643246 11.3
114 72451.19516187353 11.4
115 72568.53041826531 11.5
116 72787.26234308316 11.6
117 72889.94302866452 11.7
118 73041.73272114752 11.8
119 73070.11884981947 11.9
120 73184.97354625964 12
121 73183.52882635938 12.1
122 73226.28392541481 12.2
123 73334.73153888342 12.3
124 73336.60449258545 12.4
125 73382.79211845982 12.5
126 73344.72728292458 12.6
127 73329.14844305141 12.7
128 72756.28896132938 12.8
129 71440.34995613806 12.9
130 70586.77368878406 13
131 70138.09743203652 13.1
132 69943.11637929078 13.2
133 69880.2396126906 13.3
134 69878.87464376094 13.4
135 69898.31390681975 13.5
136 69928.22436917519 13.6
137 69975.67336414759 13.7
138 70164.554519262 13.8
139 70627.38450570163 13.9
140 71377.22239966174 14
141 72311.25233714137 14.1
142 73289.47357393969 14.2
143 74197.11737396898 14.3
144 74965.2383229023 14.4
145 75574.54974384459 14.5
146 76046.13121424946 14.6
147 76417.72939457145 14.7
148 76717.71714687292 14.8
149 76864.69945951992 14.9
150 77017.10057683634 15
151 77161.36836421213 15.1
152 77305.10117460995 15.2
153 77445.00623718103 15.3
154 77580.84635939755 15.4
155 77714.74795255909 15.5
156 77845.70939861146 15.6
157 77973.64102021061 15.7
158 78099.84316853873 15.8
159 78223.26256787745 15.9
160 78344.67436503568 16
161 78463.81184421843 16.1
162 78580.32597663267 16.2
163 78694.97702512902 16.3
164 78807.46991471085 16.4
165 78918.5724811868 16.5
166 79028.00168334121 16.6
167 79135.63339327986 16.7
168 79242.06958052174 16.8
169 79347.87133612594 16.9
170 79452.67248102257 17
171 79556.34249399359 17.1
172 79659.2727670828 17.2
173 79761.7399053733 17.3
174 79863.37724715487 17.4
175 79964.15247558842 17.5
176 80064.58372272555 17.6
177 80164.89646546054 17.7
178 80265.47172790625 17.8
179 80366.00154560647 17.9
180 80466.99534935481 18
181 80567.98468548448 18.1
182 80668.8657028032 18.2
183 80770.09359910141 18.3
184 80871.71162688342 18.4
185 80973.68215183997 18.5
186 81076.07811929013 18.6
187 81178.64003033777 18.7
188 81281.69544993252 18.8
189 81385.2015787868 18.9
190 81489.27757098005 19
191 81593.71682884282 19.1
192 81698.75936437368 19.2
193 81804.12169648608 19.3
194 81909.72132148588 19.4
195 82015.7057081119 19.5
196 82122.39714925637 19.6
197 82229.59510557748 19.7
198 82337.17699476631 19.8
199 82444.92740272963 19.9
200 82553.38938997322 20
201 82662.36084126601 20.1
202 82770.18778824781 20.2
203 82880.84922071175 20.3
204 82989.99813034246 20.4
205 83101.72071070049 20.5
206 83211.4586027254 20.6
207 83324.02344492616 20.7
208 83435.27152839568 20.8
209 83548.71112662848 20.9
210 83660.76890380235 21
211 83775.31721536651 21.1
212 83887.50190249707 21.2
213 84002.49067689369 21.3
214 84115.86236116895 21.4
215 84231.86504237607 21.5
216 84345.82489394581 21.6
217 84462.14434720452 21.7
218 84576.7626957843 21.8
219 84693.90841961323 21.9
220 84808.89104381345 22
221 84925.25812079661 22.1
222 85042.13553130372 22.2
223 85159.21445570797 22.3
224 85276.49854729157 22.4
225 85449.46641710713 22.5
226 85550.02435903251 22.6
227 85658.67694160288 22.7
228 85772.29903217607 22.8
229 85888.76045975745 22.9
230 86006.58165200653 23
231 86125.40993325315 23.1
232 86244.97856490135 23.2
233 86364.58359293586 23.3
234 86485.2642082638 23.4
235 86606.41612254993 23.5
236 86801.53957502074 23.6
237 86919.78933198068 23.7
238 87039.46095628741 23.8
239 87160.00993683271 23.9
240 87281.2431266271 24
241 87403.36672147387 24.1
242 87600.91109747568 24.2
243 87721.17287811638 24.3
244 87842.31073811279 24.4
245 87964.59793175188 24.5
246 88165.44244882643 24.6
247 88286.6956405055 24.7
248 88408.86040719549 24.8
249 88611.54005921954 24.9
250 88733.85013671218 25
251 88856.21750278297 25.1
252 88979.80310501951 25.2
253 89103.82831307757 25.3
254 89228.33177426556 25.4
255 89429.94185634509 25.5
256 89553.1442546839 25.6
257 89677.60578960647 25.7
258 89802.6341495121 25.8
259 89928.17951009922 25.9
260 90053.67815092226 26
261 90179.75390003526 26.1
262 90305.78593743604 26.2
263 90432.22573509256 26.3
264 90558.74513421353 26.4
265 90685.51649053743 26.5
266 90886.47731090176 26.6
267 91012.2774237415 26.7
268 91138.48899271956 26.8
269 91344.17750275346 26.9
270 91471.18838897758 27
271 91598.22487814141 27.1
272 91790.36185023614 27.2
273 91907.59910318021 27.3
274 92030.93039860835 27.4
275 92156.80075332661 27.5
276 92283.54785342226 27.6
277 92410.34685595853 27.7
278 92537.04998053344 27.8
279 92664.12587213254 27.9
280 92850.3281824688 28
281 92967.26039579112 28.1
282 93091.05079569199 28.2
283 93217.33110224509 28.3
284 93344.13530377686 28.4
285 93471.38145439376 28.5
286 93598.59530325489 28.6
287 93725.90988975616 28.7
288 93853.88928969433 28.8
289 93981.87905254198 28.9
290 94109.87641708917 29
291 94238.3136074658 29.1
292 94366.57717804884 29.2
293 94495.00693688977 29.3
294 94623.73274092985 29.4
295 94752.82700253969 29.5
296 94931.58356124283 29.6
297 95055.76351128855 29.7
298 95183.94530831222 29.8
299 95313.56944594411 29.9
300 95442.53826142686 30
301 95570.80817196972 30.1
302 95699.21747304722 30.2
303 95829.38568259643 30.3
304 95955.9189154198 30.4
305 96084.77127156519 30.5
306 96210.44252271406 30.6
307 96338.76952482584 30.7
308 96464.19377044449 30.8
309 96592.40650099548 30.9
310 96717.81397179241 31
311 96845.79548779003 31.1
312 96973.23146970849 31.2
313 97100.56106520773 31.3
314 97227.33996606592 31.4
315 97354.03294547446 31.5
316 97480.28508770632 31.6
317 97606.63762022906 31.7
318 97732.64915955743 31.8
319 97858.24058359995 31.9
320 97983.99949720144 32
321 98109.63830456675 32.1
322 98234.95046815248 32.2
323 98360.39594851513 32.3
324 98485.73959968297 32.4
325 98610.98058610001 32.5
326 98735.80962062416 32.6
327 98860.44967388651 32.7
328 98984.80179703548 32.8
329 99108.75502450077 32.9
330 99232.70235924626 33
331 99356.41885175019 33.1
332 99480.42657514983 33.2
333 99603.70246818251 33.3
334 99727.22743081856 33.4
335 99850.22083939078 33.5
336 99973.24221467538 33.6
337 100095.9115512776 33.7
338 100218.4193859398 33.8
339 100341.0526213487 33.9
340 100463.1401109726 34
341 100585.1233025295 34.1
342 100706.9337914202 34.2
343 100828.8252296359 34.3
344 100950.454769548 34.4
345 101071.7052025136 34.5
346 101192.722206393 34.6
347 101313.5635448788 34.7
348 101434.5696001798 34.8
349 101555.3492531372 34.9
350 101675.9601777471 35
351 101796.1776146104 35.1
352 101916.1863215169 35.2
353 102035.9750996647 35.3
354 102155.626970828 35.4
355 102275.5992365706 35.5
356 102395.2428144521 35.6
357 102514.4593025459 35.7
358 102634.0734353761 35.8
359 102753.5513176098 35.9
360 102872.7716287858 36
361 102991.6543707988 36.1
362 103110.5221714215 36.2
363 103229.2023790245 36.3
364 103347.9691815389 36.4
365 103466.4643832779 36.5
366 103585.0396176041 36.6
367 103703.1866772462 36.7
368 103821.2614142588 36.8
369 103939.1954334926 36.9
370 104057.2727160668 37
371 104175.4060805045 37.1
372 104293.139653769 37.2
373 104411.0954304144 37.3
374 104528.8842670097 37.4
375 104646.6054138139 37.5
376 104764.596975624 37.6
377 104882.2621073719 37.7
378 104999.7872140805 37.8
379 105117.5663494869 37.9
380 105235.261792364 38
381 105352.7279868128 38.1
382 105470.1348601069 38.2
383 105587.6273604129 38.3
384 105705.0163802986 38.40000000000001
385 105822.0036453798 38.5
386 105939.1110406059 38.6
387 106056.3083098118 38.7
388 106173.7584365339 38.8
389 106291.2280402301 38.90000000000001
390 106408.5567237548 39
391 106525.9874503588 39.1
392 106643.5832428838 39.2
393 106761.4086736381 39.3
394 106879.1752627379 39.40000000000001
395 106996.7214316178 39.5
396 107114.2165829497 39.6
397 107231.8675751972 39.7
398 107349.7963746953 39.8
399 107467.6235173048 39.90000000000001
400 107585.70523239 40
401 107701.9807419602 40.1
402 107820.6853857013 40.2
403 107937.1435678642 40.3
404 108056.2585560516 40.40000000000001
405 108173.9219848653 40.5
406 108293.4841972221 40.6
407 108410.8606896969 40.7
408 108530.6722527413 40.8
409 108648.4248576889 40.90000000000001
410 108768.5676983625 41
411 108886.8674156398 41.1
412 109007.1334334009 41.2
413 109125.414902836 41.3
414 109246.0200875421 41.40000000000001
415 109364.7015143593 41.5
416 109485.5835065692 41.6
417 109604.1675647621 41.7
418 109724.9292057559 41.8
419 109844.0264658134 41.90000000000001
420 109965.6643232421 42
421 110085.0517958024 42.1
422 110204.9544452329 42.2
423 110325.1800038187 42.3
424 110446.1672031288 42.40000000000001
425 110567.0451767049 42.5
426 110688.1373375746 42.6
427 110809.3478465381 42.7
428 110930.73283554 42.8
429 111052.2395759102 42.90000000000001
430 111173.9096455022 43
431 111295.8227837474 43.1
432 111418.0434903229 43.2
433 111540.4346932391 43.3
434 111662.9052896965 43.40000000000001
435 111785.1451961459 43.5
436 111907.7972651815 43.6
437 112030.4664950317 43.7
438 112153.4144438634 43.8
439 112276.1750728857 43.90000000000001
440 112399.3301440632 44
441 112523.0455920658 44.1
442 112646.7712015685 44.2
443 112770.2144859331 44.3
444 112894.1151669611 44.40000000000001
445 113018.5480083342 44.5
446 113143.0451240358 44.6
447 113267.8036432518 44.7
448 113392.463511586 44.8
449 113516.9299217057 44.90000000000001
450 113641.7082162125 45
451 113766.7905942815 45.1
452 113892.0993082412 45.2
453 114017.5010462547 45.3
454 114143.4766604441 45.40000000000001
455 114269.0159199229 45.5
456 114394.7204664616 45.6
457 114520.6088479205 45.7
458 114646.7066377587 45.8
459 114772.5032666556 45.90000000000001
460 114898.3463259442 46
461 115024.5561467308 46.1
462 115151.2580130767 46.2
463 115278.2072127823 46.3
464 115405.1233353112 46.40000000000001
465 115531.9447979677 46.5
466 115658.9182044568 46.6
467 115785.9662579127 46.7
468 115913.3342054173 46.8
469 116040.4578029414 46.90000000000001
470 116167.9852010428 47
471 116295.5890869906 47.1
472 116423.4288277876 47.2
473 116551.3303112498 47.3
474 116679.3062075278 47.40000000000001
475 116807.0577449139 47.5
476 116935.0545186438 47.6
477 117062.713089354 47.7
478 117190.9911753065 47.8
479 117319.2856065544 47.90000000000001
480 117447.4162233718 48
481 117576.28156944 48.1
482 117704.9258541169 48.2
483 117833.4677880319 48.3
484 117961.9777405941 48.40000000000001
485 118090.3978147834 48.5
486 118219.1209562653 48.6
487 118347.9970294427 48.7
488 118476.9627089872 48.8
489 118606.4755164133 48.90000000000001
490 118735.4725298451 49
491 118864.548498844 49.1
492 118993.5198578738 49.2
493 119122.8184464671 49.3
494 119251.7453942549 49.40000000000001
495 119380.7771578981 49.5
496 119509.8004014739 49.6
497 119639.2242426386 49.7
498 119768.7226432764 49.8
499 119898.3046575388 49.90000000000001
500 120027.9722169215 50
501 -800.5772610007568 50.01
502 -770.754009606602 50.02
503 -744.7865958201236 50.03
504 -737.3971252196851 50.04
505 -731.3015837616763 50.05
506 -725.1171153891937 50.06
507 -711.6691316706043 50.07
508 -689.5770881495804 50.08
509 -667.1356568557949 50.09
510 -645.0987803175723 50.1
511 -621.9418192451151 50.11
512 -597.8691162782972 50.12
513 -577.7189536050352 50.13
514 -558.5574391270678 50.14
515 -541.2585572210851 50.15
516 -524.5958632528467 50.16
517 -508.0455707281427 50.17
518 -489.8360276000254 50.18
519 -476.0466956139442 50.19
520 -466.3856555130237 50.2
521 -463.5676719227721 50.21
522 -460.977816101226 50.22
523 -459.3425286595088 50.23
524 -459.2408664143529 50.24
525 -458.8758525701857 50.25
526 -459.0485029199975 50.26
527 -459.7732372129308 50.27
528 -460.9555044753816 50.28
529 -466.0491168556575 50.29
530 -468.0304958221009 50.3
531 -470.0937140102836 50.31
532 -472.5302499830248 50.32
533 -475.7417116376422 50.33
534 -478.2180444589058 50.34
535 -483.7082445086739 50.35
536 -490.1488096296922 50.36
537 -497.1439705800094 50.37
538 -498.8151298390054 50.38
539 -501.3579961317957 50.39
540 -502.3693372864013 50.4
541 -507.7592869055164 50.41
542 -510.9516186892058 50.42
543 -513.4610136104959 50.43
544 -515.4013254080302 50.44
545 -523.5567999647027 50.45
546 -533.240470955639 50.46
547 -536.5542488679389 50.47
548 -535.3626399470853 50.48
549 -534.8522163209954 50.49
550 -533.9574972710963 50.5
551 -532.8522513333556 50.51
552 -532.5538606912412 50.52
553 -533.5012517500671 50.53
554 -532.4442838126212 50.54
555 -531.866322441464 50.55
556 -531.6849858485069 50.56
557 -533.3699456577823 50.57
558 -536.2359239125834 50.58
559 -537.4603291188359 50.59
560 -538.5740433032057 50.6
561 -540.0978396050189 50.61
562 -542.1157562897599 50.62
563 -544.5320094663253 50.63
564 -547.0250761895146 50.64
565 -549.1473821518636 50.65
566 -550.1051110163163 50.66
567 -547.197811624987 50.67
568 -542.835971693845 50.68
569 -534.1293519035034 50.69
570 -525.385953134734 50.7
571 -516.2387478059123 50.71
572 -501.7221460422919 50.72
573 -490.018522678682 50.73
574 -478.3054825692072 50.74
575 -465.9262712201407 50.75
576 -453.0766015861244 50.76
577 -439.6616027696771 50.77
578 -427.0078483392148 50.78
579 -413.9407598392666 50.79
580 -402.1341790846458 50.8
581 -387.6507523331452 50.81
582 -376.1315169217114 50.82
583 -365.0340025236094 50.83
584 -352.8874534780674 50.84
585 -342.0392778267877 50.85
586 -332.6800419238585 50.86
587 -323.66383095832 50.87
588 -318.6079566004914 50.88
589 -313.9758412668819 50.89
590 -308.7279475429676 50.9
591 -306.1709694967877 50.91
592 -301.657759144906 50.92
593 -298.611982426188 50.93
594 -295.8138518093506 50.94
595 -292.3973252942743 50.95
596 -290.9779874604084 50.96
597 -289.9312867244521 50.97
598 -289.1503096028106 50.98
599 -288.4336871333979 50.99
600 -288.5489151534875 51
601 -288.2200030532306 51.01
602 -288.0725232860715 51.02
603 -289.824428064303 51.03
604 -290.9184544520718 51.04
605 -291.9176619627357 51.05
606 -292.2614625927282 51.06
607 -293.4463240747406 51.07
608 -294.8887902564131 51.08
609 -299.7358330384465 51.09
610 -302.1873126824811 51.1
611 -303.1725124653163 51.11
612 -304.5225665628279 51.12
613 -306.1823869165785 51.13
614 -307.6120655036851 51.14
615 -309.9586917961315 51.15
616 -311.8588638340397 51.16
617 -314.7401900949956 51.17
618 -317.5186268291878 51.18
619 -319.7259568752959 51.19
620 -321.9082751618282 51.2
621 -324.0050878171177 51.21
622 -325.8282481701921 51.22
623 -327.0633645463914 51.23
624 -327.3823660980239 51.24
625 -326.2556294380282 51.25
626 -323.7763294950123 51.26
627 -319.7498338649157 51.27
628 -315.7267373572379 51.28
629 -310.4854109090025 51.29
630 -305.4659737315803 51.3
631 -297.3240516324307 51.31
632 -291.5988009505414 51.32
633 -285.7116051828373 51.33
634 -279.2674136253796 51.34
635 -272.0607520627076 51.35
636 -265.8879706917015 51.36
637 -258.7028552361032 51.37
638 -250.7172041737028 51.38
639 -244.4184739690446 51.39
640 -237.7482541063776 51.4
641 -231.7985703549625 51.41
642 -226.2463140762302 51.42
643 -219.8791688451446 51.43
644 -215.0930011267193 51.44
645 -210.4902434977575 51.45
646 -206.6664347038212 51.46
647 -203.2838260585208 51.47
648 -201.3732074037878 51.48
649 -200.0744601698397 51.49
650 -199.1799185684922 51.5
651 -198.6490464341236 51.51
652 -198.5370474177254 51.52
653 -198.7637585968887 51.53
654 -199.4961400027781 51.54
655 -200.3274561866939 51.55
656 -202.6311767581458 51.56
657 -204.0298422528346 51.57
658 -205.3722290849375 51.58
659 -207.2276204414273 51.59
660 -211.0980774926384 51.6
661 -213.1820236512064 51.61
662 -215.2160433030327 51.62
663 -218.6922954156358 51.63
664 -221.4245207491317 51.64
665 -224.1076147284572 51.65
666 -227.8638478392443 51.66
667 -233.4944119220774 51.67
668 -236.6688401544967 51.68
669 -239.2022319164217 51.69
670 -242.0101606568849 51.7
671 -244.0239817855335 51.71
672 -245.1978020929035 51.72
673 -243.0149225883849 51.73
674 -242.579232825469 51.74
675 -241.5315972427287 51.75
676 -240.2010591335383 51.76
677 -238.5468958070615 51.77
678 -234.9747810575402 51.78
679 -232.7426348976962 51.79
680 -230.3623942233999 51.8
681 -227.8140576946124 51.81
682 -225.1461164797231 51.82
683 -222.7028635741981 51.83
684 -220.2349308278793 51.84
685 -217.9320032614491 51.85
686 -215.2040234169559 51.86
687 -212.047384446058 51.87
688 -209.8399956731766 51.88
689 -207.85720415911 51.89
690 -205.6024180489459 51.9
691 -203.5297792693225 51.91
692 -201.0549437362012 51.92
693 -198.7961224687373 51.93
694 -195.9946600049306 51.94
695 -192.7790467573625 51.95
696 -190.7896732497355 51.96
697 -188.5348392777506 51.97
698 -186.5226143335866 51.98
699 -184.1875069023051 51.99
700 -182.5473545636026 52
701 -181.031429327516 52.01
702 -179.9097188870558 52.02
703 -178.8132129956986 52.03
704 -177.529584617554 52.04
705 -176.2879627126533 52.05
706 -174.6813468857007 52.06
707 -173.3595833712694 52.07
708 -172.2708168112441 52.08
709 -171.2406078806942 52.09
710 -170.2728396052416 52.1
711 -168.7780739951976 52.11
712 -167.942587784867 52.12
713 -167.1753530859451 52.13
714 -166.8564779495251 52.14
715 -165.84793096564 52.15
716 -165.855698480241 52.16
717 -165.3947736117109 52.17
718 -164.9804599491673 52.18
719 -164.6364188984165 52.19
720 -164.363473314984 52.2
721 -164.1601820103678 52.21
722 -164.1935934773716 52.22
723 -164.3631805687556 52.23
724 -164.3621133521176 52.24
725 -164.4052131880225 52.25
726 -164.5497397194084 52.26
727 -164.7188186058178 52.27
728 -164.9053367731482 52.28
729 -165.273075404499 52.29
730 -165.5950083584384 52.3
731 -166.1323018021618 52.31
732 -166.5109576352384 52.32
733 -166.8781170860772 52.33
734 -167.5193982497155 52.34
735 -168.2930068455582 52.35
736 -168.8313615979521 52.36
737 -169.3042742414403 52.37
738 -171.0311665263949 52.38
739 -171.8728281939075 52.39
740 -173.5470318254186 52.4
741 -174.2645874701073 52.41
742 -175.941379309835 52.42
743 -176.7368293812061 52.43
744 -177.9334935925733 52.44
745 -178.7510457897916 52.45
746 -179.4624818857059 52.46
747 -180.1794915782222 52.47
748 -180.8985945652222 52.48
749 -181.6172387722848 52.49
750 -182.3326875814414 52.5
751 -184.2422874292152 52.51
752 -185.3690082222804 52.52
753 -186.0717774328967 52.53
754 -186.6253762184888 52.54
755 -187.2646775606163 52.55
756 -187.9046145507469 52.56
757 -188.5496426090707 52.57
758 -189.1118807085146 52.58
759 -189.563552967657 52.59
760 -189.9330340432403 52.6
761 -190.3203646191807 52.61
762 -190.4807622652175 52.62
763 -190.5128169213295 52.63
764 -190.4484758030008 52.64
765 -190.2953079385021 52.65
766 -189.0822874753595 52.66
767 -188.7681440747258 52.67
768 -188.3815068539652 52.68
769 -187.2769601585277 52.69
770 -186.7562429616193 52.7
771 -186.1743107401682 52.71
772 -185.4549112729329 52.72
773 -184.7636636910774 52.73
774 -183.939139390645 52.74
775 -183.1528186431579 52.75
776 -181.9812016035916 52.76
777 -181.3749376417666 52.77
778 -180.4876850993053 52.78
779 -179.5641449610108 52.79
780 -178.6069571765504 52.8
781 -177.6203505028274 52.81
782 -176.6064036322374 52.82
783 -174.9264724582724 52.83
784 -173.2735282460592 52.84
785 -172.1916347698571 52.85
786 -171.0933921494971 52.86
787 -169.9813985600685 52.87
788 -168.8580881937916 52.88
789 -167.3807312608536 52.89
790 -166.2425215629261 52.9
791 -164.494736590426 52.91
792 -163.3484537751764 52.92
793 -162.2012898810383 52.93
794 -161.0557792887075 52.94
795 -159.9136787214267 52.95
796 -158.5841277300296 52.96
797 -157.4553015793331 52.97
798 -156.3369326153621 52.98
799 -155.0643926573578 52.99
800 -153.3886845087596 53
801 -151.9158497632179 53.01
802 -150.860551274 53.02
803 -148.808681943814 53.03
804 -147.7957322602247 53.04
805 -146.8109467061065 53.05
806 -145.8569982304861 53.06
807 -144.9368957498703 53.07
808 -144.0538139199816 53.08
809 -143.2112365307931 53.09
810 -142.412448463629 53.1
811 -141.6611548691938 53.11
812 -140.961298094761 53.12
813 -140.3174453087314 53.13
814 -139.7357284782722 53.14
815 -139.2235814429462 53.15
816 -138.7865540919888 53.16
817 -138.4284986724275 53.17
818 -138.1520092586238 53.18
819 -137.9580484057901 53.19
820 -137.8439258928707 53.2
821 -137.8035660572321 53.21
822 -137.8305780715268 53.22
823 -137.9179134068444 53.23
824 -138.0586522175258 53.24
825 -138.7643407905632 53.25
826 -139.0717389024217 53.26
827 -139.8505398438442 53.27
828 -141.1144448010938 53.28
829 -141.7888453852007 53.29
830 -142.4533907786384 53.3
831 -143.0327589321809 53.31
832 -143.985836780544 53.32
833 -145.780449456333 53.33
834 -148.6368945011757 53.34
835 -150.7544753599954 53.35
836 -151.9796346210553 53.36
837 -153.2228632707852 53.37
838 -153.9386250329251 53.38
839 -155.3431776271976 53.39
840 -156.242303468641 53.4
841 -156.9675088155654 53.41
842 -158.2096815622827 53.42
843 -158.9908056014286 53.43
844 -159.9552106521014 53.44
845 -160.9080202372017 53.45
846 -161.5851248550693 53.46
847 -163.1391599519341 53.47
848 -164.0679131529442 53.48
849 -164.6728714562719 53.49
850 -165.2287008490165 53.5
851 -165.7423443630738 53.51
852 -166.2070609410832 53.52
853 -166.6152136055104 53.53
854 -166.9585378640032 53.54
855 -167.2310707105252 53.55
856 -167.4285071874634 53.56
857 -167.5502392522426 53.57
858 -167.5967245451684 53.58
859 -167.5681920868728 53.59
860 -167.4657278443107 53.6
861 -167.2927101080325 53.61
862 -166.350831256966 53.62
863 -166.0472973612585 53.63
864 -165.683818745609 53.64
865 -165.2629395874227 53.65
866 -164.7879035878682 53.66
867 -163.7250175491698 53.67
868 -161.8825759753957 53.68
869 -161.2613312956679 53.69
870 -160.5992988942606 53.7
871 -159.3335541067938 53.71
872 -158.5984244416348 53.72
873 -157.8315170162019 53.73
874 -156.9530311619116 53.74
875 -156.1304132269818 53.75
876 -155.2829617249463 53.76
877 -154.4134738717131 53.77
878 -153.1305694053316 53.78
879 -152.1357427625216 53.79
880 -151.2138079463843 53.8
881 -149.5342540949452 53.81
882 -148.58460444947 53.82
883 -147.6257319970488 53.83
884 -146.6598431819732 53.84
885 -145.6887975980463 53.85
886 -144.5085009050946 53.86
887 -142.4363654122964 53.87
888 -141.4538165179945 53.88
889 -140.472529062398 53.89
890 -139.4946921857886 53.9
891 -138.5219015224612 53.91
892 -137.5565098001035 53.92
893 -136.1550750393431 53.93
894 -135.2091184249675 53.94
895 -133.7193716110843 53.95
896 -132.8028362039772 53.96
897 -131.9045103342447 53.97
898 -131.0267926339098 53.98
899 -130.1722582037833 53.99
900 -129.3436431560623 54
901 -128.5438645892692 54.01
902 -127.7759226633078 54.02
903 -127.0434233458948 54.03
904 -126.3499506432836 54.04
905 -125.6996820075499 54.05
906 -124.9124243850519 54.06
907 -124.3611125224546 54.07
908 -124.0442889769487 54.08
909 -123.6243190378588 54.09
910 -123.2643297684143 54.1
911 -122.9743940560597 54.11
912 -122.7558514436645 54.12
913 -122.6089327966122 54.13
914 -122.5326492494879 54.14
915 -122.5220854285014 54.15
916 -122.6101893341664 54.16
917 -122.7205816109696 54.17
918 -122.8753240308734 54.18
919 -123.074998767714 54.19
920 -123.3156782277491 54.2
921 -123.6432056657869 54.21
922 -123.9605561754878 54.22
923 -124.370163241564 54.23
924 -125.4123838454781 54.24
925 -128.12195277058 54.25
926 -130.5383424578578 54.26
927 -132.8359894871605 54.27
928 -134.9686719978672 54.28
929 -135.7277235787209 54.29
930 -136.3787019719552 54.3
931 -137.1096210609327 54.31
932 -137.7735505666534 54.32
933 -138.3213494059836 54.33
934 -138.8667343774038 54.34
935 -139.9859298646303 54.35
936 -141.2787448477143 54.36
937 -142.3427203828374 54.37
938 -143.1821882150092 54.38
939 -143.8480841466848 54.39
940 -144.4491475129493 54.4
941 -145.028982503708 54.41
942 -146.2782961073407 54.42
943 -146.8644215422178 54.43
944 -147.3673387554611 54.44
945 -147.8335873846239 54.45
946 -148.7399940432383 54.46
947 -149.3623758228132 54.47
948 -149.9534079139627 54.48
949 -150.246802545265 54.49
950 -150.4709852977198 54.5
951 -150.6350740738844 54.51
952 -150.7387998962036 54.52
953 -150.7813819577252 54.53
954 -150.7624521266451 54.54
955 -150.0711522704833 54.55
956 -149.9304117353437 54.56
957 -148.993994265023 54.57
958 -148.5443242479658 54.58
959 -148.2390989978352 54.59
960 -147.8840976104067 54.6
961 -147.4821679938636 54.61
962 -147.0365461675047 54.62
963 -146.5505408272332 54.63
964 -144.876970270881 54.64
965 -144.318853349448 54.65
966 -143.2844789650644 54.66
967 -142.6673757035227 54.67
968 -142.0237669758606 54.68
969 -141.3558665893511 54.69
970 -140.6655534566954 54.7
971 -139.9546837207415 54.71
972 -138.3933626945229 54.72
973 -137.6465602501813 54.73
974 -136.8850086488439 54.74
975 -136.1103378556935 54.75
976 -135.1361708168926 54.76
977 -133.607684030083 54.77
978 -132.8039346192952 54.78
979 -131.9938160872578 54.79
980 -131.1787983558855 54.8
981 -130.360523451551 54.81
982 -129.3334491651822 54.82
983 -128.5134956777314 54.83
984 -126.5243860534826 54.84
985 -125.2956463768969 54.85
986 -124.4817725826608 54.86
987 -123.6748923435764 54.87
988 -122.5372457547381 54.88
989 -121.7507015765901 54.89
990 -120.9773395524558 54.9
991 -120.2194175495013 54.91
992 -119.4792376670703 54.92
993 -118.7596567402783 54.93
994 -118.0631553138643 54.94
995 -117.392143027444 54.95
996 -116.7494338045324 54.96
997 -116.1381841967239 54.97
998 -115.6431018801958 54.98
999 -115.2208856161916 54.99
1000 -114.7295909233246 55
1001 -114.2789697022966 55.01
1002 -113.8780620332839 55.02
1003 -113.5308474604022 55.03
1004 -113.2396005318194 55.04
1005 -113.005193998385 55.05
1006 -112.8292104540089 55.06
1007 -112.7113292830759 55.07
1008 -113.6977677735322 55.08
1009 -113.8393363817498 55.09
1010 -113.8901282848716 55.1
1011 -113.9816839965591 55.11
1012 -114.1171898415114 55.12
1013 -114.4145477558336 55.13
1014 -114.6994162446866 55.14
1015 -115.02568356747 55.15
1016 -115.3087222038223 55.16
1017 -115.6184977908533 55.17
1018 -115.9568986908797 55.18
1019 -116.3858978335676 55.19
1020 -117.1211234252304 55.2
1021 -117.6279644720625 55.21
1022 -118.071954939146 55.22
1023 -118.7167123451993 55.23
1024 -119.1420473732492 55.24
1025 -119.6887801430863 55.25
1026 -120.2314125029045 55.26
1027 -120.7682411925142 55.27
1028 -121.7123503294652 55.28
1029 -122.7107894203564 55.29
1030 -123.3102085559981 55.3
1031 -123.9028907674206 55.31
1032 -124.5059485939036 55.32
1033 -125.1189677169528 55.33
1034 -126.0684867688898 55.34
1035 -127.1687132124351 55.35
1036 -128.3206265083283 55.36
1037 -129.0926978584639 55.37
1038 -130.4009800142927 55.38
1039 -131.5006504395155 55.39
1040 -132.3187631258745 55.4
1041 -132.9629083665851 55.41
1042 -134.3043308268146 55.42
1043 -134.9741985292544 55.43
1044 -135.572199654676 55.44
1045 -136.1457727887316 55.45
1046 -136.6918705906816 55.46
1047 -137.2047027238475 55.47
1048 -137.677868927087 55.48
1049 -138.1052185170635 55.49
1050 -138.4799821035132 55.5
1051 -138.7959069900665 55.51
1052 -139.0478364985158 55.52
1053 -139.2346618016839 55.53
1054 -139.3568815483223 55.54
1055 -139.4144093482233 55.55
1056 -139.408301253957 55.56
1057 -139.3410174459522 55.57
1058 -139.2150971646338 55.58
1059 -139.0336215557339 55.59
1060 -138.0418702324983 55.6
1061 -137.7590679242004 55.61
1062 -137.430824083737 55.62
1063 -137.060319590309 55.63
1064 -136.0396531582314 55.64
1065 -135.5930161266512 55.65
1066 -135.1129033742579 55.66
1067 -134.6017827841277 55.67
1068 -133.4232385977222 55.68
1069 -132.3641731613965 55.69
1070 -131.7744068618532 55.7
1071 -130.2996264131266 55.71
1072 -129.4738638744797 55.72
1073 -128.8223548195066 55.73
1074 -128.153280236857 55.74
1075 -127.4683712062445 55.75
1076 -126.7692002440747 55.76
1077 -126.0574793048971 55.77
1078 -125.3345770072935 55.78
1079 -123.9013227353735 55.79
1080 -123.1591451097459 55.8
1081 -122.2551989600439 55.81
1082 -121.5017443454939 55.82
1083 -117.2799088556488 55.83
1084 -116.0830412296715 55.84
1085 -115.3126541345233 55.85
1086 -114.5429748534274 55.86
1087 -113.7765763835997 55.87
1088 -113.015178661361 55.88
1089 -112.1997928881225 55.89
1090 -111.4540379613692 55.9
1091 -110.7187795906771 55.91
1092 -109.9958106969555 55.92
1093 -109.0909753544873 55.93
1094 -108.3987569263346 55.94
1095 -107.7255549404411 55.95
1096 -107.0740135647028 55.96
1097 -106.4466257967171 55.97
1098 -105.8463039513263 55.98
1099 -105.2762347665646 55.99
1100 -104.7395188393469 56
1101 -104.2396754984319 56.01
1102 -103.7800570720116 56.02
1103 -103.3640702471726 56.03
1104 -102.9950692437674 56.04
1105 -102.6755285122669 56.05
1106 -102.4075071339434 56.06
1107 -102.1926150135306 56.07
1108 -102.0315565676974 56.08
1109 -101.9233301722186 56.09
1110 -101.8663156207499 56.1
1111 -101.8588146866694 56.11
1112 -101.8985443077876 56.12
1113 -102.1687599868323 56.13
1114 -102.3020337589547 56.14
1115 -102.465827458712 56.15
1116 -102.6654147839134 56.16
1117 -102.8987220677639 56.17
1118 -103.2129569339802 56.18
1119 -103.5208161017164 56.19
1120 -103.8441717736956 56.2
1121 -104.1932214368397 56.21
1122 -105.1957512452085 56.22
1123 -105.6810466013833 56.23
1124 -106.1756738064991 56.24
1125 -106.6206668954093 56.25
1126 -107.0843437222883 56.26
1127 -107.5660343441202 56.27
1128 -111.5686067818192 56.28
1129 -112.5908213918505 56.29
1130 -113.1664944051534 56.3
1131 -113.7024462668336 56.31
1132 -114.424646983161 56.32
1133 -115.0101371214664 56.33
1134 -115.5829657773134 56.34
1135 -117.284854088188 56.35
1136 -118.6343162128071 56.36
1137 -119.5890350681208 56.37
1138 -120.2116960280027 56.38
1139 -120.8214742684338 56.39
1140 -121.4312187562651 56.4
1141 -122.0394738361505 56.41
1142 -122.6440023940859 56.42
1143 -123.4989885906539 56.43
1144 -124.4557591804891 56.44
1145 -125.6696001334505 56.45
1146 -126.3937079646322 56.46
1147 -126.9418660597306 56.47
1148 -127.4586948725926 56.48
1149 -127.9468984933464 56.49
1150 -128.4020537916949 56.5
1151 -128.8181963116676 56.51
1152 -129.190118274894 56.52
1153 -129.5126500296631 56.53
1154 -129.7817075070701 56.54
1155 -129.9950543564532 56.55
1156 -130.1517365433535 56.56
1157 -130.2512896335284 56.57
1158 -130.2941643630631 56.58
1159 -130.2816346164233 56.59
1160 -130.2150362445085 56.6
1161 -130.0961989970134 56.61
1162 -128.769590958977 56.62
1163 -128.2935178238243 56.63
1164 -128.033719300887 56.64
1165 -124.5880118104518 56.65
1166 -124.2447331246874 56.66
1167 -123.8615285100742 56.67
1168 -123.4431765346366 56.68
1169 -122.9928128723345 56.69
1170 -122.5131167525989 56.7
1171 -122.0062516094201 56.71
1172 -121.4743779067907 56.72
1173 -120.2644207365982 56.73
1174 -119.6881016373214 56.74
1175 -119.0920861504213 56.75
1176 -118.4782672152167 56.76
1177 -117.8481718022415 56.77
1178 -117.2033745471282 56.78
1179 -116.5452648459903 56.79
1180 -115.8753323445479 56.8
1181 -114.7493521405566 56.81
1182 -113.2078678143362 56.82
1183 -112.512704766682 56.83
1184 -111.6055986916691 56.84
1185 -110.2184420058595 56.85
1186 -109.5100527163951 56.86
1187 -108.8003564509435 56.87
1188 -108.0906250748438 56.88
1189 -107.3823730370392 56.89
1190 -106.6772018532744 56.9
1191 -105.9768768798085 56.91
1192 -105.283351148112 56.92
1193 -104.3869270610096 56.93
1194 -103.7121124496156 56.94
1195 -103.0492766173352 56.95
1196 -102.4003047605022 56.96
1197 -101.7671828415727 56.97
1198 -100.455143421934 56.98
1199 -99.85952386632611 56.99
1200 -99.28668790877741 57
1201 -98.7391666126739 57.01
1202 -98.2199601577029 57.02
1203 -97.73228816132816 57.03
1204 -97.27914429329195 57.04
1205 -96.86358324694005 57.05
1206 -96.76870684754752 57.06
1207 -96.43731605412631 57.07
1208 -96.55131043297845 57.08
1209 -96.52196317568124 57.09
1210 -96.34460538634711 57.1
1211 -96.19748717991203 57.11
1212 -96.09469434143389 57.12
1213 -96.0360807995645 57.13
1214 -96.02024590804903 57.14
1215 -96.04590960722999 57.15
1216 -96.11081148505312 57.16
1217 -96.21228343290164 57.17
1218 -96.34829653766485 57.18
1219 -96.51719415746983 57.19
1220 -96.71755186428736 57.2
1221 -96.94783531752701 57.21
1222 -97.96134977799784 57.22
1223 -98.47717388810162 57.23
1224 -99.06886357504881 57.24
1225 -99.41969543266733 57.25
1226 -99.78105236004536 57.26
1227 -100.3178153112649 57.27
1228 -100.7615760995351 57.28
1229 -101.1859568387802 57.29
1230 -101.6264897388001 57.3
1231 -102.0836753945835 57.31
1232 -102.5565188257572 57.32
1233 -103.2693259355985 57.33
1234 -104.4124268088318 57.34
1235 -104.9553180679724 57.35
1236 -105.9186192979588 57.36
1237 -106.686067874627 57.37
1238 -107.2373765422946 57.38
1239 -108.2177719966399 57.39
1240 -108.8047301384269 57.4
1241 -109.3624718868841 57.41
1242 -109.9211685357983 57.42
1243 -110.4797699625803 57.43
1244 -111.0364449350904 57.44
1245 -111.5892536644456 57.45
1246 -112.1358878595931 57.46
1247 -112.6737700179381 57.47
1248 -113.2001273884573 57.48
1249 -114.231344337979 57.49
1250 -114.8628384969809 57.5
1251 -115.969552654622 57.51
1252 -116.5829606921682 57.52
1253 -117.0101322800375 57.53
1254 -117.3970171905738 57.54
1255 -117.7465503469601 57.55
1256 -118.6879130742154 57.56
1257 -119.0039446777945 57.57
1258 -119.2250151189779 57.58
1259 -119.3953217402539 57.59
1260 -119.5129212828295 57.6
1261 -119.5854516155598 57.61
1262 -119.3256885733828 57.62
1263 -118.1124579591813 57.63
1264 -118.039350770121 57.64
1265 -117.9204296354184 57.65
1266 -117.0920500512771 57.66
1267 -116.8878724898322 57.67
1268 -116.6438713365678 57.68
1269 -115.7056522086587 57.69
1270 -115.3879040976315 57.7
1271 -115.0369297104708 57.71
1272 -114.6549411116575 57.72
1273 -114.2439812940678 57.73
1274 -113.8062482892583 57.74
1275 -113.3437038800649 57.75
1276 -112.8582192599523 57.76
1277 -112.3515382291533 57.77
1278 -111.3652132750403 57.78
1279 -110.8205321557474 57.79
1280 -110.2594349460647 57.8
1281 -109.6835111383511 57.81
1282 -109.0945566668592 57.82
1283 -108.493878661387 57.83
1284 -107.8829284927685 57.84
1285 -107.2630435332095 57.85
1286 -105.7398873152586 57.86
1287 -105.1039405059404 57.87
1288 -104.4627150552797 57.88
1289 -103.8177066729316 57.89
1290 -103.1704196605 57.9
1291 -102.5225442699737 57.91
1292 -101.8757087930381 57.92
1293 -101.2309588319175 57.93
1294 -98.42809569338486 57.94
1295 -97.7794628244245 57.95
1296 -97.13755709092716 57.96
1297 -96.50376591807439 57.97
1298 -95.87976434774501 57.98
1299 -95.26742333577928 57.99
1300 -94.66895249703526 58
1301 -93.90734302233446 58.01
1302 -93.34235868282921 58.02
1303 -92.79711839625732 58.03
1304 -92.27388548492416 58.04
1305 -91.77549772181131 58.05
1306 -91.30447144511288 58.06
1307 -90.8631539562152 58.07
1308 -90.45411193472054 58.08
1309 -90.07979085872731 58.09
1310 -89.74232138255744 58.1
1311 -89.44382872470288 58.11
1312 -89.18622164072677 58.12
1313 -88.97022618440492 58.13
1314 -88.7956738775401 58.14
1315 -88.66196154170514 58.15
1316 -88.56802281029951 58.16
1317 -88.51322392703204 58.17
1318 -88.49619557805342 58.18
1319 -88.51545578606986 58.19
1320 -88.6853961867146 58.2
1321 -88.83473532895792 58.21
1322 -88.95606646134414 58.22
1323 -89.25036127948763 58.23
1324 -89.44752204606502 58.24
1325 -89.65232983482599 58.25
1326 -89.88224420189087 58.26
1327 -90.66464247236914 58.27
1328 -91.01695701724742 58.28
1329 -91.31964346622168 58.29
1330 -91.63958788517031 58.3
1331 -91.97877136164625 58.31
1332 -92.33574818143408 58.32
1333 -92.7100956832959 58.33
1334 -93.10081820332175 58.34
1335 -93.50675056125449 58.35
1336 -93.92681026723137 58.36
1337 -94.35981480731601 58.37
1338 -95.0138709389181 58.38
1339 -95.58141222864823 58.39
1340 -96.05124221788877 58.4
1341 -96.52407548894038 58.41
1342 -97.44489866555087 58.42
1343 -98.16557911364609 58.43
1344 -98.6641951962626 58.44
1345 -101.0423538939221 58.45
1346 -101.6772836314221 58.46
1347 -102.1661174631123 58.47
1348 -102.645399790641 58.48
1349 -103.7320786776826 58.49
1350 -104.2498467144573 58.5
1351 -104.7116369932419 58.51
1352 -106.4696487436657 58.52
1353 -107.1006203044768 58.53
1354 -107.6580055907621 58.54
1355 -108.3953416998622 58.55
1356 -108.8907827353472 58.56
1357 -109.1997223192018 58.57
1358 -110.0748025861991 58.58
1359 -110.4127783361504 58.59
1360 -110.8050952988331 58.6
1361 -111.1063052394871 58.61
1362 -110.9033386743691 58.62
1363 -109.2370562740568 58.63
1364 -108.7414403102021 58.64
1365 -108.0870636394885 58.65
1366 -108.2737481987655 58.66
1367 -107.8268216480447 58.67
1368 -107.9703996144243 58.68
1369 -107.6752103073821 58.69
1370 -107.5406677821055 58.7
1371 -107.3691716665948 58.71
1372 -107.1622238131259 58.72
1373 -106.9218198323567 58.73
1374 -106.1776657048733 58.74
1375 -105.2126233418923 58.75
1376 -104.880398160153 58.76
1377 -103.7949128749976 58.77
1378 -103.4082525928196 58.78
1379 -102.9975199504089 58.79
1380 -102.5645676612827 58.8
1381 -102.1109235336315 58.81
1382 -101.638279860917 58.82
1383 -101.1483967670693 58.83
1384 -100.6428510759212 58.84
1385 -100.1231328602965 58.85
1386 -99.59040763998902 58.86
1387 -98.56151853981211 58.87
1388 -98.00492336947943 58.88
1389 -97.43946062818472 58.89
1390 -96.86643693033334 58.9
1391 -96.2870582017585 58.91
1392 -95.3990209470798 58.92
1393 -94.81084593773865 58.93
1394 -94.22016649698263 58.94
1395 -93.62866323927793 58.95
1396 -93.03780304664299 58.96
1397 -92.44883819724657 58.97
1398 -91.86301509028415 58.98
1399 -91.28165281344779 58.99
1400 -90.70619059691569 59
1401 -90.13815029417941 59.01
1402 -89.57904552029233 59.02
1403 -89.03043187553433 59.03
1404 -88.49391002049252 59.04
1405 -87.97135934174895 59.05
1406 -87.46445253600592 59.06
1407 -87.095155055563 59.07
1408 -86.7402379336127 59.08
1409 -86.3170957245779 59.09
1410 -85.89128048573561 59.1
1411 -85.42208176123061 59.11
1412 -85.15210193050376 59.12
1413 -84.8135496087867 59.13
1414 -84.50125720531362 59.14
1415 -84.2212047743164 59.15
1416 -83.97478094878379 59.16
1417 -83.76247228088923 59.17
1418 -83.58424007727263 59.18
1419 -83.4401318282903 59.19
1420 -83.32955151395298 59.2
1421 -83.25149200556471 59.21
1422 -83.20524820933692 59.22
1423 -83.19000297575049 59.23
1424 -83.20478313502196 59.24
1425 -83.35632648922353 59.25
1426 -83.43631343715566 59.26
1427 -83.53472081597019 59.27
1428 -83.65832951454641 59.28
1429 -83.80646888346638 59.29
1430 -83.97815666001495 59.3
1431 -84.17234461958428 59.31
1432 -84.38801198721166 59.32
1433 -84.62405150931103 59.33
1434 -84.87935568435692 59.34
1435 -85.15280577430421 59.35
1436 -85.44332234163792 59.36
1437 -85.74975686320984 59.37
1438 -86.07116001073372 59.38
1439 -86.40650972433565 59.39
1440 -86.75473391215698 59.4
1441 -87.1147763573979 59.41
1442 -87.485477052842 59.42
1443 -88.24606650174269 59.43
1444 -89.26234348885242 59.44
1445 -89.68743536439285 59.45
1446 -90.09055037672417 59.46
1447 -91.21199256246638 59.47
1448 -91.67867491627295 59.48
1449 -92.09253209703817 59.49
1450 -92.50438900055782 59.5
1451 -92.9152291400345 59.51
1452 -93.98342047407475 59.52
1453 -94.41752013348189 59.53
1454 -94.81642760609792 59.54
1455 -94.51720786516741 59.55
1456 -95.9686018798841 59.56
1457 -96.36370882518005 59.57
1458 -96.06411252869169 59.58
1459 -97.0193261965839 59.59
1460 -96.95482682482185 59.6
1461 -98.06362738663965 59.61
1462 -98.92122098005406 59.62
1463 -99.13385118011179 59.63
1464 -99.45900043360685 59.64
1465 -99.15988176912332 59.65
1466 -99.3857091217191 59.66
1467 -99.2322051567707 59.67
1468 -99.17080532446161 59.68
1469 -99.5207187088203 59.69
1470 -98.78872537654856 59.7
1471 -98.69403659838204 59.71
1472 -98.48857817443938 59.72
1473 -98.42505815862896 59.73
1474 -98.3267426669735 59.74
1475 -98.19987913997342 59.75
1476 -98.04206295870274 59.76
1477 -97.37202829599163 59.77
1478 -97.15633571772031 59.78
1479 -96.91343078415099 59.79
1480 -96.86904114988218 59.8
1481 -96.63391674311734 59.81
1482 -96.58356821573287 59.82
1483 -96.31798446909663 59.83
1484 -95.97253902481475 59.84
1485 -95.59855703938496 59.85
1486 -95.19889696934067 59.86
1487 -94.77643349385376 59.87
1488 -94.33387857625976 59.88
1489 -93.87345314183041 59.89
1490 -93.39721850819116 59.9
1491 -92.48292417868616 59.91
1492 -91.37933688531344 59.92
1493 -90.86503485622939 59.93
1494 -90.34165928839026 59.94
1495 -89.03459685917746 59.95
1496 -88.4959193946604 59.96
1497 -87.95293766508287 59.97
1498 -87.40736576693442 59.98
1499 -86.86066904078957 59.99
1500 -86.31398482989553 60
