"temperatura-rfile"
"Time Step" "temperatura etc.."
("Time Step" "temperatura" "flow-time")
0 334.1027796799661 0
1 329.5520989539793 0.1
2 344.1917988443469 0.2
3 370.0263204590095 0.3
4 396.9615732460725 0.4
5 421.5103152144442 0.5
6 445.8160550250165 0.6000000000000001
7 470.3724748578742 0.7000000000000001
8 493.0861004107293 0.8
9 513.1098537179582 0.9
10 531.6481836959424 1
11 548.8618765929922 1.1
12 564.937848255118 1.2
13 580.611508062083 1.3
14 595.4918793475347 1.4
15 609.4625737579514 1.5
16 621.5186382230202 1.6
17 633.2893011960882 1.7
18 642.9849924710772 1.8
19 652.7881801906326 1.9
20 660.7680779524785 2
21 668.6876902167195 2.1
22 675.4498144506817 2.2
23 681.2656983806088 2.3
24 686.3456353692005 2.4
25 690.8919081722998 2.5
26 695.0288912053686 2.6
27 698.8180797080815 2.7
28 702.4785754661336 2.8
29 705.9744030028307 2.9
30 709.3716410339124 3
31 712.714089394499 3.1
32 716.0212490687487 3.2
33 719.3120151210588 3.3
34 722.5933247575051 3.4
35 725.873359284821 3.5
36 729.1301277002732 3.6
37 732.3669052502925 3.7
38 735.5778584089396 3.8
39 738.7816227018909 3.9
40 741.9422553942309 4
41 745.0537440865256 4.100000000000001
42 748.114931722371 4.2
43 751.1234313244752 4.3
44 754.0745022904141 4.4
45 756.966866677483 4.5
46 759.7987374091273 4.600000000000001
47 762.5687415609798 4.7
48 765.2762750468202 4.800000000000001
49 767.9217446488244 4.9
50 770.5090107781115 5
51 773.0375851707926 5.100000000000001
52 775.5014662843525 5.2
53 777.9114867655253 5.300000000000001
54 780.2793910946253 5.4
55 782.5992660094216 5.5
56 784.8732237715035 5.600000000000001
57 787.1111760029495 5.7
58 789.3090986508906 5.800000000000001
59 791.4690813427603 5.9
60 793.594102663156 6
61 795.7046271172677 6.100000000000001
62 797.7975158322274 6.2
63 799.8722414060534 6.300000000000001
64 801.9306298862333 6.4
65 803.9967647638623 6.5
66 806.0203558921116 6.600000000000001
67 808.0356901019605 6.7
68 810.040592608411 6.800000000000001
69 812.0334201573373 6.9
70 814.0174174427439 7
71 815.9918307006891 7.100000000000001
72 817.9835421005347 7.2
73 819.9619331123574 7.300000000000001
74 821.8922681333552 7.4
75 823.8294698257165 7.5
76 825.8154979048778 7.600000000000001
77 827.7310026191703 7.7
78 829.7149341530987 7.800000000000001
79 831.6118526684232 7.9
80 833.5950605904852 8
81 835.5487970339829 8.1
82 836.9423890644383 8.200000000000001
83 838.3324204102638 8.300000000000001
84 840.042312944045 8.4
85 841.1444260316889 8.5
86 842.5558272798331 8.6
87 843.444131623924 8.700000000000001
88 844.7341635837211 8.800000000000001
89 845.5212077497938 8.9
90 846.7483569304932 9
91 847.4629859986536 9.1
92 848.6301823321767 9.200000000000001
93 849.3013772962569 9.300000000000001
94 850.4482634505518 9.4
95 851.0776877217281 9.5
96 852.2118353536526 9.600000000000001
97 852.7949937822553 9.700000000000001
98 853.4929530400728 9.800000000000001
99 854.526271831577 9.9
100 855.1171608671035 10
101 855.8345321603051 10.1
102 856.4104670023154 10.2
103 857.1128281326826 10.3
104 857.6239312743127 10.4
105 858.282830910845 10.5
106 858.6494793191489 10.6
107 859.219832250978 10.7
108 859.329340569166 10.8
109 859.7768095377438 10.9
110 859.4966365622498 11
111 859.6582010920333 11.1
112 858.8768221943748 11.2
113 858.7740489603715 11.3
114 857.7113043589661 11.4
115 857.4409269096764 11.5
116 856.3919671579509 11.6
117 856.1261866279776 11.7
118 854.9413652063844 11.8
119 854.7911109873658 11.9
120 853.8603454276657 12
121 853.7862758253192 12.1
122 853.3486059408926 12.2
123 852.2302127140717 12.3
124 852.040784441788 12.4
125 851.3881642700238 12.5
126 849.8999451927331 12.6
127 849.4423236014917 12.7
128 846.9194902198003 12.8
129 843.8688103868117 12.9
130 840.190207014834 13
131 836.3842887113415 13.1
132 833.7631856508115 13.2
133 831.965306870968 13.3
134 830.7544086782871 13.4
135 829.9165882311355 13.5
136 829.3363024824529 13.6
137 828.9298841835008 13.7
138 828.6300078126297 13.8
139 828.4000948782826 13.9
140 828.2189955453007 14
141 828.0567200140354 14.1
142 827.9131333966695 14.2
143 827.7821802841795 14.3
144 827.6439493592654 14.4
145 827.5084502832755 14.5
146 827.3754905137786 14.6
147 827.2298230445186 14.7
148 827.1023092862158 14.8
149 827.2443187896422 14.9
150 827.3545302818885 15
151 827.4424984445549 15.1
152 827.5090706277929 15.2
153 827.5595192463486 15.3
154 827.5973569950248 15.4
155 827.6213707686957 15.5
156 827.6391869259563 15.6
157 827.6526918915609 15.7
158 827.6629171203798 15.8
159 827.6707874060529 15.9
160 827.6768612875809 16
161 827.6779985616892 16.1
162 827.6786922116602 16.2
163 827.6792661091667 16.3
164 827.6795855901715 16.4
165 827.6798746798731 16.5
166 827.6802378740498 16.6
167 827.6772237911952 16.7
168 827.6746116186396 16.8
169 827.6725221112058 16.9
170 827.6709047296986 17
171 827.6696652625225 17.1
172 827.6686651197209 17.2
173 827.6647021985468 17.3
174 827.6614352796175 17.4
175 827.6589012988703 17.5
176 827.6568038773637 17.6
177 827.655234543759 17.7
178 827.6538611448985 17.8
179 827.6496578815356 17.9
180 827.6460938806362 18
181 827.6431606660364 18.1
182 827.6407980135285 18.2
183 827.6389919918979 18.3
184 827.6374600745887 18.4
185 827.6330173892288 18.5
186 827.6293236367219 18.6
187 827.6263213035711 18.7
188 827.6239133534431 18.8
189 827.6220576719148 18.9
190 827.6204666539328 19
191 827.6160824354337 19.1
192 827.6123420008907 19.2
193 827.6093907642763 19.3
194 827.6069124310734 19.4
195 827.6050897276826 19.5
196 827.6034756177086 19.6
197 827.5989838482832 19.7
198 827.5952612255626 19.8
199 827.5922774044723 19.9
200 827.5898404249639 20
201 827.5879739515041 20.1
202 827.5865586163352 20.2
203 827.5820301509719 20.3
204 827.578356454923 20.4
205 827.5752949068927 20.5
206 827.573012262813 20.6
207 827.5710734193036 20.7
208 827.5695125903578 20.8
209 827.5649055402423 20.9
210 827.5612501400739 21
211 827.5581324999229 21.1
212 827.5557508952695 21.2
213 827.5537327583953 21.3
214 827.5521999526438 21.4
215 827.5476196667851 21.5
216 827.5439063205027 21.6
217 827.5407151763164 21.7
218 827.5383404845549 21.8
219 827.5362551981619 21.9
220 827.5346544516366 22
221 827.5301407791734 22.1
222 827.5263516724767 22.2
223 827.523282640877 22.3
224 827.5208579347673 22.4
225 827.2606355823136 22.5
226 827.3116337065634 22.6
227 827.3508028327938 22.7
228 827.3837003671767 22.8
229 827.4101680841558 22.9
230 827.4304946928147 23
231 827.4419816211438 23.1
232 827.450234098793 23.2
233 827.4562426122225 23.3
234 827.4606203189251 23.4
235 827.4638794575942 23.5
236 827.2726443107971 23.6
237 827.3142106141961 23.7
238 827.3443241240376 23.8
239 827.3694850743576 23.9
240 827.3898104000797 24
241 827.4054338752917 24.1
242 827.2252698005422 24.2
243 827.2727363099553 24.3
244 827.3076107470177 24.4
245 827.3364002952827 24.5
246 827.1721889592245 24.6
247 827.2271745760095 24.7
248 827.2676157775535 24.8
249 827.1216583253905 24.9
250 827.1876611351719 25
251 827.2312365849633 25.1
252 827.2662074197418 25.2
253 827.2939494470287 25.3
254 827.3153110746654 25.4
255 827.1486339623344 25.5
256 827.1976272602384 25.6
257 827.2335267442458 25.7
258 827.2630290847911 25.8
259 827.2867366456037 25.9
260 827.3051006800739 26
261 827.3190335818563 26.1
262 827.3258136191763 26.2
263 827.3306292928617 26.3
264 827.3341822170952 26.4
265 827.3367377642652 26.5
266 827.154997179572 26.6
267 827.1934703350945 26.7
268 827.2212575282327 26.8
269 827.0680262258998 26.9
270 827.1255686261812 27
271 827.1684083636256 27.1
272 826.9664316445113 27.2
273 827.0383937021046 27.3
274 827.0944611577548 27.4
275 827.140479969019 27.5
276 827.1722240227293 27.6
277 827.1965727555354 27.7
278 827.2150514508878 27.8
279 827.2290552362956 27.9
280 827.0016630903465 28
281 827.0555110898791 28.1
282 827.097479936798 28.2
283 827.1325725432206 28.3
284 827.1607858195595 28.4
285 827.1826281689423 28.5
286 827.1953734461385 28.6
287 827.2046380910723 28.7
288 827.2115663435228 28.8
289 827.2166722872752 28.9
290 827.2206270403398 29
291 827.2236262482996 29.1
292 827.2223686410316 29.2
293 827.2209961092451 29.3
294 827.219750996057 29.4
295 827.2186001686057 29.5
296 826.9737634161647 29.6
297 827.018972165174 29.7
298 827.055590936051 29.8
299 827.0867727767543 29.9
300 827.1119286922001 30
301 827.1272415461713 30.1
302 827.1384908771959 30.2
303 827.1467364905147 30.3
304 827.1530318622224 30.4
305 827.1576094133212 30.5
306 827.1610695175015 30.6
307 827.1601002389405 30.7
308 827.1591723110421 30.8
309 827.1580580305597 30.9
310 827.1571624528849 31
311 827.1563204711516 31.1
312 827.1555150856162 31.2
313 827.1515307904615 31.3
314 827.1480068120018 31.4
315 827.1451491821009 31.5
316 827.1429068348805 31.6
317 827.1410513548894 31.7
318 827.1395089435056 31.8
319 827.1348952554091 31.9
320 827.1309075720171 32
321 827.1276154897969 32.1
322 827.1249591734426 32.2
323 827.1228516215482 32.3
324 827.1210133991312 32.4
325 827.1163078580729 32.5
326 827.1123052314904 32.6
327 827.1089772162642 32.7
328 827.1062465718398 32.8
329 827.1040362293575 32.9
330 827.1021821899575 33
331 827.0974188010493 33.1
332 827.0932901836148 33.2
333 827.0899438999397 33.3
334 827.0872280201298 33.4
335 827.0851083798092 33.5
336 827.0832860791592 33.6
337 827.0784679201465 33.7
338 827.0743901575067 33.8
339 827.0710037564442 33.9
340 827.0683202859302 34
341 827.0661663375818 34.1
342 827.0643930481432 34.2
343 827.0596429191465 34.3
344 827.0555969892348 34.4
345 827.0522596357634 34.5
346 827.0495205781737 34.6
347 827.0473358633338 34.7
348 827.0455298197953 34.8
349 827.0408223198652 34.9
350 827.0367945253843 35
351 827.033462937898 35.1
352 827.0307198500092 35.2
353 827.028583873093 35.3
354 827.0267798601743 35.4
355 827.0220364491587 35.5
356 827.0179661541677 35.6
357 827.0146510818153 35.7
358 827.0118973791864 35.8
359 827.009685774141 35.9
360 827.0078253422322 36
361 827.0031025726955 36.1
362 826.9990626772086 36.2
363 826.9957900081172 36.3
364 826.9930854988988 36.4
365 826.9908489545942 36.5
366 826.9889615743162 36.6
367 826.9842048461998 36.7
368 826.9801126347616 36.8
369 826.9768089333438 36.9
370 826.9740453849956 37
371 826.9718568849321 37.1
372 826.9700546232667 37.2
373 826.9652545381909 37.3
374 826.9611249536913 37.4
375 826.957770678784 37.5
376 826.9549979794353 37.6
377 826.9527891701828 37.7
378 826.9509183980415 37.8
379 826.946193742127 37.9
380 826.9421339772546 38
381 826.9388039912886 38.1
382 826.9360663712789 38.2
383 826.9339135754605 38.3
384 826.9320241610704 38.40000000000001
385 826.927278998764 38.5
386 826.9232010523999 38.6
387 826.9198276469178 38.7
388 826.9170740208082 38.8
389 826.9148803035137 38.90000000000001
390 826.9130417523395 39
391 826.9082625639694 39.1
392 826.9041385771324 39.2
393 826.9007063562 39.3
394 826.8979130038789 39.40000000000001
395 826.8956875867251 39.5
396 826.8938343545393 39.6
397 826.8890706104263 39.7
398 826.8849562407618 39.8
399 826.8815615794967 39.90000000000001
400 826.878751664188 40
401 826.8766410104914 40.1
402 826.8747635013638 40.2
403 826.8700241607726 40.3
404 826.8658479622299 40.40000000000001
405 826.8625383304143 40.5
406 826.8596899251226 40.6
407 826.8575221549034 40.7
408 826.8555750115574 40.8
409 826.8508415678582 40.90000000000001
410 826.8466660669477 41
411 826.8433620624083 41.1
412 826.8405471889272 41.2
413 826.8383889438096 41.3
414 826.8364039779162 41.40000000000001
415 826.8316866135798 41.5
416 826.8274651116816 41.6
417 826.824138558815 41.7
418 826.8212695911518 41.8
419 826.8191996669905 41.90000000000001
420 826.8172876591651 42
421 826.8125523188196 42.1
422 826.8084553587463 42.2
423 826.8050081276937 42.3
424 826.802215076558 42.40000000000001
425 826.7999372016922 42.5
426 826.7980502876746 42.6
427 826.7932304238261 42.7
428 826.7890641903637 42.8
429 826.7856282855394 42.90000000000001
430 826.7827630754393 43
431 826.7805000545474 43.1
432 826.778588733463 43.2
433 826.7737698315324 43.3
434 826.7696430305512 43.40000000000001
435 826.7661921752161 43.5
436 826.7633734471268 43.6
437 826.7610059653975 43.7
438 826.7590432995589 43.8
439 826.7542723085555 43.90000000000001
440 826.7500650467274 44
441 826.7466037242998 44.1
442 826.7437636995289 44.2
443 826.741500557413 44.3
444 826.7396322631811 44.40000000000001
445 826.7347907808431 44.5
446 826.7305886638602 44.6
447 826.72712719028 44.7
448 826.7242533000339 44.8
449 826.7219428517473 44.90000000000001
450 826.7200295815691 45
451 826.7151856703816 45.1
452 826.7110559584299 45.2
453 826.7075922964801 45.3
454 826.7047143125367 45.40000000000001
455 826.7023048900118 45.5
456 826.7003412036858 45.6
457 826.6954556579367 45.7
458 826.691213968768 45.8
459 826.6876631008313 45.90000000000001
460 826.6846851230837 46
461 826.6822826001431 46.1
462 826.6804216381427 46.2
463 826.6755895154345 46.3
464 826.6713647671178 46.40000000000001
465 826.6679259939252 46.5
466 826.6650292464218 46.6
467 826.6626585481227 46.7
468 826.6607545867378 46.8
469 826.6558020064783 46.90000000000001
470 826.6516142712042 47
471 826.6480613591328 47.1
472 826.6451962262629 47.2
473 826.6428186220313 47.3
474 826.6408259384191 47.40000000000001
475 826.6358658039413 47.5
476 826.6316370315651 47.6
477 826.6280512060259 47.7
478 826.6251417433688 47.8
479 826.622751399115 47.90000000000001
480 826.6208245587662 48
481 826.6159415369436 48.1
482 826.6117073539701 48.2
483 826.6081763074574 48.3
484 826.6051829016189 48.40000000000001
485 826.602750661178 48.5
486 826.6007750515618 48.6
487 826.5957911529907 48.7
488 826.5915140403878 48.8
489 826.5879447831726 48.90000000000001
490 826.5849970488179 49
491 826.5825687659133 49.1
492 826.5805384657314 49.2
493 826.5755640114052 49.3
494 826.5712324288966 49.40000000000001
495 826.5677026640662 49.5
496 826.5647888791189 49.6
497 826.5623049248234 49.7
498 826.560306203679 49.8
499 826.5553319373608 49.90000000000001
500 826.5510332856944 50
501 825.4483004040288 50.01
502 824.243007630683 50.02
503 822.7976756531215 50.03
504 821.3372288755352 50.04
505 819.8601085773498 50.05
506 818.3579571309998 50.06
507 816.7608610783243 50.07
508 814.9383680029219 50.08
509 812.8366693841764 50.09
510 810.4263248787735 50.1
511 807.7024586421088 50.11
512 804.6618870734411 50.12
513 801.289059757716 50.13
514 797.5804414969103 50.14
515 793.5278424090751 50.15
516 789.1093175130641 50.16
517 784.3296550243733 50.17
518 779.201745531432 50.18
519 773.7232264536132 50.19
520 768.0566934813651 50.2
521 762.3998251853852 50.21
522 756.7637703230077 50.22
523 751.1819535511919 50.23
524 745.6738625431431 50.24
525 740.2539773043678 50.25
526 734.9370050996091 50.26
527 729.7360468445437 50.27
528 724.6621754547783 50.28
529 719.7234098633396 50.29
530 714.9247449084536 50.3
531 710.269459402567 50.31
532 705.7523838042137 50.32
533 701.3779739304431 50.33
534 697.1495115666083 50.34
535 692.7439896122289 50.35
536 688.1491810969303 50.36
537 683.4404274464958 50.37
538 678.6562563453059 50.38
539 673.9480924481089 50.39
540 669.3876724858538 50.4
541 664.9981045841683 50.41
542 660.9218914878272 50.42
543 657.3227265059742 50.43
544 654.2063364080944 50.44
545 651.873258132775 50.45
546 650.8282362265194 50.46
547 650.9563402017374 50.47
548 652.7333409375368 50.48
549 656.4311756151226 50.49
550 662.6480844647282 50.5
551 672.0679840719866 50.51
552 685.0655208653484 50.52
553 701.5917394668253 50.53
554 722.0406974925663 50.54
555 746.5766679009309 50.55
556 775.209376057826 50.56
557 807.3826606575919 50.57
558 842.1648054243401 50.58
559 879.2748219603247 50.59
560 918.2373380368343 50.6
561 957.8146173650277 50.61
562 997.3212699310112 50.62
563 1035.638436618262 50.63
564 1071.485116325481 50.64
565 1104.361538383321 50.65
566 1134.24825603099 50.66
567 1161.59605531792 50.67
568 1187.265916663484 50.68
569 1212.381496532578 50.69
570 1236.994509557265 50.7
571 1260.765629580269 50.71
572 1283.507179069869 50.72
573 1304.771793906299 50.73
574 1324.361860164872 50.74
575 1341.892661740128 50.75
576 1356.999933570964 50.76
577 1369.674799624429 50.77
578 1379.663528934613 50.78
579 1386.573976805868 50.79
580 1390.406742044164 50.8
581 1390.728520350136 50.81
582 1386.834648788104 50.82
583 1377.874143378799 50.83
584 1363.530558212289 50.84
585 1345.563299176772 50.85
586 1326.407679055424 50.86
587 1307.366737015255 50.87
588 1289.247868519696 50.88
589 1272.265847569283 50.89
590 1256.265069314257 50.9
591 1241.448418227914 50.91
592 1227.652360337767 50.92
593 1214.81401682986 50.93
594 1202.821555221042 50.94
595 1191.734145460029 50.95
596 1181.49138738181 50.96
597 1172.131645947128 50.97
598 1163.499645085744 50.98
599 1155.602804878725 50.99
600 1148.382078839607 51
601 1141.926176337713 51.01
602 1136.156213236068 51.02
603 1131.287458957791 51.03
604 1127.580857643514 51.04
605 1125.128636483356 51.05
606 1124.042519698867 51.06
607 1124.458241265989 51.07
608 1126.524562962942 51.08
609 1130.388626960647 51.09
610 1136.284904070487 51.1
611 1144.12164661433 51.11
612 1154.132942204991 51.12
613 1166.360544656828 51.13
614 1180.534671606704 51.14
615 1196.327247841769 51.15
616 1213.512575273458 51.16
617 1231.68032410306 51.17
618 1250.430456285496 51.18
619 1269.635131959126 51.19
620 1288.546801854766 51.2
621 1306.677726825323 51.21
622 1323.634529563933 51.22
623 1338.996989960489 51.23
624 1352.918089117813 51.24
625 1366.627851745731 51.25
626 1380.423847798183 51.26
627 1394.110351625347 51.27
628 1407.380744626328 51.28
629 1420.024079154924 51.29
630 1432.004104999145 51.3
631 1443.323007167036 51.31
632 1453.859146001438 51.32
633 1463.470601998918 51.33
634 1472.158287596928 51.34
635 1479.800606489573 51.35
636 1486.255740315066 51.36
637 1491.531493989633 51.37
638 1495.621255357546 51.38
639 1498.141955787926 51.39
640 1499.024382793433 51.4
641 1498.167966156052 51.41
642 1495.40402892625 51.42
643 1490.671212241747 51.43
644 1483.900856144032 51.44
645 1475.201959382621 51.45
646 1464.672217689095 51.46
647 1452.654442147933 51.47
648 1439.538171397452 51.48
649 1425.740511263028 51.49
650 1411.642404307456 51.5
651 1397.476055696091 51.51
652 1383.343015790507 51.52
653 1369.943141248359 51.53
654 1357.91212494386 51.54
655 1347.693004307339 51.55
656 1339.608449520086 51.56
657 1333.607546658927 51.57
658 1329.735370007488 51.58
659 1327.949030831728 51.59
660 1328.028437575781 51.6
661 1329.636009825919 51.61
662 1332.410654191538 51.62
663 1336.007166808912 51.63
664 1339.941801030937 51.64
665 1343.738908210644 51.65
666 1347.664702163332 51.66
667 1351.699191567302 51.67
668 1355.370634209386 51.68
669 1359.026071134354 51.69
670 1362.605808235956 51.7
671 1366.086558819878 51.71
672 1369.52695930539 51.72
673 1372.665694143835 51.73
674 1375.315551995702 51.74
675 1377.462439489288 51.75
676 1379.246681473706 51.76
677 1380.713937477165 51.77
678 1381.843673896206 51.78
679 1382.355270805826 51.79
680 1381.809032357255 51.8
681 1380.101926954392 51.81
682 1377.203426199012 51.82
683 1373.902120434303 51.83
684 1370.404990230749 51.84
685 1366.826848075409 51.85
686 1363.358305953368 51.86
687 1360.044991994203 51.87
688 1356.833534847266 51.88
689 1353.668149570382 51.89
690 1350.565734662416 51.9
691 1347.411357816012 51.91
692 1344.27403454558 51.92
693 1340.97694749945 51.93
694 1337.470779568667 51.94
695 1333.724001977372 51.95
696 1329.697866429916 51.96
697 1325.404311501571 51.97
698 1320.734886550792 51.98
699 1315.561311915556 51.99
700 1310.130997046452 52
701 1304.685180160176 52.01
702 1299.39004348945 52.02
703 1294.37985424623 52.03
704 1289.749066224018 52.04
705 1285.474941319493 52.05
706 1281.533312321263 52.06
707 1277.890274115944 52.07
708 1274.524616523484 52.08
709 1271.406149176059 52.09
710 1268.509910911923 52.1
711 1265.806461996337 52.11
712 1263.275489764354 52.12
713 1260.89430123766 52.13
714 1258.643606099361 52.14
715 1256.507955736652 52.15
716 1254.472292984874 52.16
717 1252.531181060755 52.17
718 1250.666153436056 52.18
719 1248.866756430965 52.19
720 1247.127625572826 52.2
721 1245.440064552414 52.21
722 1243.809429143311 52.22
723 1242.231413481334 52.23
724 1240.689706143988 52.24
725 1239.193331377502 52.25
726 1237.728810115835 52.26
727 1236.285885731958 52.27
728 1234.857697796926 52.28
729 1233.413216356552 52.29
730 1231.963466852909 52.3
731 1230.494856229188 52.31
732 1228.993677001831 52.32
733 1227.455469971996 52.33
734 1225.867615080063 52.34
735 1224.221726286844 52.35
736 1222.481904292202 52.36
737 1220.670425137686 52.37
738 1218.595109646181 52.38
739 1216.394746076285 52.39
740 1213.927769157419 52.4
741 1211.371975519125 52.41
742 1208.529971843232 52.42
743 1205.610839855064 52.43
744 1202.448721792955 52.44
745 1199.226159298773 52.45
746 1195.966493554135 52.46
747 1192.688966539687 52.47
748 1189.384914032794 52.48
749 1186.068340560851 52.49
750 1182.752216452837 52.5
751 1179.444159994817 52.51
752 1176.15552457964 52.52
753 1172.893891578974 52.53
754 1169.704846215593 52.54
755 1166.551422948089 52.55
756 1163.45276025171 52.56
757 1160.416283396287 52.57
758 1157.452914056808 52.58
759 1154.569666757971 52.59
760 1151.772506216359 52.6
761 1148.996633680556 52.61
762 1146.334142379663 52.62
763 1143.796923454785 52.63
764 1141.390495977908 52.64
765 1139.119551319652 52.65
766 1136.987570929591 52.66
767 1134.998496970029 52.67
768 1133.155735834772 52.68
769 1131.45847567231 52.69
770 1129.906192377651 52.7
771 1128.497964035343 52.71
772 1127.230422421299 52.72
773 1126.102824807765 52.73
774 1125.111667123401 52.74
775 1124.25314652141 52.75
776 1123.608770409929 52.76
777 1123.054473302332 52.77
778 1122.604612458434 52.78
779 1122.256873108589 52.79
780 1122.007898328256 52.8
781 1121.854330698116 52.81
782 1121.794268990462 52.82
783 1121.819894408463 52.83
784 1121.926788115612 52.84
785 1122.111390221883 52.85
786 1122.36681847902 52.86
787 1122.686130919418 52.87
788 1123.064219658277 52.88
789 1123.495584710875 52.89
790 1123.973130283459 52.9
791 1124.490783024913 52.91
792 1125.043093881887 52.92
793 1125.622894571788 52.93
794 1126.225360945037 52.94
795 1126.844110451018 52.95
796 1127.472941829471 52.96
797 1128.108210266124 52.97
798 1128.743848754195 52.98
799 1129.374328658853 52.99
800 1129.994984734269 53
801 1130.601225308186 53.01
802 1131.188753416305 53.02
803 1131.755506250034 53.03
804 1132.296919152675 53.04
805 1132.808142980622 53.05
806 1133.286406672197 53.06
807 1133.726932570607 53.07
808 1134.129658601342 53.08
809 1134.491868803989 53.09
810 1134.812488599597 53.1
811 1135.091845538728 53.11
812 1135.328635183359 53.12
813 1135.522856952479 53.13
814 1135.679459036188 53.14
815 1135.79270869842 53.15
816 1135.863645654379 53.16
817 1135.893407917253 53.17
818 1135.883492416686 53.18
819 1135.836542027941 53.19
820 1135.754164839864 53.2
821 1135.637217871673 53.21
822 1135.487575977218 53.22
823 1135.301097477407 53.23
824 1135.078280954642 53.24
825 1134.811974358845 53.25
826 1134.504329023187 53.26
827 1134.153230173203 53.27
828 1133.745309191752 53.28
829 1133.276274219141 53.29
830 1132.658192045178 53.3
831 1131.970667660341 53.31
832 1131.08866917321 53.32
833 1129.790398852328 53.33
834 1128.114270492644 53.34
835 1126.067819869003 53.35
836 1123.986056405784 53.36
837 1121.711509482962 53.37
838 1119.388111910188 53.38
839 1117.000754718018 53.39
840 1114.549142051662 53.4
841 1112.029063684882 53.41
842 1109.452576668361 53.42
843 1106.827625774986 53.43
844 1104.160847116667 53.44
845 1101.462488441821 53.45
846 1098.743037623231 53.46
847 1096.009198702032 53.47
848 1093.270036090025 53.48
849 1090.535758792311 53.49
850 1087.816501098863 53.5
851 1085.122296429301 53.51
852 1082.462677258528 53.52
853 1079.848444183642 53.53
854 1077.292629395517 53.54
855 1074.804265336928 53.55
856 1072.396184663729 53.56
857 1070.072171293752 53.57
858 1067.844241757993 53.58
859 1065.717681211091 53.59
860 1063.699484744843 53.6
861 1061.792977087347 53.61
862 1059.998217904799 53.62
863 1058.317167614729 53.63
864 1056.749265711231 53.64
865 1055.295048215943 53.65
866 1053.953220542639 53.66
867 1052.722763151051 53.67
868 1051.604085207074 53.68
869 1050.595828328004 53.69
870 1049.693822088745 53.7
871 1048.896426355859 53.71
872 1048.199472676477 53.72
873 1047.600871669871 53.73
874 1047.097232879966 53.74
875 1046.684722469521 53.75
876 1046.358659486926 53.76
877 1046.115325662768 53.77
878 1045.950360278764 53.78
879 1045.858758550308 53.79
880 1045.835675145764 53.8
881 1045.876776957049 53.81
882 1045.976133004097 53.82
883 1046.127824462096 53.83
884 1046.327122794386 53.84
885 1046.568323957304 53.85
886 1046.846015206692 53.86
887 1047.155226316433 53.87
888 1047.489806153234 53.88
889 1047.844328268423 53.89
890 1048.213997925395 53.9
891 1048.593549130107 53.91
892 1048.979209699053 53.92
893 1049.366574410109 53.93
894 1049.751582153436 53.94
895 1050.130710299543 53.95
896 1050.500372404193 53.96
897 1050.858057332283 53.97
898 1051.200720686096 53.98
899 1051.524337382334 53.99
900 1051.826456958908 54
901 1052.104811013456 54.01
902 1052.358069488774 54.02
903 1052.58623193097 54.03
904 1052.785176621636 54.04
905 1052.955030581842 54.05
906 1053.093843701001 54.06
907 1053.200918918512 54.07
908 1053.276200316634 54.08
909 1053.3202176218 54.09
910 1053.332308644598 54.1
911 1053.312368042609 54.11
912 1053.262146899791 54.12
913 1053.181098436617 54.13
914 1053.07019951609 54.14
915 1052.928020001008 54.15
916 1052.75465227168 54.16
917 1052.548227387653 54.17
918 1052.309732737401 54.18
919 1052.037233296888 54.19
920 1051.727566269572 54.2
921 1051.371534472654 54.21
922 1050.972638472492 54.22
923 1050.521918481683 54.23
924 1049.941730989893 54.24
925 1049.068955176303 54.25
926 1047.911084437631 54.26
927 1046.46875794261 54.27
928 1044.880466385319 54.28
929 1043.250896322474 54.29
930 1041.571477217804 54.3
931 1039.832461049878 54.31
932 1038.028274388333 54.32
933 1036.179997710369 54.33
934 1034.290711134141 54.34
935 1032.336652625835 54.35
936 1030.328490123372 54.36
937 1028.274126729385 54.37
938 1026.180567648804 54.38
939 1024.05432633688 54.39
940 1021.899974726056 54.4
941 1019.726888590639 54.41
942 1017.535558026875 54.42
943 1015.340573282682 54.43
944 1013.143678086113 54.44
945 1010.957627747536 54.45
946 1008.784753519478 54.46
947 1006.634371790408 54.47
948 1004.514478774424 54.48
949 1002.434546717722 54.49
950 1000.401457066201 54.5
951 998.4218572364366 54.51
952 996.5021701235664 54.52
953 994.6510963538514 54.53
954 992.8681467202645 54.54
955 991.1561283472028 54.55
956 989.5161761524247 54.56
957 987.9480128450766 54.57
958 986.4571707701939 54.58
959 985.0439183297713 54.59
960 983.7128557243624 54.6
961 982.4609011775605 54.61
962 981.2908455703457 54.62
963 980.2025113152048 54.63
964 979.1937569435171 54.64
965 978.2650864139165 54.65
966 977.4149000655904 54.66
967 976.6426845125653 54.67
968 975.9471484980227 54.68
969 975.3248206017088 54.69
970 974.7730225370544 54.7
971 974.2895615392461 54.71
972 973.8706682123716 54.72
973 973.5135331788946 54.73
974 973.2141276754819 54.74
975 972.9685208337344 54.75
976 972.7722402962885 54.76
977 972.6211323499374 54.77
978 972.51179051579 54.78
979 972.4404853325866 54.79
980 972.4034114071621 54.8
981 972.3968340384383 54.81
982 972.4171335697793 54.82
983 972.460327170022 54.83
984 972.5227443410067 54.84
985 972.6011044903543 54.85
986 972.6918047483506 54.86
987 972.7917826063392 54.87
988 972.8983987498431 54.88
989 973.0082410396382 54.89
990 973.1190147866002 54.9
991 973.2286021605847 54.91
992 973.3336955869437 54.92
993 973.4320749275456 54.93
994 973.5217620026999 54.94
995 973.6005319588331 54.95
996 973.6671014807076 54.96
997 973.7193019292027 54.97
998 973.7563420732869 54.98
999 973.7767437987503 54.99
1000 973.7793743178893 55
1001 973.7624773223936 55.01
1002 973.7261442938416 55.02
1003 973.6692571902348 55.03
1004 973.5912953207859 55.04
1005 973.4907901729466 55.05
1006 973.3678948625045 55.06
1007 973.2225849166902 55.07
1008 973.0533311739664 55.08
1009 972.858911093709 55.09
1010 972.6397083190868 55.1
1011 972.3944499250215 55.11
1012 972.1215039994463 55.12
1013 971.8198453802789 55.13
1014 971.4871895876888 55.14
1015 971.1215263083998 55.15
1016 970.7206938676011 55.16
1017 970.2829344393446 55.17
1018 969.805116031428 55.18
1019 969.27865954323 55.19
1020 968.7084040680226 55.2
1021 968.0929336930344 55.21
1022 967.4281110963591 55.22
1023 966.7116904528609 55.23
1024 965.9522293715919 55.24
1025 965.1384715638843 55.25
1026 964.267874662066 55.26
1027 963.3389580141201 55.27
1028 962.3514031973335 55.28
1029 961.3051244995711 55.29
1030 960.2000937273486 55.3
1031 959.0366159762589 55.31
1032 957.814812830603 55.32
1033 956.5359673329933 55.33
1034 955.2014684348878 55.34
1035 953.8126753380541 55.35
1036 952.3718460942573 55.36
1037 950.8813679077105 55.37
1038 949.3443915771834 55.38
1039 947.7636300953844 55.39
1040 946.1436149603309 55.4
1041 944.488020161687 55.41
1042 942.8015712959066 55.42
1043 941.0891071167952 55.43
1044 939.3541091434309 55.44
1045 937.6018917732982 55.45
1046 935.8385251298801 55.46
1047 934.0708485047601 55.47
1048 932.3012821373668 55.48
1049 930.539883476927 55.49
1050 928.7881250495258 55.5
1051 927.0565206436909 55.51
1052 925.3475882642682 55.52
1053 923.6654550063474 55.53
1054 922.0189691793061 55.54
1055 920.4084439170034 55.55
1056 918.8434106651432 55.56
1057 917.3238722960815 55.57
1058 915.8574198344611 55.58
1059 914.4433168043495 55.59
1060 913.0869567857205 55.6
1061 911.7895284896738 55.61
1062 910.5526438637403 55.62
1063 909.3783191433982 55.63
1064 908.2680842540152 55.64
1065 907.2208213915479 55.65
1066 906.2369165764941 55.66
1067 905.3158134901496 55.67
1068 904.4554507086661 55.68
1069 903.6558628516378 55.69
1070 902.9155141178122 55.7
1071 902.2325597248464 55.71
1072 901.6047442309673 55.72
1073 901.0300064094805 55.73
1074 900.505937692173 55.74
1075 900.0305635604545 55.75
1076 899.6012020252599 55.76
1077 899.2152827432692 55.77
1078 898.8704997850836 55.78
1079 898.5633334483922 55.79
1080 898.2913616532088 55.8
1081 898.051930528718 55.81
1082 897.8426336693609 55.82
1083 897.6596375160275 55.83
1084 897.502118612544 55.84
1085 897.3671659346459 55.85
1086 897.2522746935326 55.86
1087 897.1547150893322 55.87
1088 897.0719311919296 55.88
1089 897.0018883475448 55.89
1090 896.9416586709694 55.9
1091 896.8893845404267 55.91
1092 896.8430099695095 55.92
1093 896.8007420868825 55.93
1094 896.7607294693962 55.94
1095 896.7212052374507 55.95
1096 896.6813274452871 55.96
1097 896.6387377598969 55.97
1098 896.5915432156839 55.98
1099 896.5380637877786 55.99
1100 896.477627234536 56
1101 896.4090911475062 56.01
1102 896.3312331806081 56.02
1103 896.2430341150196 56.03
1104 896.1430759843549 56.04
1105 896.0303692946212 56.05
1106 895.90477920913 56.06
1107 895.7657584650597 56.07
1108 895.612478735427 56.08
1109 895.4442232100366 56.09
1110 895.259326876431 56.1
1111 895.0562046012943 56.11
1112 894.8351618036522 56.12
1113 894.5945457603615 56.13
1114 894.3340796946757 56.14
1115 894.0523089421729 56.15
1116 893.7477566067391 56.16
1117 893.4193570351761 56.17
1118 893.065097636154 56.18
1119 892.6830137680676 56.19
1120 892.2715639516582 56.2
1121 891.8289075044812 56.21
1122 891.3529290870115 56.22
1123 890.8416722098913 56.23
1124 890.2861084865407 56.24
1125 889.693007268523 56.25
1126 889.060602219058 56.26
1127 888.3860440004696 56.27
1128 887.6687381882047 56.28
1129 886.9142294685678 56.29
1130 886.1129590048999 56.3
1131 885.2639708297473 56.31
1132 884.3677168980145 56.32
1133 883.4242359075981 56.33
1134 882.4340821703886 56.34
1135 881.3976266169008 56.35
1136 880.3156418566724 56.36
1137 879.1890747185025 56.37
1138 878.0192755029531 56.38
1139 876.8079007156236 56.39
1140 875.5568795196508 56.4
1141 874.267803134179 56.41
1142 872.9428702220753 56.42
1143 871.5850052825647 56.43
1144 870.1975719530012 56.44
1145 868.7836376407012 56.45
1146 867.3469591514893 56.46
1147 865.8909168012281 56.47
1148 864.4184089712452 56.48
1149 862.9338117710195 56.49
1150 861.4419038511546 56.5
1151 859.9466870799841 56.51
1152 858.4529150379507 56.52
1153 856.9647151116797 56.53
1154 855.4858765466646 56.54
1155 854.0207693270257 56.55
1156 852.5727593509 56.56
1157 851.1464531388298 56.57
1158 849.745757208937 56.58
1159 848.3747692554878 56.59
1160 847.0367048272986 56.6
1161 845.7353305262221 56.61
1162 844.472404075816 56.62
1163 843.2504554305573 56.63
1164 842.0714514789929 56.64
1165 840.9364611958882 56.65
1166 839.8467317487322 56.66
1167 838.8031413686017 56.67
1168 837.8060019069133 56.68
1169 836.8557882790523 56.69
1170 835.9525754352175 56.7
1171 835.0966788813745 56.71
1172 834.2870930865762 56.72
1173 833.5228713818449 56.73
1174 832.8033320180749 56.74
1175 832.1265035560097 56.75
1176 831.4916497927237 56.76
1177 830.8975543535038 56.77
1178 830.3426855850058 56.78
1179 829.8252563298415 56.79
1180 829.3438381762932 56.8
1181 828.8958882730888 56.81
1182 828.4795979927655 56.82
1183 828.09361051005 56.83
1184 827.7358381532192 56.84
1185 827.404785363205 56.85
1186 827.0983598087544 56.86
1187 826.8148963718063 56.87
1188 826.5524065982623 56.88
1189 826.3094117001815 56.89
1190 826.0838898786172 56.9
1191 825.8740334427407 56.91
1192 825.6779798890449 56.92
1193 825.4943610035558 56.93
1194 825.3216995466904 56.94
1195 825.1583888704314 56.95
1196 825.0028755476749 56.96
1197 824.8539071144783 56.97
1198 824.7100190272693 56.98
1199 824.5705021604671 56.99
1200 824.4333554724304 57
1201 824.2973282065855 57.01
1202 824.1605985193282 57.02
1203 824.0224907123993 57.03
1204 823.8824868630157 57.04
1205 823.7395794924631 57.05
1206 823.5922473954937 57.06
1207 823.4401328279538 57.07
1208 823.2822043322202 57.08
1209 823.1180489977595 57.09
1210 822.9465344293178 57.1
1211 822.7672324121166 57.11
1212 822.5788541344383 57.12
1213 822.38127744576 57.13
1214 822.1739621810423 57.14
1215 821.9553533126873 57.15
1216 821.7248203922596 57.16
1217 821.4811314154194 57.17
1218 821.2230766600918 57.18
1219 820.949497767564 57.19
1220 820.6593837347688 57.2
1221 820.3522513198552 57.21
1222 820.0269346224502 57.22
1223 819.6818146571363 57.23
1224 819.3153971634802 57.24
1225 818.9259297377173 57.25
1226 818.5121660422445 57.26
1227 818.0725714200851 57.27
1228 817.6050149182593 57.28
1229 817.1086159765247 57.29
1230 816.5822363299662 57.3
1231 816.0241497401308 57.31
1232 815.4336650361757 57.32
1233 814.8100029120319 57.33
1234 814.1524769930955 57.34
1235 813.4606216854198 57.35
1236 812.7337254025032 57.36
1237 811.9716056441083 57.37
1238 811.173957475344 57.38
1239 810.3412169440877 57.39
1240 809.4739380068644 57.4
1241 808.5725039770751 57.41
1242 807.6375933942649 57.42
1243 806.6705994826259 57.43
1244 805.6727942562933 57.44
1245 804.6456145094202 57.45
1246 803.5905331619216 57.46
1247 802.5088603176125 57.47
1248 801.4032734418842 57.48
1249 800.2760943461402 57.49
1250 799.1290691856624 57.5
1251 797.9652260916708 57.51
1252 796.7872878583353 57.52
1253 795.5976436925008 57.53
1254 794.400118184736 57.54
1255 793.1974873431647 57.55
1256 791.9927666450225 57.56
1257 790.7892241608378 57.57
1258 789.5899709385817 57.58
1259 788.3979282758078 57.59
1260 787.2176541722392 57.6
1261 786.0492130178951 57.61
1262 784.8964893261297 57.62
1263 783.7618727317292 57.63
1264 782.6488141811217 57.64
1265 781.5599581226897 57.65
1266 780.4968829600507 57.66
1267 779.4609212710285 57.67
1268 778.453846867816 57.68
1269 777.4770303271406 57.69
1270 776.5316823800553 57.7
1271 775.6187163563694 57.71
1272 774.7385441872457 57.72
1273 773.8920863224261 57.73
1274 773.0793123875114 57.74
1275 772.299669087015 57.75
1276 771.5533526073382 57.76
1277 770.8404688807868 57.77
1278 770.1606152837237 57.78
1279 769.5134460176668 57.79
1280 768.897852195061 57.8
1281 768.3131774965185 57.81
1282 767.758247718109 57.82
1283 767.2323545976383 57.83
1284 766.7347302019781 57.84
1285 766.2639392097516 57.85
1286 765.8190192273499 57.86
1287 765.398773434324 57.87
1288 765.00204689784 57.88
1289 764.627530908489 57.89
1290 764.2740866452034 57.9
1291 763.9403738252395 57.91
1292 763.6252019201681 57.92
1293 763.327349444089 57.93
1294 763.0446755226502 57.94
1295 762.7776566525396 57.95
1296 762.5246575129206 57.96
1297 762.2843667455111 57.97
1298 762.0556895635872 57.98
1299 761.8371975172362 57.99
1300 761.6282368250745 58
1301 761.4278063166663 58.01
1302 761.2347343357668 58.02
1303 761.0480753895272 58.03
1304 760.867292848095 58.04
1305 760.6908137109485 58.05
1306 760.5177012709954 58.06
1307 760.346766458075 58.07
1308 760.1776670134649 58.08
1309 760.0101590725496 58.09
1310 759.8431157507766 58.1
1311 759.6758502089207 58.11
1312 759.5077824147036 58.12
1313 759.3382494338063 58.13
1314 759.1663937255871 58.14
1315 758.9918704526468 58.15
1316 758.814165328377 58.16
1317 758.6325456975671 58.17
1318 758.4458272605792 58.18
1319 758.2533598847631 58.19
1320 758.054803040659 58.2
1321 757.8488220190908 58.21
1322 757.6347117570061 58.22
1323 757.4121673823016 58.23
1324 757.1798517653209 58.24
1325 756.9373388476163 58.25
1326 756.6838239222988 58.26
1327 756.4178351141886 58.27
1328 756.1380311613966 58.28
1329 755.8437179635933 58.29
1330 755.5337059247738 58.3
1331 755.2068307136012 58.31
1332 754.8614451274285 58.32
1333 754.4969532887511 58.33
1334 754.1119301174075 58.34
1335 753.7050532463547 58.35
1336 753.2758289596223 58.36
1337 752.8235964799898 58.37
1338 752.3480256790573 58.38
1339 751.8484585745979 58.39
1340 751.3242521474788 58.4
1341 750.7751036539779 58.41
1342 750.2007756740521 58.42
1343 749.6010003522392 58.43
1344 748.9758983029146 58.44
1345 748.3263279540889 58.45
1346 747.6517312122328 58.46
1347 746.9528221960552 58.47
1348 746.2303763075683 58.48
1349 745.4851537093509 58.49
1350 744.717856180923 58.5
1351 743.9297652770657 58.51
1352 743.121788976473 58.52
1353 742.2949018063912 58.53
1354 741.4509473071005 58.54
1355 740.5918639543305 58.55
1356 739.7195324142031 58.56
1357 738.8358441370326 58.57
1358 737.942762200496 58.58
1359 737.0416294375952 58.59
1360 736.1347543614451 58.6
1361 735.2247949640898 58.61
1362 734.3133758231085 58.62
1363 733.4038744257632 58.63
1364 732.4978613902072 58.64
1365 731.5972031805752 58.65
1366 730.7041916882059 58.66
1367 729.8215177136528 58.67
1368 728.9490569322807 58.68
1369 728.0895780488518 58.69
1370 727.2451222771145 58.7
1371 726.4171559137467 58.71
1372 725.6072945945863 58.72
1373 724.816294745214 58.73
1374 724.0455981277515 58.74
1375 723.2966069261674 58.75
1376 722.5697477201029 58.76
1377 721.8655817392099 58.77
1378 721.1845710408373 58.78
1379 720.526999948032 58.79
1380 719.892409404573 58.8
1381 719.2813780519441 58.81
1382 718.6938290706439 58.82
1383 718.1298657463142 58.83
1384 717.5893035475478 58.84
1385 717.0722768833502 58.85
1386 716.5779407763036 58.86
1387 716.105569111739 58.87
1388 715.6546792183952 58.88
1389 715.2246216762915 58.89
1390 714.8148052629118 58.9
1391 714.4247120337971 58.91
1392 714.053737140037 58.92
1393 713.7010557502012 58.93
1394 713.3657748333707 58.94
1395 713.0472132077183 58.95
1396 712.7445984803262 58.96
1397 712.4571944226943 58.97
1398 712.1842098662016 58.98
1399 711.9248675331122 58.99
1400 711.6784206400166 59
1401 711.4439158010683 59.01
1402 711.2206700525581 59.02
1403 711.0077651398742 59.03
1404 710.8044653203145 59.04
1405 710.6101810115115 59.05
1406 710.4242530044769 59.06
1407 710.2459029721639 59.07
1408 710.0741082225237 59.08
1409 709.9084952972325 59.09
1410 709.7488794314042 59.1
1411 709.5944014608204 59.11
1412 709.4443479139765 59.12
1413 709.298178553218 59.13
1414 709.1551848597913 59.14
1415 709.0145782964017 59.15
1416 708.8759467599893 59.16
1417 708.7387478812041 59.17
1418 708.6027642006281 59.18
1419 708.4674334423914 59.19
1420 708.3320433136422 59.2
1421 708.1961129719126 59.21
1422 708.0594184191763 59.22
1423 707.9207047804655 59.23
1424 707.7797302822688 59.24
1425 707.636147184002 59.25
1426 707.4892095542069 59.26
1427 707.3384626102468 59.27
1428 707.1831154868652 59.28
1429 707.0221711157229 59.29
1430 706.8548105962192 59.3
1431 706.680495849535 59.31
1432 706.4984972137108 59.32
1433 706.3078643265782 59.33
1434 706.1075347493351 59.34
1435 705.8968703329898 59.35
1436 705.6751307269847 59.36
1437 705.4413749711846 59.37
1438 705.1946672074753 59.38
1439 704.93336874642 59.39
1440 704.6573426247753 59.4
1441 704.3661698016464 59.41
1442 704.0591420385174 59.42
1443 703.7357644170535 59.43
1444 703.3956242973682 59.44
1445 703.038355441972 59.45
1446 702.663519637547 59.46
1447 702.2707661996645 59.47
1448 701.8597456962183 59.48
1449 701.4300760233249 59.49
1450 700.9829047462056 59.5
1451 700.5175472506404 59.51
1452 700.0343265167554 59.52
1453 699.5352829491923 59.53
1454 699.0194199724021 59.54
1455 698.4874024528262 59.55
1456 697.9400629780406 59.56
1457 697.3781484947875 59.57
1458 696.8019933507493 59.58
1459 696.213110066944 59.59
1460 695.6121406132187 59.6
1461 695.0009543033932 59.61
1462 694.3800712141665 59.62
1463 693.7511992329427 59.63
1464 693.11525124192 59.64
1465 692.4743630818457 59.65
1466 691.8295148519577 59.66
1467 691.1834372493013 59.67
1468 690.5353919091826 59.68
1469 689.8880175160762 59.69
1470 689.243737648723 59.7
1471 688.603110224117 59.71
1472 687.9668617316644 59.72
1473 687.3371321572599 59.73
1474 686.7159634993943 59.74
1475 686.1031694345321 59.75
1476 685.5006315581721 59.76
1477 684.9091629641898 59.77
1478 684.3298602918543 59.78
1479 683.7635371105155 59.79
1480 683.6130144848904 59.8
1481 683.0719214779111 59.81
1482 682.9275186025078 59.82
1483 682.4073466600619 59.83
1484 681.898496558626 59.84
1485 681.4063824733221 59.85
1486 680.9320502056137 59.86
1487 680.4759450620315 59.87
1488 680.0372579168105 59.88
1489 679.6156497474974 59.89
1490 679.2106168803834 59.9
1491 678.8223493281484 59.91
1492 678.4507773086456 59.92
1493 678.095633877891 59.93
1494 677.756834120344 59.94
1495 677.4340628483272 59.95
1496 677.127048531691 59.96
1497 676.8354724540739 59.97
1498 676.5588710375954 59.98
1499 676.2968087036024 59.99
1500 676.0488089780807 60
