"vazao-mass-porta-rfile"
"Time Step" "vazao-mass-porta etc.."
("Time Step" "vazao-mass-porta" "flow-time")
0 0.1916412661165149 0
1 0 0.1
2 0 0.2
3 0 0.3
4 0 0.4
5 0 0.5
6 0 0.6000000000000001
7 0 0.7000000000000001
8 0 0.8
9 0 0.9
10 0 1
11 0 1.1
12 0 1.2
13 0 1.3
14 0 1.4
15 0 1.5
16 0 1.6
17 0 1.7
18 0 1.8
19 0 1.9
20 0 2
21 0 2.1
22 0 2.2
23 0 2.3
24 0 2.4
25 0 2.5
26 0 2.6
27 0 2.7
28 0 2.8
29 0 2.9
30 0 3
31 0 3.1
32 0 3.2
33 0 3.3
34 0 3.4
35 0 3.5
36 0 3.6
37 0 3.7
38 0 3.8
39 0 3.9
40 0 4
41 0 4.100000000000001
42 0 4.2
43 0 4.3
44 0 4.4
45 0 4.5
46 0 4.600000000000001
47 0 4.7
48 0 4.800000000000001
49 0 4.9
50 0 5
51 0 5.100000000000001
52 0 5.2
53 0 5.300000000000001
54 0 5.4
55 0 5.5
56 0 5.600000000000001
57 0 5.7
58 0 5.800000000000001
59 0 5.9
60 0 6
61 0 6.100000000000001
62 0 6.2
63 0 6.300000000000001
64 0 6.4
65 0 6.5
66 0 6.600000000000001
67 0 6.7
68 0 6.800000000000001
69 0 6.9
70 0 7
71 0 7.100000000000001
72 0 7.2
73 0 7.300000000000001
74 0 7.4
75 0 7.5
76 0 7.600000000000001
77 0 7.7
78 0 7.800000000000001
79 0 7.9
80 0 8
81 0 8.1
82 0 8.200000000000001
83 0 8.300000000000001
84 0 8.4
85 0 8.5
86 0 8.6
87 0 8.700000000000001
88 0 8.800000000000001
89 0 8.9
90 0 9
91 0 9.1
92 0 9.200000000000001
93 0 9.300000000000001
94 0 9.4
95 0 9.5
96 0 9.600000000000001
97 0 9.700000000000001
98 0 9.800000000000001
99 0 9.9
100 0 10
101 0 10.1
102 0 10.2
103 0 10.3
104 0 10.4
105 0 10.5
106 0 10.6
107 0 10.7
108 0 10.8
109 0 10.9
110 0 11
111 0 11.1
112 0 11.2
113 0 11.3
114 0 11.4
115 0 11.5
116 0 11.6
117 0 11.7
118 0 11.8
119 0 11.9
120 0 12
121 0 12.1
122 0 12.2
123 0 12.3
124 0 12.4
125 0 12.5
126 0 12.6
127 0 12.7
128 0 12.8
129 0 12.9
130 0 13
131 0 13.1
132 0 13.2
133 0 13.3
134 0 13.4
135 0 13.5
136 0 13.6
137 0 13.7
138 0 13.8
139 0 13.9
140 0 14
141 0 14.1
142 0 14.2
143 0 14.3
144 0 14.4
145 0 14.5
146 0 14.6
147 0 14.7
148 0 14.8
149 0 14.9
150 0 15
151 0 15.1
152 0 15.2
153 0 15.3
154 0 15.4
155 0 15.5
156 0 15.6
157 0 15.7
158 0 15.8
159 0 15.9
160 0 16
161 0 16.1
162 0 16.2
163 0 16.3
164 0 16.4
165 0 16.5
166 0 16.6
167 0 16.7
168 0 16.8
169 0 16.9
170 0 17
171 0 17.1
172 0 17.2
173 0 17.3
174 0 17.4
175 0 17.5
176 0 17.6
177 0 17.7
178 0 17.8
179 0 17.9
180 0 18
181 0 18.1
182 0 18.2
183 0 18.3
184 0 18.4
185 0 18.5
186 0 18.6
187 0 18.7
188 0 18.8
189 0 18.9
190 0 19
191 0 19.1
192 0 19.2
193 0 19.3
194 0 19.4
195 0 19.5
196 0 19.6
197 0 19.7
198 0 19.8
199 0 19.9
200 0 20
201 0 20.1
202 0 20.2
203 0 20.3
204 0 20.4
205 0 20.5
206 0 20.6
207 0 20.7
208 0 20.8
209 0 20.9
210 0 21
211 0 21.1
212 0 21.2
213 0 21.3
214 0 21.4
215 0 21.5
216 0 21.6
217 0 21.7
218 0 21.8
219 0 21.9
220 0 22
221 0 22.1
222 0 22.2
223 0 22.3
224 0 22.4
225 0 22.5
226 0 22.6
227 0 22.7
228 0 22.8
229 0 22.9
230 0 23
231 0 23.1
232 0 23.2
233 0 23.3
234 0 23.4
235 0 23.5
236 0 23.6
237 0 23.7
238 0 23.8
239 0 23.9
240 0 24
241 0 24.1
242 0 24.2
243 0 24.3
244 0 24.4
245 0 24.5
246 0 24.6
247 0 24.7
248 0 24.8
249 0 24.9
250 0 25
251 0 25.1
252 0 25.2
253 0 25.3
254 0 25.4
255 0 25.5
256 0 25.6
257 0 25.7
258 0 25.8
259 0 25.9
260 0 26
261 0 26.1
262 0 26.2
263 0 26.3
264 0 26.4
265 0 26.5
266 0 26.6
267 0 26.7
268 0 26.8
269 0 26.9
270 0 27
271 0 27.1
272 0 27.2
273 0 27.3
274 0 27.4
275 0 27.5
276 0 27.6
277 0 27.7
278 0 27.8
279 0 27.9
280 0 28
281 0 28.1
282 0 28.2
283 0 28.3
284 0 28.4
285 0 28.5
286 0 28.6
287 0 28.7
288 0 28.8
289 0 28.9
290 0 29
291 0 29.1
292 0 29.2
293 0 29.3
294 0 29.4
295 0 29.5
296 0 29.6
297 0 29.7
298 0 29.8
299 0 29.9
300 0 30
301 0 30.1
302 0 30.2
303 0 30.3
304 0 30.4
305 0 30.5
306 0 30.6
307 0 30.7
308 0 30.8
309 0 30.9
310 0 31
311 0 31.1
312 0 31.2
313 0 31.3
314 0 31.4
315 0 31.5
316 0 31.6
317 0 31.7
318 0 31.8
319 0 31.9
320 0 32
321 0 32.1
322 0 32.2
323 0 32.3
324 0 32.4
325 0 32.5
326 0 32.6
327 0 32.7
328 0 32.8
329 0 32.9
330 0 33
331 0 33.1
332 0 33.2
333 0 33.3
334 0 33.4
335 0 33.5
336 0 33.6
337 0 33.7
338 0 33.8
339 0 33.9
340 0 34
341 0 34.1
342 0 34.2
343 0 34.3
344 0 34.4
345 0 34.5
346 0 34.6
347 0 34.7
348 0 34.8
349 0 34.9
350 0 35
351 0 35.1
352 0 35.2
353 0 35.3
354 0 35.4
355 0 35.5
356 0 35.6
357 0 35.7
358 0 35.8
359 0 35.9
360 0 36
361 0 36.1
362 0 36.2
363 0 36.3
364 0 36.4
365 0 36.5
366 0 36.6
367 0 36.7
368 0 36.8
369 0 36.9
370 0 37
371 0 37.1
372 0 37.2
373 0 37.3
374 0 37.4
375 0 37.5
376 0 37.6
377 0 37.7
378 0 37.8
379 0 37.9
380 0 38
381 0 38.1
382 0 38.2
383 0 38.3
384 0 38.40000000000001
385 0 38.5
386 0 38.6
387 0 38.7
388 0 38.8
389 0 38.90000000000001
390 0 39
391 0 39.1
392 0 39.2
393 0 39.3
394 0 39.40000000000001
395 0 39.5
396 0 39.6
397 0 39.7
398 0 39.8
399 0 39.90000000000001
400 0 40
401 0 40.1
402 0 40.2
403 0 40.3
404 0 40.40000000000001
405 0 40.5
406 0 40.6
407 0 40.7
408 0 40.8
409 0 40.90000000000001
410 0 41
411 0 41.1
412 0 41.2
413 0 41.3
414 0 41.40000000000001
415 0 41.5
416 0 41.6
417 0 41.7
418 0 41.8
419 0 41.90000000000001
420 0 42
421 0 42.1
422 0 42.2
423 0 42.3
424 0 42.40000000000001
425 0 42.5
426 0 42.6
427 0 42.7
428 0 42.8
429 0 42.90000000000001
430 0 43
431 0 43.1
432 0 43.2
433 0 43.3
434 0 43.40000000000001
435 0 43.5
436 0 43.6
437 0 43.7
438 0 43.8
439 0 43.90000000000001
440 0 44
441 0 44.1
442 0 44.2
443 0 44.3
444 0 44.40000000000001
445 0 44.5
446 0 44.6
447 0 44.7
448 0 44.8
449 0 44.90000000000001
450 0 45
451 0 45.1
452 0 45.2
453 0 45.3
454 0 45.40000000000001
455 0 45.5
456 0 45.6
457 0 45.7
458 0 45.8
459 0 45.90000000000001
460 0 46
461 0 46.1
462 0 46.2
463 0 46.3
464 0 46.40000000000001
465 0 46.5
466 0 46.6
467 0 46.7
468 0 46.8
469 0 46.90000000000001
470 0 47
471 0 47.1
472 0 47.2
473 0 47.3
474 0 47.40000000000001
475 0 47.5
476 0 47.6
477 0 47.7
478 0 47.8
479 0 47.90000000000001
480 0 48
481 0 48.1
482 0 48.2
483 0 48.3
484 0 48.40000000000001
485 0 48.5
486 0 48.6
487 0 48.7
488 0 48.8
489 0 48.90000000000001
490 0 49
491 0 49.1
492 0 49.2
493 0 49.3
494 0 49.40000000000001
495 0 49.5
496 0 49.6
497 0 49.7
498 0 49.8
499 0 49.90000000000001
500 0 50
501 -0.02475608110012664 50.01
502 -0.0276799653467088 50.02
503 -0.03362095420758181 50.03
504 -0.03438991245054138 50.04
505 -0.03528354979858792 50.05
506 -0.03644952495596426 50.06
507 -0.03917127825114578 50.07
508 -0.04489294597492965 50.08
509 -0.05152606933975525 50.09
510 -0.05826717165496642 50.1
511 -0.0650051686848567 50.11
512 -0.07161614945608993 50.12
513 -0.07799581823768355 50.13
514 -0.0840567601323951 50.14
515 -0.08973974476160781 50.15
516 -0.09500351737125151 50.16
517 -0.09978842516792097 50.17
518 -0.104045293805754 50.18
519 -0.1077114650620323 50.19
520 -0.1091965669492416 50.2
521 -0.1082488460894598 50.21
522 -0.1071400755749595 50.22
523 -0.1055717401278522 50.23
524 -0.1037609884439762 50.24
525 -0.1017469248298528 50.25
526 -0.09955293698773988 50.26
527 -0.09718884355492596 50.27
528 -0.0946695301421496 50.28
529 -0.09202478399832545 50.29
530 -0.08929422170123794 50.3
531 -0.08650301430175103 50.31
532 -0.08367453183938817 50.32
533 -0.08096464127822062 50.33
534 -0.07820889037537576 50.34
535 -0.07422450655637167 50.35
536 -0.07086530791704319 50.36
537 -0.06728361886935767 50.37
538 -0.06371048131950055 50.38
539 -0.0599966145067973 50.39
540 -0.05602788385092871 50.4
541 -0.05178634234086536 50.41
542 -0.04752938521333866 50.42
543 -0.04325430064131866 50.43
544 -0.03874596605738255 50.44
545 -0.03436093144349033 50.45
546 -0.03034007947434873 50.46
547 -0.02558822266299206 50.47
548 -0.02114230641813513 50.48
549 -0.01629750922123101 50.49
550 -0.01182482191849975 50.5
551 -0.007332540550475954 50.51
552 -0.002584308264074822 50.52
553 0.002557934572464377 50.53
554 0.007687199903554165 50.54
555 0.01295288542720281 50.55
556 0.01835713225875098 50.56
557 0.02363519355562454 50.57
558 0.02913024697177636 50.58
559 0.03430923634117634 50.59
560 0.03944634209664293 50.6
561 0.04428357599640984 50.61
562 0.04903444434442971 50.62
563 0.05362337067561634 50.63
564 0.05773951013134775 50.64
565 0.0612797986760041 50.65
566 0.06365454378646361 50.66
567 0.0645067689885134 50.67
568 0.06378073823711553 50.68
569 0.06139696396119146 50.69
570 0.05748906507701739 50.7
571 0.05252266661092915 50.71
572 0.04646749970363418 50.72
573 0.03958406412560917 50.73
574 0.03217026247108989 50.74
575 0.02431085398353677 50.75
576 0.01657124297692474 50.76
577 0.008932987852753224 50.77
578 0.001519833124502361 50.78
579 -0.005591751687897409 50.79
580 -0.01246781419520738 50.8
581 -0.01902781906541278 50.81
582 -0.02497006042487492 50.82
583 -0.03026585216817901 50.83
584 -0.03467594116322945 50.84
585 -0.03822806884977191 50.85
586 -0.04147707978829297 50.86
587 -0.04353653150451263 50.87
588 -0.04506387176542031 50.88
589 -0.04634023050966116 50.89
590 -0.04826562103999217 50.9
591 -0.04837859864939269 50.91
592 -0.04900346757660506 50.92
593 -0.04902881361213485 50.93
594 -0.04909804370654372 50.94
595 -0.04876772396533061 50.95
596 -0.04798710654021694 50.96
597 -0.04688818440039332 50.97
598 -0.0457202425071123 50.98
599 -0.04444352908502908 50.99
600 -0.04315623835638507 51
601 -0.04162189557432718 51.01
602 -0.03985923584909795 51.02
603 -0.03690224906155654 51.03
604 -0.03356383591476819 51.04
605 -0.03016140415429778 51.05
606 -0.02645859822575948 51.06
607 -0.02270775294375817 51.07
608 -0.01888145539847104 51.08
609 -0.01485990782750306 51.09
610 -0.01088664130660343 51.1
611 -0.006516730281851447 51.11
612 -0.002232315917621429 51.12
613 0.001978307008548459 51.13
614 0.006415963842904732 51.14
615 0.01090878212142824 51.15
616 0.01540889244142214 51.16
617 0.01988778990275414 51.17
618 0.02418318572022457 51.18
619 0.02825288151083014 51.19
620 0.03200283443096084 51.2
621 0.03537276233425504 51.21
622 0.03814994195891324 51.22
623 0.04013652990648592 51.23
624 0.04112403703380912 51.24
625 0.04096153945607157 51.25
626 0.03971388967324453 51.26
627 0.0375484650646083 51.27
628 0.03465328287050722 51.28
629 0.03121240746128986 51.29
630 0.02726382014976473 51.3
631 0.02290847380739355 51.31
632 0.01822227359128605 51.32
633 0.01331095665012153 51.33
634 0.008224454783201961 51.34
635 0.003027429503568289 51.35
636 -0.002178199053985143 51.36
637 -0.007351963594170385 51.37
638 -0.01235286495110345 51.38
639 -0.01707489375935848 51.39
640 -0.02149202884485035 51.4
641 -0.02537390397222889 51.41
642 -0.0287836685077913 51.42
643 -0.03169047597164831 51.43
644 -0.03407358941786381 51.44
645 -0.03589864815626607 51.45
646 -0.03708965067812166 51.46
647 -0.03758922449385146 51.47
648 -0.03689208644796511 51.48
649 -0.03564102422553851 51.49
650 -0.03403933058990206 51.5
651 -0.03212802907918334 51.51
652 -0.03041897097414401 51.52
653 -0.02856435946790248 51.53
654 -0.02673083302790153 51.54
655 -0.02271788763206829 51.55
656 -0.01881255904741861 51.56
657 -0.01492426590409268 51.57
658 -0.01084888155070738 51.58
659 -0.006724206099552377 51.59
660 -0.002442913218319324 51.6
661 0.001989086632576263 51.61
662 0.006567854332593007 51.62
663 0.0110820878677866 51.63
664 0.0156485026043862 51.64
665 0.02018695894091442 51.65
666 0.02462859809039742 51.66
667 0.0288787461979389 51.67
668 0.03289945588081888 51.68
669 0.03650616722435141 51.69
670 0.03959719500814064 51.7
671 0.04180731171384372 51.71
672 0.04280967298554853 51.72
673 0.04297396217216617 51.73
674 0.04246602331336621 51.74
675 0.0415316150821023 51.75
676 0.04022997045034719 51.76
677 0.03862080120343833 51.77
678 0.0367162615024826 51.78
679 0.03454987774691941 51.79
680 0.03213081846339465 51.8
681 0.0294786824837416 51.81
682 0.02706363293288926 51.82
683 0.02452669914483537 51.83
684 0.02187163999995097 51.84
685 0.01963064099319117 51.85
686 0.01734407948967063 51.86
687 0.01499899112081433 51.87
688 0.01261535291795097 51.88
689 0.01048871328995755 51.89
690 0.008051425912731159 51.9
691 0.005897113444454066 51.91
692 0.003428292368561106 51.92
693 0.001011844352397529 51.93
694 -0.001383496962130507 51.94
695 -0.003715984941092638 51.95
696 -0.005663932949895903 51.96
697 -0.007543595248243041 51.97
698 -0.00934535831178053 51.98
699 -0.01078369739161375 51.99
700 -0.01214984298077244 52
701 -0.01317387625911174 52.01
702 -0.01387803167979176 52.02
703 -0.0145330434643763 52.03
704 -0.01536768882628596 52.04
705 -0.01612965336740928 52.05
706 -0.01683109401914276 52.06
707 -0.01740675781359624 52.07
708 -0.01791101547257352 52.08
709 -0.01833574579629151 52.09
710 -0.01868035477754762 52.1
711 -0.01894557306508511 52.11
712 -0.01913299226153701 52.12
713 -0.01924648834898704 52.13
714 -0.01928530999291585 52.14
715 -0.01925012102999334 52.15
716 -0.01914059566771648 52.16
717 -0.01895446541043968 52.17
718 -0.01869019511739788 52.18
719 -0.01834546258062041 52.19
720 -0.01791922992055695 52.2
721 -0.01741206175410849 52.21
722 -0.01682541501129893 52.22
723 -0.01616330486416148 52.23
724 -0.01541720741380116 52.24
725 -0.01462183152715072 52.25
726 -0.0137688376157323 52.26
727 -0.0128584721708385 52.27
728 -0.01189912765176128 52.28
729 -0.01073278542594223 52.29
730 -0.009702593331733188 52.3
731 -0.008646703511644467 52.31
732 -0.007565299760893341 52.32
733 -0.006459924384973654 52.33
734 -0.005334493153533265 52.34
735 -0.004193140637608417 52.35
736 -0.002824880764488695 52.36
737 -0.001660801594352723 52.37
738 0.0006152994867508078 52.38
739 0.002238037502877373 52.39
740 0.004544338166725295 52.4
741 0.005912009015877238 52.41
742 0.008243201543903289 52.42
743 0.009555661106277655 52.43
744 0.01156416483329352 52.44
745 0.01288273292611001 52.45
746 0.01394624717742088 52.46
747 0.01498730196322823 52.47
748 0.01600694438432391 52.48
749 0.01700038780031741 52.49
750 0.01796357104390109 52.5
751 0.01888964770194496 52.51
752 0.01976931485088122 52.52
753 0.02059722640866412 52.53
754 0.02119209267160207 52.54
755 0.02189203653447438 52.55
756 0.02252135495255117 52.56
757 0.02307088681366186 52.57
758 0.02353203856801311 52.58
759 0.02390106974081466 52.59
760 0.02416207699600399 52.6
761 0.02437486160225355 52.61
762 0.02440578683536163 52.62
763 0.02432482697364743 52.63
764 0.02417779964069403 52.64
765 0.02394514961431584 52.65
766 0.02361305770356626 52.66
767 0.02318481259415435 52.67
768 0.02266038434578167 52.68
769 0.02205587239831106 52.69
770 0.0213665668616753 52.7
771 0.02059933320609598 52.71
772 0.01976046202942705 52.72
773 0.0188530928133543 52.73
774 0.01788229980779438 52.74
775 0.01685270156204976 52.75
776 0.01537758490594324 52.76
777 0.01460622130745596 52.77
778 0.01346006321384185 52.78
779 0.01223809091813314 52.79
780 0.01096583592385176 52.8
781 0.009667701506265503 52.81
782 0.008340831356691204 52.82
783 0.007015182467251201 52.83
784 0.005672008394463099 52.84
785 0.004294596556957292 52.85
786 0.00293990740332772 52.86
787 0.001574197865413665 52.87
788 0.0002065539579968207 52.88
789 -0.001158221163216205 52.89
790 -0.002512648710532086 52.9
791 -0.003853106914904975 52.91
792 -0.005174264428275489 52.92
793 -0.0064736214767734 52.93
794 -0.007745639346643141 52.94
795 -0.008988106634511231 52.95
796 -0.01019715922121204 52.96
797 -0.01136722719258468 52.97
798 -0.01249579953013244 52.98
799 -0.0135760575089096 52.99
800 -0.01460748205433426 53
801 -0.01558695831975776 53.01
802 -0.01651170346587751 53.02
803 -0.01737732063054147 53.03
804 -0.01819482331949523 53.04
805 -0.01892247065571536 53.05
806 -0.01958853815426186 53.06
807 -0.02018327821183511 53.07
808 -0.02070134420403227 53.08
809 -0.02113808539299389 53.09
810 -0.02148847424408454 53.1
811 -0.02174681589089193 53.11
812 -0.02190863008572922 53.12
813 -0.02196893502557799 53.13
814 -0.02192263509206977 53.14
815 -0.02176730842003646 53.15
816 -0.02150375175853739 53.16
817 -0.02113547802061079 53.17
818 -0.02066865290747467 53.18
819 -0.02011133012060164 53.19
820 -0.01947136197197073 53.2
821 -0.01875605119266624 53.21
822 -0.01797258868615735 53.22
823 -0.01712767897809059 53.23
824 -0.01622798189781912 53.24
825 -0.01527965001114189 53.25
826 -0.01428583724558578 53.26
827 -0.01325272269338966 53.27
828 -0.01200949571174566 53.28
829 -0.01072661724245495 53.29
830 -0.008838427120414185 53.3
831 -0.007315203544589035 53.31
832 -0.004941362010383386 53.32
833 -0.0007686948808706007 53.33
834 0.003448367834705802 53.34
835 0.007402580777220953 53.35
836 0.00849854904472034 53.36
837 0.01024432542728095 53.37
838 0.01113076975805482 53.38
839 0.01202546843818417 53.39
840 0.01293035129857324 53.4
841 0.01385388559355981 53.41
842 0.0147389769310906 53.42
843 0.01561337322076235 53.43
844 0.01645420433352898 53.44
845 0.01727055091251853 53.45
846 0.01804213822460341 53.46
847 0.01877106114349519 53.47
848 0.01945098446912689 53.48
849 0.02007534614706227 53.49
850 0.02063904834123919 53.5
851 0.02114015476371614 53.51
852 0.02157154097896011 53.52
853 0.02193276034871811 53.53
854 0.02220938359841803 53.54
855 0.02240345969186106 53.55
856 0.02250815052475509 53.56
857 0.02252125913841227 53.57
858 0.02244054501357218 53.58
859 0.02226456316178948 53.59
860 0.02199507299355934 53.6
861 0.02163416680583028 53.61
862 0.02118352161299925 53.62
863 0.02064779519127183 53.63
864 0.02003128741431702 53.64
865 0.01933740732416815 53.65
866 0.01857443257839149 53.66
867 0.01774502334602286 53.67
868 0.01684544893404933 53.68
869 0.01590355890719694 53.69
870 0.01490970193117284 53.7
871 0.01386071528871683 53.71
872 0.01277974919160973 53.72
873 0.01166642746060145 53.73
874 0.0105194283416601 53.74
875 0.009344789534527208 53.75
876 0.008146524333971263 53.76
877 0.006928360215559578 53.77
878 0.005691031250738689 53.78
879 0.004449383234620141 53.79
880 0.003197201035295347 53.8
881 0.001939972376751056 53.81
882 0.0006818195539428744 53.82
883 -0.0005737592066393064 53.83
884 -0.001823584487997409 53.84
885 -0.003062764995142074 53.85
886 -0.004288751913872482 53.86
887 -0.005497758842362057 53.87
888 -0.006685100387771653 53.88
889 -0.007848171354328935 53.89
890 -0.008981326500142672 53.9
891 -0.01008236153315561 53.91
892 -0.01114603621160752 53.92
893 -0.01216956262032552 53.93
894 -0.01314847081345875 53.94
895 -0.01407839806962354 53.95
896 -0.01495552541069958 53.96
897 -0.01577696501591033 53.97
898 -0.01654001483061479 53.98
899 -0.01724401928463649 53.99
900 -0.01787772926901364 54
901 -0.01844295349308451 54.01
902 -0.01893451806009024 54.02
903 -0.01934840534380276 54.03
904 -0.01967957660726164 54.04
905 -0.01992356839106174 54.05
906 -0.02007487795454898 54.06
907 -0.02012997530402982 54.07
908 -0.02008519237844885 54.08
909 -0.01993988458671105 54.09
910 -0.01969480477749789 54.1
911 -0.01935421726295309 54.11
912 -0.01892392973819541 54.12
913 -0.01841023285818938 54.13
914 -0.01781997142686998 54.14
915 -0.017159376193895 54.15
916 -0.01643468781405456 54.16
917 -0.0156517747729133 54.17
918 -0.01481614902418969 54.18
919 -0.01393295569159752 54.19
920 -0.01300674135262359 54.2
921 -0.01188762462778504 54.21
922 -0.01089251338444646 54.22
923 -0.00969991879793183 54.23
924 -0.007925392288619229 54.24
925 -0.004202717677400892 54.25
926 -0.0003850852704838552 54.26
927 0.003430595258333213 54.27
928 0.005741874697352207 54.28
929 0.006750617344860666 54.29
930 0.00756223116873191 54.3
931 0.008400918072003601 54.31
932 0.00926196056728865 54.32
933 0.009943299022784693 54.33
934 0.01062076467321984 54.34
935 0.01147100814721105 54.35
936 0.01231023513717149 54.36
937 0.01313160770766931 54.37
938 0.01392319957352411 54.38
939 0.01468345666638356 54.39
940 0.0154090040213044 54.4
941 0.01609505216423662 54.41
942 0.01673765196020832 54.42
943 0.01733388716322963 54.43
944 0.01788062625732845 54.44
945 0.01837258203420854 54.45
946 0.01880655771844514 54.46
947 0.01917752667060708 54.47
948 0.01948031602871368 54.48
949 0.01970912398120855 54.49
950 0.01985876720655946 54.5
951 0.01992451330194038 54.51
952 0.01990417307979415 54.52
953 0.01979607697822048 54.53
954 0.01960142954989562 54.54
955 0.01932270064691956 54.55
956 0.0189623249364002 54.56
957 0.01852458561560525 54.57
958 0.01801382804618567 54.58
959 0.01743514602377833 54.59
960 0.01679360955523619 54.6
961 0.01609423333285432 54.61
962 0.01534138287987924 54.62
963 0.01453986450920303 54.63
964 0.01369420654352954 54.64
965 0.01280817281018327 54.65
966 0.01188606342720717 54.66
967 0.01093208198816754 54.67
968 0.009949637973207243 54.68
969 0.008939983363666429 54.69
970 0.007912924422192597 54.7
971 0.00686289724843242 54.71
972 0.005800485707100966 54.72
973 0.004724486143940779 54.73
974 0.003637539187350138 54.74
975 0.002543470407202261 54.75
976 0.001445335477733191 54.76
977 0.0003468247996597706 54.77
978 -0.0007483314407752185 54.78
979 -0.00183745646494449 54.79
980 -0.002916740638144811 54.8
981 -0.003983179633071669 54.81
982 -0.005033190547418559 54.82
983 -0.00606306061423843 54.83
984 -0.007069113228842454 54.84
985 -0.008048385519327576 54.85
986 -0.008995689801954743 54.86
987 -0.009908270250212872 54.87
988 -0.01078607636496915 54.88
989 -0.01161662342141083 54.89
990 -0.01240355634916376 54.9
991 -0.01314288800148996 54.91
992 -0.01383196952531166 54.92
993 -0.01446236669997943 54.93
994 -0.01503492940037924 54.94
995 -0.0155459439005306 54.95
996 -0.01599219165496814 54.96
997 -0.0163704409103532 54.97
998 -0.01667716162335372 54.98
999 -0.01690869460153139 54.99
1000 -0.01706104430408872 55
1001 -0.01713110314351541 55.01
1002 -0.01711635783166195 55.02
1003 -0.01701685629445715 55.03
1004 -0.01683323198285255 55.04
1005 -0.01656753560333597 55.05
1006 -0.01622345656859286 55.06
1007 -0.01580597665008143 55.07
1008 -0.01532025308481343 55.08
1009 -0.01477114003876469 55.09
1010 -0.01416318561523559 55.1
1011 -0.01350108207740705 55.11
1012 -0.01278922746076556 55.12
1013 -0.01203235638649191 55.13
1014 -0.01123450674052002 55.14
1015 -0.01039484804549123 55.15
1016 -0.00953052018022341 55.16
1017 -0.00863461614715411 55.17
1018 -0.007711051633012732 55.18
1019 -0.006609347461196229 55.19
1020 -0.005645526708631504 55.2
1021 -0.004674140538582472 55.21
1022 -0.00368366844388011 55.22
1023 -0.002678344481152262 55.23
1024 -0.001840999256972603 55.24
1025 -0.0008156575054733099 55.25
1026 0.0002151396602667896 55.26
1027 0.001245306763343072 55.27
1028 0.002273191420565218 55.28
1029 0.003297484526213181 55.29
1030 0.004317380367224149 55.3
1031 0.005327672644999813 55.31
1032 0.006327519756599203 55.32
1033 0.007314900954845851 55.33
1034 0.008287305095488903 55.34
1035 0.009243368168434763 55.35
1036 0.01017605160380245 55.36
1037 0.01108644385298105 55.37
1038 0.01197153210895178 55.38
1039 0.01282772530353399 55.39
1040 0.01365150197671666 55.4
1041 0.01443887370071275 55.41
1042 0.01518685938042103 55.42
1043 0.01589077863488934 55.43
1044 0.01654819976509501 55.44
1045 0.01715258770729385 55.45
1046 0.01770022567315867 55.46
1047 0.01818590503266561 55.47
1048 0.01860482092834635 55.48
1049 0.01895209412575408 55.49
1050 0.01922370826592882 55.5
1051 0.01941629570469283 55.51
1052 0.01952632374662397 55.52
1053 0.01955343655564662 55.53
1054 0.01949819153325798 55.54
1055 0.01936262591528452 55.55
1056 0.01915009233216838 55.56
1057 0.01886327028162295 55.57
1058 0.01850570407871441 55.58
1059 0.01808093868583246 55.59
1060 0.01759273425631174 55.6
1061 0.01704463299149211 55.61
1062 0.01644052831692672 55.62
1063 0.01578401436600956 55.63
1064 0.01507849921112052 55.64
1065 0.0143267731587167 55.65
1066 0.01353214515448742 55.66
1067 0.01269829943401393 55.67
1068 0.01182837980368267 55.68
1069 0.01092548549939422 55.69
1070 0.009991210613527597 55.7
1071 0.009034382605778737 55.71
1072 0.008053675160399223 55.72
1073 0.007052548993784843 55.73
1074 0.006035415167659337 55.74
1075 0.005005215141619226 55.75
1076 0.003963250416515123 55.76
1077 0.002917549795963515 55.77
1078 0.00186683312019624 55.78
1079 0.0008159145597989221 55.79
1080 -0.0002314269794158228 55.8
1081 -0.00127161091465687 55.81
1082 -0.002301551923882257 55.82
1083 -0.003315406934326207 55.83
1084 -0.004317293446537664 55.84
1085 -0.00530066289638562 55.85
1086 -0.006263913349313102 55.86
1087 -0.007197005864988874 55.87
1088 -0.008102426974880729 55.88
1089 -0.008981048229008278 55.89
1090 -0.0098171310300748 55.9
1091 -0.01061820469155462 55.91
1092 -0.01137952507926509 55.92
1093 -0.01209708975784093 55.93
1094 -0.01276772052069446 55.94
1095 -0.01338817046238839 55.95
1096 -0.01395500622524524 55.96
1097 -0.01446575130327778 55.97
1098 -0.01491687122418075 55.98
1099 -0.01530474383849383 55.99
1100 -0.01562566884736864 56
1101 -0.01587647865328854 56.01
1102 -0.01605471281416725 56.02
1103 -0.01615752589825124 56.03
1104 -0.01618295220507036 56.04
1105 -0.01613020564564462 56.05
1106 -0.01599890794605718 56.06
1107 -0.01579141972517129 56.07
1108 -0.01551012689319744 56.08
1109 -0.01515869895384718 56.09
1110 -0.01474143891285015 56.1
1111 -0.01426302432094953 56.11
1112 -0.01372711722507263 56.12
1113 -0.01313788681315146 56.13
1114 -0.01249902106388983 56.14
1115 -0.01181431122857949 56.15
1116 -0.01108840656544905 56.16
1117 -0.01032480518978133 56.17
1118 -0.009527394901577595 56.18
1119 -0.008698931450925824 56.19
1120 -0.00784319740913764 56.2
1121 -0.006961639233135218 56.21
1122 -0.006061509936014958 56.22
1123 -0.005143204376838314 56.23
1124 -0.004039684014681714 56.24
1125 -0.003085649245970856 56.25
1126 -0.00212885938287695 56.26
1127 -0.001166037232333658 56.27
1128 -0.000198290188969185 56.28
1129 0.0005926895527064325 56.29
1130 0.001564332054032438 56.3
1131 0.002540353081121343 56.31
1132 0.003513541503409737 56.32
1133 0.004480025858638932 56.33
1134 0.005438723468291703 56.34
1135 0.006385995505592941 56.35
1136 0.007317590814285146 56.36
1137 0.008234650898736918 56.37
1138 0.009134498552295471 56.38
1139 0.01001423503524915 56.39
1140 0.01087129667499143 56.4
1141 0.01170256095548249 56.41
1142 0.01250487782061037 56.42
1143 0.0132753137102843 56.43
1144 0.01401056358282405 56.44
1145 0.0147071908822478 56.45
1146 0.01536134243428561 56.46
1147 0.01596926618285672 56.47
1148 0.01652732681390361 56.48
1149 0.01703133296673014 56.49
1150 0.01747683364208126 56.5
1151 0.01786002702687289 56.51
1152 0.0181760813140963 56.52
1153 0.01842202770072248 56.53
1154 0.01859506109626168 56.54
1155 0.01869303446639161 56.55
1156 0.01871540904549341 56.56
1157 0.01866375752396719 56.57
1158 0.01853986546927401 56.58
1159 0.01834573701172294 56.59
1160 0.01808383305705255 56.6
1161 0.01775695157815674 56.61
1162 0.01736857764859755 56.62
1163 0.01692151554248103 56.63
1164 0.01641913349308377 56.64
1165 0.01586461668221524 56.65
1166 0.01526348379671891 56.66
1167 0.01461404694003654 56.67
1168 0.01392150205068496 56.68
1169 0.0131892867448091 56.69
1170 0.01242006945607537 56.7
1171 0.01161675271192104 56.71
1172 0.01078259255470792 56.72
1173 0.009920831607124581 56.73
1174 0.009034251192482181 56.74
1175 0.008125825807345872 56.75
1176 0.007199168620265634 56.76
1177 0.006257193565469177 56.77
1178 0.005302382582162746 56.78
1179 0.004337708096702645 56.79
1180 0.003364397681782767 56.8
1181 0.002390579864558109 56.81
1182 0.001415404830348026 56.82
1183 0.0004419503195619134 56.83
1184 -0.000526950008858146 56.84
1185 -0.001491112333200408 56.85
1186 -0.002438961750507966 56.86
1187 -0.003375821153094393 56.87
1188 -0.004295392565011145 56.88
1189 -0.005196781810674547 56.89
1190 -0.006076416910260869 56.9
1191 -0.00693111978783698 56.91
1192 -0.007757465400061133 56.92
1193 -0.008552706120131174 56.93
1194 -0.009314137086909854 56.94
1195 -0.01003927349942253 56.95
1196 -0.01072511377350332 56.96
1197 -0.01136874849038562 56.97
1198 -0.01196724067694739 56.98
1199 -0.01251807429077932 56.99
1200 -0.01301845452713439 57
1201 -0.01346529811567657 57.01
1202 -0.0138555718009681 57.02
1203 -0.0141862790164234 57.03
1204 -0.01445468902672931 57.04
1205 -0.01465824830435131 57.05
1206 -0.01479486572920524 57.06
1207 -0.01486273104299283 57.07
1208 -0.01486070544595598 57.08
1209 -0.01478891677793359 57.09
1210 -0.01464839788726359 57.1
1211 -0.01444086505558587 57.11
1212 -0.01416879943554678 57.12
1213 -0.0138349121486242 57.13
1214 -0.01344313650324056 57.14
1215 -0.0129964393695626 57.15
1216 -0.01249854849871648 57.16
1217 -0.01195229450529943 57.17
1218 -0.0113612233556526 57.18
1219 -0.01072842394376227 57.19
1220 -0.01005773992352131 57.2
1221 -0.009352094441922497 57.21
1222 -0.008615122620820603 57.22
1223 -0.007849295174575954 57.23
1224 -0.007057680373893553 57.24
1225 -0.006243085635156404 57.25
1226 -0.005408331367772088 57.26
1227 -0.004555006718964397 57.27
1228 -0.003688968641420997 57.28
1229 -0.002809801434731015 57.29
1230 -0.001920762220638322 57.3
1231 -0.001024369258750536 57.31
1232 -0.0001229304627083701 57.32
1233 0.0007816150442947548 57.33
1234 0.001687041517861102 57.34
1235 0.002590886708386292 57.35
1236 0.003490539643446778 57.36
1237 0.004384466230689998 57.37
1238 0.005269999542005776 57.38
1239 0.00614782050241443 57.39
1240 0.007007528121016728 57.4
1241 0.007852843939760903 57.41
1242 0.00868291193604296 57.42
1243 0.009493314707948942 57.43
1244 0.01028135582493997 57.44
1245 0.01104446057855244 57.45
1246 0.01177967180594257 57.46
1247 0.01248362979431136 57.47
1248 0.01315366327946384 57.48
1249 0.01378682768037371 57.49
1250 0.01437987661639107 57.5
1251 0.01492982269691296 57.51
1252 0.01543279393307415 57.52
1253 0.01588583847084713 57.53
1254 0.01628544096145236 57.54
1255 0.01662811223086962 57.55
1256 0.01691044017800127 57.56
1257 0.017129883536119 57.57
1258 0.0172848626171967 57.58
1259 0.0173742418667969 57.59
1260 0.01739779384769039 57.6
1261 0.0173572081510145 57.61
1262 0.01725172317045363 57.62
1263 0.01708363846211912 57.63
1264 0.01685508601898196 57.64
1265 0.01656836912543302 57.65
1266 0.01622619332060067 57.66
1267 0.01583071399733056 57.67
1268 0.01538481145696807 57.68
1269 0.01489133485164585 57.69
1270 0.01435301259270299 57.7
1271 0.01377237388707801 57.71
1272 0.01315242818584787 57.72
1273 0.01249607370127035 57.73
1274 0.0118054662883497 57.74
1275 0.01108345766587739 57.75
1276 0.01033293458705005 57.76
1277 0.009556554015486038 57.77
1278 0.008756982919747604 57.78
1279 0.007936726999481943 57.79
1280 0.007098165521695036 57.8
1281 0.006245174077245894 57.81
1282 0.005381381881486426 57.82
1283 0.004507137410514379 57.83
1284 0.003625728692825248 57.84
1285 0.002740055029093049 57.85
1286 0.00185280222523174 57.86
1287 0.0009667918238908581 57.87
1288 8.415517865771258e-05 57.88
1289 -0.0007922526868461479 57.89
1290 -0.001660134941542286 57.9
1291 -0.002516225720552311 57.91
1292 -0.003358288687032139 57.92
1293 -0.00418389612906641 57.93
1294 -0.004990343945947593 57.94
1295 -0.005774620232697035 57.95
1296 -0.006535353299875528 57.96
1297 -0.007269307651290337 57.97
1298 -0.007973750040583398 57.98
1299 -0.008646305947688372 57.99
1300 -0.009284756670496377 58
1301 -0.009886476665126345 58.01
1302 -0.01044876968564813 58.02
1303 -0.01096925176671927 58.03
1304 -0.01144497787606417 58.04
1305 -0.01187310899100144 58.05
1306 -0.01225120788271199 58.06
1307 -0.01257702052542112 58.07
1308 -0.01284813257402039 58.08
1309 -0.01306280119343353 58.09
1310 -0.01321916981676489 58.1
1311 -0.01331565921767196 58.11
1312 -0.01335119955315914 58.12
1313 -0.01332594223442667 58.13
1314 -0.01324048937806886 58.14
1315 -0.01309639943824107 58.15
1316 -0.01289507165654338 58.16
1317 -0.0126379855894954 58.17
1318 -0.01232772746453153 58.18
1319 -0.01196733733141808 58.19
1320 -0.01155939036181163 58.2
1321 -0.01110657696607307 58.21
1322 -0.0106113379404374 58.22
1323 -0.01007648626743299 58.23
1324 -0.009504768274675952 58.24
1325 -0.008898787342159598 58.25
1326 -0.008261377719797881 58.26
1327 -0.007595509082583556 58.27
1328 -0.006904011813932551 58.28
1329 -0.006189285541087141 58.29
1330 -0.005453963680873228 58.3
1331 -0.004700433403823562 58.31
1332 -0.003931383063510326 58.32
1333 -0.003148558002417286 58.33
1334 -0.002354719283907151 58.34
1335 -0.001551952362334725 58.35
1336 -0.0007426289709890396 58.36
1337 7.088678089056319e-05 58.37
1338 0.0008871352664511362 58.38
1339 0.001703404699343334 58.39
1340 0.002517578113191119 58.4
1341 0.003327922419494428 58.41
1342 0.004132167191782185 58.42
1343 0.004928250405939934 58.43
1344 0.005713881861795775 58.44
1345 0.006484474089263139 58.45
1346 0.007241800861447802 58.46
1347 0.007982619414367535 58.47
1348 0.008704132595655306 58.48
1349 0.009403635978074039 58.49
1350 0.01007882818111537 58.5
1351 0.01072696963491939 58.51
1352 0.0113446758520961 58.52
1353 0.01193096300136961 58.53
1354 0.01248300106950106 58.54
1355 0.01299938666486517 58.55
1356 0.01347270644602897 58.56
1357 0.01390323009296397 58.57
1358 0.01428849400104276 58.58
1359 0.0146259328800641 58.59
1360 0.01491267759937463 58.6
1361 0.01514637488500286 58.61
1362 0.01532559493056519 58.62
1363 0.01544988828529364 58.63
1364 0.01552000434533325 58.64
1365 0.01553108020894726 58.65
1366 0.01548533134742108 58.66
1367 0.0153841407294159 58.67
1368 0.0152302376938808 58.68
1369 0.01502356749761945 58.69
1370 0.01476644996057998 58.7
1371 0.01446073204377463 58.71
1372 0.01410745733676778 58.72
1373 0.01371173022361203 58.73
1374 0.01327348699671041 58.74
1375 0.01279579335791562 58.75
1376 0.01228053263290455 58.76
1377 0.01173028390637705 58.77
1378 0.01114801443654815 58.78
1379 0.01053452252004368 58.79
1380 0.009894272579919931 58.8
1381 0.009228367937667768 58.81
1382 0.00853939927215866 58.82
1383 0.007830202845057841 58.83
1384 0.007103055815973307 58.84
1385 0.006360109777078219 58.85
1386 0.005603866221265491 58.86
1387 0.004837137249014044 58.87
1388 0.004062211013494313 58.88
1389 0.003281287142348988 58.89
1390 0.002496698745123763 58.9
1391 0.001710623477731328 58.91
1392 0.0009254265526881279 58.92
1393 0.0001435666753688523 58.93
1394 -0.0006327914249442037 58.94
1395 -0.001400867340597538 58.95
1396 -0.002158778164969948 58.96
1397 -0.002904111888056317 58.97
1398 -0.003634728830939727 58.98
1399 -0.004348294831265975 58.99
1400 -0.005042686026212041 59
1401 -0.005715586390291625 59.01
1402 -0.00636438926864764 59.02
1403 -0.00698709287826179 59.03
1404 -0.007581267728807321 59.04
1405 -0.008144840115245392 59.05
1406 -0.008675578226361648 59.06
1407 -0.009171172832198451 59.07
1408 -0.00962931021601518 59.08
1409 -0.01004767754672447 59.09
1410 -0.01042402523212911 59.1
1411 -0.01075632546504321 59.11
1412 -0.01104271923243582 59.12
1413 -0.01128170045095679 59.13
1414 -0.01147200689675831 59.14
1415 -0.01161196613089771 59.15
1416 -0.01170043901294819 59.16
1417 -0.01173708184434376 59.17
1418 -0.01172189862749435 59.18
1419 -0.01165551949191906 59.19
1420 -0.01153882159702484 59.2
1421 -0.01137309632873335 59.21
1422 -0.01115960723679443 59.22
1423 -0.01090025612870883 59.23
1424 -0.01059701151374011 59.24
1425 -0.01025183289653841 59.25
1426 -0.009866655144335684 59.26
1427 -0.009443973381650265 59.27
1428 -0.008985926520527808 59.28
1429 -0.00849488860065545 59.29
1430 -0.007972820781296804 59.3
1431 -0.007422290934818696 59.31
1432 -0.006845575251159159 59.32
1433 -0.006244873974339264 59.33
1434 -0.005622705472521354 59.34
1435 -0.00498112481065004 59.35
1436 -0.004322743060482883 59.36
1437 -0.003649389771907426 59.37
1438 -0.002963288267772174 59.38
1439 -0.002266477333824591 59.39
1440 -0.001561402760354685 59.4
1441 -0.0008503434928591371 59.41
1442 -0.0001351619648220382 59.42
1443 0.0005823939594023671 59.43
1444 0.001300362008218035 59.44
1445 0.002016486460144355 59.45
1446 0.002728617793311407 59.46
1447 0.003434743919761014 59.47
1448 0.004133163726867041 59.48
1449 0.004821956625481865 59.49
1450 0.005499246672421843 59.5
1451 0.006162948484448766 59.51
1452 0.006810937349713211 59.52
1453 0.007441131155493816 59.53
1454 0.008051060608290044 59.54
1455 0.008641420265620927 59.55
1456 0.009203919247515912 59.56
1457 0.009737849224055673 59.57
1458 0.01024441142389857 59.58
1459 0.01072037410691955 59.59
1460 0.01116293788199127 59.6
1461 0.01156994939655182 59.61
1462 0.01193921045029604 59.62
1463 0.01226706551334632 59.63
1464 0.01255281594838169 59.64
1465 0.01279479419031211 59.65
1466 0.01299131055346026 59.66
1467 0.0131409250968406 59.67
1468 0.01324428236440219 59.68
1469 0.01329918939854452 59.69
1470 0.01330569595979788 59.7
1471 0.01326521214513639 59.71
1472 0.01317847110647965 59.72
1473 0.01304520142560217 59.73
1474 0.01286622328156715 59.74
1475 0.01264535317909795 59.75
1476 0.01238176237517239 59.76
1477 0.01207849494322305 59.77
1478 0.01173646850630313 59.78
1479 0.01135756893897271 59.79
1480 0.01120484455172444 59.8
1481 0.01081992883959731 59.81
1482 0.01066352429853144 59.82
1483 0.01021945761814318 59.83
1484 0.009660827490445339 59.84
1485 0.009067561301494491 59.85
1486 0.008445234910814465 59.86
1487 0.007798016466348966 59.87
1488 0.00712909162165185 59.88
1489 0.006441473042506375 59.89
1490 0.005738128017310865 59.9
1491 0.005021980244290116 59.91
1492 0.004294342098831429 59.92
1493 0.003561599225049464 59.93
1494 0.002822591471268527 59.94
1495 0.002080472450138607 59.95
1496 0.001337697490426872 59.96
1497 0.0005966429575191834 59.97
1498 -0.0001397256824403892 59.98
1499 -0.0008697956797653061 59.99
1500 -0.001591064969500958 60
